[0.194s] DEBUG:colcon:Command line arguments: ['/usr/bin/colcon', 'build']
[0.194s] DEBUG:colcon:Parsed command line arguments: Namespace(allow_overriding=[], ament_cmake_args=None, base_paths=['.'], build_base='build', catkin_cmake_args=None, catkin_skip_building_tests=False, cmake_args=None, cmake_clean_cache=False, cmake_clean_first=False, cmake_force_configure=False, cmake_target=None, cmake_target_skip_unavailable=False, continue_on_error=False, event_handlers=None, executor='parallel', ignore_user_meta=False, install_base='install', log_base=None, log_level=None, main=<bound method BuildVerb.main of <colcon_core.verb.build.BuildVerb object at 0x7f569cda8520>>, merge_install=False, metas=['./colcon.meta'], packages_above=None, packages_above_and_dependencies=None, packages_above_depth=None, packages_end=None, packages_ignore=None, packages_ignore_regex=None, packages_select=None, packages_select_build_failed=False, packages_select_by_dep=None, packages_select_regex=None, packages_select_test_failures=False, packages_skip=None, packages_skip_build_finished=False, packages_skip_by_dep=None, packages_skip_regex=None, packages_skip_test_passed=False, packages_skip_up_to=None, packages_start=None, packages_up_to=None, packages_up_to_regex=None, parallel_workers=2, paths=None, symlink_install=False, test_result_base=None, verb_extension=<colcon_core.verb.build.BuildVerb object at 0x7f569cda8520>, verb_name='build', verb_parser=<colcon_defaults.argument_parser.defaults.DefaultArgumentsDecorator object at 0x7f569cda8a60>)
[0.227s] Level 1:colcon.colcon_core.package_discovery:discover_packages(colcon_meta) check parameters
[0.227s] Level 1:colcon.colcon_core.package_discovery:discover_packages(recursive) check parameters
[0.227s] Level 1:colcon.colcon_core.package_discovery:discover_packages(ignore) check parameters
[0.227s] Level 1:colcon.colcon_core.package_discovery:discover_packages(path) check parameters
[0.227s] Level 1:colcon.colcon_core.package_discovery:discover_packages(colcon_meta) discover
[0.227s] Level 1:colcon.colcon_core.package_discovery:discover_packages(recursive) discover
[0.227s] INFO:colcon.colcon_core.package_discovery:Crawling recursively for packages in '/home/matteomaragliano/Desktop/SofAR_Assignment1'
[0.227s] Level 1:colcon.colcon_core.package_identification:_identify(.) by extensions ['ignore', 'ignore_ament_install']
[0.227s] Level 1:colcon.colcon_core.package_identification:_identify(.) by extension 'ignore'
[0.228s] Level 1:colcon.colcon_core.package_identification:_identify(.) by extension 'ignore_ament_install'
[0.228s] Level 1:colcon.colcon_core.package_identification:_identify(.) by extensions ['colcon_pkg']
[0.228s] Level 1:colcon.colcon_core.package_identification:_identify(.) by extension 'colcon_pkg'
[0.228s] Level 1:colcon.colcon_core.package_identification:_identify(.) by extensions ['colcon_meta']
[0.228s] Level 1:colcon.colcon_core.package_identification:_identify(.) by extension 'colcon_meta'
[0.228s] Level 1:colcon.colcon_core.package_identification:_identify(.) by extensions ['ros']
[0.228s] Level 1:colcon.colcon_core.package_identification:_identify(.) by extension 'ros'
[0.243s] Level 1:colcon.colcon_core.package_identification:_identify(.) by extensions ['cmake', 'python']
[0.243s] Level 1:colcon.colcon_core.package_identification:_identify(.) by extension 'cmake'
[0.243s] Level 1:colcon.colcon_core.package_identification:_identify(.) by extension 'python'
[0.243s] Level 1:colcon.colcon_core.package_identification:_identify(.) by extensions ['python_setup_py']
[0.243s] Level 1:colcon.colcon_core.package_identification:_identify(.) by extension 'python_setup_py'
[0.243s] Level 1:colcon.colcon_core.package_identification:_identify(build) by extensions ['ignore', 'ignore_ament_install']
[0.243s] Level 1:colcon.colcon_core.package_identification:_identify(build) by extension 'ignore'
[0.244s] Level 1:colcon.colcon_core.package_identification:_identify(build) ignored
[0.244s] Level 1:colcon.colcon_core.package_identification:_identify(install) by extensions ['ignore', 'ignore_ament_install']
[0.244s] Level 1:colcon.colcon_core.package_identification:_identify(install) by extension 'ignore'
[0.244s] Level 1:colcon.colcon_core.package_identification:_identify(install) ignored
[0.244s] Level 1:colcon.colcon_core.package_identification:_identify(log) by extensions ['ignore', 'ignore_ament_install']
[0.244s] Level 1:colcon.colcon_core.package_identification:_identify(log) by extension 'ignore'
[0.245s] Level 1:colcon.colcon_core.package_identification:_identify(log) ignored
[0.245s] Level 1:colcon.colcon_core.package_identification:_identify(src) by extensions ['ignore', 'ignore_ament_install']
[0.245s] Level 1:colcon.colcon_core.package_identification:_identify(src) by extension 'ignore'
[0.245s] Level 1:colcon.colcon_core.package_identification:_identify(src) by extension 'ignore_ament_install'
[0.246s] Level 1:colcon.colcon_core.package_identification:_identify(src) by extensions ['colcon_pkg']
[0.246s] Level 1:colcon.colcon_core.package_identification:_identify(src) by extension 'colcon_pkg'
[0.246s] Level 1:colcon.colcon_core.package_identification:_identify(src) by extensions ['colcon_meta']
[0.246s] Level 1:colcon.colcon_core.package_identification:_identify(src) by extension 'colcon_meta'
[0.246s] Level 1:colcon.colcon_core.package_identification:_identify(src) by extensions ['ros']
[0.246s] Level 1:colcon.colcon_core.package_identification:_identify(src) by extension 'ros'
[0.246s] Level 1:colcon.colcon_core.package_identification:_identify(src) by extensions ['cmake', 'python']
[0.247s] Level 1:colcon.colcon_core.package_identification:_identify(src) by extension 'cmake'
[0.247s] Level 1:colcon.colcon_core.package_identification:_identify(src) by extension 'python'
[0.247s] Level 1:colcon.colcon_core.package_identification:_identify(src) by extensions ['python_setup_py']
[0.247s] Level 1:colcon.colcon_core.package_identification:_identify(src) by extension 'python_setup_py'
[0.247s] Level 1:colcon.colcon_core.package_identification:_identify(src/assignment_ws) by extensions ['ignore', 'ignore_ament_install']
[0.247s] Level 1:colcon.colcon_core.package_identification:_identify(src/assignment_ws) by extension 'ignore'
[0.247s] Level 1:colcon.colcon_core.package_identification:_identify(src/assignment_ws) by extension 'ignore_ament_install'
[0.247s] Level 1:colcon.colcon_core.package_identification:_identify(src/assignment_ws) by extensions ['colcon_pkg']
[0.247s] Level 1:colcon.colcon_core.package_identification:_identify(src/assignment_ws) by extension 'colcon_pkg'
[0.247s] Level 1:colcon.colcon_core.package_identification:_identify(src/assignment_ws) by extensions ['colcon_meta']
[0.247s] Level 1:colcon.colcon_core.package_identification:_identify(src/assignment_ws) by extension 'colcon_meta'
[0.247s] Level 1:colcon.colcon_core.package_identification:_identify(src/assignment_ws) by extensions ['ros']
[0.247s] Level 1:colcon.colcon_core.package_identification:_identify(src/assignment_ws) by extension 'ros'
[0.251s] DEBUG:colcon.colcon_core.package_identification:Package 'src/assignment_ws' with type 'ros.ament_python' and name 'assignment_pkg'
[0.251s] Level 1:colcon.colcon_core.package_discovery:discover_packages(recursive) using defaults
[0.251s] Level 1:colcon.colcon_core.package_discovery:discover_packages(ignore) discover
[0.251s] Level 1:colcon.colcon_core.package_discovery:discover_packages(ignore) using defaults
[0.251s] Level 1:colcon.colcon_core.package_discovery:discover_packages(path) discover
[0.251s] Level 1:colcon.colcon_core.package_discovery:discover_packages(path) using defaults
[0.275s] Level 1:colcon.colcon_core.package_discovery:discover_packages(prefix_path) check parameters
[0.275s] Level 1:colcon.colcon_core.package_discovery:discover_packages(prefix_path) discover
[0.278s] DEBUG:colcon.colcon_installed_package_information.package_discovery:Found 1 installed packages in /home/matteomaragliano/Desktop/SofAR_Assignment1/install
[0.281s] DEBUG:colcon.colcon_installed_package_information.package_discovery:Found 331 installed packages in /opt/ros/galactic
[0.284s] Level 1:colcon.colcon_core.package_discovery:discover_packages(prefix_path) using defaults
[0.417s] Level 5:colcon.colcon_core.verb:set package 'assignment_pkg' build argument 'cmake_args' from command line to 'None'
[0.417s] Level 5:colcon.colcon_core.verb:set package 'assignment_pkg' build argument 'cmake_target' from command line to 'None'
[0.417s] Level 5:colcon.colcon_core.verb:set package 'assignment_pkg' build argument 'cmake_target_skip_unavailable' from command line to 'False'
[0.417s] Level 5:colcon.colcon_core.verb:set package 'assignment_pkg' build argument 'cmake_clean_cache' from command line to 'False'
[0.417s] Level 5:colcon.colcon_core.verb:set package 'assignment_pkg' build argument 'cmake_clean_first' from command line to 'False'
[0.417s] Level 5:colcon.colcon_core.verb:set package 'assignment_pkg' build argument 'cmake_force_configure' from command line to 'False'
[0.417s] Level 5:colcon.colcon_core.verb:set package 'assignment_pkg' build argument 'ament_cmake_args' from command line to 'None'
[0.417s] Level 5:colcon.colcon_core.verb:set package 'assignment_pkg' build argument 'catkin_cmake_args' from command line to 'None'
[0.418s] Level 5:colcon.colcon_core.verb:set package 'assignment_pkg' build argument 'catkin_skip_building_tests' from command line to 'False'
[0.418s] DEBUG:colcon.colcon_core.verb:Building package 'assignment_pkg' with the following arguments: {'ament_cmake_args': None, 'build_base': '/home/matteomaragliano/Desktop/SofAR_Assignment1/build/assignment_pkg', 'catkin_cmake_args': None, 'catkin_skip_building_tests': False, 'cmake_args': None, 'cmake_clean_cache': False, 'cmake_clean_first': False, 'cmake_force_configure': False, 'cmake_target': None, 'cmake_target_skip_unavailable': False, 'install_base': '/home/matteomaragliano/Desktop/SofAR_Assignment1/install/assignment_pkg', 'merge_install': False, 'path': '/home/matteomaragliano/Desktop/SofAR_Assignment1/src/assignment_ws', 'symlink_install': False, 'test_result_base': None}
[0.418s] INFO:colcon.colcon_core.executor:Executing jobs using 'parallel' executor
[0.421s] DEBUG:colcon.colcon_parallel_executor.executor.parallel:run_until_complete
[0.421s] INFO:colcon.colcon_ros.task.ament_python.build:Building ROS package in '/home/matteomaragliano/Desktop/SofAR_Assignment1/src/assignment_ws' with build type 'ament_python'
[0.422s] Level 1:colcon.colcon_core.shell:create_environment_hook('assignment_pkg', 'ament_prefix_path')
[0.427s] INFO:colcon.colcon_core.plugin_system:Skipping extension 'colcon_core.shell.bat': Not used on non-Windows systems
[0.427s] INFO:colcon.colcon_core.shell:Creating environment hook '/home/matteomaragliano/Desktop/SofAR_Assignment1/install/assignment_pkg/share/assignment_pkg/hook/ament_prefix_path.ps1'
[0.428s] INFO:colcon.colcon_core.shell:Creating environment descriptor '/home/matteomaragliano/Desktop/SofAR_Assignment1/install/assignment_pkg/share/assignment_pkg/hook/ament_prefix_path.dsv'
[0.429s] INFO:colcon.colcon_core.shell:Creating environment hook '/home/matteomaragliano/Desktop/SofAR_Assignment1/install/assignment_pkg/share/assignment_pkg/hook/ament_prefix_path.sh'
[0.431s] INFO:colcon.colcon_core.shell:Skip shell extension 'powershell' for command environment: Not usable outside of PowerShell
[0.431s] DEBUG:colcon.colcon_core.shell:Skip shell extension 'dsv' for command environment
[0.777s] INFO:colcon.colcon_core.task.python.build:Building Python package in '/home/matteomaragliano/Desktop/SofAR_Assignment1/src/assignment_ws'
[0.779s] INFO:colcon.colcon_core.shell:Skip shell extension 'powershell' for command environment: Not usable outside of PowerShell
[0.779s] DEBUG:colcon.colcon_core.shell:Skip shell extension 'dsv' for command environment
[1.587s] DEBUG:colcon.colcon_core.event_handler.log_command:Invoking command in '/home/matteomaragliano/Desktop/SofAR_Assignment1/src/assignment_ws': PYTHONPATH=/home/matteomaragliano/Desktop/SofAR_Assignment1/install/assignment_pkg/lib/python3.8/site-packages:${PYTHONPATH} /usr/bin/python3 setup.py egg_info --egg-base ../../build/assignment_pkg build --build-base /home/matteomaragliano/Desktop/SofAR_Assignment1/build/assignment_pkg/build install --prefix /home/matteomaragliano/Desktop/SofAR_Assignment1/install/assignment_pkg --record /home/matteomaragliano/Desktop/SofAR_Assignment1/build/assignment_pkg/install.log --single-version-externally-managed
[1.994s] DEBUG:colcon.colcon_core.event_handler.log_command:Invoked command in '/home/matteomaragliano/Desktop/SofAR_Assignment1/src/assignment_ws' returned '0': PYTHONPATH=/home/matteomaragliano/Desktop/SofAR_Assignment1/install/assignment_pkg/lib/python3.8/site-packages:${PYTHONPATH} /usr/bin/python3 setup.py egg_info --egg-base ../../build/assignment_pkg build --build-base /home/matteomaragliano/Desktop/SofAR_Assignment1/build/assignment_pkg/build install --prefix /home/matteomaragliano/Desktop/SofAR_Assignment1/install/assignment_pkg --record /home/matteomaragliano/Desktop/SofAR_Assignment1/build/assignment_pkg/install.log --single-version-externally-managed
[1.997s] Level 1:colcon.colcon_core.environment:checking '/home/matteomaragliano/Desktop/SofAR_Assignment1/install/assignment_pkg' for CMake module files
[1.998s] Level 1:colcon.colcon_core.environment:checking '/home/matteomaragliano/Desktop/SofAR_Assignment1/install/assignment_pkg' for CMake config files
[1.999s] Level 1:colcon.colcon_core.environment:checking '/home/matteomaragliano/Desktop/SofAR_Assignment1/install/assignment_pkg/lib'
[1.999s] Level 1:colcon.colcon_core.environment:checking '/home/matteomaragliano/Desktop/SofAR_Assignment1/install/assignment_pkg/bin'
[1.999s] Level 1:colcon.colcon_core.environment:checking '/home/matteomaragliano/Desktop/SofAR_Assignment1/install/assignment_pkg/lib/pkgconfig/assignment_pkg.pc'
[2.000s] Level 1:colcon.colcon_core.environment:checking '/home/matteomaragliano/Desktop/SofAR_Assignment1/install/assignment_pkg/lib/python3.8/site-packages'
[2.000s] Level 1:colcon.colcon_core.shell:create_environment_hook('assignment_pkg', 'pythonpath')
[2.001s] INFO:colcon.colcon_core.shell:Creating environment hook '/home/matteomaragliano/Desktop/SofAR_Assignment1/install/assignment_pkg/share/assignment_pkg/hook/pythonpath.ps1'
[2.002s] INFO:colcon.colcon_core.shell:Creating environment descriptor '/home/matteomaragliano/Desktop/SofAR_Assignment1/install/assignment_pkg/share/assignment_pkg/hook/pythonpath.dsv'
[2.002s] INFO:colcon.colcon_core.shell:Creating environment hook '/home/matteomaragliano/Desktop/SofAR_Assignment1/install/assignment_pkg/share/assignment_pkg/hook/pythonpath.sh'
[2.003s] Level 1:colcon.colcon_core.environment:checking '/home/matteomaragliano/Desktop/SofAR_Assignment1/install/assignment_pkg/bin'
[2.003s] Level 1:colcon.colcon_core.environment:create_environment_scripts_only(assignment_pkg)
[2.004s] INFO:colcon.colcon_core.shell:Creating package script '/home/matteomaragliano/Desktop/SofAR_Assignment1/install/assignment_pkg/share/assignment_pkg/package.ps1'
[2.006s] INFO:colcon.colcon_core.shell:Creating package descriptor '/home/matteomaragliano/Desktop/SofAR_Assignment1/install/assignment_pkg/share/assignment_pkg/package.dsv'
[2.007s] INFO:colcon.colcon_core.shell:Creating package script '/home/matteomaragliano/Desktop/SofAR_Assignment1/install/assignment_pkg/share/assignment_pkg/package.sh'
[2.008s] INFO:colcon.colcon_core.shell:Creating package script '/home/matteomaragliano/Desktop/SofAR_Assignment1/install/assignment_pkg/share/assignment_pkg/package.bash'
[2.009s] INFO:colcon.colcon_core.shell:Creating package script '/home/matteomaragliano/Desktop/SofAR_Assignment1/install/assignment_pkg/share/assignment_pkg/package.zsh'
[2.010s] Level 1:colcon.colcon_core.environment:create_file_with_runtime_dependencies(/home/matteomaragliano/Desktop/SofAR_Assignment1/install/assignment_pkg/share/colcon-core/packages/assignment_pkg)
[2.012s] DEBUG:colcon.colcon_parallel_executor.executor.parallel:closing loop
[2.012s] DEBUG:colcon.colcon_parallel_executor.executor.parallel:loop closed
[2.012s] DEBUG:colcon.colcon_parallel_executor.executor.parallel:run_until_complete finished with '0'
[2.013s] DEBUG:colcon.colcon_core.event_reactor:joining thread
[2.028s] INFO:colcon.colcon_core.plugin_system:Skipping extension 'colcon_notification.desktop_notification.terminal_notifier': Not used on non-Darwin systems
[2.028s] INFO:colcon.colcon_core.plugin_system:Skipping extension 'colcon_notification.desktop_notification.win32': Not used on non-Windows systems
[2.028s] INFO:colcon.colcon_notification.desktop_notification:Sending desktop notification using 'notify2'
[2.054s] DEBUG:colcon.colcon_core.event_reactor:joined thread
[2.055s] INFO:colcon.colcon_core.shell:Creating prefix script '/home/matteomaragliano/Desktop/SofAR_Assignment1/install/local_setup.ps1'
[2.059s] INFO:colcon.colcon_core.shell:Creating prefix util module '/home/matteomaragliano/Desktop/SofAR_Assignment1/install/_local_setup_util_ps1.py'
[2.061s] INFO:colcon.colcon_core.shell:Creating prefix chain script '/home/matteomaragliano/Desktop/SofAR_Assignment1/install/setup.ps1'
[2.063s] INFO:colcon.colcon_core.shell:Creating prefix script '/home/matteomaragliano/Desktop/SofAR_Assignment1/install/local_setup.sh'
[2.065s] INFO:colcon.colcon_core.shell:Creating prefix util module '/home/matteomaragliano/Desktop/SofAR_Assignment1/install/_local_setup_util_sh.py'
[2.065s] INFO:colcon.colcon_core.shell:Creating prefix chain script '/home/matteomaragliano/Desktop/SofAR_Assignment1/install/setup.sh'
[2.068s] INFO:colcon.colcon_core.shell:Creating prefix script '/home/matteomaragliano/Desktop/SofAR_Assignment1/install/local_setup.bash'
[2.069s] INFO:colcon.colcon_core.shell:Creating prefix chain script '/home/matteomaragliano/Desktop/SofAR_Assignment1/install/setup.bash'
[2.071s] INFO:colcon.colcon_core.shell:Creating prefix script '/home/matteomaragliano/Desktop/SofAR_Assignment1/install/local_setup.zsh'
[2.072s] INFO:colcon.colcon_core.shell:Creating prefix chain script '/home/matteomaragliano/Desktop/SofAR_Assignment1/install/setup.zsh'
