[0.027s] Invoking command in '/home/matteomaragliano/Desktop/SofAR_Assignment1/build/webots_ros2_driver': AMENT_PREFIX_PATH=/home/matteomaragliano/Desktop/SofAR_Assignment1/install/webots_ros2_msgs:${AMENT_PREFIX_PATH} CMAKE_PREFIX_PATH=/home/matteomaragliano/Desktop/SofAR_Assignment1/install/webots_ros2_msgs:/home/matteomaragliano/Desktop/SofAR_Assignment1/install/sofar_assignment_pkg:/home/matteomaragliano/Desktop/SofAR_Assignment1/install/assignment_pkg:/opt/ros/galactic LD_LIBRARY_PATH=/home/matteomaragliano/Desktop/SofAR_Assignment1/install/webots_ros2_msgs/lib:${LD_LIBRARY_PATH} PYTHONPATH=/home/matteomaragliano/Desktop/SofAR_Assignment1/install/webots_ros2_msgs/lib/python3.8/site-packages:${PYTHONPATH} /usr/bin/cmake /home/matteomaragliano/Desktop/SofAR_Assignment1/src/webots_ros2/webots_ros2_driver -DCMAKE_INSTALL_PREFIX=/home/matteomaragliano/Desktop/SofAR_Assignment1/install/webots_ros2_driver
[0.137s] -- The C compiler identification is GNU 9.4.0
[0.203s] -- The CXX compiler identification is GNU 9.4.0
[0.212s] -- Check for working C compiler: /usr/bin/cc
[0.315s] -- Check for working C compiler: /usr/bin/cc -- works
[0.319s] -- Detecting C compiler ABI info
[0.417s] -- Detecting C compiler ABI info - done
[0.434s] -- Detecting C compile features
[0.435s] -- Detecting C compile features - done
[0.440s] -- Check for working CXX compiler: /usr/bin/c++
[0.541s] -- Check for working CXX compiler: /usr/bin/c++ -- works
[0.542s] -- Detecting CXX compiler ABI info
[0.660s] -- Detecting CXX compiler ABI info - done
[0.680s] -- Detecting CXX compile features
[0.681s] -- Detecting CXX compile features - done
[0.684s] -- Found ament_cmake: 1.1.5 (/opt/ros/galactic/share/ament_cmake/cmake)
[0.716s] -- Found PythonInterp: /usr/bin/python3 (found suitable version "3.8.10", minimum required is "3") 
[0.717s] -- Using PYTHON_EXECUTABLE: /usr/bin/python3
[0.824s] -- Found rosgraph_msgs: 1.0.3 (/opt/ros/galactic/share/rosgraph_msgs/cmake)
[0.864s] -- Using all available rosidl_typesupport_c: rosidl_typesupport_fastrtps_c;rosidl_typesupport_introspection_c
[0.874s] -- Found rosidl_adapter: 2.2.2 (/opt/ros/galactic/share/rosidl_adapter/cmake)
[0.985s] -- Found OpenSSL: /usr/lib/x86_64-linux-gnu/libcrypto.so (found version "1.1.1f")  
[1.026s] -- Found FastRTPS: /opt/ros/galactic/include  
[1.127s] -- Using all available rosidl_typesupport_cpp: rosidl_typesupport_fastrtps_cpp;rosidl_typesupport_introspection_cpp
[1.209s] -- Found rclcpp: 9.2.1 (/opt/ros/galactic/share/rclcpp/cmake)
[1.383s] -- Found rmw_implementation_cmake: 3.3.1 (/opt/ros/galactic/share/rmw_implementation_cmake/cmake)
[1.391s] -- Found rmw_cyclonedds_cpp: 0.22.5 (/opt/ros/galactic/share/rmw_cyclonedds_cpp/cmake)
[1.441s] -- Using RMW implementation 'rmw_cyclonedds_cpp' as default
[1.445s] -- Looking for pthread.h
[1.560s] -- Looking for pthread.h - found
[1.560s] -- Performing Test CMAKE_HAVE_LIBC_PTHREAD
[1.660s] -- Performing Test CMAKE_HAVE_LIBC_PTHREAD - Failed
[1.660s] -- Looking for pthread_create in pthreads
[1.744s] -- Looking for pthread_create in pthreads - not found
[1.744s] -- Looking for pthread_create in pthread
[1.836s] -- Looking for pthread_create in pthread - found
[1.838s] -- Found Threads: TRUE  
[2.071s] -- Found pluginlib: 5.0.0 (/opt/ros/galactic/share/pluginlib/cmake)
[2.123s] -- Found sensor_msgs: 2.2.4 (/opt/ros/galactic/share/sensor_msgs/cmake)
[2.305s] -- Found tf2_ros: 0.17.3 (/opt/ros/galactic/share/tf2_ros/cmake)
[2.952s] -- Found vision_msgs: 3.0.2 (/opt/ros/galactic/share/vision_msgs/cmake)
[3.052s] -- Found webots_ros2_msgs: 1.2.2 (/home/matteomaragliano/Desktop/SofAR_Assignment1/install/webots_ros2_msgs/share/webots_ros2_msgs/cmake)
[3.252s] -- Found TinyXML2: /usr/lib/x86_64-linux-gnu/libtinyxml2.so  
[3.261s] -- Found PythonLibs: /usr/lib/x86_64-linux-gnu/libpython3.8.so (found suitable exact version "3.8.10") 
[3.525s] -- Configuring done
[3.567s] -- Generating done
[3.571s] -- Build files have been written to: /home/matteomaragliano/Desktop/SofAR_Assignment1/build/webots_ros2_driver
[3.585s] Invoked command in '/home/matteomaragliano/Desktop/SofAR_Assignment1/build/webots_ros2_driver' returned '0': AMENT_PREFIX_PATH=/home/matteomaragliano/Desktop/SofAR_Assignment1/install/webots_ros2_msgs:${AMENT_PREFIX_PATH} CMAKE_PREFIX_PATH=/home/matteomaragliano/Desktop/SofAR_Assignment1/install/webots_ros2_msgs:/home/matteomaragliano/Desktop/SofAR_Assignment1/install/sofar_assignment_pkg:/home/matteomaragliano/Desktop/SofAR_Assignment1/install/assignment_pkg:/opt/ros/galactic LD_LIBRARY_PATH=/home/matteomaragliano/Desktop/SofAR_Assignment1/install/webots_ros2_msgs/lib:${LD_LIBRARY_PATH} PYTHONPATH=/home/matteomaragliano/Desktop/SofAR_Assignment1/install/webots_ros2_msgs/lib/python3.8/site-packages:${PYTHONPATH} /usr/bin/cmake /home/matteomaragliano/Desktop/SofAR_Assignment1/src/webots_ros2/webots_ros2_driver -DCMAKE_INSTALL_PREFIX=/home/matteomaragliano/Desktop/SofAR_Assignment1/install/webots_ros2_driver
[3.586s] Invoking command in '/home/matteomaragliano/Desktop/SofAR_Assignment1/build/webots_ros2_driver': AMENT_PREFIX_PATH=/home/matteomaragliano/Desktop/SofAR_Assignment1/install/webots_ros2_msgs:${AMENT_PREFIX_PATH} CMAKE_PREFIX_PATH=/home/matteomaragliano/Desktop/SofAR_Assignment1/install/webots_ros2_msgs:/home/matteomaragliano/Desktop/SofAR_Assignment1/install/sofar_assignment_pkg:/home/matteomaragliano/Desktop/SofAR_Assignment1/install/assignment_pkg:/opt/ros/galactic LD_LIBRARY_PATH=/home/matteomaragliano/Desktop/SofAR_Assignment1/install/webots_ros2_msgs/lib:${LD_LIBRARY_PATH} PYTHONPATH=/home/matteomaragliano/Desktop/SofAR_Assignment1/install/webots_ros2_msgs/lib/python3.8/site-packages:${PYTHONPATH} /usr/bin/cmake --build /home/matteomaragliano/Desktop/SofAR_Assignment1/build/webots_ros2_driver -- -j2 -l2
[3.644s] [35m[1mScanning dependencies of target ament_cmake_python_copy_webots_ros2_driver[0m
[3.663s] [35m[1mScanning dependencies of target ament_cmake_python_copy_webots_ros2_driver_webots[0m
[3.675s] [  0%] Built target ament_cmake_python_copy_webots_ros2_driver
[3.689s] [35m[1mScanning dependencies of target driver[0m
[3.718s] [  0%] Built target ament_cmake_python_copy_webots_ros2_driver_webots
[3.738s] [35m[1mScanning dependencies of target webots_ros2_driver_imu[0m
[4.068s] [  5%] [32mBuilding CXX object CMakeFiles/webots_ros2_driver_imu.dir/src/plugins/dynamic/Ros2IMU.cpp.o[0m
[4.209s] [ 11%] [32mBuilding CXX object CMakeFiles/driver.dir/src/Driver.cpp.o[0m
[8.571s] [ 16%] [32mBuilding CXX object CMakeFiles/driver.dir/src/WebotsNode.cpp.o[0m
[10.200s] [ 22%] [32mBuilding CXX object CMakeFiles/webots_ros2_driver_imu.dir/src/plugins/Ros2SensorPlugin.cpp.o[0m
[13.735s] [ 27%] [32mBuilding CXX object CMakeFiles/webots_ros2_driver_imu.dir/src/utils/Utils.cpp.o[0m
[14.225s] [ 33%] [32m[1mLinking CXX shared library libwebots_ros2_driver_imu.so[0m
[14.688s] [ 33%] Built target webots_ros2_driver_imu
[14.699s] [ 38%] [32mBuilding CXX object CMakeFiles/driver.dir/src/PythonPlugin.cpp.o[0m
[18.466s] [ 44%] [32mBuilding CXX object CMakeFiles/driver.dir/src/plugins/Ros2SensorPlugin.cpp.o[0m
[18.949s] [ 50%] [32mBuilding CXX object CMakeFiles/driver.dir/src/plugins/static/Ros2Lidar.cpp.o[0m
[22.019s] [ 55%] [32mBuilding CXX object CMakeFiles/driver.dir/src/plugins/static/Ros2LED.cpp.o[0m
[25.114s] [ 61%] [32mBuilding CXX object CMakeFiles/driver.dir/src/plugins/static/Ros2Camera.cpp.o[0m
[32.465s] [ 66%] [32mBuilding CXX object CMakeFiles/driver.dir/src/plugins/static/Ros2GPS.cpp.o[0m
[34.424s] [ 72%] [32mBuilding CXX object CMakeFiles/driver.dir/src/plugins/static/Ros2RangeFinder.cpp.o[0m
[40.604s] [ 77%] [32mBuilding CXX object CMakeFiles/driver.dir/src/plugins/static/Ros2DistanceSensor.cpp.o[0m
[41.255s] [ 83%] [32mBuilding CXX object CMakeFiles/driver.dir/src/plugins/static/Ros2LightSensor.cpp.o[0m
[45.699s] [ 88%] [32mBuilding CXX object CMakeFiles/driver.dir/src/utils/Math.cpp.o[0m
[46.463s] [ 94%] [32mBuilding CXX object CMakeFiles/driver.dir/src/utils/Utils.cpp.o[0m
[46.533s] [35m[1mScanning dependencies of target ament_cmake_python_build_webots_ros2_driver_webots_egg[0m
[47.086s] [100%] [32m[1mLinking CXX executable driver[0m
[47.484s] running egg_info
[47.485s] creating webots_ros2_driver_webots.egg-info
[47.486s] writing webots_ros2_driver_webots.egg-info/PKG-INFO
[47.487s] writing dependency_links to webots_ros2_driver_webots.egg-info/dependency_links.txt
[47.488s] writing top-level names to webots_ros2_driver_webots.egg-info/top_level.txt
[47.494s] writing manifest file 'webots_ros2_driver_webots.egg-info/SOURCES.txt'
[47.573s] reading manifest file 'webots_ros2_driver_webots.egg-info/SOURCES.txt'
[47.574s] writing manifest file 'webots_ros2_driver_webots.egg-info/SOURCES.txt'
[47.614s] [100%] Built target ament_cmake_python_build_webots_ros2_driver_webots_egg
[47.628s] [35m[1mScanning dependencies of target ament_cmake_python_build_webots_ros2_driver_egg[0m
[47.961s] running egg_info
[47.962s] creating webots_ros2_driver.egg-info
[47.963s] writing webots_ros2_driver.egg-info/PKG-INFO
[47.963s] writing dependency_links to webots_ros2_driver.egg-info/dependency_links.txt
[47.964s] writing top-level names to webots_ros2_driver.egg-info/top_level.txt
[47.966s] writing manifest file 'webots_ros2_driver.egg-info/SOURCES.txt'
[48.015s] reading manifest file 'webots_ros2_driver.egg-info/SOURCES.txt'
[48.016s] writing manifest file 'webots_ros2_driver.egg-info/SOURCES.txt'
[48.050s] [100%] Built target ament_cmake_python_build_webots_ros2_driver_egg
[48.781s] [100%] Built target driver
[48.880s] Invoked command in '/home/matteomaragliano/Desktop/SofAR_Assignment1/build/webots_ros2_driver' returned '0': AMENT_PREFIX_PATH=/home/matteomaragliano/Desktop/SofAR_Assignment1/install/webots_ros2_msgs:${AMENT_PREFIX_PATH} CMAKE_PREFIX_PATH=/home/matteomaragliano/Desktop/SofAR_Assignment1/install/webots_ros2_msgs:/home/matteomaragliano/Desktop/SofAR_Assignment1/install/sofar_assignment_pkg:/home/matteomaragliano/Desktop/SofAR_Assignment1/install/assignment_pkg:/opt/ros/galactic LD_LIBRARY_PATH=/home/matteomaragliano/Desktop/SofAR_Assignment1/install/webots_ros2_msgs/lib:${LD_LIBRARY_PATH} PYTHONPATH=/home/matteomaragliano/Desktop/SofAR_Assignment1/install/webots_ros2_msgs/lib/python3.8/site-packages:${PYTHONPATH} /usr/bin/cmake --build /home/matteomaragliano/Desktop/SofAR_Assignment1/build/webots_ros2_driver -- -j2 -l2
[49.007s] Invoking command in '/home/matteomaragliano/Desktop/SofAR_Assignment1/build/webots_ros2_driver': AMENT_PREFIX_PATH=/home/matteomaragliano/Desktop/SofAR_Assignment1/install/webots_ros2_msgs:${AMENT_PREFIX_PATH} CMAKE_PREFIX_PATH=/home/matteomaragliano/Desktop/SofAR_Assignment1/install/webots_ros2_msgs:/home/matteomaragliano/Desktop/SofAR_Assignment1/install/sofar_assignment_pkg:/home/matteomaragliano/Desktop/SofAR_Assignment1/install/assignment_pkg:/opt/ros/galactic LD_LIBRARY_PATH=/home/matteomaragliano/Desktop/SofAR_Assignment1/install/webots_ros2_msgs/lib:${LD_LIBRARY_PATH} PYTHONPATH=/home/matteomaragliano/Desktop/SofAR_Assignment1/install/webots_ros2_msgs/lib/python3.8/site-packages:${PYTHONPATH} /usr/bin/cmake --install /home/matteomaragliano/Desktop/SofAR_Assignment1/build/webots_ros2_driver
[49.022s] -- Install configuration: ""
[49.024s] -- Installing: /home/matteomaragliano/Desktop/SofAR_Assignment1/install/webots_ros2_driver/share/webots_ros2_driver/environment/pythonpath.sh
[49.025s] -- Installing: /home/matteomaragliano/Desktop/SofAR_Assignment1/install/webots_ros2_driver/share/webots_ros2_driver/environment/pythonpath.dsv
[49.025s] -- Installing: /home/matteomaragliano/Desktop/SofAR_Assignment1/install/webots_ros2_driver/lib/python3.8/site-packages//webots_ros2_driver_webots.egg-info
[49.027s] -- Installing: /home/matteomaragliano/Desktop/SofAR_Assignment1/install/webots_ros2_driver/lib/python3.8/site-packages//webots_ros2_driver_webots.egg-info/PKG-INFO
[49.028s] -- Installing: /home/matteomaragliano/Desktop/SofAR_Assignment1/install/webots_ros2_driver/lib/python3.8/site-packages//webots_ros2_driver_webots.egg-info/dependency_links.txt
[49.028s] -- Installing: /home/matteomaragliano/Desktop/SofAR_Assignment1/install/webots_ros2_driver/lib/python3.8/site-packages//webots_ros2_driver_webots.egg-info/SOURCES.txt
[49.028s] -- Installing: /home/matteomaragliano/Desktop/SofAR_Assignment1/install/webots_ros2_driver/lib/python3.8/site-packages//webots_ros2_driver_webots.egg-info/top_level.txt
[49.029s] -- Installing: /home/matteomaragliano/Desktop/SofAR_Assignment1/install/webots_ros2_driver/lib/python3.8/site-packages/webots_ros2_driver_webots
[49.029s] -- Installing: /home/matteomaragliano/Desktop/SofAR_Assignment1/install/webots_ros2_driver/lib/python3.8/site-packages/webots_ros2_driver_webots/vehicle.py
[49.029s] -- Installing: /home/matteomaragliano/Desktop/SofAR_Assignment1/install/webots_ros2_driver/lib/python3.8/site-packages/webots_ros2_driver_webots/_controller.so
[49.036s] -- Installing: /home/matteomaragliano/Desktop/SofAR_Assignment1/install/webots_ros2_driver/lib/python3.8/site-packages/webots_ros2_driver_webots/_vehicle.so
[49.037s] -- Installing: /home/matteomaragliano/Desktop/SofAR_Assignment1/install/webots_ros2_driver/lib/python3.8/site-packages/webots_ros2_driver_webots/__init__.py
[49.037s] -- Installing: /home/matteomaragliano/Desktop/SofAR_Assignment1/install/webots_ros2_driver/lib/python3.8/site-packages/webots_ros2_driver_webots/controller.py
[49.100s] Listing '/home/matteomaragliano/Desktop/SofAR_Assignment1/install/webots_ros2_driver/lib/python3.8/site-packages/webots_ros2_driver_webots'...
[49.100s] Compiling '/home/matteomaragliano/Desktop/SofAR_Assignment1/install/webots_ros2_driver/lib/python3.8/site-packages/webots_ros2_driver_webots/__init__.py'...
[49.100s] Compiling '/home/matteomaragliano/Desktop/SofAR_Assignment1/install/webots_ros2_driver/lib/python3.8/site-packages/webots_ros2_driver_webots/controller.py'...
[49.100s] Compiling '/home/matteomaragliano/Desktop/SofAR_Assignment1/install/webots_ros2_driver/lib/python3.8/site-packages/webots_ros2_driver_webots/vehicle.py'...
[49.105s] -- Installing: /home/matteomaragliano/Desktop/SofAR_Assignment1/install/webots_ros2_driver/lib/python3.8/site-packages//webots_ros2_driver.egg-info
[49.105s] -- Installing: /home/matteomaragliano/Desktop/SofAR_Assignment1/install/webots_ros2_driver/lib/python3.8/site-packages//webots_ros2_driver.egg-info/PKG-INFO
[49.106s] -- Installing: /home/matteomaragliano/Desktop/SofAR_Assignment1/install/webots_ros2_driver/lib/python3.8/site-packages//webots_ros2_driver.egg-info/dependency_links.txt
[49.107s] -- Installing: /home/matteomaragliano/Desktop/SofAR_Assignment1/install/webots_ros2_driver/lib/python3.8/site-packages//webots_ros2_driver.egg-info/SOURCES.txt
[49.107s] -- Installing: /home/matteomaragliano/Desktop/SofAR_Assignment1/install/webots_ros2_driver/lib/python3.8/site-packages//webots_ros2_driver.egg-info/top_level.txt
[49.108s] -- Installing: /home/matteomaragliano/Desktop/SofAR_Assignment1/install/webots_ros2_driver/lib/python3.8/site-packages/webots_ros2_driver
[49.108s] -- Installing: /home/matteomaragliano/Desktop/SofAR_Assignment1/install/webots_ros2_driver/lib/python3.8/site-packages/webots_ros2_driver/webots_launcher.py
[49.108s] -- Installing: /home/matteomaragliano/Desktop/SofAR_Assignment1/install/webots_ros2_driver/lib/python3.8/site-packages/webots_ros2_driver/utils.py
[49.109s] -- Installing: /home/matteomaragliano/Desktop/SofAR_Assignment1/install/webots_ros2_driver/lib/python3.8/site-packages/webots_ros2_driver/__init__.py
[49.147s] Listing '/home/matteomaragliano/Desktop/SofAR_Assignment1/install/webots_ros2_driver/lib/python3.8/site-packages/webots_ros2_driver'...
[49.147s] Compiling '/home/matteomaragliano/Desktop/SofAR_Assignment1/install/webots_ros2_driver/lib/python3.8/site-packages/webots_ros2_driver/__init__.py'...
[49.148s] Compiling '/home/matteomaragliano/Desktop/SofAR_Assignment1/install/webots_ros2_driver/lib/python3.8/site-packages/webots_ros2_driver/utils.py'...
[49.148s] Compiling '/home/matteomaragliano/Desktop/SofAR_Assignment1/install/webots_ros2_driver/lib/python3.8/site-packages/webots_ros2_driver/webots_launcher.py'...
[49.152s] -- Installing: /home/matteomaragliano/Desktop/SofAR_Assignment1/install/webots_ros2_driver/include
[49.152s] -- Installing: /home/matteomaragliano/Desktop/SofAR_Assignment1/install/webots_ros2_driver/include/webots_ros2_driver
[49.153s] -- Installing: /home/matteomaragliano/Desktop/SofAR_Assignment1/install/webots_ros2_driver/include/webots_ros2_driver/utils
[49.153s] -- Installing: /home/matteomaragliano/Desktop/SofAR_Assignment1/install/webots_ros2_driver/include/webots_ros2_driver/utils/Math.hpp
[49.154s] -- Installing: /home/matteomaragliano/Desktop/SofAR_Assignment1/install/webots_ros2_driver/include/webots_ros2_driver/utils/Utils.hpp
[49.154s] -- Installing: /home/matteomaragliano/Desktop/SofAR_Assignment1/install/webots_ros2_driver/include/webots_ros2_driver/PluginInterface.hpp
[49.155s] -- Installing: /home/matteomaragliano/Desktop/SofAR_Assignment1/install/webots_ros2_driver/include/webots_ros2_driver/plugins
[49.155s] -- Installing: /home/matteomaragliano/Desktop/SofAR_Assignment1/install/webots_ros2_driver/include/webots_ros2_driver/plugins/Ros2SensorPlugin.hpp
[49.156s] -- Installing: /home/matteomaragliano/Desktop/SofAR_Assignment1/install/webots_ros2_driver/include/webots_ros2_driver/plugins/static
[49.156s] -- Installing: /home/matteomaragliano/Desktop/SofAR_Assignment1/install/webots_ros2_driver/include/webots_ros2_driver/plugins/static/Ros2GPS.hpp
[49.156s] -- Installing: /home/matteomaragliano/Desktop/SofAR_Assignment1/install/webots_ros2_driver/include/webots_ros2_driver/plugins/static/Ros2DistanceSensor.hpp
[49.157s] -- Installing: /home/matteomaragliano/Desktop/SofAR_Assignment1/install/webots_ros2_driver/include/webots_ros2_driver/plugins/static/Ros2Camera.hpp
[49.157s] -- Installing: /home/matteomaragliano/Desktop/SofAR_Assignment1/install/webots_ros2_driver/include/webots_ros2_driver/plugins/static/Ros2RangeFinder.hpp
[49.158s] -- Installing: /home/matteomaragliano/Desktop/SofAR_Assignment1/install/webots_ros2_driver/include/webots_ros2_driver/plugins/static/Ros2LED.hpp
[49.159s] -- Installing: /home/matteomaragliano/Desktop/SofAR_Assignment1/install/webots_ros2_driver/include/webots_ros2_driver/plugins/static/Ros2LightSensor.hpp
[49.161s] -- Installing: /home/matteomaragliano/Desktop/SofAR_Assignment1/install/webots_ros2_driver/include/webots_ros2_driver/plugins/static/Ros2Lidar.hpp
[49.161s] -- Installing: /home/matteomaragliano/Desktop/SofAR_Assignment1/install/webots_ros2_driver/include/webots_ros2_driver/plugins/dynamic
[49.162s] -- Installing: /home/matteomaragliano/Desktop/SofAR_Assignment1/install/webots_ros2_driver/include/webots_ros2_driver/plugins/dynamic/Ros2IMU.hpp
[49.163s] -- Installing: /home/matteomaragliano/Desktop/SofAR_Assignment1/install/webots_ros2_driver/include/webots_ros2_driver/WebotsNode.hpp
[49.164s] -- Installing: /home/matteomaragliano/Desktop/SofAR_Assignment1/install/webots_ros2_driver/include/webots_ros2_driver/PythonPlugin.hpp
[49.171s] -- Installing: /home/matteomaragliano/Desktop/SofAR_Assignment1/install/webots_ros2_driver/lib/webots_ros2_driver/driver
[49.172s] -- Set runtime path of "/home/matteomaragliano/Desktop/SofAR_Assignment1/install/webots_ros2_driver/lib/webots_ros2_driver/driver" to ""
[49.172s] -- Installing: /home/matteomaragliano/Desktop/SofAR_Assignment1/install/webots_ros2_driver/include/webots/c
[49.173s] -- Installing: /home/matteomaragliano/Desktop/SofAR_Assignment1/install/webots_ros2_driver/include/webots/c/webots
[49.173s] -- Installing: /home/matteomaragliano/Desktop/SofAR_Assignment1/install/webots_ros2_driver/include/webots/c/webots/utils
[49.173s] -- Installing: /home/matteomaragliano/Desktop/SofAR_Assignment1/install/webots_ros2_driver/include/webots/c/webots/utils/string.h
[49.174s] -- Installing: /home/matteomaragliano/Desktop/SofAR_Assignment1/install/webots_ros2_driver/include/webots/c/webots/utils/system.h
[49.174s] -- Installing: /home/matteomaragliano/Desktop/SofAR_Assignment1/install/webots_ros2_driver/include/webots/c/webots/utils/motion.h
[49.175s] -- Installing: /home/matteomaragliano/Desktop/SofAR_Assignment1/install/webots_ros2_driver/include/webots/c/webots/utils/ansi_codes.h
[49.175s] -- Installing: /home/matteomaragliano/Desktop/SofAR_Assignment1/install/webots_ros2_driver/include/webots/c/webots/inertial_unit.h
[49.176s] -- Installing: /home/matteomaragliano/Desktop/SofAR_Assignment1/install/webots_ros2_driver/include/webots/c/webots/compass.h
[49.177s] -- Installing: /home/matteomaragliano/Desktop/SofAR_Assignment1/install/webots_ros2_driver/include/webots/c/webots/microphone.h
[49.179s] -- Installing: /home/matteomaragliano/Desktop/SofAR_Assignment1/install/webots_ros2_driver/include/webots/c/webots/motor.h
[49.179s] -- Installing: /home/matteomaragliano/Desktop/SofAR_Assignment1/install/webots_ros2_driver/include/webots/c/webots/light_sensor.h
[49.179s] -- Installing: /home/matteomaragliano/Desktop/SofAR_Assignment1/install/webots_ros2_driver/include/webots/c/webots/led.h
[49.180s] -- Installing: /home/matteomaragliano/Desktop/SofAR_Assignment1/install/webots_ros2_driver/include/webots/c/webots/position_sensor.h
[49.181s] -- Installing: /home/matteomaragliano/Desktop/SofAR_Assignment1/install/webots_ros2_driver/include/webots/c/webots/mouse_state.h
[49.181s] -- Installing: /home/matteomaragliano/Desktop/SofAR_Assignment1/install/webots_ros2_driver/include/webots/c/webots/camera_recognition_object.h
[49.182s] -- Installing: /home/matteomaragliano/Desktop/SofAR_Assignment1/install/webots_ros2_driver/include/webots/c/webots/radio.h
[49.183s] -- Installing: /home/matteomaragliano/Desktop/SofAR_Assignment1/install/webots_ros2_driver/include/webots/c/webots/gps.h
[49.183s] -- Installing: /home/matteomaragliano/Desktop/SofAR_Assignment1/install/webots_ros2_driver/include/webots/c/webots/gyro.h
[49.184s] -- Installing: /home/matteomaragliano/Desktop/SofAR_Assignment1/install/webots_ros2_driver/include/webots/c/webots/pen.h
[49.184s] -- Installing: /home/matteomaragliano/Desktop/SofAR_Assignment1/install/webots_ros2_driver/include/webots/c/webots/plugins
[49.185s] -- Installing: /home/matteomaragliano/Desktop/SofAR_Assignment1/install/webots_ros2_driver/include/webots/c/webots/plugins/robot_window
[49.185s] -- Installing: /home/matteomaragliano/Desktop/SofAR_Assignment1/install/webots_ros2_driver/include/webots/c/webots/plugins/robot_window/default.h
[49.186s] -- Installing: /home/matteomaragliano/Desktop/SofAR_Assignment1/install/webots_ros2_driver/include/webots/c/webots/plugins/robot_window/robot_window.h
[49.186s] -- Installing: /home/matteomaragliano/Desktop/SofAR_Assignment1/install/webots_ros2_driver/include/webots/c/webots/plugins/robot_window/robot_wwi.h
[49.187s] -- Installing: /home/matteomaragliano/Desktop/SofAR_Assignment1/install/webots_ros2_driver/include/webots/c/webots/plugins/robot_window/generic_robot_window
[49.188s] -- Installing: /home/matteomaragliano/Desktop/SofAR_Assignment1/install/webots_ros2_driver/include/webots/c/webots/plugins/robot_window/generic_robot_window/generic.h
[49.188s] -- Installing: /home/matteomaragliano/Desktop/SofAR_Assignment1/install/webots_ros2_driver/include/webots/c/webots/joystick.h
[49.189s] -- Installing: /home/matteomaragliano/Desktop/SofAR_Assignment1/install/webots_ros2_driver/include/webots/c/webots/device.h
[49.189s] -- Installing: /home/matteomaragliano/Desktop/SofAR_Assignment1/install/webots_ros2_driver/include/webots/c/webots/contact_point.h
[49.190s] -- Installing: /home/matteomaragliano/Desktop/SofAR_Assignment1/install/webots_ros2_driver/include/webots/c/webots/types.h
[49.190s] -- Installing: /home/matteomaragliano/Desktop/SofAR_Assignment1/install/webots_ros2_driver/include/webots/c/webots/keyboard.h
[49.190s] -- Installing: /home/matteomaragliano/Desktop/SofAR_Assignment1/install/webots_ros2_driver/include/webots/c/webots/altimeter.h
[49.192s] -- Installing: /home/matteomaragliano/Desktop/SofAR_Assignment1/install/webots_ros2_driver/include/webots/c/webots/distance_sensor.h
[49.192s] -- Installing: /home/matteomaragliano/Desktop/SofAR_Assignment1/install/webots_ros2_driver/include/webots/c/webots/emitter.h
[49.193s] -- Installing: /home/matteomaragliano/Desktop/SofAR_Assignment1/install/webots_ros2_driver/include/webots/c/webots/range_finder.h
[49.194s] -- Installing: /home/matteomaragliano/Desktop/SofAR_Assignment1/install/webots_ros2_driver/include/webots/c/webots/radar.h
[49.195s] -- Installing: /home/matteomaragliano/Desktop/SofAR_Assignment1/install/webots_ros2_driver/include/webots/c/webots/accelerometer.h
[49.195s] -- Installing: /home/matteomaragliano/Desktop/SofAR_Assignment1/install/webots_ros2_driver/include/webots/c/webots/speaker.h
[49.196s] -- Installing: /home/matteomaragliano/Desktop/SofAR_Assignment1/install/webots_ros2_driver/include/webots/c/webots/console.h
[49.196s] -- Installing: /home/matteomaragliano/Desktop/SofAR_Assignment1/install/webots_ros2_driver/include/webots/c/webots/vehicle
[49.197s] -- Installing: /home/matteomaragliano/Desktop/SofAR_Assignment1/install/webots_ros2_driver/include/webots/c/webots/vehicle/car.h
[49.198s] -- Installing: /home/matteomaragliano/Desktop/SofAR_Assignment1/install/webots_ros2_driver/include/webots/c/webots/vehicle/driver.h
[49.198s] -- Installing: /home/matteomaragliano/Desktop/SofAR_Assignment1/install/webots_ros2_driver/include/webots/c/webots/lidar_point.h
[49.199s] -- Installing: /home/matteomaragliano/Desktop/SofAR_Assignment1/install/webots_ros2_driver/include/webots/c/webots/receiver.h
[49.199s] -- Installing: /home/matteomaragliano/Desktop/SofAR_Assignment1/install/webots_ros2_driver/include/webots/c/webots/supervisor.h
[49.200s] -- Installing: /home/matteomaragliano/Desktop/SofAR_Assignment1/install/webots_ros2_driver/include/webots/c/webots/camera.h
[49.200s] -- Installing: /home/matteomaragliano/Desktop/SofAR_Assignment1/install/webots_ros2_driver/include/webots/c/webots/mouse.h
[49.200s] -- Installing: /home/matteomaragliano/Desktop/SofAR_Assignment1/install/webots_ros2_driver/include/webots/c/webots/display.h
[49.201s] -- Installing: /home/matteomaragliano/Desktop/SofAR_Assignment1/install/webots_ros2_driver/include/webots/c/webots/nodes.h
[49.201s] -- Installing: /home/matteomaragliano/Desktop/SofAR_Assignment1/install/webots_ros2_driver/include/webots/c/webots/brake.h
[49.202s] -- Installing: /home/matteomaragliano/Desktop/SofAR_Assignment1/install/webots_ros2_driver/include/webots/c/webots/remote_control.h
[49.203s] -- Installing: /home/matteomaragliano/Desktop/SofAR_Assignment1/install/webots_ros2_driver/include/webots/c/webots/lidar.h
[49.203s] -- Installing: /home/matteomaragliano/Desktop/SofAR_Assignment1/install/webots_ros2_driver/include/webots/c/webots/radar_target.h
[49.204s] -- Installing: /home/matteomaragliano/Desktop/SofAR_Assignment1/install/webots_ros2_driver/include/webots/c/webots/robot.h
[49.205s] -- Installing: /home/matteomaragliano/Desktop/SofAR_Assignment1/install/webots_ros2_driver/include/webots/c/webots/connector.h
[49.205s] -- Installing: /home/matteomaragliano/Desktop/SofAR_Assignment1/install/webots_ros2_driver/include/webots/c/webots/skin.h
[49.206s] -- Installing: /home/matteomaragliano/Desktop/SofAR_Assignment1/install/webots_ros2_driver/include/webots/c/webots/touch_sensor.h
[49.206s] -- Installing: /home/matteomaragliano/Desktop/SofAR_Assignment1/install/webots_ros2_driver/include/webots/cpp
[49.207s] -- Installing: /home/matteomaragliano/Desktop/SofAR_Assignment1/install/webots_ros2_driver/include/webots/cpp/webots
[49.207s] -- Installing: /home/matteomaragliano/Desktop/SofAR_Assignment1/install/webots_ros2_driver/include/webots/cpp/webots/utils
[49.207s] -- Installing: /home/matteomaragliano/Desktop/SofAR_Assignment1/install/webots_ros2_driver/include/webots/cpp/webots/utils/Motion.hpp
[49.208s] -- Installing: /home/matteomaragliano/Desktop/SofAR_Assignment1/install/webots_ros2_driver/include/webots/cpp/webots/utils/AnsiCodes.hpp
[49.209s] -- Installing: /home/matteomaragliano/Desktop/SofAR_Assignment1/install/webots_ros2_driver/include/webots/cpp/webots/Radar.hpp
[49.209s] -- Installing: /home/matteomaragliano/Desktop/SofAR_Assignment1/install/webots_ros2_driver/include/webots/cpp/webots/Node.hpp
[49.210s] -- Installing: /home/matteomaragliano/Desktop/SofAR_Assignment1/install/webots_ros2_driver/include/webots/cpp/webots/Display.hpp
[49.211s] -- Installing: /home/matteomaragliano/Desktop/SofAR_Assignment1/install/webots_ros2_driver/include/webots/cpp/webots/Field.hpp
[49.212s] -- Installing: /home/matteomaragliano/Desktop/SofAR_Assignment1/install/webots_ros2_driver/include/webots/cpp/webots/Skin.hpp
[49.213s] -- Installing: /home/matteomaragliano/Desktop/SofAR_Assignment1/install/webots_ros2_driver/include/webots/cpp/webots/InertialUnit.hpp
[49.213s] -- Installing: /home/matteomaragliano/Desktop/SofAR_Assignment1/install/webots_ros2_driver/include/webots/cpp/webots/Camera.hpp
[49.214s] -- Installing: /home/matteomaragliano/Desktop/SofAR_Assignment1/install/webots_ros2_driver/include/webots/cpp/webots/Joystick.hpp
[49.215s] -- Installing: /home/matteomaragliano/Desktop/SofAR_Assignment1/install/webots_ros2_driver/include/webots/cpp/webots/Receiver.hpp
[49.216s] -- Installing: /home/matteomaragliano/Desktop/SofAR_Assignment1/install/webots_ros2_driver/include/webots/cpp/webots/Brake.hpp
[49.217s] -- Installing: /home/matteomaragliano/Desktop/SofAR_Assignment1/install/webots_ros2_driver/include/webots/cpp/webots/LED.hpp
[49.217s] -- Installing: /home/matteomaragliano/Desktop/SofAR_Assignment1/install/webots_ros2_driver/include/webots/cpp/webots/Connector.hpp
[49.218s] -- Installing: /home/matteomaragliano/Desktop/SofAR_Assignment1/install/webots_ros2_driver/include/webots/cpp/webots/Pen.hpp
[49.218s] -- Installing: /home/matteomaragliano/Desktop/SofAR_Assignment1/install/webots_ros2_driver/include/webots/cpp/webots/Robot.hpp
[49.218s] -- Installing: /home/matteomaragliano/Desktop/SofAR_Assignment1/install/webots_ros2_driver/include/webots/cpp/webots/RangeFinder.hpp
[49.218s] -- Installing: /home/matteomaragliano/Desktop/SofAR_Assignment1/install/webots_ros2_driver/include/webots/cpp/webots/Mouse.hpp
[49.218s] -- Installing: /home/matteomaragliano/Desktop/SofAR_Assignment1/install/webots_ros2_driver/include/webots/cpp/webots/Compass.hpp
[49.218s] -- Installing: /home/matteomaragliano/Desktop/SofAR_Assignment1/install/webots_ros2_driver/include/webots/cpp/webots/LightSensor.hpp
[49.219s] -- Installing: /home/matteomaragliano/Desktop/SofAR_Assignment1/install/webots_ros2_driver/include/webots/cpp/webots/Lidar.hpp
[49.219s] -- Installing: /home/matteomaragliano/Desktop/SofAR_Assignment1/install/webots_ros2_driver/include/webots/cpp/webots/Supervisor.hpp
[49.219s] -- Installing: /home/matteomaragliano/Desktop/SofAR_Assignment1/install/webots_ros2_driver/include/webots/cpp/webots/vehicle
[49.219s] -- Installing: /home/matteomaragliano/Desktop/SofAR_Assignment1/install/webots_ros2_driver/include/webots/cpp/webots/vehicle/Driver.hpp
[49.219s] -- Installing: /home/matteomaragliano/Desktop/SofAR_Assignment1/install/webots_ros2_driver/include/webots/cpp/webots/vehicle/Car.hpp
[49.220s] -- Installing: /home/matteomaragliano/Desktop/SofAR_Assignment1/install/webots_ros2_driver/include/webots/cpp/webots/DistanceSensor.hpp
[49.221s] -- Installing: /home/matteomaragliano/Desktop/SofAR_Assignment1/install/webots_ros2_driver/include/webots/cpp/webots/PositionSensor.hpp
[49.221s] -- Installing: /home/matteomaragliano/Desktop/SofAR_Assignment1/install/webots_ros2_driver/include/webots/cpp/webots/GPS.hpp
[49.221s] -- Installing: /home/matteomaragliano/Desktop/SofAR_Assignment1/install/webots_ros2_driver/include/webots/cpp/webots/Device.hpp
[49.222s] -- Installing: /home/matteomaragliano/Desktop/SofAR_Assignment1/install/webots_ros2_driver/include/webots/cpp/webots/Gyro.hpp
[49.222s] -- Installing: /home/matteomaragliano/Desktop/SofAR_Assignment1/install/webots_ros2_driver/include/webots/cpp/webots/Emitter.hpp
[49.223s] -- Installing: /home/matteomaragliano/Desktop/SofAR_Assignment1/install/webots_ros2_driver/include/webots/cpp/webots/Accelerometer.hpp
[49.223s] -- Installing: /home/matteomaragliano/Desktop/SofAR_Assignment1/install/webots_ros2_driver/include/webots/cpp/webots/TouchSensor.hpp
[49.223s] -- Installing: /home/matteomaragliano/Desktop/SofAR_Assignment1/install/webots_ros2_driver/include/webots/cpp/webots/Altimeter.hpp
[49.223s] -- Installing: /home/matteomaragliano/Desktop/SofAR_Assignment1/install/webots_ros2_driver/include/webots/cpp/webots/ImageRef.hpp
[49.224s] -- Installing: /home/matteomaragliano/Desktop/SofAR_Assignment1/install/webots_ros2_driver/include/webots/cpp/webots/Speaker.hpp
[49.224s] -- Installing: /home/matteomaragliano/Desktop/SofAR_Assignment1/install/webots_ros2_driver/include/webots/cpp/webots/Motor.hpp
[49.224s] -- Installing: /home/matteomaragliano/Desktop/SofAR_Assignment1/install/webots_ros2_driver/include/webots/cpp/webots/Keyboard.hpp
[49.225s] -- Installing: /home/matteomaragliano/Desktop/SofAR_Assignment1/install/webots_ros2_driver/lib/libwebots_ros2_driver_imu.so
[49.231s] -- Set runtime path of "/home/matteomaragliano/Desktop/SofAR_Assignment1/install/webots_ros2_driver/lib/libwebots_ros2_driver_imu.so" to ""
[49.232s] -- Up-to-date: /home/matteomaragliano/Desktop/SofAR_Assignment1/install/webots_ros2_driver/lib
[49.232s] -- Installing: /home/matteomaragliano/Desktop/SofAR_Assignment1/install/webots_ros2_driver/lib/libCppDriver.so
[49.233s] -- Installing: /home/matteomaragliano/Desktop/SofAR_Assignment1/install/webots_ros2_driver/lib/libCppController.so
[49.235s] -- Installing: /home/matteomaragliano/Desktop/SofAR_Assignment1/install/webots_ros2_driver/lib/libcar.so
[49.236s] -- Installing: /home/matteomaragliano/Desktop/SofAR_Assignment1/install/webots_ros2_driver/lib/libdriver.so
[49.236s] -- Installing: /home/matteomaragliano/Desktop/SofAR_Assignment1/install/webots_ros2_driver/lib/libCppCar.so
[49.237s] -- Installing: /home/matteomaragliano/Desktop/SofAR_Assignment1/install/webots_ros2_driver/lib/libController.so
[49.240s] -- Installing: /home/matteomaragliano/Desktop/SofAR_Assignment1/install/webots_ros2_driver/share/webots_ros2_driver/webots_ros2_imu.xml
[49.243s] -- Installing: /home/matteomaragliano/Desktop/SofAR_Assignment1/install/webots_ros2_driver/share/webots_ros2_driver/environment/library_path.sh
[49.244s] -- Installing: /home/matteomaragliano/Desktop/SofAR_Assignment1/install/webots_ros2_driver/share/webots_ros2_driver/environment/library_path.dsv
[49.245s] -- Installing: /home/matteomaragliano/Desktop/SofAR_Assignment1/install/webots_ros2_driver/share/ament_index/resource_index/package_run_dependencies/webots_ros2_driver
[49.246s] -- Installing: /home/matteomaragliano/Desktop/SofAR_Assignment1/install/webots_ros2_driver/share/ament_index/resource_index/parent_prefix_path/webots_ros2_driver
[49.249s] -- Installing: /home/matteomaragliano/Desktop/SofAR_Assignment1/install/webots_ros2_driver/share/webots_ros2_driver/environment/ament_prefix_path.sh
[49.250s] -- Installing: /home/matteomaragliano/Desktop/SofAR_Assignment1/install/webots_ros2_driver/share/webots_ros2_driver/environment/ament_prefix_path.dsv
[49.250s] -- Installing: /home/matteomaragliano/Desktop/SofAR_Assignment1/install/webots_ros2_driver/share/webots_ros2_driver/environment/path.sh
[49.251s] -- Installing: /home/matteomaragliano/Desktop/SofAR_Assignment1/install/webots_ros2_driver/share/webots_ros2_driver/environment/path.dsv
[49.252s] -- Installing: /home/matteomaragliano/Desktop/SofAR_Assignment1/install/webots_ros2_driver/share/webots_ros2_driver/local_setup.bash
[49.252s] -- Installing: /home/matteomaragliano/Desktop/SofAR_Assignment1/install/webots_ros2_driver/share/webots_ros2_driver/local_setup.sh
[49.252s] -- Installing: /home/matteomaragliano/Desktop/SofAR_Assignment1/install/webots_ros2_driver/share/webots_ros2_driver/local_setup.zsh
[49.253s] -- Installing: /home/matteomaragliano/Desktop/SofAR_Assignment1/install/webots_ros2_driver/share/webots_ros2_driver/local_setup.dsv
[49.253s] -- Installing: /home/matteomaragliano/Desktop/SofAR_Assignment1/install/webots_ros2_driver/share/webots_ros2_driver/package.dsv
[49.254s] -- Installing: /home/matteomaragliano/Desktop/SofAR_Assignment1/install/webots_ros2_driver/share/ament_index/resource_index/packages/webots_ros2_driver
[49.254s] -- Installing: /home/matteomaragliano/Desktop/SofAR_Assignment1/install/webots_ros2_driver/share/ament_index/resource_index/webots_ros2_driver__pluginlib__plugin/webots_ros2_driver
[49.255s] -- Installing: /home/matteomaragliano/Desktop/SofAR_Assignment1/install/webots_ros2_driver/share/webots_ros2_driver/cmake/ament_cmake_export_include_directories-extras.cmake
[49.256s] -- Installing: /home/matteomaragliano/Desktop/SofAR_Assignment1/install/webots_ros2_driver/share/webots_ros2_driver/cmake/ament_cmake_export_dependencies-extras.cmake
[49.256s] -- Installing: /home/matteomaragliano/Desktop/SofAR_Assignment1/install/webots_ros2_driver/share/webots_ros2_driver/cmake/ament_cmake_export_libraries-extras.cmake
[49.257s] -- Installing: /home/matteomaragliano/Desktop/SofAR_Assignment1/install/webots_ros2_driver/share/webots_ros2_driver/cmake/webots_ros2_driverConfig.cmake
[49.257s] -- Installing: /home/matteomaragliano/Desktop/SofAR_Assignment1/install/webots_ros2_driver/share/webots_ros2_driver/cmake/webots_ros2_driverConfig-version.cmake
[49.258s] -- Installing: /home/matteomaragliano/Desktop/SofAR_Assignment1/install/webots_ros2_driver/share/webots_ros2_driver/package.xml
[49.273s] Invoked command in '/home/matteomaragliano/Desktop/SofAR_Assignment1/build/webots_ros2_driver' returned '0': AMENT_PREFIX_PATH=/home/matteomaragliano/Desktop/SofAR_Assignment1/install/webots_ros2_msgs:${AMENT_PREFIX_PATH} CMAKE_PREFIX_PATH=/home/matteomaragliano/Desktop/SofAR_Assignment1/install/webots_ros2_msgs:/home/matteomaragliano/Desktop/SofAR_Assignment1/install/sofar_assignment_pkg:/home/matteomaragliano/Desktop/SofAR_Assignment1/install/assignment_pkg:/opt/ros/galactic LD_LIBRARY_PATH=/home/matteomaragliano/Desktop/SofAR_Assignment1/install/webots_ros2_msgs/lib:${LD_LIBRARY_PATH} PYTHONPATH=/home/matteomaragliano/Desktop/SofAR_Assignment1/install/webots_ros2_msgs/lib/python3.8/site-packages:${PYTHONPATH} /usr/bin/cmake --install /home/matteomaragliano/Desktop/SofAR_Assignment1/build/webots_ros2_driver
