running egg_info
writing ../../../build/webots_ros2_epuck/webots_ros2_epuck.egg-info/PKG-INFO
writing dependency_links to ../../../build/webots_ros2_epuck/webots_ros2_epuck.egg-info/dependency_links.txt
writing entry points to ../../../build/webots_ros2_epuck/webots_ros2_epuck.egg-info/entry_points.txt
writing requirements to ../../../build/webots_ros2_epuck/webots_ros2_epuck.egg-info/requires.txt
writing top-level names to ../../../build/webots_ros2_epuck/webots_ros2_epuck.egg-info/top_level.txt
reading manifest file '../../../build/webots_ros2_epuck/webots_ros2_epuck.egg-info/SOURCES.txt'
writing manifest file '../../../build/webots_ros2_epuck/webots_ros2_epuck.egg-info/SOURCES.txt'
running build
running build_py
running install
running install_lib
running install_data
running install_egg_info
removing '/home/matteomaragliano/Desktop/SofAR_Assignment1/install/webots_ros2_epuck/lib/python3.8/site-packages/webots_ros2_epuck-1.2.2-py3.8.egg-info' (and everything under it)
Copying ../../../build/webots_ros2_epuck/webots_ros2_epuck.egg-info to /home/matteomaragliano/Desktop/SofAR_Assignment1/install/webots_ros2_epuck/lib/python3.8/site-packages/webots_ros2_epuck-1.2.2-py3.8.egg-info
running install_scripts
Installing drive_calibrator script to /home/matteomaragliano/Desktop/SofAR_Assignment1/install/webots_ros2_epuck/lib/webots_ros2_epuck
Installing epuck_node script to /home/matteomaragliano/Desktop/SofAR_Assignment1/install/webots_ros2_epuck/lib/webots_ros2_epuck
Installing simple_mapper script to /home/matteomaragliano/Desktop/SofAR_Assignment1/install/webots_ros2_epuck/lib/webots_ros2_epuck
writing list of installed files to '/home/matteomaragliano/Desktop/SofAR_Assignment1/build/webots_ros2_epuck/install.log'
