[0.934s] Invoking command in '/home/ilmusu/OneDrive/Universita/Magistrale_1/Software Architectures For Robotics/Examples/7_webots_workspace/src/robot_driver_pkg': PYTHONPATH=/home/ilmusu/OneDrive/Universita/Magistrale_1/Software Architectures For Robotics/Examples/7_webots_workspace/src/robot_driver_pkg/install/robot_driver_pkg/lib/python3.8/site-packages:${PYTHONPATH} /usr/bin/python3 setup.py egg_info --egg-base build/robot_driver_pkg build --build-base /home/ilmusu/OneDrive/Universita/Magistrale_1/Software Architectures For Robotics/Examples/7_webots_workspace/src/robot_driver_pkg/build/robot_driver_pkg/build install --prefix /home/ilmusu/OneDrive/Universita/Magistrale_1/Software Architectures For Robotics/Examples/7_webots_workspace/src/robot_driver_pkg/install/robot_driver_pkg --record /home/ilmusu/OneDrive/Universita/Magistrale_1/Software Architectures For Robotics/Examples/7_webots_workspace/src/robot_driver_pkg/build/robot_driver_pkg/install.log --single-version-externally-managed
[1.204s] running egg_info
[1.204s] creating build/robot_driver_pkg/robot_driver_pkg.egg-info
[1.204s] writing build/robot_driver_pkg/robot_driver_pkg.egg-info/PKG-INFO
[1.205s] writing dependency_links to build/robot_driver_pkg/robot_driver_pkg.egg-info/dependency_links.txt
[1.205s] writing entry points to build/robot_driver_pkg/robot_driver_pkg.egg-info/entry_points.txt
[1.205s] writing requirements to build/robot_driver_pkg/robot_driver_pkg.egg-info/requires.txt
[1.205s] writing top-level names to build/robot_driver_pkg/robot_driver_pkg.egg-info/top_level.txt
[1.206s] writing manifest file 'build/robot_driver_pkg/robot_driver_pkg.egg-info/SOURCES.txt'
[1.240s] reading manifest file 'build/robot_driver_pkg/robot_driver_pkg.egg-info/SOURCES.txt'
[1.241s] writing manifest file 'build/robot_driver_pkg/robot_driver_pkg.egg-info/SOURCES.txt'
[1.241s] running build
[1.241s] running build_py
[1.241s] creating /home/ilmusu/OneDrive/Universita/Magistrale_1/Software Architectures For Robotics/Examples/7_webots_workspace/src/robot_driver_pkg/build/robot_driver_pkg/build
[1.241s] creating /home/ilmusu/OneDrive/Universita/Magistrale_1/Software Architectures For Robotics/Examples/7_webots_workspace/src/robot_driver_pkg/build/robot_driver_pkg/build/lib
[1.242s] creating /home/ilmusu/OneDrive/Universita/Magistrale_1/Software Architectures For Robotics/Examples/7_webots_workspace/src/robot_driver_pkg/build/robot_driver_pkg/build/lib/robot_driver_pkg
[1.243s] copying robot_driver_pkg/obstacle_avoider.py -> /home/ilmusu/OneDrive/Universita/Magistrale_1/Software Architectures For Robotics/Examples/7_webots_workspace/src/robot_driver_pkg/build/robot_driver_pkg/build/lib/robot_driver_pkg
[1.243s] copying robot_driver_pkg/robot_driver.py -> /home/ilmusu/OneDrive/Universita/Magistrale_1/Software Architectures For Robotics/Examples/7_webots_workspace/src/robot_driver_pkg/build/robot_driver_pkg/build/lib/robot_driver_pkg
[1.243s] copying robot_driver_pkg/__init__.py -> /home/ilmusu/OneDrive/Universita/Magistrale_1/Software Architectures For Robotics/Examples/7_webots_workspace/src/robot_driver_pkg/build/robot_driver_pkg/build/lib/robot_driver_pkg
[1.243s] running install
[1.244s] running install_lib
[1.245s] creating /home/ilmusu/OneDrive/Universita/Magistrale_1/Software Architectures For Robotics/Examples/7_webots_workspace/src/robot_driver_pkg/install/robot_driver_pkg/lib/python3.8/site-packages/robot_driver_pkg
[1.245s] copying /home/ilmusu/OneDrive/Universita/Magistrale_1/Software Architectures For Robotics/Examples/7_webots_workspace/src/robot_driver_pkg/build/robot_driver_pkg/build/lib/robot_driver_pkg/obstacle_avoider.py -> /home/ilmusu/OneDrive/Universita/Magistrale_1/Software Architectures For Robotics/Examples/7_webots_workspace/src/robot_driver_pkg/install/robot_driver_pkg/lib/python3.8/site-packages/robot_driver_pkg
[1.245s] copying /home/ilmusu/OneDrive/Universita/Magistrale_1/Software Architectures For Robotics/Examples/7_webots_workspace/src/robot_driver_pkg/build/robot_driver_pkg/build/lib/robot_driver_pkg/robot_driver.py -> /home/ilmusu/OneDrive/Universita/Magistrale_1/Software Architectures For Robotics/Examples/7_webots_workspace/src/robot_driver_pkg/install/robot_driver_pkg/lib/python3.8/site-packages/robot_driver_pkg
[1.245s] copying /home/ilmusu/OneDrive/Universita/Magistrale_1/Software Architectures For Robotics/Examples/7_webots_workspace/src/robot_driver_pkg/build/robot_driver_pkg/build/lib/robot_driver_pkg/__init__.py -> /home/ilmusu/OneDrive/Universita/Magistrale_1/Software Architectures For Robotics/Examples/7_webots_workspace/src/robot_driver_pkg/install/robot_driver_pkg/lib/python3.8/site-packages/robot_driver_pkg
[1.245s] byte-compiling /home/ilmusu/OneDrive/Universita/Magistrale_1/Software Architectures For Robotics/Examples/7_webots_workspace/src/robot_driver_pkg/install/robot_driver_pkg/lib/python3.8/site-packages/robot_driver_pkg/obstacle_avoider.py to obstacle_avoider.cpython-38.pyc
[1.247s] byte-compiling /home/ilmusu/OneDrive/Universita/Magistrale_1/Software Architectures For Robotics/Examples/7_webots_workspace/src/robot_driver_pkg/install/robot_driver_pkg/lib/python3.8/site-packages/robot_driver_pkg/robot_driver.py to robot_driver.cpython-38.pyc
[1.247s] byte-compiling /home/ilmusu/OneDrive/Universita/Magistrale_1/Software Architectures For Robotics/Examples/7_webots_workspace/src/robot_driver_pkg/install/robot_driver_pkg/lib/python3.8/site-packages/robot_driver_pkg/__init__.py to __init__.cpython-38.pyc
[1.247s] running install_data
[1.248s] creating /home/ilmusu/OneDrive/Universita/Magistrale_1/Software Architectures For Robotics/Examples/7_webots_workspace/src/robot_driver_pkg/install/robot_driver_pkg/share/ament_index
[1.248s] creating /home/ilmusu/OneDrive/Universita/Magistrale_1/Software Architectures For Robotics/Examples/7_webots_workspace/src/robot_driver_pkg/install/robot_driver_pkg/share/ament_index/resource_index
[1.248s] creating /home/ilmusu/OneDrive/Universita/Magistrale_1/Software Architectures For Robotics/Examples/7_webots_workspace/src/robot_driver_pkg/install/robot_driver_pkg/share/ament_index/resource_index/packages
[1.248s] copying resource/robot_driver_pkg -> /home/ilmusu/OneDrive/Universita/Magistrale_1/Software Architectures For Robotics/Examples/7_webots_workspace/src/robot_driver_pkg/install/robot_driver_pkg/share/ament_index/resource_index/packages
[1.248s] copying package.xml -> /home/ilmusu/OneDrive/Universita/Magistrale_1/Software Architectures For Robotics/Examples/7_webots_workspace/src/robot_driver_pkg/install/robot_driver_pkg/share/robot_driver_pkg
[1.249s] creating /home/ilmusu/OneDrive/Universita/Magistrale_1/Software Architectures For Robotics/Examples/7_webots_workspace/src/robot_driver_pkg/install/robot_driver_pkg/share/robot_driver_pkg/launch
[1.249s] copying launch/robot_launch.py -> /home/ilmusu/OneDrive/Universita/Magistrale_1/Software Architectures For Robotics/Examples/7_webots_workspace/src/robot_driver_pkg/install/robot_driver_pkg/share/robot_driver_pkg/launch
[1.249s] creating /home/ilmusu/OneDrive/Universita/Magistrale_1/Software Architectures For Robotics/Examples/7_webots_workspace/src/robot_driver_pkg/install/robot_driver_pkg/share/robot_driver_pkg/worlds
[1.249s] copying worlds/arena.wbt -> /home/ilmusu/OneDrive/Universita/Magistrale_1/Software Architectures For Robotics/Examples/7_webots_workspace/src/robot_driver_pkg/install/robot_driver_pkg/share/robot_driver_pkg/worlds
[1.249s] creating /home/ilmusu/OneDrive/Universita/Magistrale_1/Software Architectures For Robotics/Examples/7_webots_workspace/src/robot_driver_pkg/install/robot_driver_pkg/share/robot_driver_pkg/resource
[1.249s] copying resource/robot.urdf -> /home/ilmusu/OneDrive/Universita/Magistrale_1/Software Architectures For Robotics/Examples/7_webots_workspace/src/robot_driver_pkg/install/robot_driver_pkg/share/robot_driver_pkg/resource
[1.250s] running install_egg_info
[1.251s] Copying build/robot_driver_pkg/robot_driver_pkg.egg-info to /home/ilmusu/OneDrive/Universita/Magistrale_1/Software Architectures For Robotics/Examples/7_webots_workspace/src/robot_driver_pkg/install/robot_driver_pkg/lib/python3.8/site-packages/robot_driver_pkg-0.0.0-py3.8.egg-info
[1.252s] running install_scripts
[1.269s] Installing obstacle_avoider script to /home/ilmusu/OneDrive/Universita/Magistrale_1/Software Architectures For Robotics/Examples/7_webots_workspace/src/robot_driver_pkg/install/robot_driver_pkg/lib/robot_driver_pkg
[1.269s] Installing robot_driver script to /home/ilmusu/OneDrive/Universita/Magistrale_1/Software Architectures For Robotics/Examples/7_webots_workspace/src/robot_driver_pkg/install/robot_driver_pkg/lib/robot_driver_pkg
[1.269s] writing list of installed files to '/home/ilmusu/OneDrive/Universita/Magistrale_1/Software Architectures For Robotics/Examples/7_webots_workspace/src/robot_driver_pkg/build/robot_driver_pkg/install.log'
[1.293s] Invoked command in '/home/ilmusu/OneDrive/Universita/Magistrale_1/Software Architectures For Robotics/Examples/7_webots_workspace/src/robot_driver_pkg' returned '0': PYTHONPATH=/home/ilmusu/OneDrive/Universita/Magistrale_1/Software Architectures For Robotics/Examples/7_webots_workspace/src/robot_driver_pkg/install/robot_driver_pkg/lib/python3.8/site-packages:${PYTHONPATH} /usr/bin/python3 setup.py egg_info --egg-base build/robot_driver_pkg build --build-base /home/ilmusu/OneDrive/Universita/Magistrale_1/Software Architectures For Robotics/Examples/7_webots_workspace/src/robot_driver_pkg/build/robot_driver_pkg/build install --prefix /home/ilmusu/OneDrive/Universita/Magistrale_1/Software Architectures For Robotics/Examples/7_webots_workspace/src/robot_driver_pkg/install/robot_driver_pkg --record /home/ilmusu/OneDrive/Universita/Magistrale_1/Software Architectures For Robotics/Examples/7_webots_workspace/src/robot_driver_pkg/build/robot_driver_pkg/install.log --single-version-externally-managed
