[1.209s] Invoking command in '/home/matteomaragliano/Desktop/SofAR_Assignment1/src/webots_ros2/webots_ros2_importer': PYTHONPATH=/home/matteomaragliano/Desktop/SofAR_Assignment1/install/webots_ros2_importer/lib/python3.8/site-packages:${PYTHONPATH} /usr/bin/python3 setup.py egg_info --egg-base ../../../build/webots_ros2_importer build --build-base /home/matteomaragliano/Desktop/SofAR_Assignment1/build/webots_ros2_importer/build install --prefix /home/matteomaragliano/Desktop/SofAR_Assignment1/install/webots_ros2_importer --record /home/matteomaragliano/Desktop/SofAR_Assignment1/build/webots_ros2_importer/install.log --single-version-externally-managed
[1.556s] running egg_info
[1.558s] creating ../../../build/webots_ros2_importer/webots_ros2_importer.egg-info
[1.558s] writing ../../../build/webots_ros2_importer/webots_ros2_importer.egg-info/PKG-INFO
[1.559s] writing dependency_links to ../../../build/webots_ros2_importer/webots_ros2_importer.egg-info/dependency_links.txt
[1.559s] writing entry points to ../../../build/webots_ros2_importer/webots_ros2_importer.egg-info/entry_points.txt
[1.559s] writing requirements to ../../../build/webots_ros2_importer/webots_ros2_importer.egg-info/requires.txt
[1.560s] writing top-level names to ../../../build/webots_ros2_importer/webots_ros2_importer.egg-info/top_level.txt
[1.565s] writing manifest file '../../../build/webots_ros2_importer/webots_ros2_importer.egg-info/SOURCES.txt'
[1.637s] reading manifest file '../../../build/webots_ros2_importer/webots_ros2_importer.egg-info/SOURCES.txt'
[1.638s] writing manifest file '../../../build/webots_ros2_importer/webots_ros2_importer.egg-info/SOURCES.txt'
[1.638s] running build
[1.638s] running build_py
[1.639s] creating /home/matteomaragliano/Desktop/SofAR_Assignment1/build/webots_ros2_importer/build
[1.639s] creating /home/matteomaragliano/Desktop/SofAR_Assignment1/build/webots_ros2_importer/build/lib
[1.639s] creating /home/matteomaragliano/Desktop/SofAR_Assignment1/build/webots_ros2_importer/build/lib/webots_ros2_importer
[1.639s] copying webots_ros2_importer/xacro2proto.py -> /home/matteomaragliano/Desktop/SofAR_Assignment1/build/webots_ros2_importer/build/lib/webots_ros2_importer
[1.640s] copying webots_ros2_importer/urdf2proto.py -> /home/matteomaragliano/Desktop/SofAR_Assignment1/build/webots_ros2_importer/build/lib/webots_ros2_importer
[1.641s] copying webots_ros2_importer/__init__.py -> /home/matteomaragliano/Desktop/SofAR_Assignment1/build/webots_ros2_importer/build/lib/webots_ros2_importer
[1.642s] creating /home/matteomaragliano/Desktop/SofAR_Assignment1/build/webots_ros2_importer/build/lib/webots_ros2_importer/urdf2webots
[1.642s] creating /home/matteomaragliano/Desktop/SofAR_Assignment1/build/webots_ros2_importer/build/lib/webots_ros2_importer/urdf2webots/urdf2webots
[1.643s] copying webots_ros2_importer/urdf2webots/urdf2webots/importer.py -> /home/matteomaragliano/Desktop/SofAR_Assignment1/build/webots_ros2_importer/build/lib/webots_ros2_importer/urdf2webots/urdf2webots
[1.644s] copying webots_ros2_importer/urdf2webots/urdf2webots/writeProto.py -> /home/matteomaragliano/Desktop/SofAR_Assignment1/build/webots_ros2_importer/build/lib/webots_ros2_importer/urdf2webots/urdf2webots
[1.646s] copying webots_ros2_importer/urdf2webots/urdf2webots/gazebo_materials.py -> /home/matteomaragliano/Desktop/SofAR_Assignment1/build/webots_ros2_importer/build/lib/webots_ros2_importer/urdf2webots/urdf2webots
[1.646s] copying webots_ros2_importer/urdf2webots/urdf2webots/parserURDF.py -> /home/matteomaragliano/Desktop/SofAR_Assignment1/build/webots_ros2_importer/build/lib/webots_ros2_importer/urdf2webots/urdf2webots
[1.648s] copying webots_ros2_importer/urdf2webots/urdf2webots/__init__.py -> /home/matteomaragliano/Desktop/SofAR_Assignment1/build/webots_ros2_importer/build/lib/webots_ros2_importer/urdf2webots/urdf2webots
[1.649s] copying webots_ros2_importer/urdf2webots/urdf2webots/math_utils.py -> /home/matteomaragliano/Desktop/SofAR_Assignment1/build/webots_ros2_importer/build/lib/webots_ros2_importer/urdf2webots/urdf2webots
[1.650s] running install
[1.651s] running install_lib
[1.652s] creating /home/matteomaragliano/Desktop/SofAR_Assignment1/install/webots_ros2_importer/lib/python3.8/site-packages/webots_ros2_importer
[1.653s] copying /home/matteomaragliano/Desktop/SofAR_Assignment1/build/webots_ros2_importer/build/lib/webots_ros2_importer/xacro2proto.py -> /home/matteomaragliano/Desktop/SofAR_Assignment1/install/webots_ros2_importer/lib/python3.8/site-packages/webots_ros2_importer
[1.653s] creating /home/matteomaragliano/Desktop/SofAR_Assignment1/install/webots_ros2_importer/lib/python3.8/site-packages/webots_ros2_importer/urdf2webots
[1.654s] creating /home/matteomaragliano/Desktop/SofAR_Assignment1/install/webots_ros2_importer/lib/python3.8/site-packages/webots_ros2_importer/urdf2webots/urdf2webots
[1.655s] copying /home/matteomaragliano/Desktop/SofAR_Assignment1/build/webots_ros2_importer/build/lib/webots_ros2_importer/urdf2webots/urdf2webots/importer.py -> /home/matteomaragliano/Desktop/SofAR_Assignment1/install/webots_ros2_importer/lib/python3.8/site-packages/webots_ros2_importer/urdf2webots/urdf2webots
[1.655s] copying /home/matteomaragliano/Desktop/SofAR_Assignment1/build/webots_ros2_importer/build/lib/webots_ros2_importer/urdf2webots/urdf2webots/writeProto.py -> /home/matteomaragliano/Desktop/SofAR_Assignment1/install/webots_ros2_importer/lib/python3.8/site-packages/webots_ros2_importer/urdf2webots/urdf2webots
[1.656s] copying /home/matteomaragliano/Desktop/SofAR_Assignment1/build/webots_ros2_importer/build/lib/webots_ros2_importer/urdf2webots/urdf2webots/gazebo_materials.py -> /home/matteomaragliano/Desktop/SofAR_Assignment1/install/webots_ros2_importer/lib/python3.8/site-packages/webots_ros2_importer/urdf2webots/urdf2webots
[1.656s] copying /home/matteomaragliano/Desktop/SofAR_Assignment1/build/webots_ros2_importer/build/lib/webots_ros2_importer/urdf2webots/urdf2webots/parserURDF.py -> /home/matteomaragliano/Desktop/SofAR_Assignment1/install/webots_ros2_importer/lib/python3.8/site-packages/webots_ros2_importer/urdf2webots/urdf2webots
[1.657s] copying /home/matteomaragliano/Desktop/SofAR_Assignment1/build/webots_ros2_importer/build/lib/webots_ros2_importer/urdf2webots/urdf2webots/__init__.py -> /home/matteomaragliano/Desktop/SofAR_Assignment1/install/webots_ros2_importer/lib/python3.8/site-packages/webots_ros2_importer/urdf2webots/urdf2webots
[1.657s] copying /home/matteomaragliano/Desktop/SofAR_Assignment1/build/webots_ros2_importer/build/lib/webots_ros2_importer/urdf2webots/urdf2webots/math_utils.py -> /home/matteomaragliano/Desktop/SofAR_Assignment1/install/webots_ros2_importer/lib/python3.8/site-packages/webots_ros2_importer/urdf2webots/urdf2webots
[1.657s] copying /home/matteomaragliano/Desktop/SofAR_Assignment1/build/webots_ros2_importer/build/lib/webots_ros2_importer/urdf2proto.py -> /home/matteomaragliano/Desktop/SofAR_Assignment1/install/webots_ros2_importer/lib/python3.8/site-packages/webots_ros2_importer
[1.658s] copying /home/matteomaragliano/Desktop/SofAR_Assignment1/build/webots_ros2_importer/build/lib/webots_ros2_importer/__init__.py -> /home/matteomaragliano/Desktop/SofAR_Assignment1/install/webots_ros2_importer/lib/python3.8/site-packages/webots_ros2_importer
[1.659s] byte-compiling /home/matteomaragliano/Desktop/SofAR_Assignment1/install/webots_ros2_importer/lib/python3.8/site-packages/webots_ros2_importer/xacro2proto.py to xacro2proto.cpython-38.pyc
[1.662s] byte-compiling /home/matteomaragliano/Desktop/SofAR_Assignment1/install/webots_ros2_importer/lib/python3.8/site-packages/webots_ros2_importer/urdf2webots/urdf2webots/importer.py to importer.cpython-38.pyc
[1.664s] byte-compiling /home/matteomaragliano/Desktop/SofAR_Assignment1/install/webots_ros2_importer/lib/python3.8/site-packages/webots_ros2_importer/urdf2webots/urdf2webots/writeProto.py to writeProto.cpython-38.pyc
[1.674s] byte-compiling /home/matteomaragliano/Desktop/SofAR_Assignment1/install/webots_ros2_importer/lib/python3.8/site-packages/webots_ros2_importer/urdf2webots/urdf2webots/gazebo_materials.py to gazebo_materials.cpython-38.pyc
[1.675s] byte-compiling /home/matteomaragliano/Desktop/SofAR_Assignment1/install/webots_ros2_importer/lib/python3.8/site-packages/webots_ros2_importer/urdf2webots/urdf2webots/parserURDF.py to parserURDF.cpython-38.pyc
[1.682s] byte-compiling /home/matteomaragliano/Desktop/SofAR_Assignment1/install/webots_ros2_importer/lib/python3.8/site-packages/webots_ros2_importer/urdf2webots/urdf2webots/__init__.py to __init__.cpython-38.pyc
[1.683s] byte-compiling /home/matteomaragliano/Desktop/SofAR_Assignment1/install/webots_ros2_importer/lib/python3.8/site-packages/webots_ros2_importer/urdf2webots/urdf2webots/math_utils.py to math_utils.cpython-38.pyc
[1.684s] byte-compiling /home/matteomaragliano/Desktop/SofAR_Assignment1/install/webots_ros2_importer/lib/python3.8/site-packages/webots_ros2_importer/urdf2proto.py to urdf2proto.cpython-38.pyc
[1.685s] byte-compiling /home/matteomaragliano/Desktop/SofAR_Assignment1/install/webots_ros2_importer/lib/python3.8/site-packages/webots_ros2_importer/__init__.py to __init__.cpython-38.pyc
[1.685s] running install_data
[1.686s] creating /home/matteomaragliano/Desktop/SofAR_Assignment1/install/webots_ros2_importer/share/ament_index
[1.686s] creating /home/matteomaragliano/Desktop/SofAR_Assignment1/install/webots_ros2_importer/share/ament_index/resource_index
[1.686s] creating /home/matteomaragliano/Desktop/SofAR_Assignment1/install/webots_ros2_importer/share/ament_index/resource_index/packages
[1.687s] copying resource/webots_ros2_importer -> /home/matteomaragliano/Desktop/SofAR_Assignment1/install/webots_ros2_importer/share/ament_index/resource_index/packages
[1.688s] copying package.xml -> /home/matteomaragliano/Desktop/SofAR_Assignment1/install/webots_ros2_importer/share/webots_ros2_importer
[1.689s] running install_egg_info
[1.689s] Copying ../../../build/webots_ros2_importer/webots_ros2_importer.egg-info to /home/matteomaragliano/Desktop/SofAR_Assignment1/install/webots_ros2_importer/lib/python3.8/site-packages/webots_ros2_importer-1.2.2-py3.8.egg-info
[1.690s] running install_scripts
[1.710s] Installing urdf2proto script to /home/matteomaragliano/Desktop/SofAR_Assignment1/install/webots_ros2_importer/lib/webots_ros2_importer
[1.711s] Installing xacro2proto script to /home/matteomaragliano/Desktop/SofAR_Assignment1/install/webots_ros2_importer/lib/webots_ros2_importer
[1.711s] writing list of installed files to '/home/matteomaragliano/Desktop/SofAR_Assignment1/build/webots_ros2_importer/install.log'
[1.738s] Invoked command in '/home/matteomaragliano/Desktop/SofAR_Assignment1/src/webots_ros2/webots_ros2_importer' returned '0': PYTHONPATH=/home/matteomaragliano/Desktop/SofAR_Assignment1/install/webots_ros2_importer/lib/python3.8/site-packages:${PYTHONPATH} /usr/bin/python3 setup.py egg_info --egg-base ../../../build/webots_ros2_importer build --build-base /home/matteomaragliano/Desktop/SofAR_Assignment1/build/webots_ros2_importer/build install --prefix /home/matteomaragliano/Desktop/SofAR_Assignment1/install/webots_ros2_importer --record /home/matteomaragliano/Desktop/SofAR_Assignment1/build/webots_ros2_importer/install.log --single-version-externally-managed
