running egg_info
creating ../../../build/webots_ros2_universal_robot/webots_ros2_universal_robot.egg-info
writing ../../../build/webots_ros2_universal_robot/webots_ros2_universal_robot.egg-info/PKG-INFO
writing dependency_links to ../../../build/webots_ros2_universal_robot/webots_ros2_universal_robot.egg-info/dependency_links.txt
writing entry points to ../../../build/webots_ros2_universal_robot/webots_ros2_universal_robot.egg-info/entry_points.txt
writing requirements to ../../../build/webots_ros2_universal_robot/webots_ros2_universal_robot.egg-info/requires.txt
writing top-level names to ../../../build/webots_ros2_universal_robot/webots_ros2_universal_robot.egg-info/top_level.txt
writing manifest file '../../../build/webots_ros2_universal_robot/webots_ros2_universal_robot.egg-info/SOURCES.txt'
reading manifest file '../../../build/webots_ros2_universal_robot/webots_ros2_universal_robot.egg-info/SOURCES.txt'
writing manifest file '../../../build/webots_ros2_universal_robot/webots_ros2_universal_robot.egg-info/SOURCES.txt'
running build
running build_py
creating /home/matteomaragliano/Desktop/SofAR_Assignment1/build/webots_ros2_universal_robot/build
creating /home/matteomaragliano/Desktop/SofAR_Assignment1/build/webots_ros2_universal_robot/build/lib
creating /home/matteomaragliano/Desktop/SofAR_Assignment1/build/webots_ros2_universal_robot/build/lib/webots_ros2_universal_robot
copying webots_ros2_universal_robot/follow_joint_trajectory_client.py -> /home/matteomaragliano/Desktop/SofAR_Assignment1/build/webots_ros2_universal_robot/build/lib/webots_ros2_universal_robot
copying webots_ros2_universal_robot/abb_controller.py -> /home/matteomaragliano/Desktop/SofAR_Assignment1/build/webots_ros2_universal_robot/build/lib/webots_ros2_universal_robot
copying webots_ros2_universal_robot/ur5e_controller.py -> /home/matteomaragliano/Desktop/SofAR_Assignment1/build/webots_ros2_universal_robot/build/lib/webots_ros2_universal_robot
copying webots_ros2_universal_robot/__init__.py -> /home/matteomaragliano/Desktop/SofAR_Assignment1/build/webots_ros2_universal_robot/build/lib/webots_ros2_universal_robot
running install
running install_lib
creating /home/matteomaragliano/Desktop/SofAR_Assignment1/install/webots_ros2_universal_robot/lib/python3.8/site-packages/webots_ros2_universal_robot
copying /home/matteomaragliano/Desktop/SofAR_Assignment1/build/webots_ros2_universal_robot/build/lib/webots_ros2_universal_robot/follow_joint_trajectory_client.py -> /home/matteomaragliano/Desktop/SofAR_Assignment1/install/webots_ros2_universal_robot/lib/python3.8/site-packages/webots_ros2_universal_robot
copying /home/matteomaragliano/Desktop/SofAR_Assignment1/build/webots_ros2_universal_robot/build/lib/webots_ros2_universal_robot/abb_controller.py -> /home/matteomaragliano/Desktop/SofAR_Assignment1/install/webots_ros2_universal_robot/lib/python3.8/site-packages/webots_ros2_universal_robot
copying /home/matteomaragliano/Desktop/SofAR_Assignment1/build/webots_ros2_universal_robot/build/lib/webots_ros2_universal_robot/ur5e_controller.py -> /home/matteomaragliano/Desktop/SofAR_Assignment1/install/webots_ros2_universal_robot/lib/python3.8/site-packages/webots_ros2_universal_robot
copying /home/matteomaragliano/Desktop/SofAR_Assignment1/build/webots_ros2_universal_robot/build/lib/webots_ros2_universal_robot/__init__.py -> /home/matteomaragliano/Desktop/SofAR_Assignment1/install/webots_ros2_universal_robot/lib/python3.8/site-packages/webots_ros2_universal_robot
byte-compiling /home/matteomaragliano/Desktop/SofAR_Assignment1/install/webots_ros2_universal_robot/lib/python3.8/site-packages/webots_ros2_universal_robot/follow_joint_trajectory_client.py to follow_joint_trajectory_client.cpython-38.pyc
byte-compiling /home/matteomaragliano/Desktop/SofAR_Assignment1/install/webots_ros2_universal_robot/lib/python3.8/site-packages/webots_ros2_universal_robot/abb_controller.py to abb_controller.cpython-38.pyc
byte-compiling /home/matteomaragliano/Desktop/SofAR_Assignment1/install/webots_ros2_universal_robot/lib/python3.8/site-packages/webots_ros2_universal_robot/ur5e_controller.py to ur5e_controller.cpython-38.pyc
byte-compiling /home/matteomaragliano/Desktop/SofAR_Assignment1/install/webots_ros2_universal_robot/lib/python3.8/site-packages/webots_ros2_universal_robot/__init__.py to __init__.cpython-38.pyc
running install_data
creating /home/matteomaragliano/Desktop/SofAR_Assignment1/install/webots_ros2_universal_robot/share/webots_ros2_universal_robot/worlds
copying worlds/universal_robot.wbt -> /home/matteomaragliano/Desktop/SofAR_Assignment1/install/webots_ros2_universal_robot/share/webots_ros2_universal_robot/worlds
copying worlds/.universal_robot.wbproj -> /home/matteomaragliano/Desktop/SofAR_Assignment1/install/webots_ros2_universal_robot/share/webots_ros2_universal_robot/worlds
copying worlds/armed_robots.wbt -> /home/matteomaragliano/Desktop/SofAR_Assignment1/install/webots_ros2_universal_robot/share/webots_ros2_universal_robot/worlds
copying worlds/.armed_robots.wbproj -> /home/matteomaragliano/Desktop/SofAR_Assignment1/install/webots_ros2_universal_robot/share/webots_ros2_universal_robot/worlds
creating /home/matteomaragliano/Desktop/SofAR_Assignment1/install/webots_ros2_universal_robot/share/webots_ros2_universal_robot/resource
copying resource/view_robot_dynamic.rviz -> /home/matteomaragliano/Desktop/SofAR_Assignment1/install/webots_ros2_universal_robot/share/webots_ros2_universal_robot/resource
copying resource/webots_ur5e_description.urdf -> /home/matteomaragliano/Desktop/SofAR_Assignment1/install/webots_ros2_universal_robot/share/webots_ros2_universal_robot/resource
copying resource/ros2_control_config.yaml -> /home/matteomaragliano/Desktop/SofAR_Assignment1/install/webots_ros2_universal_robot/share/webots_ros2_universal_robot/resource
copying resource/moveit_ur5e_description.urdf -> /home/matteomaragliano/Desktop/SofAR_Assignment1/install/webots_ros2_universal_robot/share/webots_ros2_universal_robot/resource
copying resource/moveit_controllers.yaml -> /home/matteomaragliano/Desktop/SofAR_Assignment1/install/webots_ros2_universal_robot/share/webots_ros2_universal_robot/resource
copying resource/moveit_ur5e.srdf -> /home/matteomaragliano/Desktop/SofAR_Assignment1/install/webots_ros2_universal_robot/share/webots_ros2_universal_robot/resource
copying resource/moveit_kinematics.yaml -> /home/matteomaragliano/Desktop/SofAR_Assignment1/install/webots_ros2_universal_robot/share/webots_ros2_universal_robot/resource
copying resource/moveit_movegroup.yaml -> /home/matteomaragliano/Desktop/SofAR_Assignment1/install/webots_ros2_universal_robot/share/webots_ros2_universal_robot/resource
copying resource/moveit_visualization.rviz -> /home/matteomaragliano/Desktop/SofAR_Assignment1/install/webots_ros2_universal_robot/share/webots_ros2_universal_robot/resource
copying resource/ros2_control_abb_config.yaml -> /home/matteomaragliano/Desktop/SofAR_Assignment1/install/webots_ros2_universal_robot/share/webots_ros2_universal_robot/resource
copying resource/webots_abb_description.urdf -> /home/matteomaragliano/Desktop/SofAR_Assignment1/install/webots_ros2_universal_robot/share/webots_ros2_universal_robot/resource
creating /home/matteomaragliano/Desktop/SofAR_Assignment1/install/webots_ros2_universal_robot/share/webots_ros2_universal_robot/launch
copying launch/robot_launch.py -> /home/matteomaragliano/Desktop/SofAR_Assignment1/install/webots_ros2_universal_robot/share/webots_ros2_universal_robot/launch
copying launch/multirobot_launch.py -> /home/matteomaragliano/Desktop/SofAR_Assignment1/install/webots_ros2_universal_robot/share/webots_ros2_universal_robot/launch
copying launch/moveit_demo_launch.py -> /home/matteomaragliano/Desktop/SofAR_Assignment1/install/webots_ros2_universal_robot/share/webots_ros2_universal_robot/launch
copying package.xml -> /home/matteomaragliano/Desktop/SofAR_Assignment1/install/webots_ros2_universal_robot/share/webots_ros2_universal_robot
creating /home/matteomaragliano/Desktop/SofAR_Assignment1/install/webots_ros2_universal_robot/share/ament_index
creating /home/matteomaragliano/Desktop/SofAR_Assignment1/install/webots_ros2_universal_robot/share/ament_index/resource_index
creating /home/matteomaragliano/Desktop/SofAR_Assignment1/install/webots_ros2_universal_robot/share/ament_index/resource_index/packages
copying resource/webots_ros2_universal_robot -> /home/matteomaragliano/Desktop/SofAR_Assignment1/install/webots_ros2_universal_robot/share/ament_index/resource_index/packages
running install_egg_info
Copying ../../../build/webots_ros2_universal_robot/webots_ros2_universal_robot.egg-info to /home/matteomaragliano/Desktop/SofAR_Assignment1/install/webots_ros2_universal_robot/lib/python3.8/site-packages/webots_ros2_universal_robot-1.2.2-py3.8.egg-info
running install_scripts
Installing abb_controller script to /home/matteomaragliano/Desktop/SofAR_Assignment1/install/webots_ros2_universal_robot/lib/webots_ros2_universal_robot
Installing ur5e_controller script to /home/matteomaragliano/Desktop/SofAR_Assignment1/install/webots_ros2_universal_robot/lib/webots_ros2_universal_robot
writing list of installed files to '/home/matteomaragliano/Desktop/SofAR_Assignment1/build/webots_ros2_universal_robot/install.log'
