[0.883s] Invoking command in '/home/matteomaragliano/Desktop/SofAR_Assignment1/src/webots_ros2/webots_ros2_universal_robot': AMENT_PREFIX_PATH=/home/matteomaragliano/Desktop/SofAR_Assignment1/install/webots_ros2_control:/home/matteomaragliano/Desktop/SofAR_Assignment1/install/webots_ros2_driver:/home/matteomaragliano/Desktop/SofAR_Assignment1/install/webots_ros2_msgs:${AMENT_PREFIX_PATH} CMAKE_PREFIX_PATH=/home/matteomaragliano/Desktop/SofAR_Assignment1/install/webots_ros2_control:/home/matteomaragliano/Desktop/SofAR_Assignment1/install/webots_ros2_driver:/home/matteomaragliano/Desktop/SofAR_Assignment1/install/webots_ros2_msgs LD_LIBRARY_PATH=/home/matteomaragliano/Desktop/SofAR_Assignment1/install/webots_ros2_control/lib:/home/matteomaragliano/Desktop/SofAR_Assignment1/install/webots_ros2_driver/lib:/home/matteomaragliano/Desktop/SofAR_Assignment1/install/webots_ros2_msgs/lib:${LD_LIBRARY_PATH} PYTHONPATH=/home/matteomaragliano/Desktop/SofAR_Assignment1/install/webots_ros2_universal_robot/lib/python3.8/site-packages:/home/matteomaragliano/Desktop/SofAR_Assignment1/install/webots_ros2_driver/lib/python3.8/site-packages:/home/matteomaragliano/Desktop/SofAR_Assignment1/install/webots_ros2_msgs/lib/python3.8/site-packages:${PYTHONPATH} /usr/bin/python3 setup.py egg_info --egg-base ../../../build/webots_ros2_universal_robot build --build-base /home/matteomaragliano/Desktop/SofAR_Assignment1/build/webots_ros2_universal_robot/build install --prefix /home/matteomaragliano/Desktop/SofAR_Assignment1/install/webots_ros2_universal_robot --record /home/matteomaragliano/Desktop/SofAR_Assignment1/build/webots_ros2_universal_robot/install.log --single-version-externally-managed
[1.200s] running egg_info
[1.202s] creating ../../../build/webots_ros2_universal_robot/webots_ros2_universal_robot.egg-info
[1.202s] writing ../../../build/webots_ros2_universal_robot/webots_ros2_universal_robot.egg-info/PKG-INFO
[1.203s] writing dependency_links to ../../../build/webots_ros2_universal_robot/webots_ros2_universal_robot.egg-info/dependency_links.txt
[1.203s] writing entry points to ../../../build/webots_ros2_universal_robot/webots_ros2_universal_robot.egg-info/entry_points.txt
[1.204s] writing requirements to ../../../build/webots_ros2_universal_robot/webots_ros2_universal_robot.egg-info/requires.txt
[1.204s] writing top-level names to ../../../build/webots_ros2_universal_robot/webots_ros2_universal_robot.egg-info/top_level.txt
[1.206s] writing manifest file '../../../build/webots_ros2_universal_robot/webots_ros2_universal_robot.egg-info/SOURCES.txt'
[1.258s] reading manifest file '../../../build/webots_ros2_universal_robot/webots_ros2_universal_robot.egg-info/SOURCES.txt'
[1.261s] writing manifest file '../../../build/webots_ros2_universal_robot/webots_ros2_universal_robot.egg-info/SOURCES.txt'
[1.262s] running build
[1.264s] running build_py
[1.264s] creating /home/matteomaragliano/Desktop/SofAR_Assignment1/build/webots_ros2_universal_robot/build
[1.265s] creating /home/matteomaragliano/Desktop/SofAR_Assignment1/build/webots_ros2_universal_robot/build/lib
[1.265s] creating /home/matteomaragliano/Desktop/SofAR_Assignment1/build/webots_ros2_universal_robot/build/lib/webots_ros2_universal_robot
[1.265s] copying webots_ros2_universal_robot/follow_joint_trajectory_client.py -> /home/matteomaragliano/Desktop/SofAR_Assignment1/build/webots_ros2_universal_robot/build/lib/webots_ros2_universal_robot
[1.266s] copying webots_ros2_universal_robot/abb_controller.py -> /home/matteomaragliano/Desktop/SofAR_Assignment1/build/webots_ros2_universal_robot/build/lib/webots_ros2_universal_robot
[1.267s] copying webots_ros2_universal_robot/ur5e_controller.py -> /home/matteomaragliano/Desktop/SofAR_Assignment1/build/webots_ros2_universal_robot/build/lib/webots_ros2_universal_robot
[1.268s] copying webots_ros2_universal_robot/__init__.py -> /home/matteomaragliano/Desktop/SofAR_Assignment1/build/webots_ros2_universal_robot/build/lib/webots_ros2_universal_robot
[1.268s] running install
[1.269s] running install_lib
[1.271s] creating /home/matteomaragliano/Desktop/SofAR_Assignment1/install/webots_ros2_universal_robot/lib/python3.8/site-packages/webots_ros2_universal_robot
[1.271s] copying /home/matteomaragliano/Desktop/SofAR_Assignment1/build/webots_ros2_universal_robot/build/lib/webots_ros2_universal_robot/follow_joint_trajectory_client.py -> /home/matteomaragliano/Desktop/SofAR_Assignment1/install/webots_ros2_universal_robot/lib/python3.8/site-packages/webots_ros2_universal_robot
[1.271s] copying /home/matteomaragliano/Desktop/SofAR_Assignment1/build/webots_ros2_universal_robot/build/lib/webots_ros2_universal_robot/abb_controller.py -> /home/matteomaragliano/Desktop/SofAR_Assignment1/install/webots_ros2_universal_robot/lib/python3.8/site-packages/webots_ros2_universal_robot
[1.272s] copying /home/matteomaragliano/Desktop/SofAR_Assignment1/build/webots_ros2_universal_robot/build/lib/webots_ros2_universal_robot/ur5e_controller.py -> /home/matteomaragliano/Desktop/SofAR_Assignment1/install/webots_ros2_universal_robot/lib/python3.8/site-packages/webots_ros2_universal_robot
[1.272s] copying /home/matteomaragliano/Desktop/SofAR_Assignment1/build/webots_ros2_universal_robot/build/lib/webots_ros2_universal_robot/__init__.py -> /home/matteomaragliano/Desktop/SofAR_Assignment1/install/webots_ros2_universal_robot/lib/python3.8/site-packages/webots_ros2_universal_robot
[1.273s] byte-compiling /home/matteomaragliano/Desktop/SofAR_Assignment1/install/webots_ros2_universal_robot/lib/python3.8/site-packages/webots_ros2_universal_robot/follow_joint_trajectory_client.py to follow_joint_trajectory_client.cpython-38.pyc
[1.275s] byte-compiling /home/matteomaragliano/Desktop/SofAR_Assignment1/install/webots_ros2_universal_robot/lib/python3.8/site-packages/webots_ros2_universal_robot/abb_controller.py to abb_controller.cpython-38.pyc
[1.276s] byte-compiling /home/matteomaragliano/Desktop/SofAR_Assignment1/install/webots_ros2_universal_robot/lib/python3.8/site-packages/webots_ros2_universal_robot/ur5e_controller.py to ur5e_controller.cpython-38.pyc
[1.277s] byte-compiling /home/matteomaragliano/Desktop/SofAR_Assignment1/install/webots_ros2_universal_robot/lib/python3.8/site-packages/webots_ros2_universal_robot/__init__.py to __init__.cpython-38.pyc
[1.277s] running install_data
[1.278s] creating /home/matteomaragliano/Desktop/SofAR_Assignment1/install/webots_ros2_universal_robot/share/webots_ros2_universal_robot/worlds
[1.278s] copying worlds/universal_robot.wbt -> /home/matteomaragliano/Desktop/SofAR_Assignment1/install/webots_ros2_universal_robot/share/webots_ros2_universal_robot/worlds
[1.281s] copying worlds/.universal_robot.wbproj -> /home/matteomaragliano/Desktop/SofAR_Assignment1/install/webots_ros2_universal_robot/share/webots_ros2_universal_robot/worlds
[1.282s] copying worlds/armed_robots.wbt -> /home/matteomaragliano/Desktop/SofAR_Assignment1/install/webots_ros2_universal_robot/share/webots_ros2_universal_robot/worlds
[1.283s] copying worlds/.armed_robots.wbproj -> /home/matteomaragliano/Desktop/SofAR_Assignment1/install/webots_ros2_universal_robot/share/webots_ros2_universal_robot/worlds
[1.283s] creating /home/matteomaragliano/Desktop/SofAR_Assignment1/install/webots_ros2_universal_robot/share/webots_ros2_universal_robot/resource
[1.284s] copying resource/view_robot_dynamic.rviz -> /home/matteomaragliano/Desktop/SofAR_Assignment1/install/webots_ros2_universal_robot/share/webots_ros2_universal_robot/resource
[1.285s] copying resource/webots_ur5e_description.urdf -> /home/matteomaragliano/Desktop/SofAR_Assignment1/install/webots_ros2_universal_robot/share/webots_ros2_universal_robot/resource
[1.286s] copying resource/ros2_control_config.yaml -> /home/matteomaragliano/Desktop/SofAR_Assignment1/install/webots_ros2_universal_robot/share/webots_ros2_universal_robot/resource
[1.287s] copying resource/moveit_ur5e_description.urdf -> /home/matteomaragliano/Desktop/SofAR_Assignment1/install/webots_ros2_universal_robot/share/webots_ros2_universal_robot/resource
[1.288s] copying resource/moveit_controllers.yaml -> /home/matteomaragliano/Desktop/SofAR_Assignment1/install/webots_ros2_universal_robot/share/webots_ros2_universal_robot/resource
[1.289s] copying resource/moveit_ur5e.srdf -> /home/matteomaragliano/Desktop/SofAR_Assignment1/install/webots_ros2_universal_robot/share/webots_ros2_universal_robot/resource
[1.290s] copying resource/moveit_kinematics.yaml -> /home/matteomaragliano/Desktop/SofAR_Assignment1/install/webots_ros2_universal_robot/share/webots_ros2_universal_robot/resource
[1.291s] copying resource/moveit_movegroup.yaml -> /home/matteomaragliano/Desktop/SofAR_Assignment1/install/webots_ros2_universal_robot/share/webots_ros2_universal_robot/resource
[1.291s] copying resource/moveit_visualization.rviz -> /home/matteomaragliano/Desktop/SofAR_Assignment1/install/webots_ros2_universal_robot/share/webots_ros2_universal_robot/resource
[1.293s] copying resource/ros2_control_abb_config.yaml -> /home/matteomaragliano/Desktop/SofAR_Assignment1/install/webots_ros2_universal_robot/share/webots_ros2_universal_robot/resource
[1.293s] copying resource/webots_abb_description.urdf -> /home/matteomaragliano/Desktop/SofAR_Assignment1/install/webots_ros2_universal_robot/share/webots_ros2_universal_robot/resource
[1.294s] creating /home/matteomaragliano/Desktop/SofAR_Assignment1/install/webots_ros2_universal_robot/share/webots_ros2_universal_robot/launch
[1.294s] copying launch/robot_launch.py -> /home/matteomaragliano/Desktop/SofAR_Assignment1/install/webots_ros2_universal_robot/share/webots_ros2_universal_robot/launch
[1.296s] copying launch/multirobot_launch.py -> /home/matteomaragliano/Desktop/SofAR_Assignment1/install/webots_ros2_universal_robot/share/webots_ros2_universal_robot/launch
[1.296s] copying launch/moveit_demo_launch.py -> /home/matteomaragliano/Desktop/SofAR_Assignment1/install/webots_ros2_universal_robot/share/webots_ros2_universal_robot/launch
[1.298s] copying package.xml -> /home/matteomaragliano/Desktop/SofAR_Assignment1/install/webots_ros2_universal_robot/share/webots_ros2_universal_robot
[1.298s] creating /home/matteomaragliano/Desktop/SofAR_Assignment1/install/webots_ros2_universal_robot/share/ament_index
[1.299s] creating /home/matteomaragliano/Desktop/SofAR_Assignment1/install/webots_ros2_universal_robot/share/ament_index/resource_index
[1.299s] creating /home/matteomaragliano/Desktop/SofAR_Assignment1/install/webots_ros2_universal_robot/share/ament_index/resource_index/packages
[1.299s] copying resource/webots_ros2_universal_robot -> /home/matteomaragliano/Desktop/SofAR_Assignment1/install/webots_ros2_universal_robot/share/ament_index/resource_index/packages
[1.300s] running install_egg_info
[1.303s] Copying ../../../build/webots_ros2_universal_robot/webots_ros2_universal_robot.egg-info to /home/matteomaragliano/Desktop/SofAR_Assignment1/install/webots_ros2_universal_robot/lib/python3.8/site-packages/webots_ros2_universal_robot-1.2.2-py3.8.egg-info
[1.307s] running install_scripts
[1.331s] Installing abb_controller script to /home/matteomaragliano/Desktop/SofAR_Assignment1/install/webots_ros2_universal_robot/lib/webots_ros2_universal_robot
[1.331s] Installing ur5e_controller script to /home/matteomaragliano/Desktop/SofAR_Assignment1/install/webots_ros2_universal_robot/lib/webots_ros2_universal_robot
[1.337s] writing list of installed files to '/home/matteomaragliano/Desktop/SofAR_Assignment1/build/webots_ros2_universal_robot/install.log'
[1.361s] Invoked command in '/home/matteomaragliano/Desktop/SofAR_Assignment1/src/webots_ros2/webots_ros2_universal_robot' returned '0': AMENT_PREFIX_PATH=/home/matteomaragliano/Desktop/SofAR_Assignment1/install/webots_ros2_control:/home/matteomaragliano/Desktop/SofAR_Assignment1/install/webots_ros2_driver:/home/matteomaragliano/Desktop/SofAR_Assignment1/install/webots_ros2_msgs:${AMENT_PREFIX_PATH} CMAKE_PREFIX_PATH=/home/matteomaragliano/Desktop/SofAR_Assignment1/install/webots_ros2_control:/home/matteomaragliano/Desktop/SofAR_Assignment1/install/webots_ros2_driver:/home/matteomaragliano/Desktop/SofAR_Assignment1/install/webots_ros2_msgs LD_LIBRARY_PATH=/home/matteomaragliano/Desktop/SofAR_Assignment1/install/webots_ros2_control/lib:/home/matteomaragliano/Desktop/SofAR_Assignment1/install/webots_ros2_driver/lib:/home/matteomaragliano/Desktop/SofAR_Assignment1/install/webots_ros2_msgs/lib:${LD_LIBRARY_PATH} PYTHONPATH=/home/matteomaragliano/Desktop/SofAR_Assignment1/install/webots_ros2_universal_robot/lib/python3.8/site-packages:/home/matteomaragliano/Desktop/SofAR_Assignment1/install/webots_ros2_driver/lib/python3.8/site-packages:/home/matteomaragliano/Desktop/SofAR_Assignment1/install/webots_ros2_msgs/lib/python3.8/site-packages:${PYTHONPATH} /usr/bin/python3 setup.py egg_info --egg-base ../../../build/webots_ros2_universal_robot build --build-base /home/matteomaragliano/Desktop/SofAR_Assignment1/build/webots_ros2_universal_robot/build install --prefix /home/matteomaragliano/Desktop/SofAR_Assignment1/install/webots_ros2_universal_robot --record /home/matteomaragliano/Desktop/SofAR_Assignment1/build/webots_ros2_universal_robot/install.log --single-version-externally-managed
