[0.854s] Invoking command in '/home/matteomaragliano/Desktop/SofAR_Assignment1/src/webots_ros2/webots_ros2_tesla': AMENT_PREFIX_PATH=/home/matteomaragliano/Desktop/SofAR_Assignment1/install/webots_ros2_core:/home/matteomaragliano/Desktop/SofAR_Assignment1/install/webots_ros2_msgs:${AMENT_PREFIX_PATH} CMAKE_PREFIX_PATH=/home/matteomaragliano/Desktop/SofAR_Assignment1/install/webots_ros2_msgs LD_LIBRARY_PATH=/home/matteomaragliano/Desktop/SofAR_Assignment1/install/webots_ros2_msgs/lib:${LD_LIBRARY_PATH} PYTHONPATH=/home/matteomaragliano/Desktop/SofAR_Assignment1/install/webots_ros2_tesla/lib/python3.8/site-packages:/home/matteomaragliano/Desktop/SofAR_Assignment1/install/webots_ros2_core/lib/python3.8/site-packages:/home/matteomaragliano/Desktop/SofAR_Assignment1/install/webots_ros2_msgs/lib/python3.8/site-packages:${PYTHONPATH} /usr/bin/python3 setup.py egg_info --egg-base ../../../build/webots_ros2_tesla build --build-base /home/matteomaragliano/Desktop/SofAR_Assignment1/build/webots_ros2_tesla/build install --prefix /home/matteomaragliano/Desktop/SofAR_Assignment1/install/webots_ros2_tesla --record /home/matteomaragliano/Desktop/SofAR_Assignment1/build/webots_ros2_tesla/install.log --single-version-externally-managed
[1.316s] running egg_info
[1.317s] creating ../../../build/webots_ros2_tesla/webots_ros2_tesla.egg-info
[1.317s] writing ../../../build/webots_ros2_tesla/webots_ros2_tesla.egg-info/PKG-INFO
[1.318s] writing dependency_links to ../../../build/webots_ros2_tesla/webots_ros2_tesla.egg-info/dependency_links.txt
[1.318s] writing entry points to ../../../build/webots_ros2_tesla/webots_ros2_tesla.egg-info/entry_points.txt
[1.318s] writing requirements to ../../../build/webots_ros2_tesla/webots_ros2_tesla.egg-info/requires.txt
[1.319s] writing top-level names to ../../../build/webots_ros2_tesla/webots_ros2_tesla.egg-info/top_level.txt
[1.320s] writing manifest file '../../../build/webots_ros2_tesla/webots_ros2_tesla.egg-info/SOURCES.txt'
[1.390s] reading manifest file '../../../build/webots_ros2_tesla/webots_ros2_tesla.egg-info/SOURCES.txt'
[1.391s] writing manifest file '../../../build/webots_ros2_tesla/webots_ros2_tesla.egg-info/SOURCES.txt'
[1.392s] running build
[1.392s] running build_py
[1.393s] creating /home/matteomaragliano/Desktop/SofAR_Assignment1/build/webots_ros2_tesla/build
[1.393s] creating /home/matteomaragliano/Desktop/SofAR_Assignment1/build/webots_ros2_tesla/build/lib
[1.393s] creating /home/matteomaragliano/Desktop/SofAR_Assignment1/build/webots_ros2_tesla/build/lib/webots_ros2_tesla
[1.394s] copying webots_ros2_tesla/lane_follower.py -> /home/matteomaragliano/Desktop/SofAR_Assignment1/build/webots_ros2_tesla/build/lib/webots_ros2_tesla
[1.394s] copying webots_ros2_tesla/tesla_driver.py -> /home/matteomaragliano/Desktop/SofAR_Assignment1/build/webots_ros2_tesla/build/lib/webots_ros2_tesla
[1.395s] copying webots_ros2_tesla/__init__.py -> /home/matteomaragliano/Desktop/SofAR_Assignment1/build/webots_ros2_tesla/build/lib/webots_ros2_tesla
[1.398s] running install
[1.400s] running install_lib
[1.401s] creating /home/matteomaragliano/Desktop/SofAR_Assignment1/install/webots_ros2_tesla/lib/python3.8/site-packages/webots_ros2_tesla
[1.401s] copying /home/matteomaragliano/Desktop/SofAR_Assignment1/build/webots_ros2_tesla/build/lib/webots_ros2_tesla/lane_follower.py -> /home/matteomaragliano/Desktop/SofAR_Assignment1/install/webots_ros2_tesla/lib/python3.8/site-packages/webots_ros2_tesla
[1.402s] copying /home/matteomaragliano/Desktop/SofAR_Assignment1/build/webots_ros2_tesla/build/lib/webots_ros2_tesla/tesla_driver.py -> /home/matteomaragliano/Desktop/SofAR_Assignment1/install/webots_ros2_tesla/lib/python3.8/site-packages/webots_ros2_tesla
[1.402s] copying /home/matteomaragliano/Desktop/SofAR_Assignment1/build/webots_ros2_tesla/build/lib/webots_ros2_tesla/__init__.py -> /home/matteomaragliano/Desktop/SofAR_Assignment1/install/webots_ros2_tesla/lib/python3.8/site-packages/webots_ros2_tesla
[1.403s] byte-compiling /home/matteomaragliano/Desktop/SofAR_Assignment1/install/webots_ros2_tesla/lib/python3.8/site-packages/webots_ros2_tesla/lane_follower.py to lane_follower.cpython-38.pyc
[1.405s] byte-compiling /home/matteomaragliano/Desktop/SofAR_Assignment1/install/webots_ros2_tesla/lib/python3.8/site-packages/webots_ros2_tesla/tesla_driver.py to tesla_driver.cpython-38.pyc
[1.406s] byte-compiling /home/matteomaragliano/Desktop/SofAR_Assignment1/install/webots_ros2_tesla/lib/python3.8/site-packages/webots_ros2_tesla/__init__.py to __init__.cpython-38.pyc
[1.406s] running install_data
[1.407s] creating /home/matteomaragliano/Desktop/SofAR_Assignment1/install/webots_ros2_tesla/share/ament_index
[1.408s] creating /home/matteomaragliano/Desktop/SofAR_Assignment1/install/webots_ros2_tesla/share/ament_index/resource_index
[1.408s] creating /home/matteomaragliano/Desktop/SofAR_Assignment1/install/webots_ros2_tesla/share/ament_index/resource_index/packages
[1.408s] copying resource/webots_ros2_tesla -> /home/matteomaragliano/Desktop/SofAR_Assignment1/install/webots_ros2_tesla/share/ament_index/resource_index/packages
[1.408s] creating /home/matteomaragliano/Desktop/SofAR_Assignment1/install/webots_ros2_tesla/share/webots_ros2_tesla/launch
[1.409s] copying launch/robot_launch.py -> /home/matteomaragliano/Desktop/SofAR_Assignment1/install/webots_ros2_tesla/share/webots_ros2_tesla/launch
[1.413s] creating /home/matteomaragliano/Desktop/SofAR_Assignment1/install/webots_ros2_tesla/share/webots_ros2_tesla/worlds
[1.413s] copying worlds/tesla_world.wbt -> /home/matteomaragliano/Desktop/SofAR_Assignment1/install/webots_ros2_tesla/share/webots_ros2_tesla/worlds
[1.415s] copying worlds/.tesla_world.wbproj -> /home/matteomaragliano/Desktop/SofAR_Assignment1/install/webots_ros2_tesla/share/webots_ros2_tesla/worlds
[1.415s] creating /home/matteomaragliano/Desktop/SofAR_Assignment1/install/webots_ros2_tesla/share/webots_ros2_tesla/resource
[1.415s] copying resource/tesla_webots.urdf -> /home/matteomaragliano/Desktop/SofAR_Assignment1/install/webots_ros2_tesla/share/webots_ros2_tesla/resource
[1.417s] copying package.xml -> /home/matteomaragliano/Desktop/SofAR_Assignment1/install/webots_ros2_tesla/share/webots_ros2_tesla
[1.417s] running install_egg_info
[1.419s] Copying ../../../build/webots_ros2_tesla/webots_ros2_tesla.egg-info to /home/matteomaragliano/Desktop/SofAR_Assignment1/install/webots_ros2_tesla/lib/python3.8/site-packages/webots_ros2_tesla-1.2.2-py3.8.egg-info
[1.424s] running install_scripts
[1.460s] Installing lane_follower script to /home/matteomaragliano/Desktop/SofAR_Assignment1/install/webots_ros2_tesla/lib/webots_ros2_tesla
[1.461s] writing list of installed files to '/home/matteomaragliano/Desktop/SofAR_Assignment1/build/webots_ros2_tesla/install.log'
[1.485s] Invoked command in '/home/matteomaragliano/Desktop/SofAR_Assignment1/src/webots_ros2/webots_ros2_tesla' returned '0': AMENT_PREFIX_PATH=/home/matteomaragliano/Desktop/SofAR_Assignment1/install/webots_ros2_core:/home/matteomaragliano/Desktop/SofAR_Assignment1/install/webots_ros2_msgs:${AMENT_PREFIX_PATH} CMAKE_PREFIX_PATH=/home/matteomaragliano/Desktop/SofAR_Assignment1/install/webots_ros2_msgs LD_LIBRARY_PATH=/home/matteomaragliano/Desktop/SofAR_Assignment1/install/webots_ros2_msgs/lib:${LD_LIBRARY_PATH} PYTHONPATH=/home/matteomaragliano/Desktop/SofAR_Assignment1/install/webots_ros2_tesla/lib/python3.8/site-packages:/home/matteomaragliano/Desktop/SofAR_Assignment1/install/webots_ros2_core/lib/python3.8/site-packages:/home/matteomaragliano/Desktop/SofAR_Assignment1/install/webots_ros2_msgs/lib/python3.8/site-packages:${PYTHONPATH} /usr/bin/python3 setup.py egg_info --egg-base ../../../build/webots_ros2_tesla build --build-base /home/matteomaragliano/Desktop/SofAR_Assignment1/build/webots_ros2_tesla/build install --prefix /home/matteomaragliano/Desktop/SofAR_Assignment1/install/webots_ros2_tesla --record /home/matteomaragliano/Desktop/SofAR_Assignment1/build/webots_ros2_tesla/install.log --single-version-externally-managed
