[1.001s] Invoking command in '/home/matteomaragliano/Desktop/SofAR_Assignment1/assignment_ws/src/assignment_pkg': PYTHONPATH=/home/matteomaragliano/Desktop/SofAR_Assignment1/install/assignment_pkg/lib/python3.8/site-packages:${PYTHONPATH} /usr/bin/python3 setup.py egg_info --egg-base ../../../build/assignment_pkg build --build-base /home/matteomaragliano/Desktop/SofAR_Assignment1/build/assignment_pkg/build install --prefix /home/matteomaragliano/Desktop/SofAR_Assignment1/install/assignment_pkg --record /home/matteomaragliano/Desktop/SofAR_Assignment1/build/assignment_pkg/install.log --single-version-externally-managed
[1.269s] running egg_info
[1.269s] creating ../../../build/assignment_pkg/assignment_pkg.egg-info
[1.270s] writing ../../../build/assignment_pkg/assignment_pkg.egg-info/PKG-INFO
[1.270s] writing dependency_links to ../../../build/assignment_pkg/assignment_pkg.egg-info/dependency_links.txt
[1.270s] writing entry points to ../../../build/assignment_pkg/assignment_pkg.egg-info/entry_points.txt
[1.270s] writing requirements to ../../../build/assignment_pkg/assignment_pkg.egg-info/requires.txt
[1.270s] writing top-level names to ../../../build/assignment_pkg/assignment_pkg.egg-info/top_level.txt
[1.285s] writing manifest file '../../../build/assignment_pkg/assignment_pkg.egg-info/SOURCES.txt'
[1.331s] reading manifest file '../../../build/assignment_pkg/assignment_pkg.egg-info/SOURCES.txt'
[1.332s] writing manifest file '../../../build/assignment_pkg/assignment_pkg.egg-info/SOURCES.txt'
[1.332s] running build
[1.333s] running build_py
[1.333s] creating /home/matteomaragliano/Desktop/SofAR_Assignment1/build/assignment_pkg/build
[1.333s] creating /home/matteomaragliano/Desktop/SofAR_Assignment1/build/assignment_pkg/build/lib
[1.334s] creating /home/matteomaragliano/Desktop/SofAR_Assignment1/build/assignment_pkg/build/lib/assignment_pkg
[1.334s] copying assignment_pkg/__init__.py -> /home/matteomaragliano/Desktop/SofAR_Assignment1/build/assignment_pkg/build/lib/assignment_pkg
[1.334s] copying assignment_pkg/controller.py -> /home/matteomaragliano/Desktop/SofAR_Assignment1/build/assignment_pkg/build/lib/assignment_pkg
[1.334s] running install
[1.335s] running install_lib
[1.336s] creating /home/matteomaragliano/Desktop/SofAR_Assignment1/install/assignment_pkg/lib/python3.8/site-packages/assignment_pkg
[1.336s] copying /home/matteomaragliano/Desktop/SofAR_Assignment1/build/assignment_pkg/build/lib/assignment_pkg/__init__.py -> /home/matteomaragliano/Desktop/SofAR_Assignment1/install/assignment_pkg/lib/python3.8/site-packages/assignment_pkg
[1.337s] copying /home/matteomaragliano/Desktop/SofAR_Assignment1/build/assignment_pkg/build/lib/assignment_pkg/controller.py -> /home/matteomaragliano/Desktop/SofAR_Assignment1/install/assignment_pkg/lib/python3.8/site-packages/assignment_pkg
[1.337s] byte-compiling /home/matteomaragliano/Desktop/SofAR_Assignment1/install/assignment_pkg/lib/python3.8/site-packages/assignment_pkg/__init__.py to __init__.cpython-38.pyc
[1.338s] byte-compiling /home/matteomaragliano/Desktop/SofAR_Assignment1/install/assignment_pkg/lib/python3.8/site-packages/assignment_pkg/controller.py to controller.cpython-38.pyc
[1.338s] running install_data
[1.339s] creating /home/matteomaragliano/Desktop/SofAR_Assignment1/install/assignment_pkg/share/ament_index
[1.339s] creating /home/matteomaragliano/Desktop/SofAR_Assignment1/install/assignment_pkg/share/ament_index/resource_index
[1.339s] creating /home/matteomaragliano/Desktop/SofAR_Assignment1/install/assignment_pkg/share/ament_index/resource_index/packages
[1.339s] copying resource/assignment_pkg -> /home/matteomaragliano/Desktop/SofAR_Assignment1/install/assignment_pkg/share/ament_index/resource_index/packages
[1.340s] copying package.xml -> /home/matteomaragliano/Desktop/SofAR_Assignment1/install/assignment_pkg/share/assignment_pkg
[1.340s] running install_egg_info
[1.341s] Copying ../../../build/assignment_pkg/assignment_pkg.egg-info to /home/matteomaragliano/Desktop/SofAR_Assignment1/install/assignment_pkg/lib/python3.8/site-packages/assignment_pkg-0.0.0-py3.8.egg-info
[1.342s] running install_scripts
[1.362s] Installing controller script to /home/matteomaragliano/Desktop/SofAR_Assignment1/install/assignment_pkg/lib/assignment_pkg
[1.365s] writing list of installed files to '/home/matteomaragliano/Desktop/SofAR_Assignment1/build/assignment_pkg/install.log'
[1.392s] Invoked command in '/home/matteomaragliano/Desktop/SofAR_Assignment1/assignment_ws/src/assignment_pkg' returned '0': PYTHONPATH=/home/matteomaragliano/Desktop/SofAR_Assignment1/install/assignment_pkg/lib/python3.8/site-packages:${PYTHONPATH} /usr/bin/python3 setup.py egg_info --egg-base ../../../build/assignment_pkg build --build-base /home/matteomaragliano/Desktop/SofAR_Assignment1/build/assignment_pkg/build install --prefix /home/matteomaragliano/Desktop/SofAR_Assignment1/install/assignment_pkg --record /home/matteomaragliano/Desktop/SofAR_Assignment1/build/assignment_pkg/install.log --single-version-externally-managed
