[1.027s] Invoking command in '/home/matteomaragliano/Desktop/SofAR_Assignment1/src/webots_ros2/webots_ros2_turtlebot': PYTHONPATH=/home/matteomaragliano/Desktop/SofAR_Assignment1/install/webots_ros2_turtlebot/lib/python3.8/site-packages:/home/matteomaragliano/Desktop/SofAR_Assignment1/install/webots_ros2_driver/lib/python3.8/site-packages:/home/matteomaragliano/Desktop/SofAR_Assignment1/install/webots_ros2_msgs/lib/python3.8/site-packages:/home/matteomaragliano/Desktop/SofAR_Assignment1/install/webots_ros2/lib/python3.8/site-packages:/home/matteomaragliano/Desktop/SofAR_Assignment1/install/webots_ros2_universal_robot/lib/python3.8/site-packages:/home/matteomaragliano/Desktop/SofAR_Assignment1/install/webots_ros2_turtlebot/lib/python3.8/site-packages:/home/matteomaragliano/Desktop/SofAR_Assignment1/install/webots_ros2_tiago/lib/python3.8/site-packages:/home/matteomaragliano/Desktop/SofAR_Assignment1/install/webots_ros2_tests/lib/python3.8/site-packages:/home/matteomaragliano/Desktop/SofAR_Assignment1/install/webots_ros2_tesla/lib/python3.8/site-packages:/home/matteomaragliano/Desktop/SofAR_Assignment1/install/webots_ros2_mavic/lib/python3.8/site-packages:/home/matteomaragliano/Desktop/SofAR_Assignment1/install/webots_ros2_epuck/lib/python3.8/site-packages:/home/matteomaragliano/Desktop/SofAR_Assignment1/install/webots_ros2_core/lib/python3.8/site-packages:/home/matteomaragliano/Desktop/SofAR_Assignment1/install/webots_ros2_importer/lib/python3.8/site-packages:/home/matteomaragliano/Desktop/SofAR_Assignment1/install/sofar_assignment_pkg/lib/python3.8/site-packages:/home/matteomaragliano/Desktop/SofAR_Assignment1/install/assignment_pkg/lib/python3.8/site-packages:/opt/ros/galactic/lib/python3.8/site-packages /usr/bin/python3 setup.py egg_info --egg-base ../../../build/webots_ros2_turtlebot build --build-base /home/matteomaragliano/Desktop/SofAR_Assignment1/build/webots_ros2_turtlebot/build install --prefix /home/matteomaragliano/Desktop/SofAR_Assignment1/install/webots_ros2_turtlebot --record /home/matteomaragliano/Desktop/SofAR_Assignment1/build/webots_ros2_turtlebot/install.log --single-version-externally-managed
[1.339s] running egg_info
[1.340s] writing ../../../build/webots_ros2_turtlebot/webots_ros2_turtlebot.egg-info/PKG-INFO
[1.341s] writing dependency_links to ../../../build/webots_ros2_turtlebot/webots_ros2_turtlebot.egg-info/dependency_links.txt
[1.343s] writing entry points to ../../../build/webots_ros2_turtlebot/webots_ros2_turtlebot.egg-info/entry_points.txt
[1.343s] writing requirements to ../../../build/webots_ros2_turtlebot/webots_ros2_turtlebot.egg-info/requires.txt
[1.344s] writing top-level names to ../../../build/webots_ros2_turtlebot/webots_ros2_turtlebot.egg-info/top_level.txt
[1.396s] reading manifest file '../../../build/webots_ros2_turtlebot/webots_ros2_turtlebot.egg-info/SOURCES.txt'
[1.398s] writing manifest file '../../../build/webots_ros2_turtlebot/webots_ros2_turtlebot.egg-info/SOURCES.txt'
[1.399s] running build
[1.399s] running build_py
[1.399s] running install
[1.401s] running install_lib
[1.403s] running install_data
[1.404s] running install_egg_info
[1.410s] removing '/home/matteomaragliano/Desktop/SofAR_Assignment1/install/webots_ros2_turtlebot/lib/python3.8/site-packages/webots_ros2_turtlebot-1.2.2-py3.8.egg-info' (and everything under it)
[1.411s] Copying ../../../build/webots_ros2_turtlebot/webots_ros2_turtlebot.egg-info to /home/matteomaragliano/Desktop/SofAR_Assignment1/install/webots_ros2_turtlebot/lib/python3.8/site-packages/webots_ros2_turtlebot-1.2.2-py3.8.egg-info
[1.413s] running install_scripts
[1.435s] writing list of installed files to '/home/matteomaragliano/Desktop/SofAR_Assignment1/build/webots_ros2_turtlebot/install.log'
[1.461s] Invoked command in '/home/matteomaragliano/Desktop/SofAR_Assignment1/src/webots_ros2/webots_ros2_turtlebot' returned '0': PYTHONPATH=/home/matteomaragliano/Desktop/SofAR_Assignment1/install/webots_ros2_turtlebot/lib/python3.8/site-packages:/home/matteomaragliano/Desktop/SofAR_Assignment1/install/webots_ros2_driver/lib/python3.8/site-packages:/home/matteomaragliano/Desktop/SofAR_Assignment1/install/webots_ros2_msgs/lib/python3.8/site-packages:/home/matteomaragliano/Desktop/SofAR_Assignment1/install/webots_ros2/lib/python3.8/site-packages:/home/matteomaragliano/Desktop/SofAR_Assignment1/install/webots_ros2_universal_robot/lib/python3.8/site-packages:/home/matteomaragliano/Desktop/SofAR_Assignment1/install/webots_ros2_turtlebot/lib/python3.8/site-packages:/home/matteomaragliano/Desktop/SofAR_Assignment1/install/webots_ros2_tiago/lib/python3.8/site-packages:/home/matteomaragliano/Desktop/SofAR_Assignment1/install/webots_ros2_tests/lib/python3.8/site-packages:/home/matteomaragliano/Desktop/SofAR_Assignment1/install/webots_ros2_tesla/lib/python3.8/site-packages:/home/matteomaragliano/Desktop/SofAR_Assignment1/install/webots_ros2_mavic/lib/python3.8/site-packages:/home/matteomaragliano/Desktop/SofAR_Assignment1/install/webots_ros2_epuck/lib/python3.8/site-packages:/home/matteomaragliano/Desktop/SofAR_Assignment1/install/webots_ros2_core/lib/python3.8/site-packages:/home/matteomaragliano/Desktop/SofAR_Assignment1/install/webots_ros2_importer/lib/python3.8/site-packages:/home/matteomaragliano/Desktop/SofAR_Assignment1/install/sofar_assignment_pkg/lib/python3.8/site-packages:/home/matteomaragliano/Desktop/SofAR_Assignment1/install/assignment_pkg/lib/python3.8/site-packages:/opt/ros/galactic/lib/python3.8/site-packages /usr/bin/python3 setup.py egg_info --egg-base ../../../build/webots_ros2_turtlebot build --build-base /home/matteomaragliano/Desktop/SofAR_Assignment1/build/webots_ros2_turtlebot/build install --prefix /home/matteomaragliano/Desktop/SofAR_Assignment1/install/webots_ros2_turtlebot --record /home/matteomaragliano/Desktop/SofAR_Assignment1/build/webots_ros2_turtlebot/install.log --single-version-externally-managed
