[0.049s] Invoking command in '/home/matteomaragliano/Desktop/SofAR_Assignment1/build/webots_ros2_msgs': CMAKE_PREFIX_PATH=/home/matteomaragliano/Desktop/SofAR_Assignment1/install/sofar_assignment_pkg:/home/matteomaragliano/Desktop/SofAR_Assignment1/install/assignment_pkg:/opt/ros/galactic /usr/bin/cmake /home/matteomaragliano/Desktop/SofAR_Assignment1/src/webots_ros2/webots_ros2_msgs -DCMAKE_INSTALL_PREFIX=/home/matteomaragliano/Desktop/SofAR_Assignment1/install/webots_ros2_msgs
[0.492s] -- The C compiler identification is GNU 9.4.0
[0.764s] -- The CXX compiler identification is GNU 9.4.0
[0.783s] -- Check for working C compiler: /usr/bin/cc
[0.891s] -- Check for working C compiler: /usr/bin/cc -- works
[0.894s] -- Detecting C compiler ABI info
[1.000s] -- Detecting C compiler ABI info - done
[1.013s] -- Detecting C compile features
[1.014s] -- Detecting C compile features - done
[1.021s] -- Check for working CXX compiler: /usr/bin/c++
[1.138s] -- Check for working CXX compiler: /usr/bin/c++ -- works
[1.140s] -- Detecting CXX compiler ABI info
[1.252s] -- Detecting CXX compiler ABI info - done
[1.272s] -- Detecting CXX compile features
[1.273s] -- Detecting CXX compile features - done
[1.303s] -- Found ament_cmake: 1.1.5 (/opt/ros/galactic/share/ament_cmake/cmake)
[1.342s] -- Found PythonInterp: /usr/bin/python3 (found suitable version "3.8.10", minimum required is "3") 
[1.342s] -- Using PYTHON_EXECUTABLE: /usr/bin/python3
[1.508s] -- Found builtin_interfaces: 1.0.3 (/opt/ros/galactic/share/builtin_interfaces/cmake)
[1.579s] -- Using all available rosidl_typesupport_c: rosidl_typesupport_fastrtps_c;rosidl_typesupport_introspection_c
[1.605s] -- Found rosidl_adapter: 2.2.2 (/opt/ros/galactic/share/rosidl_adapter/cmake)
[1.782s] -- Found OpenSSL: /usr/lib/x86_64-linux-gnu/libcrypto.so (found version "1.1.1f")  
[1.828s] -- Found FastRTPS: /opt/ros/galactic/include  
[1.977s] -- Using all available rosidl_typesupport_cpp: rosidl_typesupport_fastrtps_cpp;rosidl_typesupport_introspection_cpp
[2.041s] -- Found rosidl_default_generators: 1.1.1 (/opt/ros/galactic/share/rosidl_default_generators/cmake)
[2.069s] -- Found geometry_msgs: 2.2.4 (/opt/ros/galactic/share/geometry_msgs/cmake)
[2.178s] -- Found vision_msgs: 3.0.2 (/opt/ros/galactic/share/vision_msgs/cmake)
[2.309s] -- Found PythonInterp: /usr/bin/python3 (found version "3.8.10") 
[2.603s] -- Found ament_cmake_cppcheck: 0.10.7 (/opt/ros/galactic/share/ament_cmake_cppcheck/cmake)
[2.609s] -- Found ament_cmake_cpplint: 0.10.7 (/opt/ros/galactic/share/ament_cmake_cpplint/cmake)
[2.615s] -- Found ament_cmake_uncrustify: 0.10.7 (/opt/ros/galactic/share/ament_cmake_uncrustify/cmake)
[2.621s] -- Found ament_cmake_ros: 0.9.2 (/opt/ros/galactic/share/ament_cmake_ros/cmake)
[3.044s] -- Using all available rosidl_typesupport_c: rosidl_typesupport_fastrtps_c;rosidl_typesupport_introspection_c
[3.249s] -- Using all available rosidl_typesupport_cpp: rosidl_typesupport_fastrtps_cpp;rosidl_typesupport_introspection_cpp
[3.283s] -- Found PythonInterp: /usr/bin/python3 (found suitable version "3.8.10", minimum required is "3.5") 
[3.289s] -- Found python_cmake_module: 0.8.1 (/opt/ros/galactic/share/python_cmake_module/cmake)
[3.329s] -- Found PythonLibs: /usr/lib/x86_64-linux-gnu/libpython3.8.so (found suitable version "3.8.10", minimum required is "3.5") 
[3.329s] -- Using PYTHON_EXECUTABLE: /usr/bin/python3
[3.329s] -- Using PYTHON_INCLUDE_DIRS: /usr/include/python3.8
[3.330s] -- Using PYTHON_LIBRARIES: /usr/lib/x86_64-linux-gnu/libpython3.8.so
[3.354s] -- Found PythonExtra: .so  
[3.484s] -- Found ament_cmake_flake8: 0.10.7 (/opt/ros/galactic/share/ament_cmake_flake8/cmake)
[3.490s] -- Found ament_cmake_pep257: 0.10.7 (/opt/ros/galactic/share/ament_cmake_pep257/cmake)
[3.497s] -- Found ament_lint_auto: 0.10.7 (/opt/ros/galactic/share/ament_lint_auto/cmake)
[3.536s] -- Added test 'lint_cmake' to check CMake code style
[3.537s] -- Added test 'xmllint' to check XML markup files
[3.546s] -- Configuring done
[3.673s] -- Generating done
[3.677s] -- Build files have been written to: /home/matteomaragliano/Desktop/SofAR_Assignment1/build/webots_ros2_msgs
[3.688s] Invoked command in '/home/matteomaragliano/Desktop/SofAR_Assignment1/build/webots_ros2_msgs' returned '0': CMAKE_PREFIX_PATH=/home/matteomaragliano/Desktop/SofAR_Assignment1/install/sofar_assignment_pkg:/home/matteomaragliano/Desktop/SofAR_Assignment1/install/assignment_pkg:/opt/ros/galactic /usr/bin/cmake /home/matteomaragliano/Desktop/SofAR_Assignment1/src/webots_ros2/webots_ros2_msgs -DCMAKE_INSTALL_PREFIX=/home/matteomaragliano/Desktop/SofAR_Assignment1/install/webots_ros2_msgs
[3.693s] Invoking command in '/home/matteomaragliano/Desktop/SofAR_Assignment1/build/webots_ros2_msgs': CMAKE_PREFIX_PATH=/home/matteomaragliano/Desktop/SofAR_Assignment1/install/sofar_assignment_pkg:/home/matteomaragliano/Desktop/SofAR_Assignment1/install/assignment_pkg:/opt/ros/galactic /usr/bin/cmake --build /home/matteomaragliano/Desktop/SofAR_Assignment1/build/webots_ros2_msgs -- -j2 -l2
[3.746s] [35m[1mScanning dependencies of target webots_ros2_msgs__cpp[0m
[3.748s] [  2%] [34m[1mGenerating C code for ROS interfaces[0m
[3.763s] [  4%] [34m[1mGenerating C++ code for ROS interfaces[0m
[4.354s] [  4%] Built target webots_ros2_msgs__cpp
[4.369s] [  6%] [34m[1mGenerating C++ type support dispatch for ROS interfaces[0m
[4.404s] [35m[1mScanning dependencies of target webots_ros2_msgs__rosidl_generator_c[0m
[4.450s] [  8%] [32mBuilding C object CMakeFiles/webots_ros2_msgs__rosidl_generator_c.dir/rosidl_generator_c/webots_ros2_msgs/msg/detail/wb_camera_recognition_object__functions.c.o[0m
[4.547s] [ 10%] [32mBuilding C object CMakeFiles/webots_ros2_msgs__rosidl_generator_c.dir/rosidl_generator_c/webots_ros2_msgs/msg/detail/wb_camera_recognition_objects__functions.c.o[0m
[4.611s] [ 12%] [32mBuilding C object CMakeFiles/webots_ros2_msgs__rosidl_generator_c.dir/rosidl_generator_c/webots_ros2_msgs/srv/detail/set_int__functions.c.o[0m
[4.687s] [ 14%] [32m[1mLinking C shared library libwebots_ros2_msgs__rosidl_generator_c.so[0m
[4.763s] [ 14%] Built target webots_ros2_msgs__rosidl_generator_c
[4.776s] [ 17%] [34m[1mGenerating C++ type support for eProsima Fast-RTPS[0m
[4.807s] [35m[1mScanning dependencies of target webots_ros2_msgs__rosidl_typesupport_cpp[0m
[4.859s] [ 19%] [32mBuilding CXX object CMakeFiles/webots_ros2_msgs__rosidl_typesupport_cpp.dir/rosidl_typesupport_cpp/webots_ros2_msgs/msg/wb_camera_recognition_object__type_support.cpp.o[0m
[5.401s] [35m[1mScanning dependencies of target webots_ros2_msgs__rosidl_typesupport_fastrtps_cpp[0m
[5.423s] [ 21%] [32mBuilding CXX object CMakeFiles/webots_ros2_msgs__rosidl_typesupport_cpp.dir/rosidl_typesupport_cpp/webots_ros2_msgs/msg/wb_camera_recognition_objects__type_support.cpp.o[0m
[5.474s] [ 23%] [32mBuilding CXX object CMakeFiles/webots_ros2_msgs__rosidl_typesupport_fastrtps_cpp.dir/rosidl_typesupport_fastrtps_cpp/webots_ros2_msgs/msg/detail/dds_fastrtps/wb_camera_recognition_object__type_support.cpp.o[0m
[5.761s] [ 25%] [32mBuilding CXX object CMakeFiles/webots_ros2_msgs__rosidl_typesupport_cpp.dir/rosidl_typesupport_cpp/webots_ros2_msgs/srv/set_int__type_support.cpp.o[0m
[6.045s] [ 27%] [32mBuilding CXX object CMakeFiles/webots_ros2_msgs__rosidl_typesupport_fastrtps_cpp.dir/rosidl_typesupport_fastrtps_cpp/webots_ros2_msgs/msg/detail/dds_fastrtps/wb_camera_recognition_objects__type_support.cpp.o[0m
[6.106s] [ 29%] [32m[1mLinking CXX shared library libwebots_ros2_msgs__rosidl_typesupport_cpp.so[0m
[6.168s] [ 29%] Built target webots_ros2_msgs__rosidl_typesupport_cpp
[6.181s] [ 31%] [34m[1mGenerating C++ introspection for ROS interfaces[0m
[6.598s] [ 34%] [32mBuilding CXX object CMakeFiles/webots_ros2_msgs__rosidl_typesupport_fastrtps_cpp.dir/rosidl_typesupport_fastrtps_cpp/webots_ros2_msgs/srv/detail/dds_fastrtps/set_int__type_support.cpp.o[0m
[6.632s] [35m[1mScanning dependencies of target webots_ros2_msgs__rosidl_typesupport_introspection_cpp[0m
[6.673s] [ 36%] [32mBuilding CXX object CMakeFiles/webots_ros2_msgs__rosidl_typesupport_introspection_cpp.dir/rosidl_typesupport_introspection_cpp/webots_ros2_msgs/msg/detail/wb_camera_recognition_object__type_support.cpp.o[0m
[7.059s] [ 38%] [32mBuilding CXX object CMakeFiles/webots_ros2_msgs__rosidl_typesupport_introspection_cpp.dir/rosidl_typesupport_introspection_cpp/webots_ros2_msgs/msg/detail/wb_camera_recognition_objects__type_support.cpp.o[0m
[7.107s] [ 40%] [32m[1mLinking CXX shared library libwebots_ros2_msgs__rosidl_typesupport_fastrtps_cpp.so[0m
[7.264s] [ 40%] Built target webots_ros2_msgs__rosidl_typesupport_fastrtps_cpp
[7.283s] [ 42%] [34m[1mGenerating C introspection for ROS interfaces[0m
[7.573s] [ 44%] [32mBuilding CXX object CMakeFiles/webots_ros2_msgs__rosidl_typesupport_introspection_cpp.dir/rosidl_typesupport_introspection_cpp/webots_ros2_msgs/srv/detail/set_int__type_support.cpp.o[0m
[7.825s] [35m[1mScanning dependencies of target webots_ros2_msgs__rosidl_typesupport_introspection_c[0m
[7.854s] [ 46%] [32mBuilding C object CMakeFiles/webots_ros2_msgs__rosidl_typesupport_introspection_c.dir/rosidl_typesupport_introspection_c/webots_ros2_msgs/msg/detail/wb_camera_recognition_object__type_support.c.o[0m
[7.908s] [ 48%] [32mBuilding C object CMakeFiles/webots_ros2_msgs__rosidl_typesupport_introspection_c.dir/rosidl_typesupport_introspection_c/webots_ros2_msgs/msg/detail/wb_camera_recognition_objects__type_support.c.o[0m
[7.915s] [ 51%] [32m[1mLinking CXX shared library libwebots_ros2_msgs__rosidl_typesupport_introspection_cpp.so[0m
[7.954s] [ 53%] [32mBuilding C object CMakeFiles/webots_ros2_msgs__rosidl_typesupport_introspection_c.dir/rosidl_typesupport_introspection_c/webots_ros2_msgs/srv/detail/set_int__type_support.c.o[0m
[8.000s] [ 55%] [32m[1mLinking C shared library libwebots_ros2_msgs__rosidl_typesupport_introspection_c.so[0m
[8.007s] [ 55%] Built target webots_ros2_msgs__rosidl_typesupport_introspection_cpp
[8.020s] [ 57%] [34m[1mGenerating C type support dispatch for ROS interfaces[0m
[8.045s] [ 57%] Built target webots_ros2_msgs__rosidl_typesupport_introspection_c
[8.058s] [ 59%] [34m[1mGenerating C type support for eProsima Fast-RTPS[0m
[8.385s] [35m[1mScanning dependencies of target webots_ros2_msgs__rosidl_typesupport_c[0m
[8.412s] [ 61%] [32mBuilding CXX object CMakeFiles/webots_ros2_msgs__rosidl_typesupport_c.dir/rosidl_typesupport_c/webots_ros2_msgs/msg/wb_camera_recognition_object__type_support.cpp.o[0m
[8.451s] [ 63%] [32mBuilding CXX object CMakeFiles/webots_ros2_msgs__rosidl_typesupport_c.dir/rosidl_typesupport_c/webots_ros2_msgs/msg/wb_camera_recognition_objects__type_support.cpp.o[0m
[8.490s] [ 65%] [32mBuilding CXX object CMakeFiles/webots_ros2_msgs__rosidl_typesupport_c.dir/rosidl_typesupport_c/webots_ros2_msgs/srv/set_int__type_support.cpp.o[0m
[8.529s] [ 68%] [32m[1mLinking CXX shared library libwebots_ros2_msgs__rosidl_typesupport_c.so[0m
[8.568s] [35m[1mScanning dependencies of target webots_ros2_msgs__rosidl_typesupport_fastrtps_c[0m
[8.579s] [ 68%] Built target webots_ros2_msgs__rosidl_typesupport_c
[8.609s] [ 70%] [32mBuilding CXX object CMakeFiles/webots_ros2_msgs__rosidl_typesupport_fastrtps_c.dir/rosidl_typesupport_fastrtps_c/webots_ros2_msgs/msg/detail/wb_camera_recognition_object__type_support_c.cpp.o[0m
[8.610s] [ 72%] [32mBuilding CXX object CMakeFiles/webots_ros2_msgs__rosidl_typesupport_fastrtps_c.dir/rosidl_typesupport_fastrtps_c/webots_ros2_msgs/msg/detail/wb_camera_recognition_objects__type_support_c.cpp.o[0m
[9.023s] [ 74%] [32mBuilding CXX object CMakeFiles/webots_ros2_msgs__rosidl_typesupport_fastrtps_c.dir/rosidl_typesupport_fastrtps_c/webots_ros2_msgs/srv/detail/set_int__type_support_c.cpp.o[0m
[9.407s] [ 76%] [32m[1mLinking CXX shared library libwebots_ros2_msgs__rosidl_typesupport_fastrtps_c.so[0m
[9.511s] [ 76%] Built target webots_ros2_msgs__rosidl_typesupport_fastrtps_c
[9.523s] [35m[1mScanning dependencies of target webots_ros2_msgs[0m
[9.537s] [ 76%] Built target webots_ros2_msgs
[9.550s] [35m[1mScanning dependencies of target webots_ros2_msgs__py[0m
[9.563s] [ 78%] [34m[1mGenerating Python code for ROS interfaces[0m
[10.617s] [ 78%] Built target webots_ros2_msgs__py
[10.629s] [35m[1mScanning dependencies of target webots_ros2_msgs__python[0m
[10.706s] [ 82%] [32mBuilding C object CMakeFiles/webots_ros2_msgs__python.dir/rosidl_generator_py/webots_ros2_msgs/msg/_wb_camera_recognition_objects_s.c.o[0m
[10.706s] [ 82%] [32mBuilding C object CMakeFiles/webots_ros2_msgs__python.dir/rosidl_generator_py/webots_ros2_msgs/msg/_wb_camera_recognition_object_s.c.o[0m
[10.867s] [ 85%] [32mBuilding C object CMakeFiles/webots_ros2_msgs__python.dir/rosidl_generator_py/webots_ros2_msgs/srv/_set_int_s.c.o[0m
[10.969s] [ 87%] [32m[1mLinking C shared library rosidl_generator_py/webots_ros2_msgs/libwebots_ros2_msgs__python.so[0m
[11.029s] [ 87%] Built target webots_ros2_msgs__python
[11.041s] [35m[1mScanning dependencies of target webots_ros2_msgs__rosidl_typesupport_c__pyext[0m
[11.041s] [35m[1mScanning dependencies of target webots_ros2_msgs__rosidl_typesupport_introspection_c__pyext[0m
[11.071s] [ 89%] [32mBuilding C object CMakeFiles/webots_ros2_msgs__rosidl_typesupport_introspection_c__pyext.dir/rosidl_generator_py/webots_ros2_msgs/_webots_ros2_msgs_s.ep.rosidl_typesupport_introspection_c.c.o[0m
[11.081s] [ 91%] [32mBuilding C object CMakeFiles/webots_ros2_msgs__rosidl_typesupport_c__pyext.dir/rosidl_generator_py/webots_ros2_msgs/_webots_ros2_msgs_s.ep.rosidl_typesupport_c.c.o[0m
[11.176s] [ 93%] [32m[1mLinking C shared library rosidl_generator_py/webots_ros2_msgs/webots_ros2_msgs_s__rosidl_typesupport_introspection_c.cpython-38-x86_64-linux-gnu.so[0m
[11.189s] [ 95%] [32m[1mLinking C shared library rosidl_generator_py/webots_ros2_msgs/webots_ros2_msgs_s__rosidl_typesupport_c.cpython-38-x86_64-linux-gnu.so[0m
[11.230s] [ 95%] Built target webots_ros2_msgs__rosidl_typesupport_introspection_c__pyext
[11.245s] [35m[1mScanning dependencies of target webots_ros2_msgs__rosidl_typesupport_fastrtps_c__pyext[0m
[11.246s] [ 95%] Built target webots_ros2_msgs__rosidl_typesupport_c__pyext
[11.275s] [ 97%] [32mBuilding C object CMakeFiles/webots_ros2_msgs__rosidl_typesupport_fastrtps_c__pyext.dir/rosidl_generator_py/webots_ros2_msgs/_webots_ros2_msgs_s.ep.rosidl_typesupport_fastrtps_c.c.o[0m
[11.379s] [100%] [32m[1mLinking CXX shared library rosidl_generator_py/webots_ros2_msgs/webots_ros2_msgs_s__rosidl_typesupport_fastrtps_c.cpython-38-x86_64-linux-gnu.so[0m
[11.459s] [100%] Built target webots_ros2_msgs__rosidl_typesupport_fastrtps_c__pyext
[11.476s] Invoked command in '/home/matteomaragliano/Desktop/SofAR_Assignment1/build/webots_ros2_msgs' returned '0': CMAKE_PREFIX_PATH=/home/matteomaragliano/Desktop/SofAR_Assignment1/install/sofar_assignment_pkg:/home/matteomaragliano/Desktop/SofAR_Assignment1/install/assignment_pkg:/opt/ros/galactic /usr/bin/cmake --build /home/matteomaragliano/Desktop/SofAR_Assignment1/build/webots_ros2_msgs -- -j2 -l2
[11.598s] Invoking command in '/home/matteomaragliano/Desktop/SofAR_Assignment1/build/webots_ros2_msgs': CMAKE_PREFIX_PATH=/home/matteomaragliano/Desktop/SofAR_Assignment1/install/sofar_assignment_pkg:/home/matteomaragliano/Desktop/SofAR_Assignment1/install/assignment_pkg:/opt/ros/galactic /usr/bin/cmake --install /home/matteomaragliano/Desktop/SofAR_Assignment1/build/webots_ros2_msgs
[11.612s] -- Install configuration: ""
[11.613s] -- Installing: /home/matteomaragliano/Desktop/SofAR_Assignment1/install/webots_ros2_msgs/share/ament_index/resource_index/rosidl_interfaces/webots_ros2_msgs
[11.614s] -- Installing: /home/matteomaragliano/Desktop/SofAR_Assignment1/install/webots_ros2_msgs/include/webots_ros2_msgs
[11.614s] -- Installing: /home/matteomaragliano/Desktop/SofAR_Assignment1/install/webots_ros2_msgs/include/webots_ros2_msgs/srv
[11.614s] -- Installing: /home/matteomaragliano/Desktop/SofAR_Assignment1/install/webots_ros2_msgs/include/webots_ros2_msgs/srv/detail
[11.615s] -- Installing: /home/matteomaragliano/Desktop/SofAR_Assignment1/install/webots_ros2_msgs/include/webots_ros2_msgs/srv/detail/set_int__functions.h
[11.616s] -- Installing: /home/matteomaragliano/Desktop/SofAR_Assignment1/install/webots_ros2_msgs/include/webots_ros2_msgs/srv/detail/set_int__functions.c
[11.616s] -- Installing: /home/matteomaragliano/Desktop/SofAR_Assignment1/install/webots_ros2_msgs/include/webots_ros2_msgs/srv/detail/set_int__struct.h
[11.617s] -- Installing: /home/matteomaragliano/Desktop/SofAR_Assignment1/install/webots_ros2_msgs/include/webots_ros2_msgs/srv/detail/set_int__type_support.h
[11.618s] -- Installing: /home/matteomaragliano/Desktop/SofAR_Assignment1/install/webots_ros2_msgs/include/webots_ros2_msgs/srv/set_int.h
[11.619s] -- Installing: /home/matteomaragliano/Desktop/SofAR_Assignment1/install/webots_ros2_msgs/include/webots_ros2_msgs/msg
[11.620s] -- Installing: /home/matteomaragliano/Desktop/SofAR_Assignment1/install/webots_ros2_msgs/include/webots_ros2_msgs/msg/wb_camera_recognition_object.h
[11.620s] -- Installing: /home/matteomaragliano/Desktop/SofAR_Assignment1/install/webots_ros2_msgs/include/webots_ros2_msgs/msg/detail
[11.620s] -- Installing: /home/matteomaragliano/Desktop/SofAR_Assignment1/install/webots_ros2_msgs/include/webots_ros2_msgs/msg/detail/wb_camera_recognition_objects__functions.c
[11.621s] -- Installing: /home/matteomaragliano/Desktop/SofAR_Assignment1/install/webots_ros2_msgs/include/webots_ros2_msgs/msg/detail/wb_camera_recognition_object__type_support.h
[11.622s] -- Installing: /home/matteomaragliano/Desktop/SofAR_Assignment1/install/webots_ros2_msgs/include/webots_ros2_msgs/msg/detail/wb_camera_recognition_object__struct.h
[11.625s] -- Installing: /home/matteomaragliano/Desktop/SofAR_Assignment1/install/webots_ros2_msgs/include/webots_ros2_msgs/msg/detail/wb_camera_recognition_objects__type_support.h
[11.625s] -- Installing: /home/matteomaragliano/Desktop/SofAR_Assignment1/install/webots_ros2_msgs/include/webots_ros2_msgs/msg/detail/wb_camera_recognition_object__functions.h
[11.626s] -- Installing: /home/matteomaragliano/Desktop/SofAR_Assignment1/install/webots_ros2_msgs/include/webots_ros2_msgs/msg/detail/wb_camera_recognition_objects__struct.h
[11.626s] -- Installing: /home/matteomaragliano/Desktop/SofAR_Assignment1/install/webots_ros2_msgs/include/webots_ros2_msgs/msg/detail/wb_camera_recognition_object__functions.c
[11.626s] -- Installing: /home/matteomaragliano/Desktop/SofAR_Assignment1/install/webots_ros2_msgs/include/webots_ros2_msgs/msg/detail/wb_camera_recognition_objects__functions.h
[11.626s] -- Installing: /home/matteomaragliano/Desktop/SofAR_Assignment1/install/webots_ros2_msgs/include/webots_ros2_msgs/msg/rosidl_generator_c__visibility_control.h
[11.626s] -- Installing: /home/matteomaragliano/Desktop/SofAR_Assignment1/install/webots_ros2_msgs/include/webots_ros2_msgs/msg/wb_camera_recognition_objects.h
[11.627s] -- Installing: /home/matteomaragliano/Desktop/SofAR_Assignment1/install/webots_ros2_msgs/share/webots_ros2_msgs/environment/library_path.sh
[11.627s] -- Installing: /home/matteomaragliano/Desktop/SofAR_Assignment1/install/webots_ros2_msgs/share/webots_ros2_msgs/environment/library_path.dsv
[11.627s] -- Installing: /home/matteomaragliano/Desktop/SofAR_Assignment1/install/webots_ros2_msgs/lib/libwebots_ros2_msgs__rosidl_generator_c.so
[11.627s] -- Set runtime path of "/home/matteomaragliano/Desktop/SofAR_Assignment1/install/webots_ros2_msgs/lib/libwebots_ros2_msgs__rosidl_generator_c.so" to ""
[11.627s] -- Up-to-date: /home/matteomaragliano/Desktop/SofAR_Assignment1/install/webots_ros2_msgs/include/webots_ros2_msgs
[11.628s] -- Up-to-date: /home/matteomaragliano/Desktop/SofAR_Assignment1/install/webots_ros2_msgs/include/webots_ros2_msgs/srv
[11.628s] -- Up-to-date: /home/matteomaragliano/Desktop/SofAR_Assignment1/install/webots_ros2_msgs/include/webots_ros2_msgs/srv/detail
[11.628s] -- Installing: /home/matteomaragliano/Desktop/SofAR_Assignment1/install/webots_ros2_msgs/include/webots_ros2_msgs/srv/detail/set_int__rosidl_typesupport_fastrtps_c.h
[11.628s] -- Up-to-date: /home/matteomaragliano/Desktop/SofAR_Assignment1/install/webots_ros2_msgs/include/webots_ros2_msgs/msg
[11.628s] -- Up-to-date: /home/matteomaragliano/Desktop/SofAR_Assignment1/install/webots_ros2_msgs/include/webots_ros2_msgs/msg/detail
[11.629s] -- Installing: /home/matteomaragliano/Desktop/SofAR_Assignment1/install/webots_ros2_msgs/include/webots_ros2_msgs/msg/detail/wb_camera_recognition_objects__rosidl_typesupport_fastrtps_c.h
[11.629s] -- Installing: /home/matteomaragliano/Desktop/SofAR_Assignment1/install/webots_ros2_msgs/include/webots_ros2_msgs/msg/detail/wb_camera_recognition_object__rosidl_typesupport_fastrtps_c.h
[11.629s] -- Installing: /home/matteomaragliano/Desktop/SofAR_Assignment1/install/webots_ros2_msgs/include/webots_ros2_msgs/msg/rosidl_typesupport_fastrtps_c__visibility_control.h
[11.629s] -- Installing: /home/matteomaragliano/Desktop/SofAR_Assignment1/install/webots_ros2_msgs/lib/libwebots_ros2_msgs__rosidl_typesupport_fastrtps_c.so
[11.630s] -- Set runtime path of "/home/matteomaragliano/Desktop/SofAR_Assignment1/install/webots_ros2_msgs/lib/libwebots_ros2_msgs__rosidl_typesupport_fastrtps_c.so" to ""
[11.630s] -- Up-to-date: /home/matteomaragliano/Desktop/SofAR_Assignment1/install/webots_ros2_msgs/include/webots_ros2_msgs
[11.630s] -- Up-to-date: /home/matteomaragliano/Desktop/SofAR_Assignment1/install/webots_ros2_msgs/include/webots_ros2_msgs/srv
[11.630s] -- Up-to-date: /home/matteomaragliano/Desktop/SofAR_Assignment1/install/webots_ros2_msgs/include/webots_ros2_msgs/srv/detail
[11.630s] -- Installing: /home/matteomaragliano/Desktop/SofAR_Assignment1/install/webots_ros2_msgs/include/webots_ros2_msgs/srv/detail/set_int__rosidl_typesupport_fastrtps_cpp.hpp
[11.630s] -- Installing: /home/matteomaragliano/Desktop/SofAR_Assignment1/install/webots_ros2_msgs/include/webots_ros2_msgs/srv/detail/dds_fastrtps
[11.631s] -- Up-to-date: /home/matteomaragliano/Desktop/SofAR_Assignment1/install/webots_ros2_msgs/include/webots_ros2_msgs/msg
[11.631s] -- Up-to-date: /home/matteomaragliano/Desktop/SofAR_Assignment1/install/webots_ros2_msgs/include/webots_ros2_msgs/msg/detail
[11.631s] -- Installing: /home/matteomaragliano/Desktop/SofAR_Assignment1/install/webots_ros2_msgs/include/webots_ros2_msgs/msg/detail/wb_camera_recognition_objects__rosidl_typesupport_fastrtps_cpp.hpp
[11.631s] -- Installing: /home/matteomaragliano/Desktop/SofAR_Assignment1/install/webots_ros2_msgs/include/webots_ros2_msgs/msg/detail/dds_fastrtps
[11.631s] -- Installing: /home/matteomaragliano/Desktop/SofAR_Assignment1/install/webots_ros2_msgs/include/webots_ros2_msgs/msg/detail/wb_camera_recognition_object__rosidl_typesupport_fastrtps_cpp.hpp
[11.632s] -- Installing: /home/matteomaragliano/Desktop/SofAR_Assignment1/install/webots_ros2_msgs/include/webots_ros2_msgs/msg/rosidl_typesupport_fastrtps_cpp__visibility_control.h
[11.632s] -- Installing: /home/matteomaragliano/Desktop/SofAR_Assignment1/install/webots_ros2_msgs/lib/libwebots_ros2_msgs__rosidl_typesupport_fastrtps_cpp.so
[11.632s] -- Set runtime path of "/home/matteomaragliano/Desktop/SofAR_Assignment1/install/webots_ros2_msgs/lib/libwebots_ros2_msgs__rosidl_typesupport_fastrtps_cpp.so" to ""
[11.632s] -- Up-to-date: /home/matteomaragliano/Desktop/SofAR_Assignment1/install/webots_ros2_msgs/include/webots_ros2_msgs
[11.632s] -- Up-to-date: /home/matteomaragliano/Desktop/SofAR_Assignment1/install/webots_ros2_msgs/include/webots_ros2_msgs/srv
[11.632s] -- Up-to-date: /home/matteomaragliano/Desktop/SofAR_Assignment1/install/webots_ros2_msgs/include/webots_ros2_msgs/srv/detail
[11.633s] -- Installing: /home/matteomaragliano/Desktop/SofAR_Assignment1/install/webots_ros2_msgs/include/webots_ros2_msgs/srv/detail/set_int__type_support.c
[11.633s] -- Installing: /home/matteomaragliano/Desktop/SofAR_Assignment1/install/webots_ros2_msgs/include/webots_ros2_msgs/srv/detail/set_int__rosidl_typesupport_introspection_c.h
[11.633s] -- Up-to-date: /home/matteomaragliano/Desktop/SofAR_Assignment1/install/webots_ros2_msgs/include/webots_ros2_msgs/msg
[11.633s] -- Up-to-date: /home/matteomaragliano/Desktop/SofAR_Assignment1/install/webots_ros2_msgs/include/webots_ros2_msgs/msg/detail
[11.633s] -- Installing: /home/matteomaragliano/Desktop/SofAR_Assignment1/install/webots_ros2_msgs/include/webots_ros2_msgs/msg/detail/wb_camera_recognition_objects__type_support.c
[11.634s] -- Installing: /home/matteomaragliano/Desktop/SofAR_Assignment1/install/webots_ros2_msgs/include/webots_ros2_msgs/msg/detail/wb_camera_recognition_objects__rosidl_typesupport_introspection_c.h
[11.634s] -- Installing: /home/matteomaragliano/Desktop/SofAR_Assignment1/install/webots_ros2_msgs/include/webots_ros2_msgs/msg/detail/wb_camera_recognition_object__type_support.c
[11.634s] -- Installing: /home/matteomaragliano/Desktop/SofAR_Assignment1/install/webots_ros2_msgs/include/webots_ros2_msgs/msg/detail/wb_camera_recognition_object__rosidl_typesupport_introspection_c.h
[11.634s] -- Installing: /home/matteomaragliano/Desktop/SofAR_Assignment1/install/webots_ros2_msgs/include/webots_ros2_msgs/msg/rosidl_typesupport_introspection_c__visibility_control.h
[11.634s] -- Installing: /home/matteomaragliano/Desktop/SofAR_Assignment1/install/webots_ros2_msgs/lib/libwebots_ros2_msgs__rosidl_typesupport_introspection_c.so
[11.634s] -- Set runtime path of "/home/matteomaragliano/Desktop/SofAR_Assignment1/install/webots_ros2_msgs/lib/libwebots_ros2_msgs__rosidl_typesupport_introspection_c.so" to ""
[11.635s] -- Installing: /home/matteomaragliano/Desktop/SofAR_Assignment1/install/webots_ros2_msgs/lib/libwebots_ros2_msgs__rosidl_typesupport_c.so
[11.635s] -- Set runtime path of "/home/matteomaragliano/Desktop/SofAR_Assignment1/install/webots_ros2_msgs/lib/libwebots_ros2_msgs__rosidl_typesupport_c.so" to ""
[11.635s] -- Up-to-date: /home/matteomaragliano/Desktop/SofAR_Assignment1/install/webots_ros2_msgs/include/webots_ros2_msgs
[11.635s] -- Up-to-date: /home/matteomaragliano/Desktop/SofAR_Assignment1/install/webots_ros2_msgs/include/webots_ros2_msgs/srv
[11.635s] -- Installing: /home/matteomaragliano/Desktop/SofAR_Assignment1/install/webots_ros2_msgs/include/webots_ros2_msgs/srv/set_int.hpp
[11.636s] -- Up-to-date: /home/matteomaragliano/Desktop/SofAR_Assignment1/install/webots_ros2_msgs/include/webots_ros2_msgs/srv/detail
[11.636s] -- Installing: /home/matteomaragliano/Desktop/SofAR_Assignment1/install/webots_ros2_msgs/include/webots_ros2_msgs/srv/detail/set_int__builder.hpp
[11.636s] -- Installing: /home/matteomaragliano/Desktop/SofAR_Assignment1/install/webots_ros2_msgs/include/webots_ros2_msgs/srv/detail/set_int__struct.hpp
[11.636s] -- Installing: /home/matteomaragliano/Desktop/SofAR_Assignment1/install/webots_ros2_msgs/include/webots_ros2_msgs/srv/detail/set_int__traits.hpp
[11.636s] -- Up-to-date: /home/matteomaragliano/Desktop/SofAR_Assignment1/install/webots_ros2_msgs/include/webots_ros2_msgs/msg
[11.636s] -- Up-to-date: /home/matteomaragliano/Desktop/SofAR_Assignment1/install/webots_ros2_msgs/include/webots_ros2_msgs/msg/detail
[11.637s] -- Installing: /home/matteomaragliano/Desktop/SofAR_Assignment1/install/webots_ros2_msgs/include/webots_ros2_msgs/msg/detail/wb_camera_recognition_object__builder.hpp
[11.637s] -- Installing: /home/matteomaragliano/Desktop/SofAR_Assignment1/install/webots_ros2_msgs/include/webots_ros2_msgs/msg/detail/wb_camera_recognition_objects__traits.hpp
[11.637s] -- Installing: /home/matteomaragliano/Desktop/SofAR_Assignment1/install/webots_ros2_msgs/include/webots_ros2_msgs/msg/detail/wb_camera_recognition_objects__builder.hpp
[11.638s] -- Installing: /home/matteomaragliano/Desktop/SofAR_Assignment1/install/webots_ros2_msgs/include/webots_ros2_msgs/msg/detail/wb_camera_recognition_object__struct.hpp
[11.638s] -- Installing: /home/matteomaragliano/Desktop/SofAR_Assignment1/install/webots_ros2_msgs/include/webots_ros2_msgs/msg/detail/wb_camera_recognition_objects__struct.hpp
[11.638s] -- Installing: /home/matteomaragliano/Desktop/SofAR_Assignment1/install/webots_ros2_msgs/include/webots_ros2_msgs/msg/detail/wb_camera_recognition_object__traits.hpp
[11.638s] -- Installing: /home/matteomaragliano/Desktop/SofAR_Assignment1/install/webots_ros2_msgs/include/webots_ros2_msgs/msg/wb_camera_recognition_objects.hpp
[11.638s] -- Installing: /home/matteomaragliano/Desktop/SofAR_Assignment1/install/webots_ros2_msgs/include/webots_ros2_msgs/msg/wb_camera_recognition_object.hpp
[11.639s] -- Up-to-date: /home/matteomaragliano/Desktop/SofAR_Assignment1/install/webots_ros2_msgs/include/webots_ros2_msgs
[11.639s] -- Up-to-date: /home/matteomaragliano/Desktop/SofAR_Assignment1/install/webots_ros2_msgs/include/webots_ros2_msgs/srv
[11.639s] -- Up-to-date: /home/matteomaragliano/Desktop/SofAR_Assignment1/install/webots_ros2_msgs/include/webots_ros2_msgs/srv/detail
[11.639s] -- Installing: /home/matteomaragliano/Desktop/SofAR_Assignment1/install/webots_ros2_msgs/include/webots_ros2_msgs/srv/detail/set_int__type_support.cpp
[11.639s] -- Installing: /home/matteomaragliano/Desktop/SofAR_Assignment1/install/webots_ros2_msgs/include/webots_ros2_msgs/srv/detail/set_int__rosidl_typesupport_introspection_cpp.hpp
[11.639s] -- Up-to-date: /home/matteomaragliano/Desktop/SofAR_Assignment1/install/webots_ros2_msgs/include/webots_ros2_msgs/msg
[11.640s] -- Up-to-date: /home/matteomaragliano/Desktop/SofAR_Assignment1/install/webots_ros2_msgs/include/webots_ros2_msgs/msg/detail
[11.640s] -- Installing: /home/matteomaragliano/Desktop/SofAR_Assignment1/install/webots_ros2_msgs/include/webots_ros2_msgs/msg/detail/wb_camera_recognition_object__type_support.cpp
[11.640s] -- Installing: /home/matteomaragliano/Desktop/SofAR_Assignment1/install/webots_ros2_msgs/include/webots_ros2_msgs/msg/detail/wb_camera_recognition_object__rosidl_typesupport_introspection_cpp.hpp
[11.640s] -- Installing: /home/matteomaragliano/Desktop/SofAR_Assignment1/install/webots_ros2_msgs/include/webots_ros2_msgs/msg/detail/wb_camera_recognition_objects__type_support.cpp
[11.640s] -- Installing: /home/matteomaragliano/Desktop/SofAR_Assignment1/install/webots_ros2_msgs/include/webots_ros2_msgs/msg/detail/wb_camera_recognition_objects__rosidl_typesupport_introspection_cpp.hpp
[11.641s] -- Installing: /home/matteomaragliano/Desktop/SofAR_Assignment1/install/webots_ros2_msgs/lib/libwebots_ros2_msgs__rosidl_typesupport_introspection_cpp.so
[11.641s] -- Set runtime path of "/home/matteomaragliano/Desktop/SofAR_Assignment1/install/webots_ros2_msgs/lib/libwebots_ros2_msgs__rosidl_typesupport_introspection_cpp.so" to ""
[11.641s] -- Installing: /home/matteomaragliano/Desktop/SofAR_Assignment1/install/webots_ros2_msgs/lib/libwebots_ros2_msgs__rosidl_typesupport_cpp.so
[11.641s] -- Set runtime path of "/home/matteomaragliano/Desktop/SofAR_Assignment1/install/webots_ros2_msgs/lib/libwebots_ros2_msgs__rosidl_typesupport_cpp.so" to ""
[11.641s] -- Installing: /home/matteomaragliano/Desktop/SofAR_Assignment1/install/webots_ros2_msgs/share/webots_ros2_msgs/environment/pythonpath.sh
[11.642s] -- Installing: /home/matteomaragliano/Desktop/SofAR_Assignment1/install/webots_ros2_msgs/share/webots_ros2_msgs/environment/pythonpath.dsv
[11.642s] -- Installing: /home/matteomaragliano/Desktop/SofAR_Assignment1/install/webots_ros2_msgs/lib/python3.8/site-packages/webots_ros2_msgs/__init__.py
[11.662s] Compiling '/home/matteomaragliano/Desktop/SofAR_Assignment1/install/webots_ros2_msgs/lib/python3.8/site-packages/webots_ros2_msgs/__init__.py'...
[11.666s] -- Installing: /home/matteomaragliano/Desktop/SofAR_Assignment1/install/webots_ros2_msgs/lib/python3.8/site-packages/webots_ros2_msgs/msg
[11.666s] -- Installing: /home/matteomaragliano/Desktop/SofAR_Assignment1/install/webots_ros2_msgs/lib/python3.8/site-packages/webots_ros2_msgs/msg/_wb_camera_recognition_object.py
[11.666s] -- Installing: /home/matteomaragliano/Desktop/SofAR_Assignment1/install/webots_ros2_msgs/lib/python3.8/site-packages/webots_ros2_msgs/msg/_wb_camera_recognition_objects.py
[11.666s] -- Installing: /home/matteomaragliano/Desktop/SofAR_Assignment1/install/webots_ros2_msgs/lib/python3.8/site-packages/webots_ros2_msgs/msg/_wb_camera_recognition_objects_s.c
[11.667s] -- Installing: /home/matteomaragliano/Desktop/SofAR_Assignment1/install/webots_ros2_msgs/lib/python3.8/site-packages/webots_ros2_msgs/msg/_wb_camera_recognition_object_s.c
[11.667s] -- Installing: /home/matteomaragliano/Desktop/SofAR_Assignment1/install/webots_ros2_msgs/lib/python3.8/site-packages/webots_ros2_msgs/msg/__init__.py
[11.667s] -- Installing: /home/matteomaragliano/Desktop/SofAR_Assignment1/install/webots_ros2_msgs/lib/python3.8/site-packages/webots_ros2_msgs/srv
[11.667s] -- Installing: /home/matteomaragliano/Desktop/SofAR_Assignment1/install/webots_ros2_msgs/lib/python3.8/site-packages/webots_ros2_msgs/srv/_set_int_s.c
[11.668s] -- Installing: /home/matteomaragliano/Desktop/SofAR_Assignment1/install/webots_ros2_msgs/lib/python3.8/site-packages/webots_ros2_msgs/srv/_set_int.py
[11.668s] -- Installing: /home/matteomaragliano/Desktop/SofAR_Assignment1/install/webots_ros2_msgs/lib/python3.8/site-packages/webots_ros2_msgs/srv/__init__.py
[11.669s] -- Installing: /home/matteomaragliano/Desktop/SofAR_Assignment1/install/webots_ros2_msgs/lib/python3.8/site-packages/webots_ros2_msgs/webots_ros2_msgs_s__rosidl_typesupport_fastrtps_c.cpython-38-x86_64-linux-gnu.so
[11.669s] -- Set runtime path of "/home/matteomaragliano/Desktop/SofAR_Assignment1/install/webots_ros2_msgs/lib/python3.8/site-packages/webots_ros2_msgs/webots_ros2_msgs_s__rosidl_typesupport_fastrtps_c.cpython-38-x86_64-linux-gnu.so" to ""
[11.670s] -- Installing: /home/matteomaragliano/Desktop/SofAR_Assignment1/install/webots_ros2_msgs/lib/python3.8/site-packages/webots_ros2_msgs/webots_ros2_msgs_s__rosidl_typesupport_introspection_c.cpython-38-x86_64-linux-gnu.so
[11.670s] -- Set runtime path of "/home/matteomaragliano/Desktop/SofAR_Assignment1/install/webots_ros2_msgs/lib/python3.8/site-packages/webots_ros2_msgs/webots_ros2_msgs_s__rosidl_typesupport_introspection_c.cpython-38-x86_64-linux-gnu.so" to ""
[11.671s] -- Installing: /home/matteomaragliano/Desktop/SofAR_Assignment1/install/webots_ros2_msgs/lib/python3.8/site-packages/webots_ros2_msgs/webots_ros2_msgs_s__rosidl_typesupport_c.cpython-38-x86_64-linux-gnu.so
[11.672s] -- Set runtime path of "/home/matteomaragliano/Desktop/SofAR_Assignment1/install/webots_ros2_msgs/lib/python3.8/site-packages/webots_ros2_msgs/webots_ros2_msgs_s__rosidl_typesupport_c.cpython-38-x86_64-linux-gnu.so" to ""
[11.672s] -- Installing: /home/matteomaragliano/Desktop/SofAR_Assignment1/install/webots_ros2_msgs/lib/libwebots_ros2_msgs__python.so
[11.673s] -- Set runtime path of "/home/matteomaragliano/Desktop/SofAR_Assignment1/install/webots_ros2_msgs/lib/libwebots_ros2_msgs__python.so" to ""
[11.674s] -- Installing: /home/matteomaragliano/Desktop/SofAR_Assignment1/install/webots_ros2_msgs/share/webots_ros2_msgs/msg/WbCameraRecognitionObject.idl
[11.674s] -- Installing: /home/matteomaragliano/Desktop/SofAR_Assignment1/install/webots_ros2_msgs/share/webots_ros2_msgs/msg/WbCameraRecognitionObjects.idl
[11.675s] -- Installing: /home/matteomaragliano/Desktop/SofAR_Assignment1/install/webots_ros2_msgs/share/webots_ros2_msgs/srv/SetInt.idl
[11.675s] -- Installing: /home/matteomaragliano/Desktop/SofAR_Assignment1/install/webots_ros2_msgs/share/webots_ros2_msgs/msg/WbCameraRecognitionObject.msg
[11.675s] -- Installing: /home/matteomaragliano/Desktop/SofAR_Assignment1/install/webots_ros2_msgs/share/webots_ros2_msgs/msg/WbCameraRecognitionObjects.msg
[11.675s] -- Installing: /home/matteomaragliano/Desktop/SofAR_Assignment1/install/webots_ros2_msgs/share/webots_ros2_msgs/srv/SetInt.srv
[11.676s] -- Installing: /home/matteomaragliano/Desktop/SofAR_Assignment1/install/webots_ros2_msgs/share/webots_ros2_msgs/srv/SetInt_Request.msg
[11.676s] -- Installing: /home/matteomaragliano/Desktop/SofAR_Assignment1/install/webots_ros2_msgs/share/webots_ros2_msgs/srv/SetInt_Response.msg
[11.676s] -- Installing: /home/matteomaragliano/Desktop/SofAR_Assignment1/install/webots_ros2_msgs/share/ament_index/resource_index/package_run_dependencies/webots_ros2_msgs
[11.677s] -- Installing: /home/matteomaragliano/Desktop/SofAR_Assignment1/install/webots_ros2_msgs/share/ament_index/resource_index/parent_prefix_path/webots_ros2_msgs
[11.677s] -- Installing: /home/matteomaragliano/Desktop/SofAR_Assignment1/install/webots_ros2_msgs/share/webots_ros2_msgs/environment/ament_prefix_path.sh
[11.677s] -- Installing: /home/matteomaragliano/Desktop/SofAR_Assignment1/install/webots_ros2_msgs/share/webots_ros2_msgs/environment/ament_prefix_path.dsv
[11.677s] -- Installing: /home/matteomaragliano/Desktop/SofAR_Assignment1/install/webots_ros2_msgs/share/webots_ros2_msgs/environment/path.sh
[11.678s] -- Installing: /home/matteomaragliano/Desktop/SofAR_Assignment1/install/webots_ros2_msgs/share/webots_ros2_msgs/environment/path.dsv
[11.678s] -- Installing: /home/matteomaragliano/Desktop/SofAR_Assignment1/install/webots_ros2_msgs/share/webots_ros2_msgs/local_setup.bash
[11.678s] -- Installing: /home/matteomaragliano/Desktop/SofAR_Assignment1/install/webots_ros2_msgs/share/webots_ros2_msgs/local_setup.sh
[11.678s] -- Installing: /home/matteomaragliano/Desktop/SofAR_Assignment1/install/webots_ros2_msgs/share/webots_ros2_msgs/local_setup.zsh
[11.678s] -- Installing: /home/matteomaragliano/Desktop/SofAR_Assignment1/install/webots_ros2_msgs/share/webots_ros2_msgs/local_setup.dsv
[11.679s] -- Installing: /home/matteomaragliano/Desktop/SofAR_Assignment1/install/webots_ros2_msgs/share/webots_ros2_msgs/package.dsv
[11.679s] -- Installing: /home/matteomaragliano/Desktop/SofAR_Assignment1/install/webots_ros2_msgs/share/ament_index/resource_index/packages/webots_ros2_msgs
[11.679s] -- Installing: /home/matteomaragliano/Desktop/SofAR_Assignment1/install/webots_ros2_msgs/share/webots_ros2_msgs/cmake/webots_ros2_msgs__rosidl_generator_cExport.cmake
[11.679s] -- Installing: /home/matteomaragliano/Desktop/SofAR_Assignment1/install/webots_ros2_msgs/share/webots_ros2_msgs/cmake/webots_ros2_msgs__rosidl_generator_cExport-noconfig.cmake
[11.680s] -- Installing: /home/matteomaragliano/Desktop/SofAR_Assignment1/install/webots_ros2_msgs/share/webots_ros2_msgs/cmake/webots_ros2_msgs__rosidl_typesupport_introspection_cExport.cmake
[11.680s] -- Installing: /home/matteomaragliano/Desktop/SofAR_Assignment1/install/webots_ros2_msgs/share/webots_ros2_msgs/cmake/webots_ros2_msgs__rosidl_typesupport_introspection_cExport-noconfig.cmake
[11.680s] -- Installing: /home/matteomaragliano/Desktop/SofAR_Assignment1/install/webots_ros2_msgs/share/webots_ros2_msgs/cmake/webots_ros2_msgs__rosidl_typesupport_cExport.cmake
[11.681s] -- Installing: /home/matteomaragliano/Desktop/SofAR_Assignment1/install/webots_ros2_msgs/share/webots_ros2_msgs/cmake/webots_ros2_msgs__rosidl_typesupport_cExport-noconfig.cmake
[11.681s] -- Installing: /home/matteomaragliano/Desktop/SofAR_Assignment1/install/webots_ros2_msgs/share/webots_ros2_msgs/cmake/webots_ros2_msgs__rosidl_generator_cppExport.cmake
[11.681s] -- Installing: /home/matteomaragliano/Desktop/SofAR_Assignment1/install/webots_ros2_msgs/share/webots_ros2_msgs/cmake/webots_ros2_msgs__rosidl_typesupport_introspection_cppExport.cmake
[11.681s] -- Installing: /home/matteomaragliano/Desktop/SofAR_Assignment1/install/webots_ros2_msgs/share/webots_ros2_msgs/cmake/webots_ros2_msgs__rosidl_typesupport_introspection_cppExport-noconfig.cmake
[11.681s] -- Installing: /home/matteomaragliano/Desktop/SofAR_Assignment1/install/webots_ros2_msgs/share/webots_ros2_msgs/cmake/webots_ros2_msgs__rosidl_typesupport_cppExport.cmake
[11.682s] -- Installing: /home/matteomaragliano/Desktop/SofAR_Assignment1/install/webots_ros2_msgs/share/webots_ros2_msgs/cmake/webots_ros2_msgs__rosidl_typesupport_cppExport-noconfig.cmake
[11.682s] -- Installing: /home/matteomaragliano/Desktop/SofAR_Assignment1/install/webots_ros2_msgs/share/webots_ros2_msgs/cmake/rosidl_cmake-extras.cmake
[11.682s] -- Installing: /home/matteomaragliano/Desktop/SofAR_Assignment1/install/webots_ros2_msgs/share/webots_ros2_msgs/cmake/ament_cmake_export_dependencies-extras.cmake
[11.682s] -- Installing: /home/matteomaragliano/Desktop/SofAR_Assignment1/install/webots_ros2_msgs/share/webots_ros2_msgs/cmake/ament_cmake_export_libraries-extras.cmake
[11.682s] -- Installing: /home/matteomaragliano/Desktop/SofAR_Assignment1/install/webots_ros2_msgs/share/webots_ros2_msgs/cmake/ament_cmake_export_targets-extras.cmake
[11.686s] -- Installing: /home/matteomaragliano/Desktop/SofAR_Assignment1/install/webots_ros2_msgs/share/webots_ros2_msgs/cmake/ament_cmake_export_include_directories-extras.cmake
[11.686s] -- Installing: /home/matteomaragliano/Desktop/SofAR_Assignment1/install/webots_ros2_msgs/share/webots_ros2_msgs/cmake/rosidl_cmake_export_typesupport_libraries-extras.cmake
[11.686s] -- Installing: /home/matteomaragliano/Desktop/SofAR_Assignment1/install/webots_ros2_msgs/share/webots_ros2_msgs/cmake/rosidl_cmake_export_typesupport_targets-extras.cmake
[11.686s] -- Installing: /home/matteomaragliano/Desktop/SofAR_Assignment1/install/webots_ros2_msgs/share/webots_ros2_msgs/cmake/webots_ros2_msgsConfig.cmake
[11.687s] -- Installing: /home/matteomaragliano/Desktop/SofAR_Assignment1/install/webots_ros2_msgs/share/webots_ros2_msgs/cmake/webots_ros2_msgsConfig-version.cmake
[11.687s] -- Installing: /home/matteomaragliano/Desktop/SofAR_Assignment1/install/webots_ros2_msgs/share/webots_ros2_msgs/package.xml
[11.687s] Invoked command in '/home/matteomaragliano/Desktop/SofAR_Assignment1/build/webots_ros2_msgs' returned '0': CMAKE_PREFIX_PATH=/home/matteomaragliano/Desktop/SofAR_Assignment1/install/sofar_assignment_pkg:/home/matteomaragliano/Desktop/SofAR_Assignment1/install/assignment_pkg:/opt/ros/galactic /usr/bin/cmake --install /home/matteomaragliano/Desktop/SofAR_Assignment1/build/webots_ros2_msgs
