[0.018s] Invoking command in '/home/matteomaragliano/Desktop/SofAR_Assignment1/build/webots_ros2_driver': CMAKE_PREFIX_PATH=/home/matteomaragliano/Desktop/SofAR_Assignment1/install/webots_ros2_msgs:/home/matteomaragliano/Desktop/SofAR_Assignment1/install/webots_ros2_control:/home/matteomaragliano/Desktop/SofAR_Assignment1/install/webots_ros2_driver:/home/matteomaragliano/Desktop/SofAR_Assignment1/install/webots_ros2:/home/matteomaragliano/Desktop/SofAR_Assignment1/install/webots_ros2_universal_robot:/home/matteomaragliano/Desktop/SofAR_Assignment1/install/webots_ros2_turtlebot:/home/matteomaragliano/Desktop/SofAR_Assignment1/install/webots_ros2_tiago:/home/matteomaragliano/Desktop/SofAR_Assignment1/install/webots_ros2_tests:/home/matteomaragliano/Desktop/SofAR_Assignment1/install/webots_ros2_tesla:/home/matteomaragliano/Desktop/SofAR_Assignment1/install/webots_ros2_mavic:/home/matteomaragliano/Desktop/SofAR_Assignment1/install/webots_ros2_epuck:/home/matteomaragliano/Desktop/SofAR_Assignment1/install/webots_ros2_core:/home/matteomaragliano/Desktop/SofAR_Assignment1/install/webots_ros2_importer:/home/matteomaragliano/Desktop/SofAR_Assignment1/install/sofar_assignment_pkg:/home/matteomaragliano/Desktop/SofAR_Assignment1/install/assignment_pkg:/opt/ros/galactic LD_LIBRARY_PATH=/home/matteomaragliano/Desktop/SofAR_Assignment1/install/webots_ros2_msgs/lib:/home/matteomaragliano/Desktop/SofAR_Assignment1/install/webots_ros2_control/lib:/home/matteomaragliano/Desktop/SofAR_Assignment1/install/webots_ros2_driver/lib:/usr/lib/x86_64-linux-gnu/gazebo-11/plugins:/opt/ros/galactic/opt/yaml_cpp_vendor/lib:/opt/ros/galactic/opt/rviz_ogre_vendor/lib:/opt/ros/galactic/lib/x86_64-linux-gnu:/opt/ros/galactic/lib PYTHONPATH=/home/matteomaragliano/Desktop/SofAR_Assignment1/install/webots_ros2_msgs/lib/python3.8/site-packages:/home/matteomaragliano/Desktop/SofAR_Assignment1/install/webots_ros2/lib/python3.8/site-packages:/home/matteomaragliano/Desktop/SofAR_Assignment1/install/webots_ros2_universal_robot/lib/python3.8/site-packages:/home/matteomaragliano/Desktop/SofAR_Assignment1/install/webots_ros2_turtlebot/lib/python3.8/site-packages:/home/matteomaragliano/Desktop/SofAR_Assignment1/install/webots_ros2_tiago/lib/python3.8/site-packages:/home/matteomaragliano/Desktop/SofAR_Assignment1/install/webots_ros2_tests/lib/python3.8/site-packages:/home/matteomaragliano/Desktop/SofAR_Assignment1/install/webots_ros2_tesla/lib/python3.8/site-packages:/home/matteomaragliano/Desktop/SofAR_Assignment1/install/webots_ros2_mavic/lib/python3.8/site-packages:/home/matteomaragliano/Desktop/SofAR_Assignment1/install/webots_ros2_epuck/lib/python3.8/site-packages:/home/matteomaragliano/Desktop/SofAR_Assignment1/install/webots_ros2_driver/lib/python3.8/site-packages:/home/matteomaragliano/Desktop/SofAR_Assignment1/install/webots_ros2_core/lib/python3.8/site-packages:/home/matteomaragliano/Desktop/SofAR_Assignment1/install/webots_ros2_importer/lib/python3.8/site-packages:/home/matteomaragliano/Desktop/SofAR_Assignment1/install/sofar_assignment_pkg/lib/python3.8/site-packages:/home/matteomaragliano/Desktop/SofAR_Assignment1/install/assignment_pkg/lib/python3.8/site-packages:/opt/ros/galactic/lib/python3.8/site-packages /usr/bin/cmake --build /home/matteomaragliano/Desktop/SofAR_Assignment1/build/webots_ros2_driver -- -j2 -l2
[0.143s] [  0%] Built target ament_cmake_python_copy_webots_ros2_driver
[0.165s] [  0%] Built target ament_cmake_python_copy_webots_ros2_driver_webots
[0.253s] [ 22%] Built target webots_ros2_driver_imu
[0.290s] [100%] Built target driver
[0.819s] running egg_info
[0.828s] writing webots_ros2_driver_webots.egg-info/PKG-INFO
[0.829s] writing dependency_links to webots_ros2_driver_webots.egg-info/dependency_links.txt
[0.829s] writing top-level names to webots_ros2_driver_webots.egg-info/top_level.txt
[0.926s] reading manifest file 'webots_ros2_driver_webots.egg-info/SOURCES.txt'
[0.931s] writing manifest file 'webots_ros2_driver_webots.egg-info/SOURCES.txt'
[1.019s] [100%] Built target ament_cmake_python_build_webots_ros2_driver_webots_egg
[1.029s] running egg_info
[1.029s] writing webots_ros2_driver.egg-info/PKG-INFO
[1.030s] writing dependency_links to webots_ros2_driver.egg-info/dependency_links.txt
[1.030s] writing top-level names to webots_ros2_driver.egg-info/top_level.txt
[1.078s] reading manifest file 'webots_ros2_driver.egg-info/SOURCES.txt'
[1.079s] writing manifest file 'webots_ros2_driver.egg-info/SOURCES.txt'
[1.110s] [100%] Built target ament_cmake_python_build_webots_ros2_driver_egg
[1.138s] Invoked command in '/home/matteomaragliano/Desktop/SofAR_Assignment1/build/webots_ros2_driver' returned '0': CMAKE_PREFIX_PATH=/home/matteomaragliano/Desktop/SofAR_Assignment1/install/webots_ros2_msgs:/home/matteomaragliano/Desktop/SofAR_Assignment1/install/webots_ros2_control:/home/matteomaragliano/Desktop/SofAR_Assignment1/install/webots_ros2_driver:/home/matteomaragliano/Desktop/SofAR_Assignment1/install/webots_ros2:/home/matteomaragliano/Desktop/SofAR_Assignment1/install/webots_ros2_universal_robot:/home/matteomaragliano/Desktop/SofAR_Assignment1/install/webots_ros2_turtlebot:/home/matteomaragliano/Desktop/SofAR_Assignment1/install/webots_ros2_tiago:/home/matteomaragliano/Desktop/SofAR_Assignment1/install/webots_ros2_tests:/home/matteomaragliano/Desktop/SofAR_Assignment1/install/webots_ros2_tesla:/home/matteomaragliano/Desktop/SofAR_Assignment1/install/webots_ros2_mavic:/home/matteomaragliano/Desktop/SofAR_Assignment1/install/webots_ros2_epuck:/home/matteomaragliano/Desktop/SofAR_Assignment1/install/webots_ros2_core:/home/matteomaragliano/Desktop/SofAR_Assignment1/install/webots_ros2_importer:/home/matteomaragliano/Desktop/SofAR_Assignment1/install/sofar_assignment_pkg:/home/matteomaragliano/Desktop/SofAR_Assignment1/install/assignment_pkg:/opt/ros/galactic LD_LIBRARY_PATH=/home/matteomaragliano/Desktop/SofAR_Assignment1/install/webots_ros2_msgs/lib:/home/matteomaragliano/Desktop/SofAR_Assignment1/install/webots_ros2_control/lib:/home/matteomaragliano/Desktop/SofAR_Assignment1/install/webots_ros2_driver/lib:/usr/lib/x86_64-linux-gnu/gazebo-11/plugins:/opt/ros/galactic/opt/yaml_cpp_vendor/lib:/opt/ros/galactic/opt/rviz_ogre_vendor/lib:/opt/ros/galactic/lib/x86_64-linux-gnu:/opt/ros/galactic/lib PYTHONPATH=/home/matteomaragliano/Desktop/SofAR_Assignment1/install/webots_ros2_msgs/lib/python3.8/site-packages:/home/matteomaragliano/Desktop/SofAR_Assignment1/install/webots_ros2/lib/python3.8/site-packages:/home/matteomaragliano/Desktop/SofAR_Assignment1/install/webots_ros2_universal_robot/lib/python3.8/site-packages:/home/matteomaragliano/Desktop/SofAR_Assignment1/install/webots_ros2_turtlebot/lib/python3.8/site-packages:/home/matteomaragliano/Desktop/SofAR_Assignment1/install/webots_ros2_tiago/lib/python3.8/site-packages:/home/matteomaragliano/Desktop/SofAR_Assignment1/install/webots_ros2_tests/lib/python3.8/site-packages:/home/matteomaragliano/Desktop/SofAR_Assignment1/install/webots_ros2_tesla/lib/python3.8/site-packages:/home/matteomaragliano/Desktop/SofAR_Assignment1/install/webots_ros2_mavic/lib/python3.8/site-packages:/home/matteomaragliano/Desktop/SofAR_Assignment1/install/webots_ros2_epuck/lib/python3.8/site-packages:/home/matteomaragliano/Desktop/SofAR_Assignment1/install/webots_ros2_driver/lib/python3.8/site-packages:/home/matteomaragliano/Desktop/SofAR_Assignment1/install/webots_ros2_core/lib/python3.8/site-packages:/home/matteomaragliano/Desktop/SofAR_Assignment1/install/webots_ros2_importer/lib/python3.8/site-packages:/home/matteomaragliano/Desktop/SofAR_Assignment1/install/sofar_assignment_pkg/lib/python3.8/site-packages:/home/matteomaragliano/Desktop/SofAR_Assignment1/install/assignment_pkg/lib/python3.8/site-packages:/opt/ros/galactic/lib/python3.8/site-packages /usr/bin/cmake --build /home/matteomaragliano/Desktop/SofAR_Assignment1/build/webots_ros2_driver -- -j2 -l2
[1.217s] Invoking command in '/home/matteomaragliano/Desktop/SofAR_Assignment1/build/webots_ros2_driver': CMAKE_PREFIX_PATH=/home/matteomaragliano/Desktop/SofAR_Assignment1/install/webots_ros2_msgs:/home/matteomaragliano/Desktop/SofAR_Assignment1/install/webots_ros2_control:/home/matteomaragliano/Desktop/SofAR_Assignment1/install/webots_ros2_driver:/home/matteomaragliano/Desktop/SofAR_Assignment1/install/webots_ros2:/home/matteomaragliano/Desktop/SofAR_Assignment1/install/webots_ros2_universal_robot:/home/matteomaragliano/Desktop/SofAR_Assignment1/install/webots_ros2_turtlebot:/home/matteomaragliano/Desktop/SofAR_Assignment1/install/webots_ros2_tiago:/home/matteomaragliano/Desktop/SofAR_Assignment1/install/webots_ros2_tests:/home/matteomaragliano/Desktop/SofAR_Assignment1/install/webots_ros2_tesla:/home/matteomaragliano/Desktop/SofAR_Assignment1/install/webots_ros2_mavic:/home/matteomaragliano/Desktop/SofAR_Assignment1/install/webots_ros2_epuck:/home/matteomaragliano/Desktop/SofAR_Assignment1/install/webots_ros2_core:/home/matteomaragliano/Desktop/SofAR_Assignment1/install/webots_ros2_importer:/home/matteomaragliano/Desktop/SofAR_Assignment1/install/sofar_assignment_pkg:/home/matteomaragliano/Desktop/SofAR_Assignment1/install/assignment_pkg:/opt/ros/galactic LD_LIBRARY_PATH=/home/matteomaragliano/Desktop/SofAR_Assignment1/install/webots_ros2_msgs/lib:/home/matteomaragliano/Desktop/SofAR_Assignment1/install/webots_ros2_control/lib:/home/matteomaragliano/Desktop/SofAR_Assignment1/install/webots_ros2_driver/lib:/usr/lib/x86_64-linux-gnu/gazebo-11/plugins:/opt/ros/galactic/opt/yaml_cpp_vendor/lib:/opt/ros/galactic/opt/rviz_ogre_vendor/lib:/opt/ros/galactic/lib/x86_64-linux-gnu:/opt/ros/galactic/lib PYTHONPATH=/home/matteomaragliano/Desktop/SofAR_Assignment1/install/webots_ros2_msgs/lib/python3.8/site-packages:/home/matteomaragliano/Desktop/SofAR_Assignment1/install/webots_ros2/lib/python3.8/site-packages:/home/matteomaragliano/Desktop/SofAR_Assignment1/install/webots_ros2_universal_robot/lib/python3.8/site-packages:/home/matteomaragliano/Desktop/SofAR_Assignment1/install/webots_ros2_turtlebot/lib/python3.8/site-packages:/home/matteomaragliano/Desktop/SofAR_Assignment1/install/webots_ros2_tiago/lib/python3.8/site-packages:/home/matteomaragliano/Desktop/SofAR_Assignment1/install/webots_ros2_tests/lib/python3.8/site-packages:/home/matteomaragliano/Desktop/SofAR_Assignment1/install/webots_ros2_tesla/lib/python3.8/site-packages:/home/matteomaragliano/Desktop/SofAR_Assignment1/install/webots_ros2_mavic/lib/python3.8/site-packages:/home/matteomaragliano/Desktop/SofAR_Assignment1/install/webots_ros2_epuck/lib/python3.8/site-packages:/home/matteomaragliano/Desktop/SofAR_Assignment1/install/webots_ros2_driver/lib/python3.8/site-packages:/home/matteomaragliano/Desktop/SofAR_Assignment1/install/webots_ros2_core/lib/python3.8/site-packages:/home/matteomaragliano/Desktop/SofAR_Assignment1/install/webots_ros2_importer/lib/python3.8/site-packages:/home/matteomaragliano/Desktop/SofAR_Assignment1/install/sofar_assignment_pkg/lib/python3.8/site-packages:/home/matteomaragliano/Desktop/SofAR_Assignment1/install/assignment_pkg/lib/python3.8/site-packages:/opt/ros/galactic/lib/python3.8/site-packages /usr/bin/cmake --install /home/matteomaragliano/Desktop/SofAR_Assignment1/build/webots_ros2_driver
[1.234s] -- Install configuration: ""
[1.235s] -- Up-to-date: /home/matteomaragliano/Desktop/SofAR_Assignment1/install/webots_ros2_driver/share/webots_ros2_driver/environment/pythonpath.sh
[1.236s] -- Up-to-date: /home/matteomaragliano/Desktop/SofAR_Assignment1/install/webots_ros2_driver/share/webots_ros2_driver/environment/pythonpath.dsv
[1.236s] -- Up-to-date: /home/matteomaragliano/Desktop/SofAR_Assignment1/install/webots_ros2_driver/lib/python3.8/site-packages//webots_ros2_driver_webots.egg-info
[1.237s] -- Installing: /home/matteomaragliano/Desktop/SofAR_Assignment1/install/webots_ros2_driver/lib/python3.8/site-packages//webots_ros2_driver_webots.egg-info/PKG-INFO
[1.237s] -- Installing: /home/matteomaragliano/Desktop/SofAR_Assignment1/install/webots_ros2_driver/lib/python3.8/site-packages//webots_ros2_driver_webots.egg-info/dependency_links.txt
[1.238s] -- Installing: /home/matteomaragliano/Desktop/SofAR_Assignment1/install/webots_ros2_driver/lib/python3.8/site-packages//webots_ros2_driver_webots.egg-info/SOURCES.txt
[1.238s] -- Installing: /home/matteomaragliano/Desktop/SofAR_Assignment1/install/webots_ros2_driver/lib/python3.8/site-packages//webots_ros2_driver_webots.egg-info/top_level.txt
[1.239s] -- Up-to-date: /home/matteomaragliano/Desktop/SofAR_Assignment1/install/webots_ros2_driver/lib/python3.8/site-packages/webots_ros2_driver_webots
[1.239s] -- Up-to-date: /home/matteomaragliano/Desktop/SofAR_Assignment1/install/webots_ros2_driver/lib/python3.8/site-packages/webots_ros2_driver_webots/vehicle.py
[1.240s] -- Up-to-date: /home/matteomaragliano/Desktop/SofAR_Assignment1/install/webots_ros2_driver/lib/python3.8/site-packages/webots_ros2_driver_webots/_controller.so
[1.240s] -- Up-to-date: /home/matteomaragliano/Desktop/SofAR_Assignment1/install/webots_ros2_driver/lib/python3.8/site-packages/webots_ros2_driver_webots/_vehicle.so
[1.240s] -- Up-to-date: /home/matteomaragliano/Desktop/SofAR_Assignment1/install/webots_ros2_driver/lib/python3.8/site-packages/webots_ros2_driver_webots/__init__.py
[1.241s] -- Up-to-date: /home/matteomaragliano/Desktop/SofAR_Assignment1/install/webots_ros2_driver/lib/python3.8/site-packages/webots_ros2_driver_webots/controller.py
[1.285s] Listing '/home/matteomaragliano/Desktop/SofAR_Assignment1/install/webots_ros2_driver/lib/python3.8/site-packages/webots_ros2_driver_webots'...
[1.289s] -- Up-to-date: /home/matteomaragliano/Desktop/SofAR_Assignment1/install/webots_ros2_driver/lib/python3.8/site-packages//webots_ros2_driver.egg-info
[1.290s] -- Installing: /home/matteomaragliano/Desktop/SofAR_Assignment1/install/webots_ros2_driver/lib/python3.8/site-packages//webots_ros2_driver.egg-info/PKG-INFO
[1.290s] -- Installing: /home/matteomaragliano/Desktop/SofAR_Assignment1/install/webots_ros2_driver/lib/python3.8/site-packages//webots_ros2_driver.egg-info/dependency_links.txt
[1.291s] -- Installing: /home/matteomaragliano/Desktop/SofAR_Assignment1/install/webots_ros2_driver/lib/python3.8/site-packages//webots_ros2_driver.egg-info/SOURCES.txt
[1.291s] -- Installing: /home/matteomaragliano/Desktop/SofAR_Assignment1/install/webots_ros2_driver/lib/python3.8/site-packages//webots_ros2_driver.egg-info/top_level.txt
[1.292s] -- Up-to-date: /home/matteomaragliano/Desktop/SofAR_Assignment1/install/webots_ros2_driver/lib/python3.8/site-packages/webots_ros2_driver
[1.292s] -- Up-to-date: /home/matteomaragliano/Desktop/SofAR_Assignment1/install/webots_ros2_driver/lib/python3.8/site-packages/webots_ros2_driver/webots_launcher.py
[1.293s] -- Up-to-date: /home/matteomaragliano/Desktop/SofAR_Assignment1/install/webots_ros2_driver/lib/python3.8/site-packages/webots_ros2_driver/utils.py
[1.293s] -- Up-to-date: /home/matteomaragliano/Desktop/SofAR_Assignment1/install/webots_ros2_driver/lib/python3.8/site-packages/webots_ros2_driver/__init__.py
[1.340s] Listing '/home/matteomaragliano/Desktop/SofAR_Assignment1/install/webots_ros2_driver/lib/python3.8/site-packages/webots_ros2_driver'...
[1.344s] -- Up-to-date: /home/matteomaragliano/Desktop/SofAR_Assignment1/install/webots_ros2_driver/include
[1.345s] -- Up-to-date: /home/matteomaragliano/Desktop/SofAR_Assignment1/install/webots_ros2_driver/include/webots_ros2_driver
[1.345s] -- Up-to-date: /home/matteomaragliano/Desktop/SofAR_Assignment1/install/webots_ros2_driver/include/webots_ros2_driver/utils
[1.346s] -- Up-to-date: /home/matteomaragliano/Desktop/SofAR_Assignment1/install/webots_ros2_driver/include/webots_ros2_driver/utils/Math.hpp
[1.347s] -- Up-to-date: /home/matteomaragliano/Desktop/SofAR_Assignment1/install/webots_ros2_driver/include/webots_ros2_driver/utils/Utils.hpp
[1.348s] -- Up-to-date: /home/matteomaragliano/Desktop/SofAR_Assignment1/install/webots_ros2_driver/include/webots_ros2_driver/PluginInterface.hpp
[1.349s] -- Up-to-date: /home/matteomaragliano/Desktop/SofAR_Assignment1/install/webots_ros2_driver/include/webots_ros2_driver/plugins
[1.349s] -- Up-to-date: /home/matteomaragliano/Desktop/SofAR_Assignment1/install/webots_ros2_driver/include/webots_ros2_driver/plugins/Ros2SensorPlugin.hpp
[1.349s] -- Up-to-date: /home/matteomaragliano/Desktop/SofAR_Assignment1/install/webots_ros2_driver/include/webots_ros2_driver/plugins/static
[1.350s] -- Up-to-date: /home/matteomaragliano/Desktop/SofAR_Assignment1/install/webots_ros2_driver/include/webots_ros2_driver/plugins/static/Ros2GPS.hpp
[1.350s] -- Up-to-date: /home/matteomaragliano/Desktop/SofAR_Assignment1/install/webots_ros2_driver/include/webots_ros2_driver/plugins/static/Ros2DistanceSensor.hpp
[1.350s] -- Up-to-date: /home/matteomaragliano/Desktop/SofAR_Assignment1/install/webots_ros2_driver/include/webots_ros2_driver/plugins/static/Ros2Camera.hpp
[1.351s] -- Up-to-date: /home/matteomaragliano/Desktop/SofAR_Assignment1/install/webots_ros2_driver/include/webots_ros2_driver/plugins/static/Ros2RangeFinder.hpp
[1.352s] -- Up-to-date: /home/matteomaragliano/Desktop/SofAR_Assignment1/install/webots_ros2_driver/include/webots_ros2_driver/plugins/static/Ros2LED.hpp
[1.352s] -- Up-to-date: /home/matteomaragliano/Desktop/SofAR_Assignment1/install/webots_ros2_driver/include/webots_ros2_driver/plugins/static/Ros2LightSensor.hpp
[1.353s] -- Up-to-date: /home/matteomaragliano/Desktop/SofAR_Assignment1/install/webots_ros2_driver/include/webots_ros2_driver/plugins/static/Ros2Lidar.hpp
[1.353s] -- Up-to-date: /home/matteomaragliano/Desktop/SofAR_Assignment1/install/webots_ros2_driver/include/webots_ros2_driver/plugins/dynamic
[1.354s] -- Up-to-date: /home/matteomaragliano/Desktop/SofAR_Assignment1/install/webots_ros2_driver/include/webots_ros2_driver/plugins/dynamic/Ros2IMU.hpp
[1.354s] -- Up-to-date: /home/matteomaragliano/Desktop/SofAR_Assignment1/install/webots_ros2_driver/include/webots_ros2_driver/WebotsNode.hpp
[1.355s] -- Up-to-date: /home/matteomaragliano/Desktop/SofAR_Assignment1/install/webots_ros2_driver/include/webots_ros2_driver/PythonPlugin.hpp
[1.355s] -- Up-to-date: /home/matteomaragliano/Desktop/SofAR_Assignment1/install/webots_ros2_driver/lib/webots_ros2_driver/driver
[1.356s] -- Up-to-date: /home/matteomaragliano/Desktop/SofAR_Assignment1/install/webots_ros2_driver/include/webots/c
[1.356s] -- Up-to-date: /home/matteomaragliano/Desktop/SofAR_Assignment1/install/webots_ros2_driver/include/webots/c/webots
[1.357s] -- Up-to-date: /home/matteomaragliano/Desktop/SofAR_Assignment1/install/webots_ros2_driver/include/webots/c/webots/utils
[1.357s] -- Up-to-date: /home/matteomaragliano/Desktop/SofAR_Assignment1/install/webots_ros2_driver/include/webots/c/webots/utils/string.h
[1.358s] -- Up-to-date: /home/matteomaragliano/Desktop/SofAR_Assignment1/install/webots_ros2_driver/include/webots/c/webots/utils/system.h
[1.358s] -- Up-to-date: /home/matteomaragliano/Desktop/SofAR_Assignment1/install/webots_ros2_driver/include/webots/c/webots/utils/motion.h
[1.359s] -- Up-to-date: /home/matteomaragliano/Desktop/SofAR_Assignment1/install/webots_ros2_driver/include/webots/c/webots/utils/ansi_codes.h
[1.359s] -- Up-to-date: /home/matteomaragliano/Desktop/SofAR_Assignment1/install/webots_ros2_driver/include/webots/c/webots/inertial_unit.h
[1.360s] -- Up-to-date: /home/matteomaragliano/Desktop/SofAR_Assignment1/install/webots_ros2_driver/include/webots/c/webots/compass.h
[1.361s] -- Up-to-date: /home/matteomaragliano/Desktop/SofAR_Assignment1/install/webots_ros2_driver/include/webots/c/webots/microphone.h
[1.361s] -- Up-to-date: /home/matteomaragliano/Desktop/SofAR_Assignment1/install/webots_ros2_driver/include/webots/c/webots/motor.h
[1.362s] -- Up-to-date: /home/matteomaragliano/Desktop/SofAR_Assignment1/install/webots_ros2_driver/include/webots/c/webots/light_sensor.h
[1.362s] -- Up-to-date: /home/matteomaragliano/Desktop/SofAR_Assignment1/install/webots_ros2_driver/include/webots/c/webots/led.h
[1.363s] -- Up-to-date: /home/matteomaragliano/Desktop/SofAR_Assignment1/install/webots_ros2_driver/include/webots/c/webots/position_sensor.h
[1.364s] -- Up-to-date: /home/matteomaragliano/Desktop/SofAR_Assignment1/install/webots_ros2_driver/include/webots/c/webots/mouse_state.h
[1.364s] -- Up-to-date: /home/matteomaragliano/Desktop/SofAR_Assignment1/install/webots_ros2_driver/include/webots/c/webots/camera_recognition_object.h
[1.364s] -- Up-to-date: /home/matteomaragliano/Desktop/SofAR_Assignment1/install/webots_ros2_driver/include/webots/c/webots/radio.h
[1.365s] -- Up-to-date: /home/matteomaragliano/Desktop/SofAR_Assignment1/install/webots_ros2_driver/include/webots/c/webots/gps.h
[1.365s] -- Up-to-date: /home/matteomaragliano/Desktop/SofAR_Assignment1/install/webots_ros2_driver/include/webots/c/webots/gyro.h
[1.366s] -- Up-to-date: /home/matteomaragliano/Desktop/SofAR_Assignment1/install/webots_ros2_driver/include/webots/c/webots/pen.h
[1.366s] -- Up-to-date: /home/matteomaragliano/Desktop/SofAR_Assignment1/install/webots_ros2_driver/include/webots/c/webots/plugins
[1.367s] -- Up-to-date: /home/matteomaragliano/Desktop/SofAR_Assignment1/install/webots_ros2_driver/include/webots/c/webots/plugins/robot_window
[1.367s] -- Up-to-date: /home/matteomaragliano/Desktop/SofAR_Assignment1/install/webots_ros2_driver/include/webots/c/webots/plugins/robot_window/default.h
[1.368s] -- Up-to-date: /home/matteomaragliano/Desktop/SofAR_Assignment1/install/webots_ros2_driver/include/webots/c/webots/plugins/robot_window/robot_window.h
[1.368s] -- Up-to-date: /home/matteomaragliano/Desktop/SofAR_Assignment1/install/webots_ros2_driver/include/webots/c/webots/plugins/robot_window/robot_wwi.h
[1.369s] -- Up-to-date: /home/matteomaragliano/Desktop/SofAR_Assignment1/install/webots_ros2_driver/include/webots/c/webots/plugins/robot_window/generic_robot_window
[1.369s] -- Up-to-date: /home/matteomaragliano/Desktop/SofAR_Assignment1/install/webots_ros2_driver/include/webots/c/webots/plugins/robot_window/generic_robot_window/generic.h
[1.370s] -- Up-to-date: /home/matteomaragliano/Desktop/SofAR_Assignment1/install/webots_ros2_driver/include/webots/c/webots/joystick.h
[1.370s] -- Up-to-date: /home/matteomaragliano/Desktop/SofAR_Assignment1/install/webots_ros2_driver/include/webots/c/webots/device.h
[1.371s] -- Up-to-date: /home/matteomaragliano/Desktop/SofAR_Assignment1/install/webots_ros2_driver/include/webots/c/webots/contact_point.h
[1.371s] -- Up-to-date: /home/matteomaragliano/Desktop/SofAR_Assignment1/install/webots_ros2_driver/include/webots/c/webots/types.h
[1.372s] -- Up-to-date: /home/matteomaragliano/Desktop/SofAR_Assignment1/install/webots_ros2_driver/include/webots/c/webots/keyboard.h
[1.372s] -- Up-to-date: /home/matteomaragliano/Desktop/SofAR_Assignment1/install/webots_ros2_driver/include/webots/c/webots/altimeter.h
[1.373s] -- Up-to-date: /home/matteomaragliano/Desktop/SofAR_Assignment1/install/webots_ros2_driver/include/webots/c/webots/distance_sensor.h
[1.373s] -- Up-to-date: /home/matteomaragliano/Desktop/SofAR_Assignment1/install/webots_ros2_driver/include/webots/c/webots/emitter.h
[1.374s] -- Up-to-date: /home/matteomaragliano/Desktop/SofAR_Assignment1/install/webots_ros2_driver/include/webots/c/webots/range_finder.h
[1.374s] -- Up-to-date: /home/matteomaragliano/Desktop/SofAR_Assignment1/install/webots_ros2_driver/include/webots/c/webots/radar.h
[1.374s] -- Up-to-date: /home/matteomaragliano/Desktop/SofAR_Assignment1/install/webots_ros2_driver/include/webots/c/webots/accelerometer.h
[1.375s] -- Up-to-date: /home/matteomaragliano/Desktop/SofAR_Assignment1/install/webots_ros2_driver/include/webots/c/webots/speaker.h
[1.376s] -- Up-to-date: /home/matteomaragliano/Desktop/SofAR_Assignment1/install/webots_ros2_driver/include/webots/c/webots/console.h
[1.384s] -- Up-to-date: /home/matteomaragliano/Desktop/SofAR_Assignment1/install/webots_ros2_driver/include/webots/c/webots/vehicle
[1.384s] -- Up-to-date: /home/matteomaragliano/Desktop/SofAR_Assignment1/install/webots_ros2_driver/include/webots/c/webots/vehicle/car.h
[1.385s] -- Up-to-date: /home/matteomaragliano/Desktop/SofAR_Assignment1/install/webots_ros2_driver/include/webots/c/webots/vehicle/driver.h
[1.385s] -- Up-to-date: /home/matteomaragliano/Desktop/SofAR_Assignment1/install/webots_ros2_driver/include/webots/c/webots/lidar_point.h
[1.386s] -- Up-to-date: /home/matteomaragliano/Desktop/SofAR_Assignment1/install/webots_ros2_driver/include/webots/c/webots/receiver.h
[1.386s] -- Up-to-date: /home/matteomaragliano/Desktop/SofAR_Assignment1/install/webots_ros2_driver/include/webots/c/webots/supervisor.h
[1.386s] -- Up-to-date: /home/matteomaragliano/Desktop/SofAR_Assignment1/install/webots_ros2_driver/include/webots/c/webots/camera.h
[1.386s] -- Up-to-date: /home/matteomaragliano/Desktop/SofAR_Assignment1/install/webots_ros2_driver/include/webots/c/webots/mouse.h
[1.387s] -- Up-to-date: /home/matteomaragliano/Desktop/SofAR_Assignment1/install/webots_ros2_driver/include/webots/c/webots/display.h
[1.388s] -- Up-to-date: /home/matteomaragliano/Desktop/SofAR_Assignment1/install/webots_ros2_driver/include/webots/c/webots/nodes.h
[1.388s] -- Up-to-date: /home/matteomaragliano/Desktop/SofAR_Assignment1/install/webots_ros2_driver/include/webots/c/webots/brake.h
[1.390s] -- Up-to-date: /home/matteomaragliano/Desktop/SofAR_Assignment1/install/webots_ros2_driver/include/webots/c/webots/remote_control.h
[1.390s] -- Up-to-date: /home/matteomaragliano/Desktop/SofAR_Assignment1/install/webots_ros2_driver/include/webots/c/webots/lidar.h
[1.391s] -- Up-to-date: /home/matteomaragliano/Desktop/SofAR_Assignment1/install/webots_ros2_driver/include/webots/c/webots/radar_target.h
[1.391s] -- Up-to-date: /home/matteomaragliano/Desktop/SofAR_Assignment1/install/webots_ros2_driver/include/webots/c/webots/robot.h
[1.391s] -- Up-to-date: /home/matteomaragliano/Desktop/SofAR_Assignment1/install/webots_ros2_driver/include/webots/c/webots/connector.h
[1.391s] -- Up-to-date: /home/matteomaragliano/Desktop/SofAR_Assignment1/install/webots_ros2_driver/include/webots/c/webots/skin.h
[1.391s] -- Up-to-date: /home/matteomaragliano/Desktop/SofAR_Assignment1/install/webots_ros2_driver/include/webots/c/webots/touch_sensor.h
[1.392s] -- Up-to-date: /home/matteomaragliano/Desktop/SofAR_Assignment1/install/webots_ros2_driver/include/webots/cpp
[1.392s] -- Up-to-date: /home/matteomaragliano/Desktop/SofAR_Assignment1/install/webots_ros2_driver/include/webots/cpp/webots
[1.392s] -- Up-to-date: /home/matteomaragliano/Desktop/SofAR_Assignment1/install/webots_ros2_driver/include/webots/cpp/webots/utils
[1.393s] -- Up-to-date: /home/matteomaragliano/Desktop/SofAR_Assignment1/install/webots_ros2_driver/include/webots/cpp/webots/utils/Motion.hpp
[1.393s] -- Up-to-date: /home/matteomaragliano/Desktop/SofAR_Assignment1/install/webots_ros2_driver/include/webots/cpp/webots/utils/AnsiCodes.hpp
[1.393s] -- Up-to-date: /home/matteomaragliano/Desktop/SofAR_Assignment1/install/webots_ros2_driver/include/webots/cpp/webots/Radar.hpp
[1.394s] -- Up-to-date: /home/matteomaragliano/Desktop/SofAR_Assignment1/install/webots_ros2_driver/include/webots/cpp/webots/Node.hpp
[1.394s] -- Up-to-date: /home/matteomaragliano/Desktop/SofAR_Assignment1/install/webots_ros2_driver/include/webots/cpp/webots/Display.hpp
[1.394s] -- Up-to-date: /home/matteomaragliano/Desktop/SofAR_Assignment1/install/webots_ros2_driver/include/webots/cpp/webots/Field.hpp
[1.395s] -- Up-to-date: /home/matteomaragliano/Desktop/SofAR_Assignment1/install/webots_ros2_driver/include/webots/cpp/webots/Skin.hpp
[1.395s] -- Up-to-date: /home/matteomaragliano/Desktop/SofAR_Assignment1/install/webots_ros2_driver/include/webots/cpp/webots/InertialUnit.hpp
[1.396s] -- Up-to-date: /home/matteomaragliano/Desktop/SofAR_Assignment1/install/webots_ros2_driver/include/webots/cpp/webots/Camera.hpp
[1.396s] -- Up-to-date: /home/matteomaragliano/Desktop/SofAR_Assignment1/install/webots_ros2_driver/include/webots/cpp/webots/Joystick.hpp
[1.396s] -- Up-to-date: /home/matteomaragliano/Desktop/SofAR_Assignment1/install/webots_ros2_driver/include/webots/cpp/webots/Receiver.hpp
[1.396s] -- Up-to-date: /home/matteomaragliano/Desktop/SofAR_Assignment1/install/webots_ros2_driver/include/webots/cpp/webots/Brake.hpp
[1.397s] -- Up-to-date: /home/matteomaragliano/Desktop/SofAR_Assignment1/install/webots_ros2_driver/include/webots/cpp/webots/LED.hpp
[1.398s] -- Up-to-date: /home/matteomaragliano/Desktop/SofAR_Assignment1/install/webots_ros2_driver/include/webots/cpp/webots/Connector.hpp
[1.399s] -- Up-to-date: /home/matteomaragliano/Desktop/SofAR_Assignment1/install/webots_ros2_driver/include/webots/cpp/webots/Pen.hpp
[1.399s] -- Up-to-date: /home/matteomaragliano/Desktop/SofAR_Assignment1/install/webots_ros2_driver/include/webots/cpp/webots/Robot.hpp
[1.401s] -- Up-to-date: /home/matteomaragliano/Desktop/SofAR_Assignment1/install/webots_ros2_driver/include/webots/cpp/webots/RangeFinder.hpp
[1.402s] -- Up-to-date: /home/matteomaragliano/Desktop/SofAR_Assignment1/install/webots_ros2_driver/include/webots/cpp/webots/Mouse.hpp
[1.402s] -- Up-to-date: /home/matteomaragliano/Desktop/SofAR_Assignment1/install/webots_ros2_driver/include/webots/cpp/webots/Compass.hpp
[1.402s] -- Up-to-date: /home/matteomaragliano/Desktop/SofAR_Assignment1/install/webots_ros2_driver/include/webots/cpp/webots/LightSensor.hpp
[1.402s] -- Up-to-date: /home/matteomaragliano/Desktop/SofAR_Assignment1/install/webots_ros2_driver/include/webots/cpp/webots/Lidar.hpp
[1.402s] -- Up-to-date: /home/matteomaragliano/Desktop/SofAR_Assignment1/install/webots_ros2_driver/include/webots/cpp/webots/Supervisor.hpp
[1.402s] -- Up-to-date: /home/matteomaragliano/Desktop/SofAR_Assignment1/install/webots_ros2_driver/include/webots/cpp/webots/vehicle
[1.404s] -- Up-to-date: /home/matteomaragliano/Desktop/SofAR_Assignment1/install/webots_ros2_driver/include/webots/cpp/webots/vehicle/Driver.hpp
[1.404s] -- Up-to-date: /home/matteomaragliano/Desktop/SofAR_Assignment1/install/webots_ros2_driver/include/webots/cpp/webots/vehicle/Car.hpp
[1.404s] -- Up-to-date: /home/matteomaragliano/Desktop/SofAR_Assignment1/install/webots_ros2_driver/include/webots/cpp/webots/DistanceSensor.hpp
[1.404s] -- Up-to-date: /home/matteomaragliano/Desktop/SofAR_Assignment1/install/webots_ros2_driver/include/webots/cpp/webots/PositionSensor.hpp
[1.404s] -- Up-to-date: /home/matteomaragliano/Desktop/SofAR_Assignment1/install/webots_ros2_driver/include/webots/cpp/webots/GPS.hpp
[1.405s] -- Up-to-date: /home/matteomaragliano/Desktop/SofAR_Assignment1/install/webots_ros2_driver/include/webots/cpp/webots/Device.hpp
[1.405s] -- Up-to-date: /home/matteomaragliano/Desktop/SofAR_Assignment1/install/webots_ros2_driver/include/webots/cpp/webots/Gyro.hpp
[1.405s] -- Up-to-date: /home/matteomaragliano/Desktop/SofAR_Assignment1/install/webots_ros2_driver/include/webots/cpp/webots/Emitter.hpp
[1.406s] -- Up-to-date: /home/matteomaragliano/Desktop/SofAR_Assignment1/install/webots_ros2_driver/include/webots/cpp/webots/Accelerometer.hpp
[1.407s] -- Up-to-date: /home/matteomaragliano/Desktop/SofAR_Assignment1/install/webots_ros2_driver/include/webots/cpp/webots/TouchSensor.hpp
[1.407s] -- Up-to-date: /home/matteomaragliano/Desktop/SofAR_Assignment1/install/webots_ros2_driver/include/webots/cpp/webots/Altimeter.hpp
[1.407s] -- Up-to-date: /home/matteomaragliano/Desktop/SofAR_Assignment1/install/webots_ros2_driver/include/webots/cpp/webots/ImageRef.hpp
[1.407s] -- Up-to-date: /home/matteomaragliano/Desktop/SofAR_Assignment1/install/webots_ros2_driver/include/webots/cpp/webots/Speaker.hpp
[1.408s] -- Up-to-date: /home/matteomaragliano/Desktop/SofAR_Assignment1/install/webots_ros2_driver/include/webots/cpp/webots/Motor.hpp
[1.411s] -- Up-to-date: /home/matteomaragliano/Desktop/SofAR_Assignment1/install/webots_ros2_driver/include/webots/cpp/webots/Keyboard.hpp
[1.411s] -- Up-to-date: /home/matteomaragliano/Desktop/SofAR_Assignment1/install/webots_ros2_driver/lib/libwebots_ros2_driver_imu.so
[1.411s] -- Up-to-date: /home/matteomaragliano/Desktop/SofAR_Assignment1/install/webots_ros2_driver/lib
[1.412s] -- Up-to-date: /home/matteomaragliano/Desktop/SofAR_Assignment1/install/webots_ros2_driver/lib/libCppDriver.so
[1.413s] -- Up-to-date: /home/matteomaragliano/Desktop/SofAR_Assignment1/install/webots_ros2_driver/lib/libCppController.so
[1.413s] -- Up-to-date: /home/matteomaragliano/Desktop/SofAR_Assignment1/install/webots_ros2_driver/lib/libcar.so
[1.413s] -- Up-to-date: /home/matteomaragliano/Desktop/SofAR_Assignment1/install/webots_ros2_driver/lib/libdriver.so
[1.413s] -- Up-to-date: /home/matteomaragliano/Desktop/SofAR_Assignment1/install/webots_ros2_driver/lib/libCppCar.so
[1.413s] -- Up-to-date: /home/matteomaragliano/Desktop/SofAR_Assignment1/install/webots_ros2_driver/lib/libController.so
[1.414s] -- Up-to-date: /home/matteomaragliano/Desktop/SofAR_Assignment1/install/webots_ros2_driver/share/webots_ros2_driver/webots_ros2_imu.xml
[1.415s] -- Up-to-date: /home/matteomaragliano/Desktop/SofAR_Assignment1/install/webots_ros2_driver/share/webots_ros2_driver/environment/library_path.sh
[1.415s] -- Up-to-date: /home/matteomaragliano/Desktop/SofAR_Assignment1/install/webots_ros2_driver/share/webots_ros2_driver/environment/library_path.dsv
[1.415s] -- Up-to-date: /home/matteomaragliano/Desktop/SofAR_Assignment1/install/webots_ros2_driver/share/ament_index/resource_index/package_run_dependencies/webots_ros2_driver
[1.415s] -- Up-to-date: /home/matteomaragliano/Desktop/SofAR_Assignment1/install/webots_ros2_driver/share/ament_index/resource_index/parent_prefix_path/webots_ros2_driver
[1.416s] -- Up-to-date: /home/matteomaragliano/Desktop/SofAR_Assignment1/install/webots_ros2_driver/share/webots_ros2_driver/environment/ament_prefix_path.sh
[1.416s] -- Up-to-date: /home/matteomaragliano/Desktop/SofAR_Assignment1/install/webots_ros2_driver/share/webots_ros2_driver/environment/ament_prefix_path.dsv
[1.416s] -- Up-to-date: /home/matteomaragliano/Desktop/SofAR_Assignment1/install/webots_ros2_driver/share/webots_ros2_driver/environment/path.sh
[1.417s] -- Up-to-date: /home/matteomaragliano/Desktop/SofAR_Assignment1/install/webots_ros2_driver/share/webots_ros2_driver/environment/path.dsv
[1.417s] -- Up-to-date: /home/matteomaragliano/Desktop/SofAR_Assignment1/install/webots_ros2_driver/share/webots_ros2_driver/local_setup.bash
[1.417s] -- Up-to-date: /home/matteomaragliano/Desktop/SofAR_Assignment1/install/webots_ros2_driver/share/webots_ros2_driver/local_setup.sh
[1.418s] -- Up-to-date: /home/matteomaragliano/Desktop/SofAR_Assignment1/install/webots_ros2_driver/share/webots_ros2_driver/local_setup.zsh
[1.418s] -- Up-to-date: /home/matteomaragliano/Desktop/SofAR_Assignment1/install/webots_ros2_driver/share/webots_ros2_driver/local_setup.dsv
[1.420s] -- Installing: /home/matteomaragliano/Desktop/SofAR_Assignment1/install/webots_ros2_driver/share/webots_ros2_driver/package.dsv
[1.421s] -- Up-to-date: /home/matteomaragliano/Desktop/SofAR_Assignment1/install/webots_ros2_driver/share/ament_index/resource_index/packages/webots_ros2_driver
[1.421s] -- Up-to-date: /home/matteomaragliano/Desktop/SofAR_Assignment1/install/webots_ros2_driver/share/ament_index/resource_index/webots_ros2_driver__pluginlib__plugin/webots_ros2_driver
[1.421s] -- Up-to-date: /home/matteomaragliano/Desktop/SofAR_Assignment1/install/webots_ros2_driver/share/webots_ros2_driver/cmake/ament_cmake_export_include_directories-extras.cmake
[1.421s] -- Up-to-date: /home/matteomaragliano/Desktop/SofAR_Assignment1/install/webots_ros2_driver/share/webots_ros2_driver/cmake/ament_cmake_export_dependencies-extras.cmake
[1.421s] -- Up-to-date: /home/matteomaragliano/Desktop/SofAR_Assignment1/install/webots_ros2_driver/share/webots_ros2_driver/cmake/ament_cmake_export_libraries-extras.cmake
[1.422s] -- Up-to-date: /home/matteomaragliano/Desktop/SofAR_Assignment1/install/webots_ros2_driver/share/webots_ros2_driver/cmake/webots_ros2_driverConfig.cmake
[1.422s] -- Up-to-date: /home/matteomaragliano/Desktop/SofAR_Assignment1/install/webots_ros2_driver/share/webots_ros2_driver/cmake/webots_ros2_driverConfig-version.cmake
[1.422s] -- Up-to-date: /home/matteomaragliano/Desktop/SofAR_Assignment1/install/webots_ros2_driver/share/webots_ros2_driver/package.xml
[1.422s] Invoked command in '/home/matteomaragliano/Desktop/SofAR_Assignment1/build/webots_ros2_driver' returned '0': CMAKE_PREFIX_PATH=/home/matteomaragliano/Desktop/SofAR_Assignment1/install/webots_ros2_msgs:/home/matteomaragliano/Desktop/SofAR_Assignment1/install/webots_ros2_control:/home/matteomaragliano/Desktop/SofAR_Assignment1/install/webots_ros2_driver:/home/matteomaragliano/Desktop/SofAR_Assignment1/install/webots_ros2:/home/matteomaragliano/Desktop/SofAR_Assignment1/install/webots_ros2_universal_robot:/home/matteomaragliano/Desktop/SofAR_Assignment1/install/webots_ros2_turtlebot:/home/matteomaragliano/Desktop/SofAR_Assignment1/install/webots_ros2_tiago:/home/matteomaragliano/Desktop/SofAR_Assignment1/install/webots_ros2_tests:/home/matteomaragliano/Desktop/SofAR_Assignment1/install/webots_ros2_tesla:/home/matteomaragliano/Desktop/SofAR_Assignment1/install/webots_ros2_mavic:/home/matteomaragliano/Desktop/SofAR_Assignment1/install/webots_ros2_epuck:/home/matteomaragliano/Desktop/SofAR_Assignment1/install/webots_ros2_core:/home/matteomaragliano/Desktop/SofAR_Assignment1/install/webots_ros2_importer:/home/matteomaragliano/Desktop/SofAR_Assignment1/install/sofar_assignment_pkg:/home/matteomaragliano/Desktop/SofAR_Assignment1/install/assignment_pkg:/opt/ros/galactic LD_LIBRARY_PATH=/home/matteomaragliano/Desktop/SofAR_Assignment1/install/webots_ros2_msgs/lib:/home/matteomaragliano/Desktop/SofAR_Assignment1/install/webots_ros2_control/lib:/home/matteomaragliano/Desktop/SofAR_Assignment1/install/webots_ros2_driver/lib:/usr/lib/x86_64-linux-gnu/gazebo-11/plugins:/opt/ros/galactic/opt/yaml_cpp_vendor/lib:/opt/ros/galactic/opt/rviz_ogre_vendor/lib:/opt/ros/galactic/lib/x86_64-linux-gnu:/opt/ros/galactic/lib PYTHONPATH=/home/matteomaragliano/Desktop/SofAR_Assignment1/install/webots_ros2_msgs/lib/python3.8/site-packages:/home/matteomaragliano/Desktop/SofAR_Assignment1/install/webots_ros2/lib/python3.8/site-packages:/home/matteomaragliano/Desktop/SofAR_Assignment1/install/webots_ros2_universal_robot/lib/python3.8/site-packages:/home/matteomaragliano/Desktop/SofAR_Assignment1/install/webots_ros2_turtlebot/lib/python3.8/site-packages:/home/matteomaragliano/Desktop/SofAR_Assignment1/install/webots_ros2_tiago/lib/python3.8/site-packages:/home/matteomaragliano/Desktop/SofAR_Assignment1/install/webots_ros2_tests/lib/python3.8/site-packages:/home/matteomaragliano/Desktop/SofAR_Assignment1/install/webots_ros2_tesla/lib/python3.8/site-packages:/home/matteomaragliano/Desktop/SofAR_Assignment1/install/webots_ros2_mavic/lib/python3.8/site-packages:/home/matteomaragliano/Desktop/SofAR_Assignment1/install/webots_ros2_epuck/lib/python3.8/site-packages:/home/matteomaragliano/Desktop/SofAR_Assignment1/install/webots_ros2_driver/lib/python3.8/site-packages:/home/matteomaragliano/Desktop/SofAR_Assignment1/install/webots_ros2_core/lib/python3.8/site-packages:/home/matteomaragliano/Desktop/SofAR_Assignment1/install/webots_ros2_importer/lib/python3.8/site-packages:/home/matteomaragliano/Desktop/SofAR_Assignment1/install/sofar_assignment_pkg/lib/python3.8/site-packages:/home/matteomaragliano/Desktop/SofAR_Assignment1/install/assignment_pkg/lib/python3.8/site-packages:/opt/ros/galactic/lib/python3.8/site-packages /usr/bin/cmake --install /home/matteomaragliano/Desktop/SofAR_Assignment1/build/webots_ros2_driver
