[0.819s] Invoking command in '/home/matteomaragliano/Desktop/SofAR_Assignment1/src/assignment_ws': PYTHONPATH=/home/matteomaragliano/Desktop/SofAR_Assignment1/install/assignment_pkg/lib/python3.8/site-packages:${PYTHONPATH} /usr/bin/python3 setup.py egg_info --egg-base ../../build/assignment_pkg build --build-base /home/matteomaragliano/Desktop/SofAR_Assignment1/build/assignment_pkg/build install --prefix /home/matteomaragliano/Desktop/SofAR_Assignment1/install/assignment_pkg --record /home/matteomaragliano/Desktop/SofAR_Assignment1/build/assignment_pkg/install.log --single-version-externally-managed
[1.099s] running egg_info
[1.099s] writing ../../build/assignment_pkg/assignment_pkg.egg-info/PKG-INFO
[1.100s] writing dependency_links to ../../build/assignment_pkg/assignment_pkg.egg-info/dependency_links.txt
[1.100s] writing entry points to ../../build/assignment_pkg/assignment_pkg.egg-info/entry_points.txt
[1.101s] writing requirements to ../../build/assignment_pkg/assignment_pkg.egg-info/requires.txt
[1.101s] writing top-level names to ../../build/assignment_pkg/assignment_pkg.egg-info/top_level.txt
[1.150s] reading manifest file '../../build/assignment_pkg/assignment_pkg.egg-info/SOURCES.txt'
[1.151s] writing manifest file '../../build/assignment_pkg/assignment_pkg.egg-info/SOURCES.txt'
[1.151s] running build
[1.151s] running build_py
[1.151s] running install
[1.152s] running install_lib
[1.154s] running install_data
[1.154s] running install_egg_info
[1.156s] removing '/home/matteomaragliano/Desktop/SofAR_Assignment1/install/assignment_pkg/lib/python3.8/site-packages/assignment_pkg-0.0.0-py3.8.egg-info' (and everything under it)
[1.156s] Copying ../../build/assignment_pkg/assignment_pkg.egg-info to /home/matteomaragliano/Desktop/SofAR_Assignment1/install/assignment_pkg/lib/python3.8/site-packages/assignment_pkg-0.0.0-py3.8.egg-info
[1.157s] running install_scripts
[1.177s] Installing controller script to /home/matteomaragliano/Desktop/SofAR_Assignment1/install/assignment_pkg/lib/assignment_pkg
[1.178s] writing list of installed files to '/home/matteomaragliano/Desktop/SofAR_Assignment1/build/assignment_pkg/install.log'
[1.200s] Invoked command in '/home/matteomaragliano/Desktop/SofAR_Assignment1/src/assignment_ws' returned '0': PYTHONPATH=/home/matteomaragliano/Desktop/SofAR_Assignment1/install/assignment_pkg/lib/python3.8/site-packages:${PYTHONPATH} /usr/bin/python3 setup.py egg_info --egg-base ../../build/assignment_pkg build --build-base /home/matteomaragliano/Desktop/SofAR_Assignment1/build/assignment_pkg/build install --prefix /home/matteomaragliano/Desktop/SofAR_Assignment1/install/assignment_pkg --record /home/matteomaragliano/Desktop/SofAR_Assignment1/build/assignment_pkg/install.log --single-version-externally-managed
