[0.084s] Invoking command in '/home/matteomaragliano/Desktop/SofAR_Assignment1/build/webots_ros2_control': AMENT_PREFIX_PATH=/home/matteomaragliano/Desktop/SofAR_Assignment1/install/webots_ros2_driver:/home/matteomaragliano/Desktop/SofAR_Assignment1/install/webots_ros2_msgs:${AMENT_PREFIX_PATH} CMAKE_PREFIX_PATH=/home/matteomaragliano/Desktop/SofAR_Assignment1/install/webots_ros2_driver:/home/matteomaragliano/Desktop/SofAR_Assignment1/install/webots_ros2_msgs:/home/matteomaragliano/Desktop/SofAR_Assignment1/install/sofar_assignment_pkg:/home/matteomaragliano/Desktop/SofAR_Assignment1/install/assignment_pkg:/opt/ros/galactic LD_LIBRARY_PATH=/home/matteomaragliano/Desktop/SofAR_Assignment1/install/webots_ros2_driver/lib:/home/matteomaragliano/Desktop/SofAR_Assignment1/install/webots_ros2_msgs/lib:${LD_LIBRARY_PATH} PYTHONPATH=/home/matteomaragliano/Desktop/SofAR_Assignment1/install/webots_ros2_driver/lib/python3.8/site-packages:/home/matteomaragliano/Desktop/SofAR_Assignment1/install/webots_ros2_msgs/lib/python3.8/site-packages:${PYTHONPATH} /usr/bin/cmake /home/matteomaragliano/Desktop/SofAR_Assignment1/src/webots_ros2/webots_ros2_control -DCMAKE_INSTALL_PREFIX=/home/matteomaragliano/Desktop/SofAR_Assignment1/install/webots_ros2_control
[0.372s] -- The C compiler identification is GNU 9.4.0
[0.448s] -- The CXX compiler identification is GNU 9.4.0
[0.467s] -- Check for working C compiler: /usr/bin/cc
[0.555s] -- Check for working C compiler: /usr/bin/cc -- works
[0.560s] -- Detecting C compiler ABI info
[0.650s] -- Detecting C compiler ABI info - done
[0.663s] -- Detecting C compile features
[0.664s] -- Detecting C compile features - done
[0.671s] -- Check for working CXX compiler: /usr/bin/c++
[0.762s] -- Check for working CXX compiler: /usr/bin/c++ -- works
[0.763s] -- Detecting CXX compiler ABI info
[0.862s] -- Detecting CXX compiler ABI info - done
[0.875s] -- Detecting CXX compile features
[0.876s] -- Detecting CXX compile features - done
[0.909s] -- Found ament_cmake: 1.1.5 (/opt/ros/galactic/share/ament_cmake/cmake)
[0.955s] -- Found PythonInterp: /usr/bin/python3 (found suitable version "3.8.10", minimum required is "3") 
[0.955s] -- Using PYTHON_EXECUTABLE: /usr/bin/python3
[1.112s] -- Found hardware_interface: 1.5.0 (/opt/ros/galactic/share/hardware_interface/cmake)
[1.198s] -- Using all available rosidl_typesupport_c: rosidl_typesupport_fastrtps_c;rosidl_typesupport_introspection_c
[1.220s] -- Found rosidl_adapter: 2.2.2 (/opt/ros/galactic/share/rosidl_adapter/cmake)
[1.395s] -- Found OpenSSL: /usr/lib/x86_64-linux-gnu/libcrypto.so (found version "1.1.1f")  
[1.437s] -- Found FastRTPS: /opt/ros/galactic/include  
[1.586s] -- Using all available rosidl_typesupport_cpp: rosidl_typesupport_fastrtps_cpp;rosidl_typesupport_introspection_cpp
[2.555s] -- Found rmw_implementation_cmake: 3.3.1 (/opt/ros/galactic/share/rmw_implementation_cmake/cmake)
[2.565s] -- Found rmw_cyclonedds_cpp: 0.22.5 (/opt/ros/galactic/share/rmw_cyclonedds_cpp/cmake)
[2.604s] -- Using RMW implementation 'rmw_cyclonedds_cpp' as default
[2.609s] -- Looking for pthread.h
[2.694s] -- Looking for pthread.h - found
[2.694s] -- Performing Test CMAKE_HAVE_LIBC_PTHREAD
[2.787s] -- Performing Test CMAKE_HAVE_LIBC_PTHREAD - Failed
[2.787s] -- Looking for pthread_create in pthreads
[2.863s] -- Looking for pthread_create in pthreads - not found
[2.863s] -- Looking for pthread_create in pthread
[2.955s] -- Looking for pthread_create in pthread - found
[2.956s] -- Found Threads: TRUE  
[3.288s] -- Found controller_manager: 1.5.0 (/opt/ros/galactic/share/controller_manager/cmake)
[3.621s] -- Found webots_ros2_driver: 1.2.2 (/home/matteomaragliano/Desktop/SofAR_Assignment1/install/webots_ros2_driver/share/webots_ros2_driver/cmake)
[5.292s] -- Configuring done
[5.434s] -- Generating done
[5.437s] -- Build files have been written to: /home/matteomaragliano/Desktop/SofAR_Assignment1/build/webots_ros2_control
[5.454s] Invoked command in '/home/matteomaragliano/Desktop/SofAR_Assignment1/build/webots_ros2_control' returned '0': AMENT_PREFIX_PATH=/home/matteomaragliano/Desktop/SofAR_Assignment1/install/webots_ros2_driver:/home/matteomaragliano/Desktop/SofAR_Assignment1/install/webots_ros2_msgs:${AMENT_PREFIX_PATH} CMAKE_PREFIX_PATH=/home/matteomaragliano/Desktop/SofAR_Assignment1/install/webots_ros2_driver:/home/matteomaragliano/Desktop/SofAR_Assignment1/install/webots_ros2_msgs:/home/matteomaragliano/Desktop/SofAR_Assignment1/install/sofar_assignment_pkg:/home/matteomaragliano/Desktop/SofAR_Assignment1/install/assignment_pkg:/opt/ros/galactic LD_LIBRARY_PATH=/home/matteomaragliano/Desktop/SofAR_Assignment1/install/webots_ros2_driver/lib:/home/matteomaragliano/Desktop/SofAR_Assignment1/install/webots_ros2_msgs/lib:${LD_LIBRARY_PATH} PYTHONPATH=/home/matteomaragliano/Desktop/SofAR_Assignment1/install/webots_ros2_driver/lib/python3.8/site-packages:/home/matteomaragliano/Desktop/SofAR_Assignment1/install/webots_ros2_msgs/lib/python3.8/site-packages:${PYTHONPATH} /usr/bin/cmake /home/matteomaragliano/Desktop/SofAR_Assignment1/src/webots_ros2/webots_ros2_control -DCMAKE_INSTALL_PREFIX=/home/matteomaragliano/Desktop/SofAR_Assignment1/install/webots_ros2_control
[5.456s] Invoking command in '/home/matteomaragliano/Desktop/SofAR_Assignment1/build/webots_ros2_control': AMENT_PREFIX_PATH=/home/matteomaragliano/Desktop/SofAR_Assignment1/install/webots_ros2_driver:/home/matteomaragliano/Desktop/SofAR_Assignment1/install/webots_ros2_msgs:${AMENT_PREFIX_PATH} CMAKE_PREFIX_PATH=/home/matteomaragliano/Desktop/SofAR_Assignment1/install/webots_ros2_driver:/home/matteomaragliano/Desktop/SofAR_Assignment1/install/webots_ros2_msgs:/home/matteomaragliano/Desktop/SofAR_Assignment1/install/sofar_assignment_pkg:/home/matteomaragliano/Desktop/SofAR_Assignment1/install/assignment_pkg:/opt/ros/galactic LD_LIBRARY_PATH=/home/matteomaragliano/Desktop/SofAR_Assignment1/install/webots_ros2_driver/lib:/home/matteomaragliano/Desktop/SofAR_Assignment1/install/webots_ros2_msgs/lib:${LD_LIBRARY_PATH} PYTHONPATH=/home/matteomaragliano/Desktop/SofAR_Assignment1/install/webots_ros2_driver/lib/python3.8/site-packages:/home/matteomaragliano/Desktop/SofAR_Assignment1/install/webots_ros2_msgs/lib/python3.8/site-packages:${PYTHONPATH} /usr/bin/cmake --build /home/matteomaragliano/Desktop/SofAR_Assignment1/build/webots_ros2_control -- -j2 -l2
[5.506s] [35m[1mScanning dependencies of target webots_ros2_control_system[0m
[5.506s] [35m[1mScanning dependencies of target webots_ros2_control[0m
[5.621s] [ 25%] [32mBuilding CXX object CMakeFiles/webots_ros2_control_system.dir/src/Ros2ControlSystem.cpp.o[0m
[5.719s] [ 50%] [32mBuilding CXX object CMakeFiles/webots_ros2_control.dir/src/Ros2Control.cpp.o[0m
[10.092s] [ 75%] [32m[1mLinking CXX shared library libwebots_ros2_control_system.so[0m
[10.315s] [ 75%] Built target webots_ros2_control_system
[12.382s] [100%] [32m[1mLinking CXX shared library libwebots_ros2_control.so[0m
[12.759s] [100%] Built target webots_ros2_control
[12.775s] Invoked command in '/home/matteomaragliano/Desktop/SofAR_Assignment1/build/webots_ros2_control' returned '0': AMENT_PREFIX_PATH=/home/matteomaragliano/Desktop/SofAR_Assignment1/install/webots_ros2_driver:/home/matteomaragliano/Desktop/SofAR_Assignment1/install/webots_ros2_msgs:${AMENT_PREFIX_PATH} CMAKE_PREFIX_PATH=/home/matteomaragliano/Desktop/SofAR_Assignment1/install/webots_ros2_driver:/home/matteomaragliano/Desktop/SofAR_Assignment1/install/webots_ros2_msgs:/home/matteomaragliano/Desktop/SofAR_Assignment1/install/sofar_assignment_pkg:/home/matteomaragliano/Desktop/SofAR_Assignment1/install/assignment_pkg:/opt/ros/galactic LD_LIBRARY_PATH=/home/matteomaragliano/Desktop/SofAR_Assignment1/install/webots_ros2_driver/lib:/home/matteomaragliano/Desktop/SofAR_Assignment1/install/webots_ros2_msgs/lib:${LD_LIBRARY_PATH} PYTHONPATH=/home/matteomaragliano/Desktop/SofAR_Assignment1/install/webots_ros2_driver/lib/python3.8/site-packages:/home/matteomaragliano/Desktop/SofAR_Assignment1/install/webots_ros2_msgs/lib/python3.8/site-packages:${PYTHONPATH} /usr/bin/cmake --build /home/matteomaragliano/Desktop/SofAR_Assignment1/build/webots_ros2_control -- -j2 -l2
[12.809s] Invoking command in '/home/matteomaragliano/Desktop/SofAR_Assignment1/build/webots_ros2_control': AMENT_PREFIX_PATH=/home/matteomaragliano/Desktop/SofAR_Assignment1/install/webots_ros2_driver:/home/matteomaragliano/Desktop/SofAR_Assignment1/install/webots_ros2_msgs:${AMENT_PREFIX_PATH} CMAKE_PREFIX_PATH=/home/matteomaragliano/Desktop/SofAR_Assignment1/install/webots_ros2_driver:/home/matteomaragliano/Desktop/SofAR_Assignment1/install/webots_ros2_msgs:/home/matteomaragliano/Desktop/SofAR_Assignment1/install/sofar_assignment_pkg:/home/matteomaragliano/Desktop/SofAR_Assignment1/install/assignment_pkg:/opt/ros/galactic LD_LIBRARY_PATH=/home/matteomaragliano/Desktop/SofAR_Assignment1/install/webots_ros2_driver/lib:/home/matteomaragliano/Desktop/SofAR_Assignment1/install/webots_ros2_msgs/lib:${LD_LIBRARY_PATH} PYTHONPATH=/home/matteomaragliano/Desktop/SofAR_Assignment1/install/webots_ros2_driver/lib/python3.8/site-packages:/home/matteomaragliano/Desktop/SofAR_Assignment1/install/webots_ros2_msgs/lib/python3.8/site-packages:${PYTHONPATH} /usr/bin/cmake --install /home/matteomaragliano/Desktop/SofAR_Assignment1/build/webots_ros2_control
[12.819s] -- Install configuration: ""
[12.820s] -- Installing: /home/matteomaragliano/Desktop/SofAR_Assignment1/install/webots_ros2_control/share/webots_ros2_control/webots_ros2_control.xml
[12.820s] -- Installing: /home/matteomaragliano/Desktop/SofAR_Assignment1/install/webots_ros2_control/share/webots_ros2_control/webots_ros2_control_system.xml
[12.823s] -- Installing: /home/matteomaragliano/Desktop/SofAR_Assignment1/install/webots_ros2_control/lib/libwebots_ros2_control.so
[12.824s] -- Set runtime path of "/home/matteomaragliano/Desktop/SofAR_Assignment1/install/webots_ros2_control/lib/libwebots_ros2_control.so" to ""
[12.825s] -- Installing: /home/matteomaragliano/Desktop/SofAR_Assignment1/install/webots_ros2_control/lib/libwebots_ros2_control_system.so
[12.825s] -- Set runtime path of "/home/matteomaragliano/Desktop/SofAR_Assignment1/install/webots_ros2_control/lib/libwebots_ros2_control_system.so" to ""
[12.826s] -- Installing: /home/matteomaragliano/Desktop/SofAR_Assignment1/install/webots_ros2_control/include
[12.826s] -- Installing: /home/matteomaragliano/Desktop/SofAR_Assignment1/install/webots_ros2_control/include/webots_ros2_control
[12.826s] -- Installing: /home/matteomaragliano/Desktop/SofAR_Assignment1/install/webots_ros2_control/include/webots_ros2_control/Ros2Control.hpp
[12.827s] -- Installing: /home/matteomaragliano/Desktop/SofAR_Assignment1/install/webots_ros2_control/include/webots_ros2_control/Ros2ControlSystemInterface.hpp
[12.827s] -- Installing: /home/matteomaragliano/Desktop/SofAR_Assignment1/install/webots_ros2_control/include/webots_ros2_control/Ros2ControlSystem.hpp
[12.827s] -- Installing: /home/matteomaragliano/Desktop/SofAR_Assignment1/install/webots_ros2_control/share/webots_ros2_control/environment/library_path.sh
[12.827s] -- Installing: /home/matteomaragliano/Desktop/SofAR_Assignment1/install/webots_ros2_control/share/webots_ros2_control/environment/library_path.dsv
[12.827s] -- Installing: /home/matteomaragliano/Desktop/SofAR_Assignment1/install/webots_ros2_control/share/ament_index/resource_index/package_run_dependencies/webots_ros2_control
[12.828s] -- Installing: /home/matteomaragliano/Desktop/SofAR_Assignment1/install/webots_ros2_control/share/ament_index/resource_index/parent_prefix_path/webots_ros2_control
[12.828s] -- Installing: /home/matteomaragliano/Desktop/SofAR_Assignment1/install/webots_ros2_control/share/webots_ros2_control/environment/ament_prefix_path.sh
[12.828s] -- Installing: /home/matteomaragliano/Desktop/SofAR_Assignment1/install/webots_ros2_control/share/webots_ros2_control/environment/ament_prefix_path.dsv
[12.828s] -- Installing: /home/matteomaragliano/Desktop/SofAR_Assignment1/install/webots_ros2_control/share/webots_ros2_control/environment/path.sh
[12.829s] -- Installing: /home/matteomaragliano/Desktop/SofAR_Assignment1/install/webots_ros2_control/share/webots_ros2_control/environment/path.dsv
[12.829s] -- Installing: /home/matteomaragliano/Desktop/SofAR_Assignment1/install/webots_ros2_control/share/webots_ros2_control/local_setup.bash
[12.830s] -- Installing: /home/matteomaragliano/Desktop/SofAR_Assignment1/install/webots_ros2_control/share/webots_ros2_control/local_setup.sh
[12.830s] -- Installing: /home/matteomaragliano/Desktop/SofAR_Assignment1/install/webots_ros2_control/share/webots_ros2_control/local_setup.zsh
[12.830s] -- Installing: /home/matteomaragliano/Desktop/SofAR_Assignment1/install/webots_ros2_control/share/webots_ros2_control/local_setup.dsv
[12.830s] -- Installing: /home/matteomaragliano/Desktop/SofAR_Assignment1/install/webots_ros2_control/share/webots_ros2_control/package.dsv
[12.830s] -- Installing: /home/matteomaragliano/Desktop/SofAR_Assignment1/install/webots_ros2_control/share/ament_index/resource_index/packages/webots_ros2_control
[12.831s] -- Installing: /home/matteomaragliano/Desktop/SofAR_Assignment1/install/webots_ros2_control/share/ament_index/resource_index/webots_ros2_driver__pluginlib__plugin/webots_ros2_control
[12.831s] -- Installing: /home/matteomaragliano/Desktop/SofAR_Assignment1/install/webots_ros2_control/share/ament_index/resource_index/webots_ros2_control__pluginlib__plugin/webots_ros2_control
[12.831s] -- Installing: /home/matteomaragliano/Desktop/SofAR_Assignment1/install/webots_ros2_control/share/webots_ros2_control/cmake/ament_cmake_export_include_directories-extras.cmake
[12.832s] -- Installing: /home/matteomaragliano/Desktop/SofAR_Assignment1/install/webots_ros2_control/share/webots_ros2_control/cmake/ament_cmake_export_dependencies-extras.cmake
[12.832s] -- Installing: /home/matteomaragliano/Desktop/SofAR_Assignment1/install/webots_ros2_control/share/webots_ros2_control/cmake/ament_cmake_export_libraries-extras.cmake
[12.832s] -- Installing: /home/matteomaragliano/Desktop/SofAR_Assignment1/install/webots_ros2_control/share/webots_ros2_control/cmake/webots_ros2_controlConfig.cmake
[12.832s] -- Installing: /home/matteomaragliano/Desktop/SofAR_Assignment1/install/webots_ros2_control/share/webots_ros2_control/cmake/webots_ros2_controlConfig-version.cmake
[12.833s] -- Installing: /home/matteomaragliano/Desktop/SofAR_Assignment1/install/webots_ros2_control/share/webots_ros2_control/package.xml
[12.836s] Invoked command in '/home/matteomaragliano/Desktop/SofAR_Assignment1/build/webots_ros2_control' returned '0': AMENT_PREFIX_PATH=/home/matteomaragliano/Desktop/SofAR_Assignment1/install/webots_ros2_driver:/home/matteomaragliano/Desktop/SofAR_Assignment1/install/webots_ros2_msgs:${AMENT_PREFIX_PATH} CMAKE_PREFIX_PATH=/home/matteomaragliano/Desktop/SofAR_Assignment1/install/webots_ros2_driver:/home/matteomaragliano/Desktop/SofAR_Assignment1/install/webots_ros2_msgs:/home/matteomaragliano/Desktop/SofAR_Assignment1/install/sofar_assignment_pkg:/home/matteomaragliano/Desktop/SofAR_Assignment1/install/assignment_pkg:/opt/ros/galactic LD_LIBRARY_PATH=/home/matteomaragliano/Desktop/SofAR_Assignment1/install/webots_ros2_driver/lib:/home/matteomaragliano/Desktop/SofAR_Assignment1/install/webots_ros2_msgs/lib:${LD_LIBRARY_PATH} PYTHONPATH=/home/matteomaragliano/Desktop/SofAR_Assignment1/install/webots_ros2_driver/lib/python3.8/site-packages:/home/matteomaragliano/Desktop/SofAR_Assignment1/install/webots_ros2_msgs/lib/python3.8/site-packages:${PYTHONPATH} /usr/bin/cmake --install /home/matteomaragliano/Desktop/SofAR_Assignment1/build/webots_ros2_control
