/home/matteomaragliano/Desktop/SofAR_Assignment1/install/webots_ros2_universal_robot/lib/python3.8/site-packages/webots_ros2_universal_robot/follow_joint_trajectory_client.py
/home/matteomaragliano/Desktop/SofAR_Assignment1/install/webots_ros2_universal_robot/lib/python3.8/site-packages/webots_ros2_universal_robot/abb_controller.py
/home/matteomaragliano/Desktop/SofAR_Assignment1/install/webots_ros2_universal_robot/lib/python3.8/site-packages/webots_ros2_universal_robot/ur5e_controller.py
/home/matteomaragliano/Desktop/SofAR_Assignment1/install/webots_ros2_universal_robot/lib/python3.8/site-packages/webots_ros2_universal_robot/__init__.py
/home/matteomaragliano/Desktop/SofAR_Assignment1/install/webots_ros2_universal_robot/lib/python3.8/site-packages/webots_ros2_universal_robot/__pycache__/follow_joint_trajectory_client.cpython-38.pyc
/home/matteomaragliano/Desktop/SofAR_Assignment1/install/webots_ros2_universal_robot/lib/python3.8/site-packages/webots_ros2_universal_robot/__pycache__/abb_controller.cpython-38.pyc
/home/matteomaragliano/Desktop/SofAR_Assignment1/install/webots_ros2_universal_robot/lib/python3.8/site-packages/webots_ros2_universal_robot/__pycache__/ur5e_controller.cpython-38.pyc
/home/matteomaragliano/Desktop/SofAR_Assignment1/install/webots_ros2_universal_robot/lib/python3.8/site-packages/webots_ros2_universal_robot/__pycache__/__init__.cpython-38.pyc
/home/matteomaragliano/Desktop/SofAR_Assignment1/install/webots_ros2_universal_robot/share/webots_ros2_universal_robot/worlds/universal_robot.wbt
/home/matteomaragliano/Desktop/SofAR_Assignment1/install/webots_ros2_universal_robot/share/webots_ros2_universal_robot/worlds/.universal_robot.wbproj
/home/matteomaragliano/Desktop/SofAR_Assignment1/install/webots_ros2_universal_robot/share/webots_ros2_universal_robot/worlds/armed_robots.wbt
/home/matteomaragliano/Desktop/SofAR_Assignment1/install/webots_ros2_universal_robot/share/webots_ros2_universal_robot/worlds/.armed_robots.wbproj
/home/matteomaragliano/Desktop/SofAR_Assignment1/install/webots_ros2_universal_robot/share/webots_ros2_universal_robot/resource/view_robot_dynamic.rviz
/home/matteomaragliano/Desktop/SofAR_Assignment1/install/webots_ros2_universal_robot/share/webots_ros2_universal_robot/resource/webots_ur5e_description.urdf
/home/matteomaragliano/Desktop/SofAR_Assignment1/install/webots_ros2_universal_robot/share/webots_ros2_universal_robot/resource/ros2_control_config.yaml
/home/matteomaragliano/Desktop/SofAR_Assignment1/install/webots_ros2_universal_robot/share/webots_ros2_universal_robot/resource/moveit_ur5e_description.urdf
/home/matteomaragliano/Desktop/SofAR_Assignment1/install/webots_ros2_universal_robot/share/webots_ros2_universal_robot/resource/moveit_controllers.yaml
/home/matteomaragliano/Desktop/SofAR_Assignment1/install/webots_ros2_universal_robot/share/webots_ros2_universal_robot/resource/moveit_ur5e.srdf
/home/matteomaragliano/Desktop/SofAR_Assignment1/install/webots_ros2_universal_robot/share/webots_ros2_universal_robot/resource/moveit_kinematics.yaml
/home/matteomaragliano/Desktop/SofAR_Assignment1/install/webots_ros2_universal_robot/share/webots_ros2_universal_robot/resource/moveit_movegroup.yaml
/home/matteomaragliano/Desktop/SofAR_Assignment1/install/webots_ros2_universal_robot/share/webots_ros2_universal_robot/resource/moveit_visualization.rviz
/home/matteomaragliano/Desktop/SofAR_Assignment1/install/webots_ros2_universal_robot/share/webots_ros2_universal_robot/resource/ros2_control_abb_config.yaml
/home/matteomaragliano/Desktop/SofAR_Assignment1/install/webots_ros2_universal_robot/share/webots_ros2_universal_robot/resource/webots_abb_description.urdf
/home/matteomaragliano/Desktop/SofAR_Assignment1/install/webots_ros2_universal_robot/share/webots_ros2_universal_robot/launch/robot_launch.py
/home/matteomaragliano/Desktop/SofAR_Assignment1/install/webots_ros2_universal_robot/share/webots_ros2_universal_robot/launch/multirobot_launch.py
/home/matteomaragliano/Desktop/SofAR_Assignment1/install/webots_ros2_universal_robot/share/webots_ros2_universal_robot/launch/moveit_demo_launch.py
/home/matteomaragliano/Desktop/SofAR_Assignment1/install/webots_ros2_universal_robot/share/webots_ros2_universal_robot/package.xml
/home/matteomaragliano/Desktop/SofAR_Assignment1/install/webots_ros2_universal_robot/share/ament_index/resource_index/packages/webots_ros2_universal_robot
/home/matteomaragliano/Desktop/SofAR_Assignment1/install/webots_ros2_universal_robot/lib/python3.8/site-packages/webots_ros2_universal_robot-1.2.2-py3.8.egg-info/PKG-INFO
/home/matteomaragliano/Desktop/SofAR_Assignment1/install/webots_ros2_universal_robot/lib/python3.8/site-packages/webots_ros2_universal_robot-1.2.2-py3.8.egg-info/dependency_links.txt
/home/matteomaragliano/Desktop/SofAR_Assignment1/install/webots_ros2_universal_robot/lib/python3.8/site-packages/webots_ros2_universal_robot-1.2.2-py3.8.egg-info/SOURCES.txt
/home/matteomaragliano/Desktop/SofAR_Assignment1/install/webots_ros2_universal_robot/lib/python3.8/site-packages/webots_ros2_universal_robot-1.2.2-py3.8.egg-info/top_level.txt
/home/matteomaragliano/Desktop/SofAR_Assignment1/install/webots_ros2_universal_robot/lib/python3.8/site-packages/webots_ros2_universal_robot-1.2.2-py3.8.egg-info/requires.txt
/home/matteomaragliano/Desktop/SofAR_Assignment1/install/webots_ros2_universal_robot/lib/python3.8/site-packages/webots_ros2_universal_robot-1.2.2-py3.8.egg-info/zip-safe
/home/matteomaragliano/Desktop/SofAR_Assignment1/install/webots_ros2_universal_robot/lib/python3.8/site-packages/webots_ros2_universal_robot-1.2.2-py3.8.egg-info/entry_points.txt
/home/matteomaragliano/Desktop/SofAR_Assignment1/install/webots_ros2_universal_robot/lib/webots_ros2_universal_robot/abb_controller
/home/matteomaragliano/Desktop/SofAR_Assignment1/install/webots_ros2_universal_robot/lib/webots_ros2_universal_robot/ur5e_controller
