/home/ilmusu/OneDrive/Universita/Magistrale_1/Software Architectures For Robotics/Examples/7_webots_workspace/src/robot_driver_pkg/install/robot_driver_pkg/lib/python3.8/site-packages/robot_driver_pkg/obstacle_avoider.py
/home/ilmusu/OneDrive/Universita/Magistrale_1/Software Architectures For Robotics/Examples/7_webots_workspace/src/robot_driver_pkg/install/robot_driver_pkg/lib/python3.8/site-packages/robot_driver_pkg/robot_driver.py
/home/ilmusu/OneDrive/Universita/Magistrale_1/Software Architectures For Robotics/Examples/7_webots_workspace/src/robot_driver_pkg/install/robot_driver_pkg/lib/python3.8/site-packages/robot_driver_pkg/__init__.py
/home/ilmusu/OneDrive/Universita/Magistrale_1/Software Architectures For Robotics/Examples/7_webots_workspace/src/robot_driver_pkg/install/robot_driver_pkg/lib/python3.8/site-packages/robot_driver_pkg/__pycache__/obstacle_avoider.cpython-38.pyc
/home/ilmusu/OneDrive/Universita/Magistrale_1/Software Architectures For Robotics/Examples/7_webots_workspace/src/robot_driver_pkg/install/robot_driver_pkg/lib/python3.8/site-packages/robot_driver_pkg/__pycache__/robot_driver.cpython-38.pyc
/home/ilmusu/OneDrive/Universita/Magistrale_1/Software Architectures For Robotics/Examples/7_webots_workspace/src/robot_driver_pkg/install/robot_driver_pkg/lib/python3.8/site-packages/robot_driver_pkg/__pycache__/__init__.cpython-38.pyc
/home/ilmusu/OneDrive/Universita/Magistrale_1/Software Architectures For Robotics/Examples/7_webots_workspace/src/robot_driver_pkg/install/robot_driver_pkg/share/ament_index/resource_index/packages/robot_driver_pkg
/home/ilmusu/OneDrive/Universita/Magistrale_1/Software Architectures For Robotics/Examples/7_webots_workspace/src/robot_driver_pkg/install/robot_driver_pkg/share/robot_driver_pkg/package.xml
/home/ilmusu/OneDrive/Universita/Magistrale_1/Software Architectures For Robotics/Examples/7_webots_workspace/src/robot_driver_pkg/install/robot_driver_pkg/share/robot_driver_pkg/launch/robot_launch.py
/home/ilmusu/OneDrive/Universita/Magistrale_1/Software Architectures For Robotics/Examples/7_webots_workspace/src/robot_driver_pkg/install/robot_driver_pkg/share/robot_driver_pkg/worlds/arena.wbt
/home/ilmusu/OneDrive/Universita/Magistrale_1/Software Architectures For Robotics/Examples/7_webots_workspace/src/robot_driver_pkg/install/robot_driver_pkg/share/robot_driver_pkg/resource/robot.urdf
/home/ilmusu/OneDrive/Universita/Magistrale_1/Software Architectures For Robotics/Examples/7_webots_workspace/src/robot_driver_pkg/install/robot_driver_pkg/lib/python3.8/site-packages/robot_driver_pkg-0.0.0-py3.8.egg-info/dependency_links.txt
/home/ilmusu/OneDrive/Universita/Magistrale_1/Software Architectures For Robotics/Examples/7_webots_workspace/src/robot_driver_pkg/install/robot_driver_pkg/lib/python3.8/site-packages/robot_driver_pkg-0.0.0-py3.8.egg-info/entry_points.txt
/home/ilmusu/OneDrive/Universita/Magistrale_1/Software Architectures For Robotics/Examples/7_webots_workspace/src/robot_driver_pkg/install/robot_driver_pkg/lib/python3.8/site-packages/robot_driver_pkg-0.0.0-py3.8.egg-info/zip-safe
/home/ilmusu/OneDrive/Universita/Magistrale_1/Software Architectures For Robotics/Examples/7_webots_workspace/src/robot_driver_pkg/install/robot_driver_pkg/lib/python3.8/site-packages/robot_driver_pkg-0.0.0-py3.8.egg-info/PKG-INFO
/home/ilmusu/OneDrive/Universita/Magistrale_1/Software Architectures For Robotics/Examples/7_webots_workspace/src/robot_driver_pkg/install/robot_driver_pkg/lib/python3.8/site-packages/robot_driver_pkg-0.0.0-py3.8.egg-info/SOURCES.txt
/home/ilmusu/OneDrive/Universita/Magistrale_1/Software Architectures For Robotics/Examples/7_webots_workspace/src/robot_driver_pkg/install/robot_driver_pkg/lib/python3.8/site-packages/robot_driver_pkg-0.0.0-py3.8.egg-info/top_level.txt
/home/ilmusu/OneDrive/Universita/Magistrale_1/Software Architectures For Robotics/Examples/7_webots_workspace/src/robot_driver_pkg/install/robot_driver_pkg/lib/python3.8/site-packages/robot_driver_pkg-0.0.0-py3.8.egg-info/requires.txt
/home/ilmusu/OneDrive/Universita/Magistrale_1/Software Architectures For Robotics/Examples/7_webots_workspace/src/robot_driver_pkg/install/robot_driver_pkg/lib/robot_driver_pkg/obstacle_avoider
/home/ilmusu/OneDrive/Universita/Magistrale_1/Software Architectures For Robotics/Examples/7_webots_workspace/src/robot_driver_pkg/install/robot_driver_pkg/lib/robot_driver_pkg/robot_driver
