[0.893s] Invoking command in '/home/matteomaragliano/Desktop/SofAR_Assignment1/src/webots_ros2/webots_ros2_turtlebot': AMENT_PREFIX_PATH=/home/matteomaragliano/Desktop/SofAR_Assignment1/install/webots_ros2_control:/home/matteomaragliano/Desktop/SofAR_Assignment1/install/webots_ros2_driver:/home/matteomaragliano/Desktop/SofAR_Assignment1/install/webots_ros2_msgs:${AMENT_PREFIX_PATH} CMAKE_PREFIX_PATH=/home/matteomaragliano/Desktop/SofAR_Assignment1/install/webots_ros2_control:/home/matteomaragliano/Desktop/SofAR_Assignment1/install/webots_ros2_driver:/home/matteomaragliano/Desktop/SofAR_Assignment1/install/webots_ros2_msgs LD_LIBRARY_PATH=/home/matteomaragliano/Desktop/SofAR_Assignment1/install/webots_ros2_control/lib:/home/matteomaragliano/Desktop/SofAR_Assignment1/install/webots_ros2_driver/lib:/home/matteomaragliano/Desktop/SofAR_Assignment1/install/webots_ros2_msgs/lib:${LD_LIBRARY_PATH} PYTHONPATH=/home/matteomaragliano/Desktop/SofAR_Assignment1/install/webots_ros2_turtlebot/lib/python3.8/site-packages:/home/matteomaragliano/Desktop/SofAR_Assignment1/install/webots_ros2_driver/lib/python3.8/site-packages:/home/matteomaragliano/Desktop/SofAR_Assignment1/install/webots_ros2_msgs/lib/python3.8/site-packages:${PYTHONPATH} /usr/bin/python3 setup.py egg_info --egg-base ../../../build/webots_ros2_turtlebot build --build-base /home/matteomaragliano/Desktop/SofAR_Assignment1/build/webots_ros2_turtlebot/build install --prefix /home/matteomaragliano/Desktop/SofAR_Assignment1/install/webots_ros2_turtlebot --record /home/matteomaragliano/Desktop/SofAR_Assignment1/build/webots_ros2_turtlebot/install.log --single-version-externally-managed
[1.166s] running egg_info
[1.167s] creating ../../../build/webots_ros2_turtlebot/webots_ros2_turtlebot.egg-info
[1.168s] writing ../../../build/webots_ros2_turtlebot/webots_ros2_turtlebot.egg-info/PKG-INFO
[1.168s] writing dependency_links to ../../../build/webots_ros2_turtlebot/webots_ros2_turtlebot.egg-info/dependency_links.txt
[1.169s] writing entry points to ../../../build/webots_ros2_turtlebot/webots_ros2_turtlebot.egg-info/entry_points.txt
[1.169s] writing requirements to ../../../build/webots_ros2_turtlebot/webots_ros2_turtlebot.egg-info/requires.txt
[1.169s] writing top-level names to ../../../build/webots_ros2_turtlebot/webots_ros2_turtlebot.egg-info/top_level.txt
[1.171s] writing manifest file '../../../build/webots_ros2_turtlebot/webots_ros2_turtlebot.egg-info/SOURCES.txt'
[1.219s] reading manifest file '../../../build/webots_ros2_turtlebot/webots_ros2_turtlebot.egg-info/SOURCES.txt'
[1.221s] writing manifest file '../../../build/webots_ros2_turtlebot/webots_ros2_turtlebot.egg-info/SOURCES.txt'
[1.221s] running build
[1.221s] running build_py
[1.222s] creating /home/matteomaragliano/Desktop/SofAR_Assignment1/build/webots_ros2_turtlebot/build
[1.222s] creating /home/matteomaragliano/Desktop/SofAR_Assignment1/build/webots_ros2_turtlebot/build/lib
[1.223s] creating /home/matteomaragliano/Desktop/SofAR_Assignment1/build/webots_ros2_turtlebot/build/lib/webots_ros2_turtlebot
[1.223s] copying webots_ros2_turtlebot/plugin_example.py -> /home/matteomaragliano/Desktop/SofAR_Assignment1/build/webots_ros2_turtlebot/build/lib/webots_ros2_turtlebot
[1.224s] copying webots_ros2_turtlebot/__init__.py -> /home/matteomaragliano/Desktop/SofAR_Assignment1/build/webots_ros2_turtlebot/build/lib/webots_ros2_turtlebot
[1.225s] running install
[1.227s] running install_lib
[1.228s] creating /home/matteomaragliano/Desktop/SofAR_Assignment1/install/webots_ros2_turtlebot/lib/python3.8/site-packages/webots_ros2_turtlebot
[1.228s] copying /home/matteomaragliano/Desktop/SofAR_Assignment1/build/webots_ros2_turtlebot/build/lib/webots_ros2_turtlebot/plugin_example.py -> /home/matteomaragliano/Desktop/SofAR_Assignment1/install/webots_ros2_turtlebot/lib/python3.8/site-packages/webots_ros2_turtlebot
[1.229s] copying /home/matteomaragliano/Desktop/SofAR_Assignment1/build/webots_ros2_turtlebot/build/lib/webots_ros2_turtlebot/__init__.py -> /home/matteomaragliano/Desktop/SofAR_Assignment1/install/webots_ros2_turtlebot/lib/python3.8/site-packages/webots_ros2_turtlebot
[1.230s] byte-compiling /home/matteomaragliano/Desktop/SofAR_Assignment1/install/webots_ros2_turtlebot/lib/python3.8/site-packages/webots_ros2_turtlebot/plugin_example.py to plugin_example.cpython-38.pyc
[1.232s] byte-compiling /home/matteomaragliano/Desktop/SofAR_Assignment1/install/webots_ros2_turtlebot/lib/python3.8/site-packages/webots_ros2_turtlebot/__init__.py to __init__.cpython-38.pyc
[1.232s] running install_data
[1.233s] creating /home/matteomaragliano/Desktop/SofAR_Assignment1/install/webots_ros2_turtlebot/share/ament_index
[1.233s] creating /home/matteomaragliano/Desktop/SofAR_Assignment1/install/webots_ros2_turtlebot/share/ament_index/resource_index
[1.233s] creating /home/matteomaragliano/Desktop/SofAR_Assignment1/install/webots_ros2_turtlebot/share/ament_index/resource_index/packages
[1.234s] copying resource/webots_ros2_turtlebot -> /home/matteomaragliano/Desktop/SofAR_Assignment1/install/webots_ros2_turtlebot/share/ament_index/resource_index/packages
[1.234s] creating /home/matteomaragliano/Desktop/SofAR_Assignment1/install/webots_ros2_turtlebot/share/webots_ros2_turtlebot/launch
[1.234s] copying launch/robot_launch.py -> /home/matteomaragliano/Desktop/SofAR_Assignment1/install/webots_ros2_turtlebot/share/webots_ros2_turtlebot/launch
[1.238s] creating /home/matteomaragliano/Desktop/SofAR_Assignment1/install/webots_ros2_turtlebot/share/webots_ros2_turtlebot/resource
[1.238s] copying resource/turtlebot3_burger_example_map.pgm -> /home/matteomaragliano/Desktop/SofAR_Assignment1/install/webots_ros2_turtlebot/share/webots_ros2_turtlebot/resource
[1.240s] copying resource/turtlebot3_burger_example_map.yaml -> /home/matteomaragliano/Desktop/SofAR_Assignment1/install/webots_ros2_turtlebot/share/webots_ros2_turtlebot/resource
[1.241s] copying resource/turtlebot_webots.urdf -> /home/matteomaragliano/Desktop/SofAR_Assignment1/install/webots_ros2_turtlebot/share/webots_ros2_turtlebot/resource
[1.242s] copying resource/ros2control.yml -> /home/matteomaragliano/Desktop/SofAR_Assignment1/install/webots_ros2_turtlebot/share/webots_ros2_turtlebot/resource
[1.243s] creating /home/matteomaragliano/Desktop/SofAR_Assignment1/install/webots_ros2_turtlebot/share/webots_ros2_turtlebot/worlds
[1.243s] copying worlds/turtlebot3_burger_example.wbt -> /home/matteomaragliano/Desktop/SofAR_Assignment1/install/webots_ros2_turtlebot/share/webots_ros2_turtlebot/worlds
[1.244s] copying worlds/.turtlebot3_burger_example.wbproj -> /home/matteomaragliano/Desktop/SofAR_Assignment1/install/webots_ros2_turtlebot/share/webots_ros2_turtlebot/worlds
[1.245s] copying package.xml -> /home/matteomaragliano/Desktop/SofAR_Assignment1/install/webots_ros2_turtlebot/share/webots_ros2_turtlebot
[1.246s] running install_egg_info
[1.249s] Copying ../../../build/webots_ros2_turtlebot/webots_ros2_turtlebot.egg-info to /home/matteomaragliano/Desktop/SofAR_Assignment1/install/webots_ros2_turtlebot/lib/python3.8/site-packages/webots_ros2_turtlebot-1.2.2-py3.8.egg-info
[1.254s] running install_scripts
[1.273s] writing list of installed files to '/home/matteomaragliano/Desktop/SofAR_Assignment1/build/webots_ros2_turtlebot/install.log'
[1.302s] Invoked command in '/home/matteomaragliano/Desktop/SofAR_Assignment1/src/webots_ros2/webots_ros2_turtlebot' returned '0': AMENT_PREFIX_PATH=/home/matteomaragliano/Desktop/SofAR_Assignment1/install/webots_ros2_control:/home/matteomaragliano/Desktop/SofAR_Assignment1/install/webots_ros2_driver:/home/matteomaragliano/Desktop/SofAR_Assignment1/install/webots_ros2_msgs:${AMENT_PREFIX_PATH} CMAKE_PREFIX_PATH=/home/matteomaragliano/Desktop/SofAR_Assignment1/install/webots_ros2_control:/home/matteomaragliano/Desktop/SofAR_Assignment1/install/webots_ros2_driver:/home/matteomaragliano/Desktop/SofAR_Assignment1/install/webots_ros2_msgs LD_LIBRARY_PATH=/home/matteomaragliano/Desktop/SofAR_Assignment1/install/webots_ros2_control/lib:/home/matteomaragliano/Desktop/SofAR_Assignment1/install/webots_ros2_driver/lib:/home/matteomaragliano/Desktop/SofAR_Assignment1/install/webots_ros2_msgs/lib:${LD_LIBRARY_PATH} PYTHONPATH=/home/matteomaragliano/Desktop/SofAR_Assignment1/install/webots_ros2_turtlebot/lib/python3.8/site-packages:/home/matteomaragliano/Desktop/SofAR_Assignment1/install/webots_ros2_driver/lib/python3.8/site-packages:/home/matteomaragliano/Desktop/SofAR_Assignment1/install/webots_ros2_msgs/lib/python3.8/site-packages:${PYTHONPATH} /usr/bin/python3 setup.py egg_info --egg-base ../../../build/webots_ros2_turtlebot build --build-base /home/matteomaragliano/Desktop/SofAR_Assignment1/build/webots_ros2_turtlebot/build install --prefix /home/matteomaragliano/Desktop/SofAR_Assignment1/install/webots_ros2_turtlebot --record /home/matteomaragliano/Desktop/SofAR_Assignment1/build/webots_ros2_turtlebot/install.log --single-version-externally-managed
