[1.338s] Invoking command in '/home/matteomaragliano/Desktop/SofAR_Assignment1/src/webots_ros2/webots_ros2_epuck': AMENT_PREFIX_PATH=/home/matteomaragliano/Desktop/SofAR_Assignment1/install/webots_ros2_control:/home/matteomaragliano/Desktop/SofAR_Assignment1/install/webots_ros2_driver:/home/matteomaragliano/Desktop/SofAR_Assignment1/install/webots_ros2_msgs:${AMENT_PREFIX_PATH} CMAKE_PREFIX_PATH=/home/matteomaragliano/Desktop/SofAR_Assignment1/install/webots_ros2_control:/home/matteomaragliano/Desktop/SofAR_Assignment1/install/webots_ros2_driver:/home/matteomaragliano/Desktop/SofAR_Assignment1/install/webots_ros2_msgs LD_LIBRARY_PATH=/home/matteomaragliano/Desktop/SofAR_Assignment1/install/webots_ros2_control/lib:/home/matteomaragliano/Desktop/SofAR_Assignment1/install/webots_ros2_driver/lib:/home/matteomaragliano/Desktop/SofAR_Assignment1/install/webots_ros2_msgs/lib:${LD_LIBRARY_PATH} PYTHONPATH=/home/matteomaragliano/Desktop/SofAR_Assignment1/install/webots_ros2_epuck/lib/python3.8/site-packages:/home/matteomaragliano/Desktop/SofAR_Assignment1/install/webots_ros2_driver/lib/python3.8/site-packages:/home/matteomaragliano/Desktop/SofAR_Assignment1/install/webots_ros2_msgs/lib/python3.8/site-packages:${PYTHONPATH} /usr/bin/python3 setup.py egg_info --egg-base ../../../build/webots_ros2_epuck build --build-base /home/matteomaragliano/Desktop/SofAR_Assignment1/build/webots_ros2_epuck/build install --prefix /home/matteomaragliano/Desktop/SofAR_Assignment1/install/webots_ros2_epuck --record /home/matteomaragliano/Desktop/SofAR_Assignment1/build/webots_ros2_epuck/install.log --single-version-externally-managed
[1.621s] running egg_info
[1.621s] creating ../../../build/webots_ros2_epuck/webots_ros2_epuck.egg-info
[1.622s] writing ../../../build/webots_ros2_epuck/webots_ros2_epuck.egg-info/PKG-INFO
[1.622s] writing dependency_links to ../../../build/webots_ros2_epuck/webots_ros2_epuck.egg-info/dependency_links.txt
[1.623s] writing entry points to ../../../build/webots_ros2_epuck/webots_ros2_epuck.egg-info/entry_points.txt
[1.623s] writing requirements to ../../../build/webots_ros2_epuck/webots_ros2_epuck.egg-info/requires.txt
[1.623s] writing top-level names to ../../../build/webots_ros2_epuck/webots_ros2_epuck.egg-info/top_level.txt
[1.625s] writing manifest file '../../../build/webots_ros2_epuck/webots_ros2_epuck.egg-info/SOURCES.txt'
[1.687s] reading manifest file '../../../build/webots_ros2_epuck/webots_ros2_epuck.egg-info/SOURCES.txt'
[1.689s] writing manifest file '../../../build/webots_ros2_epuck/webots_ros2_epuck.egg-info/SOURCES.txt'
[1.690s] running build
[1.690s] running build_py
[1.690s] creating /home/matteomaragliano/Desktop/SofAR_Assignment1/build/webots_ros2_epuck/build
[1.691s] creating /home/matteomaragliano/Desktop/SofAR_Assignment1/build/webots_ros2_epuck/build/lib
[1.691s] creating /home/matteomaragliano/Desktop/SofAR_Assignment1/build/webots_ros2_epuck/build/lib/webots_ros2_epuck
[1.691s] copying webots_ros2_epuck/drive_calibrator.py -> /home/matteomaragliano/Desktop/SofAR_Assignment1/build/webots_ros2_epuck/build/lib/webots_ros2_epuck
[1.694s] copying webots_ros2_epuck/simple_mapper.py -> /home/matteomaragliano/Desktop/SofAR_Assignment1/build/webots_ros2_epuck/build/lib/webots_ros2_epuck
[1.697s] copying webots_ros2_epuck/epuck_node.py -> /home/matteomaragliano/Desktop/SofAR_Assignment1/build/webots_ros2_epuck/build/lib/webots_ros2_epuck
[1.699s] copying webots_ros2_epuck/__init__.py -> /home/matteomaragliano/Desktop/SofAR_Assignment1/build/webots_ros2_epuck/build/lib/webots_ros2_epuck
[1.699s] running install
[1.700s] running install_lib
[1.701s] creating /home/matteomaragliano/Desktop/SofAR_Assignment1/install/webots_ros2_epuck/lib/python3.8/site-packages/webots_ros2_epuck
[1.702s] copying /home/matteomaragliano/Desktop/SofAR_Assignment1/build/webots_ros2_epuck/build/lib/webots_ros2_epuck/drive_calibrator.py -> /home/matteomaragliano/Desktop/SofAR_Assignment1/install/webots_ros2_epuck/lib/python3.8/site-packages/webots_ros2_epuck
[1.702s] copying /home/matteomaragliano/Desktop/SofAR_Assignment1/build/webots_ros2_epuck/build/lib/webots_ros2_epuck/simple_mapper.py -> /home/matteomaragliano/Desktop/SofAR_Assignment1/install/webots_ros2_epuck/lib/python3.8/site-packages/webots_ros2_epuck
[1.702s] copying /home/matteomaragliano/Desktop/SofAR_Assignment1/build/webots_ros2_epuck/build/lib/webots_ros2_epuck/epuck_node.py -> /home/matteomaragliano/Desktop/SofAR_Assignment1/install/webots_ros2_epuck/lib/python3.8/site-packages/webots_ros2_epuck
[1.703s] copying /home/matteomaragliano/Desktop/SofAR_Assignment1/build/webots_ros2_epuck/build/lib/webots_ros2_epuck/__init__.py -> /home/matteomaragliano/Desktop/SofAR_Assignment1/install/webots_ros2_epuck/lib/python3.8/site-packages/webots_ros2_epuck
[1.703s] byte-compiling /home/matteomaragliano/Desktop/SofAR_Assignment1/install/webots_ros2_epuck/lib/python3.8/site-packages/webots_ros2_epuck/drive_calibrator.py to drive_calibrator.cpython-38.pyc
[1.706s] byte-compiling /home/matteomaragliano/Desktop/SofAR_Assignment1/install/webots_ros2_epuck/lib/python3.8/site-packages/webots_ros2_epuck/simple_mapper.py to simple_mapper.cpython-38.pyc
[1.707s] byte-compiling /home/matteomaragliano/Desktop/SofAR_Assignment1/install/webots_ros2_epuck/lib/python3.8/site-packages/webots_ros2_epuck/epuck_node.py to epuck_node.cpython-38.pyc
[1.709s] byte-compiling /home/matteomaragliano/Desktop/SofAR_Assignment1/install/webots_ros2_epuck/lib/python3.8/site-packages/webots_ros2_epuck/__init__.py to __init__.cpython-38.pyc
[1.709s] running install_data
[1.710s] creating /home/matteomaragliano/Desktop/SofAR_Assignment1/install/webots_ros2_epuck/share/ament_index
[1.710s] creating /home/matteomaragliano/Desktop/SofAR_Assignment1/install/webots_ros2_epuck/share/ament_index/resource_index
[1.711s] creating /home/matteomaragliano/Desktop/SofAR_Assignment1/install/webots_ros2_epuck/share/ament_index/resource_index/packages
[1.711s] copying resource/webots_ros2_epuck -> /home/matteomaragliano/Desktop/SofAR_Assignment1/install/webots_ros2_epuck/share/ament_index/resource_index/packages
[1.711s] creating /home/matteomaragliano/Desktop/SofAR_Assignment1/install/webots_ros2_epuck/share/webots_ros2_epuck/launch
[1.712s] copying launch/robot_launch.py -> /home/matteomaragliano/Desktop/SofAR_Assignment1/install/webots_ros2_epuck/share/webots_ros2_epuck/launch
[1.713s] copying launch/robot_tools_launch.py -> /home/matteomaragliano/Desktop/SofAR_Assignment1/install/webots_ros2_epuck/share/webots_ros2_epuck/launch
[1.714s] copying launch/robot_with_tools_launch.py -> /home/matteomaragliano/Desktop/SofAR_Assignment1/install/webots_ros2_epuck/share/webots_ros2_epuck/launch
[1.719s] copying launch/rats_life_launch.py -> /home/matteomaragliano/Desktop/SofAR_Assignment1/install/webots_ros2_epuck/share/webots_ros2_epuck/launch
[1.720s] copying launch/rats_life_waypoints_launch.py -> /home/matteomaragliano/Desktop/SofAR_Assignment1/install/webots_ros2_epuck/share/webots_ros2_epuck/launch
[1.720s] creating /home/matteomaragliano/Desktop/SofAR_Assignment1/install/webots_ros2_epuck/share/webots_ros2_epuck/worlds
[1.720s] copying worlds/epuck_world.wbt -> /home/matteomaragliano/Desktop/SofAR_Assignment1/install/webots_ros2_epuck/share/webots_ros2_epuck/worlds
[1.720s] copying worlds/.epuck_world.wbproj -> /home/matteomaragliano/Desktop/SofAR_Assignment1/install/webots_ros2_epuck/share/webots_ros2_epuck/worlds
[1.721s] copying worlds/rats_life_benchmark.wbt -> /home/matteomaragliano/Desktop/SofAR_Assignment1/install/webots_ros2_epuck/share/webots_ros2_epuck/worlds
[1.721s] copying worlds/.rats_life_benchmark.wbproj -> /home/matteomaragliano/Desktop/SofAR_Assignment1/install/webots_ros2_epuck/share/webots_ros2_epuck/worlds
[1.721s] creating /home/matteomaragliano/Desktop/SofAR_Assignment1/install/webots_ros2_epuck/share/webots_ros2_epuck/protos
[1.721s] copying protos/LegoTallInterval.proto -> /home/matteomaragliano/Desktop/SofAR_Assignment1/install/webots_ros2_epuck/share/webots_ros2_epuck/protos
[1.722s] copying protos/LegoTallWall.proto -> /home/matteomaragliano/Desktop/SofAR_Assignment1/install/webots_ros2_epuck/share/webots_ros2_epuck/protos
[1.722s] creating /home/matteomaragliano/Desktop/SofAR_Assignment1/install/webots_ros2_epuck/share/webots_ros2_epuck/resource
[1.722s] copying resource/all.rviz -> /home/matteomaragliano/Desktop/SofAR_Assignment1/install/webots_ros2_epuck/share/webots_ros2_epuck/resource
[1.724s] copying resource/nav2_params.yaml -> /home/matteomaragliano/Desktop/SofAR_Assignment1/install/webots_ros2_epuck/share/webots_ros2_epuck/resource
[1.725s] copying resource/map_rats_life.pgm -> /home/matteomaragliano/Desktop/SofAR_Assignment1/install/webots_ros2_epuck/share/webots_ros2_epuck/resource
[1.728s] copying resource/map_rats_life.yaml -> /home/matteomaragliano/Desktop/SofAR_Assignment1/install/webots_ros2_epuck/share/webots_ros2_epuck/resource
[1.728s] copying resource/nav2_rats_life_waypoints.yaml -> /home/matteomaragliano/Desktop/SofAR_Assignment1/install/webots_ros2_epuck/share/webots_ros2_epuck/resource
[1.729s] copying resource/epuck_world_map.pgm -> /home/matteomaragliano/Desktop/SofAR_Assignment1/install/webots_ros2_epuck/share/webots_ros2_epuck/resource
[1.730s] copying resource/epuck_world_map.yaml -> /home/matteomaragliano/Desktop/SofAR_Assignment1/install/webots_ros2_epuck/share/webots_ros2_epuck/resource
[1.737s] copying resource/epuck_webots.urdf -> /home/matteomaragliano/Desktop/SofAR_Assignment1/install/webots_ros2_epuck/share/webots_ros2_epuck/resource
[1.737s] copying resource/ros2_control.yml -> /home/matteomaragliano/Desktop/SofAR_Assignment1/install/webots_ros2_epuck/share/webots_ros2_epuck/resource
[1.737s] copying package.xml -> /home/matteomaragliano/Desktop/SofAR_Assignment1/install/webots_ros2_epuck/share/webots_ros2_epuck
[1.738s] running install_egg_info
[1.738s] Copying ../../../build/webots_ros2_epuck/webots_ros2_epuck.egg-info to /home/matteomaragliano/Desktop/SofAR_Assignment1/install/webots_ros2_epuck/lib/python3.8/site-packages/webots_ros2_epuck-1.2.2-py3.8.egg-info
[1.738s] running install_scripts
[1.761s] Installing drive_calibrator script to /home/matteomaragliano/Desktop/SofAR_Assignment1/install/webots_ros2_epuck/lib/webots_ros2_epuck
[1.761s] Installing epuck_node script to /home/matteomaragliano/Desktop/SofAR_Assignment1/install/webots_ros2_epuck/lib/webots_ros2_epuck
[1.762s] Installing simple_mapper script to /home/matteomaragliano/Desktop/SofAR_Assignment1/install/webots_ros2_epuck/lib/webots_ros2_epuck
[1.762s] writing list of installed files to '/home/matteomaragliano/Desktop/SofAR_Assignment1/build/webots_ros2_epuck/install.log'
[2.083s] Invoked command in '/home/matteomaragliano/Desktop/SofAR_Assignment1/src/webots_ros2/webots_ros2_epuck' returned '0': AMENT_PREFIX_PATH=/home/matteomaragliano/Desktop/SofAR_Assignment1/install/webots_ros2_control:/home/matteomaragliano/Desktop/SofAR_Assignment1/install/webots_ros2_driver:/home/matteomaragliano/Desktop/SofAR_Assignment1/install/webots_ros2_msgs:${AMENT_PREFIX_PATH} CMAKE_PREFIX_PATH=/home/matteomaragliano/Desktop/SofAR_Assignment1/install/webots_ros2_control:/home/matteomaragliano/Desktop/SofAR_Assignment1/install/webots_ros2_driver:/home/matteomaragliano/Desktop/SofAR_Assignment1/install/webots_ros2_msgs LD_LIBRARY_PATH=/home/matteomaragliano/Desktop/SofAR_Assignment1/install/webots_ros2_control/lib:/home/matteomaragliano/Desktop/SofAR_Assignment1/install/webots_ros2_driver/lib:/home/matteomaragliano/Desktop/SofAR_Assignment1/install/webots_ros2_msgs/lib:${LD_LIBRARY_PATH} PYTHONPATH=/home/matteomaragliano/Desktop/SofAR_Assignment1/install/webots_ros2_epuck/lib/python3.8/site-packages:/home/matteomaragliano/Desktop/SofAR_Assignment1/install/webots_ros2_driver/lib/python3.8/site-packages:/home/matteomaragliano/Desktop/SofAR_Assignment1/install/webots_ros2_msgs/lib/python3.8/site-packages:${PYTHONPATH} /usr/bin/python3 setup.py egg_info --egg-base ../../../build/webots_ros2_epuck build --build-base /home/matteomaragliano/Desktop/SofAR_Assignment1/build/webots_ros2_epuck/build install --prefix /home/matteomaragliano/Desktop/SofAR_Assignment1/install/webots_ros2_epuck --record /home/matteomaragliano/Desktop/SofAR_Assignment1/build/webots_ros2_epuck/install.log --single-version-externally-managed
