[0.860s] Invoking command in '/home/matteomaragliano/Desktop/SofAR_Assignment1/src/webots_ros2/webots_ros2_mavic': AMENT_PREFIX_PATH=/home/matteomaragliano/Desktop/SofAR_Assignment1/install/webots_ros2_core:/home/matteomaragliano/Desktop/SofAR_Assignment1/install/webots_ros2_msgs:${AMENT_PREFIX_PATH} CMAKE_PREFIX_PATH=/home/matteomaragliano/Desktop/SofAR_Assignment1/install/webots_ros2_msgs LD_LIBRARY_PATH=/home/matteomaragliano/Desktop/SofAR_Assignment1/install/webots_ros2_msgs/lib:${LD_LIBRARY_PATH} PYTHONPATH=/home/matteomaragliano/Desktop/SofAR_Assignment1/install/webots_ros2_mavic/lib/python3.8/site-packages:/home/matteomaragliano/Desktop/SofAR_Assignment1/install/webots_ros2_core/lib/python3.8/site-packages:/home/matteomaragliano/Desktop/SofAR_Assignment1/install/webots_ros2_msgs/lib/python3.8/site-packages:${PYTHONPATH} /usr/bin/python3 setup.py egg_info --egg-base ../../../build/webots_ros2_mavic build --build-base /home/matteomaragliano/Desktop/SofAR_Assignment1/build/webots_ros2_mavic/build install --prefix /home/matteomaragliano/Desktop/SofAR_Assignment1/install/webots_ros2_mavic --record /home/matteomaragliano/Desktop/SofAR_Assignment1/build/webots_ros2_mavic/install.log --single-version-externally-managed
[1.169s] running egg_info
[1.170s] creating ../../../build/webots_ros2_mavic/webots_ros2_mavic.egg-info
[1.170s] writing ../../../build/webots_ros2_mavic/webots_ros2_mavic.egg-info/PKG-INFO
[1.171s] writing dependency_links to ../../../build/webots_ros2_mavic/webots_ros2_mavic.egg-info/dependency_links.txt
[1.171s] writing entry points to ../../../build/webots_ros2_mavic/webots_ros2_mavic.egg-info/entry_points.txt
[1.172s] writing requirements to ../../../build/webots_ros2_mavic/webots_ros2_mavic.egg-info/requires.txt
[1.172s] writing top-level names to ../../../build/webots_ros2_mavic/webots_ros2_mavic.egg-info/top_level.txt
[1.174s] writing manifest file '../../../build/webots_ros2_mavic/webots_ros2_mavic.egg-info/SOURCES.txt'
[1.222s] reading manifest file '../../../build/webots_ros2_mavic/webots_ros2_mavic.egg-info/SOURCES.txt'
[1.223s] writing manifest file '../../../build/webots_ros2_mavic/webots_ros2_mavic.egg-info/SOURCES.txt'
[1.224s] running build
[1.224s] running build_py
[1.224s] creating /home/matteomaragliano/Desktop/SofAR_Assignment1/build/webots_ros2_mavic/build
[1.224s] creating /home/matteomaragliano/Desktop/SofAR_Assignment1/build/webots_ros2_mavic/build/lib
[1.225s] creating /home/matteomaragliano/Desktop/SofAR_Assignment1/build/webots_ros2_mavic/build/lib/webots_ros2_mavic
[1.225s] copying webots_ros2_mavic/mavic_driver.py -> /home/matteomaragliano/Desktop/SofAR_Assignment1/build/webots_ros2_mavic/build/lib/webots_ros2_mavic
[1.226s] copying webots_ros2_mavic/__init__.py -> /home/matteomaragliano/Desktop/SofAR_Assignment1/build/webots_ros2_mavic/build/lib/webots_ros2_mavic
[1.227s] running install
[1.228s] running install_lib
[1.230s] creating /home/matteomaragliano/Desktop/SofAR_Assignment1/install/webots_ros2_mavic/lib/python3.8/site-packages/webots_ros2_mavic
[1.230s] copying /home/matteomaragliano/Desktop/SofAR_Assignment1/build/webots_ros2_mavic/build/lib/webots_ros2_mavic/mavic_driver.py -> /home/matteomaragliano/Desktop/SofAR_Assignment1/install/webots_ros2_mavic/lib/python3.8/site-packages/webots_ros2_mavic
[1.230s] copying /home/matteomaragliano/Desktop/SofAR_Assignment1/build/webots_ros2_mavic/build/lib/webots_ros2_mavic/__init__.py -> /home/matteomaragliano/Desktop/SofAR_Assignment1/install/webots_ros2_mavic/lib/python3.8/site-packages/webots_ros2_mavic
[1.232s] byte-compiling /home/matteomaragliano/Desktop/SofAR_Assignment1/install/webots_ros2_mavic/lib/python3.8/site-packages/webots_ros2_mavic/mavic_driver.py to mavic_driver.cpython-38.pyc
[1.234s] byte-compiling /home/matteomaragliano/Desktop/SofAR_Assignment1/install/webots_ros2_mavic/lib/python3.8/site-packages/webots_ros2_mavic/__init__.py to __init__.cpython-38.pyc
[1.234s] running install_data
[1.235s] creating /home/matteomaragliano/Desktop/SofAR_Assignment1/install/webots_ros2_mavic/share/ament_index
[1.236s] creating /home/matteomaragliano/Desktop/SofAR_Assignment1/install/webots_ros2_mavic/share/ament_index/resource_index
[1.236s] creating /home/matteomaragliano/Desktop/SofAR_Assignment1/install/webots_ros2_mavic/share/ament_index/resource_index/packages
[1.236s] copying resource/webots_ros2_mavic -> /home/matteomaragliano/Desktop/SofAR_Assignment1/install/webots_ros2_mavic/share/ament_index/resource_index/packages
[1.237s] creating /home/matteomaragliano/Desktop/SofAR_Assignment1/install/webots_ros2_mavic/share/webots_ros2_mavic/launch
[1.237s] copying launch/robot_launch.py -> /home/matteomaragliano/Desktop/SofAR_Assignment1/install/webots_ros2_mavic/share/webots_ros2_mavic/launch
[1.238s] creating /home/matteomaragliano/Desktop/SofAR_Assignment1/install/webots_ros2_mavic/share/webots_ros2_mavic/worlds
[1.238s] copying worlds/mavic_world.wbt -> /home/matteomaragliano/Desktop/SofAR_Assignment1/install/webots_ros2_mavic/share/webots_ros2_mavic/worlds
[1.240s] copying worlds/.mavic_world.wbproj -> /home/matteomaragliano/Desktop/SofAR_Assignment1/install/webots_ros2_mavic/share/webots_ros2_mavic/worlds
[1.241s] creating /home/matteomaragliano/Desktop/SofAR_Assignment1/install/webots_ros2_mavic/share/webots_ros2_mavic/resource
[1.241s] copying resource/mavic_webots.urdf -> /home/matteomaragliano/Desktop/SofAR_Assignment1/install/webots_ros2_mavic/share/webots_ros2_mavic/resource
[1.242s] copying package.xml -> /home/matteomaragliano/Desktop/SofAR_Assignment1/install/webots_ros2_mavic/share/webots_ros2_mavic
[1.243s] running install_egg_info
[1.246s] Copying ../../../build/webots_ros2_mavic/webots_ros2_mavic.egg-info to /home/matteomaragliano/Desktop/SofAR_Assignment1/install/webots_ros2_mavic/lib/python3.8/site-packages/webots_ros2_mavic-1.2.2-py3.8.egg-info
[1.248s] running install_scripts
[1.268s] writing list of installed files to '/home/matteomaragliano/Desktop/SofAR_Assignment1/build/webots_ros2_mavic/install.log'
[1.291s] Invoked command in '/home/matteomaragliano/Desktop/SofAR_Assignment1/src/webots_ros2/webots_ros2_mavic' returned '0': AMENT_PREFIX_PATH=/home/matteomaragliano/Desktop/SofAR_Assignment1/install/webots_ros2_core:/home/matteomaragliano/Desktop/SofAR_Assignment1/install/webots_ros2_msgs:${AMENT_PREFIX_PATH} CMAKE_PREFIX_PATH=/home/matteomaragliano/Desktop/SofAR_Assignment1/install/webots_ros2_msgs LD_LIBRARY_PATH=/home/matteomaragliano/Desktop/SofAR_Assignment1/install/webots_ros2_msgs/lib:${LD_LIBRARY_PATH} PYTHONPATH=/home/matteomaragliano/Desktop/SofAR_Assignment1/install/webots_ros2_mavic/lib/python3.8/site-packages:/home/matteomaragliano/Desktop/SofAR_Assignment1/install/webots_ros2_core/lib/python3.8/site-packages:/home/matteomaragliano/Desktop/SofAR_Assignment1/install/webots_ros2_msgs/lib/python3.8/site-packages:${PYTHONPATH} /usr/bin/python3 setup.py egg_info --egg-base ../../../build/webots_ros2_mavic build --build-base /home/matteomaragliano/Desktop/SofAR_Assignment1/build/webots_ros2_mavic/build install --prefix /home/matteomaragliano/Desktop/SofAR_Assignment1/install/webots_ros2_mavic --record /home/matteomaragliano/Desktop/SofAR_Assignment1/build/webots_ros2_mavic/install.log --single-version-externally-managed
