[0.947s] Invoking command in '/home/matteomaragliano/Desktop/SofAR_Assignment1/src/webots_ros2/webots_ros2_universal_robot': PYTHONPATH=/home/matteomaragliano/Desktop/SofAR_Assignment1/install/webots_ros2_universal_robot/lib/python3.8/site-packages:/home/matteomaragliano/Desktop/SofAR_Assignment1/install/webots_ros2_driver/lib/python3.8/site-packages:/home/matteomaragliano/Desktop/SofAR_Assignment1/install/webots_ros2_msgs/lib/python3.8/site-packages:/home/matteomaragliano/Desktop/SofAR_Assignment1/install/webots_ros2/lib/python3.8/site-packages:/home/matteomaragliano/Desktop/SofAR_Assignment1/install/webots_ros2_universal_robot/lib/python3.8/site-packages:/home/matteomaragliano/Desktop/SofAR_Assignment1/install/webots_ros2_turtlebot/lib/python3.8/site-packages:/home/matteomaragliano/Desktop/SofAR_Assignment1/install/webots_ros2_tiago/lib/python3.8/site-packages:/home/matteomaragliano/Desktop/SofAR_Assignment1/install/webots_ros2_tests/lib/python3.8/site-packages:/home/matteomaragliano/Desktop/SofAR_Assignment1/install/webots_ros2_tesla/lib/python3.8/site-packages:/home/matteomaragliano/Desktop/SofAR_Assignment1/install/webots_ros2_mavic/lib/python3.8/site-packages:/home/matteomaragliano/Desktop/SofAR_Assignment1/install/webots_ros2_epuck/lib/python3.8/site-packages:/home/matteomaragliano/Desktop/SofAR_Assignment1/install/webots_ros2_core/lib/python3.8/site-packages:/home/matteomaragliano/Desktop/SofAR_Assignment1/install/webots_ros2_importer/lib/python3.8/site-packages:/home/matteomaragliano/Desktop/SofAR_Assignment1/install/sofar_assignment_pkg/lib/python3.8/site-packages:/home/matteomaragliano/Desktop/SofAR_Assignment1/install/assignment_pkg/lib/python3.8/site-packages:/opt/ros/galactic/lib/python3.8/site-packages /usr/bin/python3 setup.py egg_info --egg-base ../../../build/webots_ros2_universal_robot build --build-base /home/matteomaragliano/Desktop/SofAR_Assignment1/build/webots_ros2_universal_robot/build install --prefix /home/matteomaragliano/Desktop/SofAR_Assignment1/install/webots_ros2_universal_robot --record /home/matteomaragliano/Desktop/SofAR_Assignment1/build/webots_ros2_universal_robot/install.log --single-version-externally-managed
[1.289s] running egg_info
[1.291s] writing ../../../build/webots_ros2_universal_robot/webots_ros2_universal_robot.egg-info/PKG-INFO
[1.291s] writing dependency_links to ../../../build/webots_ros2_universal_robot/webots_ros2_universal_robot.egg-info/dependency_links.txt
[1.292s] writing entry points to ../../../build/webots_ros2_universal_robot/webots_ros2_universal_robot.egg-info/entry_points.txt
[1.292s] writing requirements to ../../../build/webots_ros2_universal_robot/webots_ros2_universal_robot.egg-info/requires.txt
[1.292s] writing top-level names to ../../../build/webots_ros2_universal_robot/webots_ros2_universal_robot.egg-info/top_level.txt
[1.339s] reading manifest file '../../../build/webots_ros2_universal_robot/webots_ros2_universal_robot.egg-info/SOURCES.txt'
[1.341s] writing manifest file '../../../build/webots_ros2_universal_robot/webots_ros2_universal_robot.egg-info/SOURCES.txt'
[1.341s] running build
[1.342s] running build_py
[1.342s] running install
[1.343s] running install_lib
[1.345s] running install_data
[1.346s] running install_egg_info
[1.348s] removing '/home/matteomaragliano/Desktop/SofAR_Assignment1/install/webots_ros2_universal_robot/lib/python3.8/site-packages/webots_ros2_universal_robot-1.2.2-py3.8.egg-info' (and everything under it)
[1.360s] Copying ../../../build/webots_ros2_universal_robot/webots_ros2_universal_robot.egg-info to /home/matteomaragliano/Desktop/SofAR_Assignment1/install/webots_ros2_universal_robot/lib/python3.8/site-packages/webots_ros2_universal_robot-1.2.2-py3.8.egg-info
[1.361s] running install_scripts
[1.390s] Installing abb_controller script to /home/matteomaragliano/Desktop/SofAR_Assignment1/install/webots_ros2_universal_robot/lib/webots_ros2_universal_robot
[1.390s] Installing ur5e_controller script to /home/matteomaragliano/Desktop/SofAR_Assignment1/install/webots_ros2_universal_robot/lib/webots_ros2_universal_robot
[1.391s] writing list of installed files to '/home/matteomaragliano/Desktop/SofAR_Assignment1/build/webots_ros2_universal_robot/install.log'
[1.451s] Invoked command in '/home/matteomaragliano/Desktop/SofAR_Assignment1/src/webots_ros2/webots_ros2_universal_robot' returned '0': PYTHONPATH=/home/matteomaragliano/Desktop/SofAR_Assignment1/install/webots_ros2_universal_robot/lib/python3.8/site-packages:/home/matteomaragliano/Desktop/SofAR_Assignment1/install/webots_ros2_driver/lib/python3.8/site-packages:/home/matteomaragliano/Desktop/SofAR_Assignment1/install/webots_ros2_msgs/lib/python3.8/site-packages:/home/matteomaragliano/Desktop/SofAR_Assignment1/install/webots_ros2/lib/python3.8/site-packages:/home/matteomaragliano/Desktop/SofAR_Assignment1/install/webots_ros2_universal_robot/lib/python3.8/site-packages:/home/matteomaragliano/Desktop/SofAR_Assignment1/install/webots_ros2_turtlebot/lib/python3.8/site-packages:/home/matteomaragliano/Desktop/SofAR_Assignment1/install/webots_ros2_tiago/lib/python3.8/site-packages:/home/matteomaragliano/Desktop/SofAR_Assignment1/install/webots_ros2_tests/lib/python3.8/site-packages:/home/matteomaragliano/Desktop/SofAR_Assignment1/install/webots_ros2_tesla/lib/python3.8/site-packages:/home/matteomaragliano/Desktop/SofAR_Assignment1/install/webots_ros2_mavic/lib/python3.8/site-packages:/home/matteomaragliano/Desktop/SofAR_Assignment1/install/webots_ros2_epuck/lib/python3.8/site-packages:/home/matteomaragliano/Desktop/SofAR_Assignment1/install/webots_ros2_core/lib/python3.8/site-packages:/home/matteomaragliano/Desktop/SofAR_Assignment1/install/webots_ros2_importer/lib/python3.8/site-packages:/home/matteomaragliano/Desktop/SofAR_Assignment1/install/sofar_assignment_pkg/lib/python3.8/site-packages:/home/matteomaragliano/Desktop/SofAR_Assignment1/install/assignment_pkg/lib/python3.8/site-packages:/opt/ros/galactic/lib/python3.8/site-packages /usr/bin/python3 setup.py egg_info --egg-base ../../../build/webots_ros2_universal_robot build --build-base /home/matteomaragliano/Desktop/SofAR_Assignment1/build/webots_ros2_universal_robot/build install --prefix /home/matteomaragliano/Desktop/SofAR_Assignment1/install/webots_ros2_universal_robot --record /home/matteomaragliano/Desktop/SofAR_Assignment1/build/webots_ros2_universal_robot/install.log --single-version-externally-managed
