[1.038s] Invoking command in '/home/matteomaragliano/Desktop/SofAR_Assignment1/src/webots_ros2/webots_ros2_importer': PYTHONPATH=/home/matteomaragliano/Desktop/SofAR_Assignment1/install/webots_ros2_importer/lib/python3.8/site-packages:${PYTHONPATH} /usr/bin/python3 setup.py egg_info --egg-base ../../../build/webots_ros2_importer build --build-base /home/matteomaragliano/Desktop/SofAR_Assignment1/build/webots_ros2_importer/build install --prefix /home/matteomaragliano/Desktop/SofAR_Assignment1/install/webots_ros2_importer --record /home/matteomaragliano/Desktop/SofAR_Assignment1/build/webots_ros2_importer/install.log --single-version-externally-managed
[1.454s] running egg_info
[1.455s] writing ../../../build/webots_ros2_importer/webots_ros2_importer.egg-info/PKG-INFO
[1.456s] writing dependency_links to ../../../build/webots_ros2_importer/webots_ros2_importer.egg-info/dependency_links.txt
[1.457s] writing entry points to ../../../build/webots_ros2_importer/webots_ros2_importer.egg-info/entry_points.txt
[1.457s] writing requirements to ../../../build/webots_ros2_importer/webots_ros2_importer.egg-info/requires.txt
[1.458s] writing top-level names to ../../../build/webots_ros2_importer/webots_ros2_importer.egg-info/top_level.txt
[1.516s] reading manifest file '../../../build/webots_ros2_importer/webots_ros2_importer.egg-info/SOURCES.txt'
[1.520s] writing manifest file '../../../build/webots_ros2_importer/webots_ros2_importer.egg-info/SOURCES.txt'
[1.521s] running build
[1.521s] running build_py
[1.522s] running install
[1.523s] running install_lib
[1.526s] running install_data
[1.527s] running install_egg_info
[1.529s] removing '/home/matteomaragliano/Desktop/SofAR_Assignment1/install/webots_ros2_importer/lib/python3.8/site-packages/webots_ros2_importer-1.2.2-py3.8.egg-info' (and everything under it)
[1.529s] Copying ../../../build/webots_ros2_importer/webots_ros2_importer.egg-info to /home/matteomaragliano/Desktop/SofAR_Assignment1/install/webots_ros2_importer/lib/python3.8/site-packages/webots_ros2_importer-1.2.2-py3.8.egg-info
[1.531s] running install_scripts
[1.552s] Installing urdf2proto script to /home/matteomaragliano/Desktop/SofAR_Assignment1/install/webots_ros2_importer/lib/webots_ros2_importer
[1.552s] Installing xacro2proto script to /home/matteomaragliano/Desktop/SofAR_Assignment1/install/webots_ros2_importer/lib/webots_ros2_importer
[1.553s] writing list of installed files to '/home/matteomaragliano/Desktop/SofAR_Assignment1/build/webots_ros2_importer/install.log'
[1.578s] Invoked command in '/home/matteomaragliano/Desktop/SofAR_Assignment1/src/webots_ros2/webots_ros2_importer' returned '0': PYTHONPATH=/home/matteomaragliano/Desktop/SofAR_Assignment1/install/webots_ros2_importer/lib/python3.8/site-packages:${PYTHONPATH} /usr/bin/python3 setup.py egg_info --egg-base ../../../build/webots_ros2_importer build --build-base /home/matteomaragliano/Desktop/SofAR_Assignment1/build/webots_ros2_importer/build install --prefix /home/matteomaragliano/Desktop/SofAR_Assignment1/install/webots_ros2_importer --record /home/matteomaragliano/Desktop/SofAR_Assignment1/build/webots_ros2_importer/install.log --single-version-externally-managed
