[2.647s] DEBUG:colcon:Command line arguments: ['/usr/bin/colcon', 'build']
[2.648s] DEBUG:colcon:Parsed command line arguments: Namespace(allow_overriding=[], ament_cmake_args=None, base_paths=['.'], build_base='build', catkin_cmake_args=None, catkin_skip_building_tests=False, cmake_args=None, cmake_clean_cache=False, cmake_clean_first=False, cmake_force_configure=False, cmake_target=None, cmake_target_skip_unavailable=False, continue_on_error=False, event_handlers=None, executor='parallel', ignore_user_meta=False, install_base='install', log_base=None, log_level=None, main=<bound method BuildVerb.main of <colcon_core.verb.build.BuildVerb object at 0x7f8cb75393a0>>, merge_install=False, metas=['./colcon.meta'], packages_above=None, packages_above_and_dependencies=None, packages_above_depth=None, packages_end=None, packages_ignore=None, packages_ignore_regex=None, packages_select=None, packages_select_build_failed=False, packages_select_by_dep=None, packages_select_regex=None, packages_select_test_failures=False, packages_skip=None, packages_skip_build_finished=False, packages_skip_by_dep=None, packages_skip_regex=None, packages_skip_test_passed=False, packages_skip_up_to=None, packages_start=None, packages_up_to=None, packages_up_to_regex=None, parallel_workers=2, paths=None, symlink_install=False, test_result_base=None, verb_extension=<colcon_core.verb.build.BuildVerb object at 0x7f8cb75393a0>, verb_name='build', verb_parser=<colcon_defaults.argument_parser.defaults.DefaultArgumentsDecorator object at 0x7f8cb75398e0>)
[2.763s] Level 1:colcon.colcon_core.package_discovery:discover_packages(colcon_meta) check parameters
[2.766s] Level 1:colcon.colcon_core.package_discovery:discover_packages(recursive) check parameters
[2.766s] Level 1:colcon.colcon_core.package_discovery:discover_packages(ignore) check parameters
[2.766s] Level 1:colcon.colcon_core.package_discovery:discover_packages(path) check parameters
[2.766s] Level 1:colcon.colcon_core.package_discovery:discover_packages(colcon_meta) discover
[2.767s] Level 1:colcon.colcon_core.package_discovery:discover_packages(recursive) discover
[2.768s] INFO:colcon.colcon_core.package_discovery:Crawling recursively for packages in '/home/matteomaragliano/assignment_ws'
[2.768s] Level 1:colcon.colcon_core.package_identification:_identify(.) by extensions ['ignore', 'ignore_ament_install']
[2.770s] Level 1:colcon.colcon_core.package_identification:_identify(.) by extension 'ignore'
[2.770s] Level 1:colcon.colcon_core.package_identification:_identify(.) by extension 'ignore_ament_install'
[2.771s] Level 1:colcon.colcon_core.package_identification:_identify(.) by extensions ['colcon_pkg']
[2.771s] Level 1:colcon.colcon_core.package_identification:_identify(.) by extension 'colcon_pkg'
[2.771s] Level 1:colcon.colcon_core.package_identification:_identify(.) by extensions ['colcon_meta']
[2.771s] Level 1:colcon.colcon_core.package_identification:_identify(.) by extension 'colcon_meta'
[2.771s] Level 1:colcon.colcon_core.package_identification:_identify(.) by extensions ['ros']
[2.771s] Level 1:colcon.colcon_core.package_identification:_identify(.) by extension 'ros'
[2.858s] Level 1:colcon.colcon_core.package_identification:_identify(.) by extensions ['cmake', 'python']
[2.859s] Level 1:colcon.colcon_core.package_identification:_identify(.) by extension 'cmake'
[2.859s] Level 1:colcon.colcon_core.package_identification:_identify(.) by extension 'python'
[2.859s] Level 1:colcon.colcon_core.package_identification:_identify(.) by extensions ['python_setup_py']
[2.860s] Level 1:colcon.colcon_core.package_identification:_identify(.) by extension 'python_setup_py'
[2.860s] Level 1:colcon.colcon_core.package_identification:_identify(build) by extensions ['ignore', 'ignore_ament_install']
[2.861s] Level 1:colcon.colcon_core.package_identification:_identify(build) by extension 'ignore'
[2.861s] Level 1:colcon.colcon_core.package_identification:_identify(build) ignored
[2.863s] Level 1:colcon.colcon_core.package_identification:_identify(install) by extensions ['ignore', 'ignore_ament_install']
[2.863s] Level 1:colcon.colcon_core.package_identification:_identify(install) by extension 'ignore'
[2.864s] Level 1:colcon.colcon_core.package_identification:_identify(install) ignored
[2.865s] Level 1:colcon.colcon_core.package_identification:_identify(log) by extensions ['ignore', 'ignore_ament_install']
[2.867s] Level 1:colcon.colcon_core.package_identification:_identify(log) by extension 'ignore'
[2.867s] Level 1:colcon.colcon_core.package_identification:_identify(log) ignored
[2.868s] Level 1:colcon.colcon_core.package_identification:_identify(src) by extensions ['ignore', 'ignore_ament_install']
[2.868s] Level 1:colcon.colcon_core.package_identification:_identify(src) by extension 'ignore'
[2.870s] Level 1:colcon.colcon_core.package_identification:_identify(src) by extension 'ignore_ament_install'
[2.872s] Level 1:colcon.colcon_core.package_identification:_identify(src) by extensions ['colcon_pkg']
[2.872s] Level 1:colcon.colcon_core.package_identification:_identify(src) by extension 'colcon_pkg'
[2.872s] Level 1:colcon.colcon_core.package_identification:_identify(src) by extensions ['colcon_meta']
[2.873s] Level 1:colcon.colcon_core.package_identification:_identify(src) by extension 'colcon_meta'
[2.873s] Level 1:colcon.colcon_core.package_identification:_identify(src) by extensions ['ros']
[2.875s] Level 1:colcon.colcon_core.package_identification:_identify(src) by extension 'ros'
[2.876s] Level 1:colcon.colcon_core.package_identification:_identify(src) by extensions ['cmake', 'python']
[2.876s] Level 1:colcon.colcon_core.package_identification:_identify(src) by extension 'cmake'
[2.876s] Level 1:colcon.colcon_core.package_identification:_identify(src) by extension 'python'
[2.876s] Level 1:colcon.colcon_core.package_identification:_identify(src) by extensions ['python_setup_py']
[2.876s] Level 1:colcon.colcon_core.package_identification:_identify(src) by extension 'python_setup_py'
[2.877s] Level 1:colcon.colcon_core.package_discovery:discover_packages(recursive) using defaults
[2.877s] Level 1:colcon.colcon_core.package_discovery:discover_packages(ignore) discover
[2.877s] Level 1:colcon.colcon_core.package_discovery:discover_packages(ignore) using defaults
[2.877s] Level 1:colcon.colcon_core.package_discovery:discover_packages(path) discover
[2.877s] Level 1:colcon.colcon_core.package_discovery:discover_packages(path) using defaults
[2.952s] Level 1:colcon.colcon_core.package_discovery:discover_packages(prefix_path) check parameters
[2.952s] Level 1:colcon.colcon_core.package_discovery:discover_packages(prefix_path) discover
[2.959s] DEBUG:colcon.colcon_installed_package_information.package_discovery:Found 331 installed packages in /opt/ros/galactic
[2.968s] Level 1:colcon.colcon_core.package_discovery:discover_packages(prefix_path) using defaults
[3.340s] INFO:colcon.colcon_core.executor:Executing jobs using 'parallel' executor
[3.345s] DEBUG:colcon.colcon_parallel_executor.executor.parallel:run_until_complete
[3.346s] DEBUG:colcon.colcon_parallel_executor.executor.parallel:closing loop
[3.348s] DEBUG:colcon.colcon_parallel_executor.executor.parallel:loop closed
[3.348s] DEBUG:colcon.colcon_parallel_executor.executor.parallel:run_until_complete finished with '0'
[3.349s] DEBUG:colcon.colcon_core.event_reactor:joining thread
[3.374s] INFO:colcon.colcon_core.plugin_system:Skipping extension 'colcon_notification.desktop_notification.terminal_notifier': Not used on non-Darwin systems
[3.374s] INFO:colcon.colcon_core.plugin_system:Skipping extension 'colcon_notification.desktop_notification.win32': Not used on non-Windows systems
[3.374s] INFO:colcon.colcon_notification.desktop_notification:Sending desktop notification using 'notify2'
[3.456s] DEBUG:colcon.colcon_core.event_reactor:joined thread
[3.489s] INFO:colcon.colcon_core.plugin_system:Skipping extension 'colcon_core.shell.bat': Not used on non-Windows systems
[3.490s] INFO:colcon.colcon_core.shell:Creating prefix script '/home/matteomaragliano/assignment_ws/install/local_setup.ps1'
[3.493s] INFO:colcon.colcon_core.shell:Creating prefix util module '/home/matteomaragliano/assignment_ws/install/_local_setup_util_ps1.py'
[3.899s] INFO:colcon.colcon_core.shell:Creating prefix chain script '/home/matteomaragliano/assignment_ws/install/setup.ps1'
[3.966s] INFO:colcon.colcon_core.shell:Creating prefix script '/home/matteomaragliano/assignment_ws/install/local_setup.sh'
[3.970s] INFO:colcon.colcon_core.shell:Creating prefix util module '/home/matteomaragliano/assignment_ws/install/_local_setup_util_sh.py'
[3.975s] INFO:colcon.colcon_core.shell:Creating prefix chain script '/home/matteomaragliano/assignment_ws/install/setup.sh'
[3.989s] INFO:colcon.colcon_core.shell:Creating prefix script '/home/matteomaragliano/assignment_ws/install/local_setup.bash'
[4.026s] INFO:colcon.colcon_core.shell:Creating prefix chain script '/home/matteomaragliano/assignment_ws/install/setup.bash'
[4.059s] INFO:colcon.colcon_core.shell:Creating prefix script '/home/matteomaragliano/assignment_ws/install/local_setup.zsh'
[4.060s] INFO:colcon.colcon_core.shell:Creating prefix chain script '/home/matteomaragliano/assignment_ws/install/setup.zsh'
