[5.146s] Invoking command in '/home/matteomaragliano/Desktop/SofAR_Assignment1/src/assignment_pkg': PYTHONPATH=/home/matteomaragliano/Desktop/SofAR_Assignment1/install/assignment_pkg/lib/python3.8/site-packages:${PYTHONPATH} /usr/bin/python3 setup.py egg_info --egg-base ../../build/assignment_pkg build --build-base /home/matteomaragliano/Desktop/SofAR_Assignment1/build/assignment_pkg/build install --prefix /home/matteomaragliano/Desktop/SofAR_Assignment1/install/assignment_pkg --record /home/matteomaragliano/Desktop/SofAR_Assignment1/build/assignment_pkg/install.log --single-version-externally-managed
[7.120s] running egg_info
[7.123s] creating ../../build/assignment_pkg/assignment_pkg.egg-info
[7.124s] writing ../../build/assignment_pkg/assignment_pkg.egg-info/PKG-INFO
[7.127s] writing dependency_links to ../../build/assignment_pkg/assignment_pkg.egg-info/dependency_links.txt
[7.128s] writing entry points to ../../build/assignment_pkg/assignment_pkg.egg-info/entry_points.txt
[7.129s] writing requirements to ../../build/assignment_pkg/assignment_pkg.egg-info/requires.txt
[7.129s] writing top-level names to ../../build/assignment_pkg/assignment_pkg.egg-info/top_level.txt
[7.138s] writing manifest file '../../build/assignment_pkg/assignment_pkg.egg-info/SOURCES.txt'
[7.463s] reading manifest file '../../build/assignment_pkg/assignment_pkg.egg-info/SOURCES.txt'
[7.464s] writing manifest file '../../build/assignment_pkg/assignment_pkg.egg-info/SOURCES.txt'
[7.464s] running build
[7.465s] running build_py
[7.466s] creating /home/matteomaragliano/Desktop/SofAR_Assignment1/build/assignment_pkg/build
[7.466s] creating /home/matteomaragliano/Desktop/SofAR_Assignment1/build/assignment_pkg/build/lib
[7.466s] creating /home/matteomaragliano/Desktop/SofAR_Assignment1/build/assignment_pkg/build/lib/assignment_pkg
[7.468s] copying assignment_pkg/__init__.py -> /home/matteomaragliano/Desktop/SofAR_Assignment1/build/assignment_pkg/build/lib/assignment_pkg
[7.469s] copying assignment_pkg/controller.py -> /home/matteomaragliano/Desktop/SofAR_Assignment1/build/assignment_pkg/build/lib/assignment_pkg
[7.469s] running install
[7.470s] running install_lib
[7.475s] creating /home/matteomaragliano/Desktop/SofAR_Assignment1/install/assignment_pkg/lib/python3.8/site-packages/assignment_pkg
[7.476s] copying /home/matteomaragliano/Desktop/SofAR_Assignment1/build/assignment_pkg/build/lib/assignment_pkg/__init__.py -> /home/matteomaragliano/Desktop/SofAR_Assignment1/install/assignment_pkg/lib/python3.8/site-packages/assignment_pkg
[7.481s] copying /home/matteomaragliano/Desktop/SofAR_Assignment1/build/assignment_pkg/build/lib/assignment_pkg/controller.py -> /home/matteomaragliano/Desktop/SofAR_Assignment1/install/assignment_pkg/lib/python3.8/site-packages/assignment_pkg
[7.488s] byte-compiling /home/matteomaragliano/Desktop/SofAR_Assignment1/install/assignment_pkg/lib/python3.8/site-packages/assignment_pkg/__init__.py to __init__.cpython-38.pyc
[7.489s] byte-compiling /home/matteomaragliano/Desktop/SofAR_Assignment1/install/assignment_pkg/lib/python3.8/site-packages/assignment_pkg/controller.py to controller.cpython-38.pyc
[7.494s] running install_data
[7.504s] creating /home/matteomaragliano/Desktop/SofAR_Assignment1/install/assignment_pkg/share/ament_index
[7.504s] creating /home/matteomaragliano/Desktop/SofAR_Assignment1/install/assignment_pkg/share/ament_index/resource_index
[7.504s] creating /home/matteomaragliano/Desktop/SofAR_Assignment1/install/assignment_pkg/share/ament_index/resource_index/packages
[7.504s] copying resource/assignment_pkg -> /home/matteomaragliano/Desktop/SofAR_Assignment1/install/assignment_pkg/share/ament_index/resource_index/packages
[7.505s] copying package.xml -> /home/matteomaragliano/Desktop/SofAR_Assignment1/install/assignment_pkg/share/assignment_pkg
[7.505s] running install_egg_info
[7.585s] Copying ../../build/assignment_pkg/assignment_pkg.egg-info to /home/matteomaragliano/Desktop/SofAR_Assignment1/install/assignment_pkg/lib/python3.8/site-packages/assignment_pkg-0.0.0-py3.8.egg-info
[7.629s] running install_scripts
[7.719s] Installing controller script to /home/matteomaragliano/Desktop/SofAR_Assignment1/install/assignment_pkg/lib/assignment_pkg
[7.720s] writing list of installed files to '/home/matteomaragliano/Desktop/SofAR_Assignment1/build/assignment_pkg/install.log'
[7.780s] Invoked command in '/home/matteomaragliano/Desktop/SofAR_Assignment1/src/assignment_pkg' returned '0': PYTHONPATH=/home/matteomaragliano/Desktop/SofAR_Assignment1/install/assignment_pkg/lib/python3.8/site-packages:${PYTHONPATH} /usr/bin/python3 setup.py egg_info --egg-base ../../build/assignment_pkg build --build-base /home/matteomaragliano/Desktop/SofAR_Assignment1/build/assignment_pkg/build install --prefix /home/matteomaragliano/Desktop/SofAR_Assignment1/install/assignment_pkg --record /home/matteomaragliano/Desktop/SofAR_Assignment1/build/assignment_pkg/install.log --single-version-externally-managed
