[0.776s] Invoking command in '/home/matteomaragliano/Desktop/SofAR_Assignment1/assignment_ws/src/assignment_pkg': PYTHONPATH=/home/matteomaragliano/Desktop/SofAR_Assignment1/install/assignment_pkg/lib/python3.8/site-packages:${PYTHONPATH} /usr/bin/python3 setup.py egg_info --egg-base ../../../build/assignment_pkg build --build-base /home/matteomaragliano/Desktop/SofAR_Assignment1/build/assignment_pkg/build install --prefix /home/matteomaragliano/Desktop/SofAR_Assignment1/install/assignment_pkg --record /home/matteomaragliano/Desktop/SofAR_Assignment1/build/assignment_pkg/install.log --single-version-externally-managed
[1.031s] running egg_info
[1.032s] writing ../../../build/assignment_pkg/assignment_pkg.egg-info/PKG-INFO
[1.032s] writing dependency_links to ../../../build/assignment_pkg/assignment_pkg.egg-info/dependency_links.txt
[1.033s] writing entry points to ../../../build/assignment_pkg/assignment_pkg.egg-info/entry_points.txt
[1.033s] writing requirements to ../../../build/assignment_pkg/assignment_pkg.egg-info/requires.txt
[1.033s] writing top-level names to ../../../build/assignment_pkg/assignment_pkg.egg-info/top_level.txt
[1.077s] reading manifest file '../../../build/assignment_pkg/assignment_pkg.egg-info/SOURCES.txt'
[1.078s] writing manifest file '../../../build/assignment_pkg/assignment_pkg.egg-info/SOURCES.txt'
[1.079s] running build
[1.079s] running build_py
[1.079s] running install
[1.080s] running install_lib
[1.082s] running install_data
[1.082s] running install_egg_info
[1.084s] removing '/home/matteomaragliano/Desktop/SofAR_Assignment1/install/assignment_pkg/lib/python3.8/site-packages/assignment_pkg-0.0.0-py3.8.egg-info' (and everything under it)
[1.085s] Copying ../../../build/assignment_pkg/assignment_pkg.egg-info to /home/matteomaragliano/Desktop/SofAR_Assignment1/install/assignment_pkg/lib/python3.8/site-packages/assignment_pkg-0.0.0-py3.8.egg-info
[1.086s] running install_scripts
[1.106s] Installing controller script to /home/matteomaragliano/Desktop/SofAR_Assignment1/install/assignment_pkg/lib/assignment_pkg
[1.107s] writing list of installed files to '/home/matteomaragliano/Desktop/SofAR_Assignment1/build/assignment_pkg/install.log'
[1.131s] Invoked command in '/home/matteomaragliano/Desktop/SofAR_Assignment1/assignment_ws/src/assignment_pkg' returned '0': PYTHONPATH=/home/matteomaragliano/Desktop/SofAR_Assignment1/install/assignment_pkg/lib/python3.8/site-packages:${PYTHONPATH} /usr/bin/python3 setup.py egg_info --egg-base ../../../build/assignment_pkg build --build-base /home/matteomaragliano/Desktop/SofAR_Assignment1/build/assignment_pkg/build install --prefix /home/matteomaragliano/Desktop/SofAR_Assignment1/install/assignment_pkg --record /home/matteomaragliano/Desktop/SofAR_Assignment1/build/assignment_pkg/install.log --single-version-externally-managed
