[0.231s] DEBUG:colcon:Command line arguments: ['/usr/bin/colcon', 'build']
[0.231s] DEBUG:colcon:Parsed command line arguments: Namespace(allow_overriding=[], ament_cmake_args=None, base_paths=['.'], build_base='build', catkin_cmake_args=None, catkin_skip_building_tests=False, cmake_args=None, cmake_clean_cache=False, cmake_clean_first=False, cmake_force_configure=False, cmake_target=None, cmake_target_skip_unavailable=False, continue_on_error=False, event_handlers=None, executor='parallel', ignore_user_meta=False, install_base='install', log_base=None, log_level=None, main=<bound method BuildVerb.main of <colcon_core.verb.build.BuildVerb object at 0x7faec3fc5490>>, merge_install=False, metas=['./colcon.meta'], packages_above=None, packages_above_and_dependencies=None, packages_above_depth=None, packages_end=None, packages_ignore=None, packages_ignore_regex=None, packages_select=None, packages_select_build_failed=False, packages_select_by_dep=None, packages_select_regex=None, packages_select_test_failures=False, packages_skip=None, packages_skip_build_finished=False, packages_skip_by_dep=None, packages_skip_regex=None, packages_skip_test_passed=False, packages_skip_up_to=None, packages_start=None, packages_up_to=None, packages_up_to_regex=None, parallel_workers=2, paths=None, symlink_install=False, test_result_base=None, verb_extension=<colcon_core.verb.build.BuildVerb object at 0x7faec3fc5490>, verb_name='build', verb_parser=<colcon_defaults.argument_parser.defaults.DefaultArgumentsDecorator object at 0x7faec3fc59d0>)
[0.322s] Level 1:colcon.colcon_core.package_discovery:discover_packages(colcon_meta) check parameters
[0.322s] Level 1:colcon.colcon_core.package_discovery:discover_packages(recursive) check parameters
[0.322s] Level 1:colcon.colcon_core.package_discovery:discover_packages(ignore) check parameters
[0.322s] Level 1:colcon.colcon_core.package_discovery:discover_packages(path) check parameters
[0.322s] Level 1:colcon.colcon_core.package_discovery:discover_packages(colcon_meta) discover
[0.322s] Level 1:colcon.colcon_core.package_discovery:discover_packages(recursive) discover
[0.322s] INFO:colcon.colcon_core.package_discovery:Crawling recursively for packages in '/home/matteomaragliano/Desktop/SofAR_Assignment1'
[0.323s] Level 1:colcon.colcon_core.package_identification:_identify(.) by extensions ['ignore', 'ignore_ament_install']
[0.323s] Level 1:colcon.colcon_core.package_identification:_identify(.) by extension 'ignore'
[0.323s] Level 1:colcon.colcon_core.package_identification:_identify(.) by extension 'ignore_ament_install'
[0.323s] Level 1:colcon.colcon_core.package_identification:_identify(.) by extensions ['colcon_pkg']
[0.323s] Level 1:colcon.colcon_core.package_identification:_identify(.) by extension 'colcon_pkg'
[0.323s] Level 1:colcon.colcon_core.package_identification:_identify(.) by extensions ['colcon_meta']
[0.323s] Level 1:colcon.colcon_core.package_identification:_identify(.) by extension 'colcon_meta'
[0.323s] Level 1:colcon.colcon_core.package_identification:_identify(.) by extensions ['ros']
[0.323s] Level 1:colcon.colcon_core.package_identification:_identify(.) by extension 'ros'
[0.342s] Level 1:colcon.colcon_core.package_identification:_identify(.) by extensions ['cmake', 'python']
[0.342s] Level 1:colcon.colcon_core.package_identification:_identify(.) by extension 'cmake'
[0.342s] Level 1:colcon.colcon_core.package_identification:_identify(.) by extension 'python'
[0.342s] Level 1:colcon.colcon_core.package_identification:_identify(.) by extensions ['python_setup_py']
[0.342s] Level 1:colcon.colcon_core.package_identification:_identify(.) by extension 'python_setup_py'
[0.343s] Level 1:colcon.colcon_core.package_identification:_identify(build) by extensions ['ignore', 'ignore_ament_install']
[0.343s] Level 1:colcon.colcon_core.package_identification:_identify(build) by extension 'ignore'
[0.343s] Level 1:colcon.colcon_core.package_identification:_identify(build) ignored
[0.343s] Level 1:colcon.colcon_core.package_identification:_identify(install) by extensions ['ignore', 'ignore_ament_install']
[0.343s] Level 1:colcon.colcon_core.package_identification:_identify(install) by extension 'ignore'
[0.343s] Level 1:colcon.colcon_core.package_identification:_identify(install) ignored
[0.343s] Level 1:colcon.colcon_core.package_identification:_identify(log) by extensions ['ignore', 'ignore_ament_install']
[0.343s] Level 1:colcon.colcon_core.package_identification:_identify(log) by extension 'ignore'
[0.343s] Level 1:colcon.colcon_core.package_identification:_identify(log) ignored
[0.343s] Level 1:colcon.colcon_core.package_identification:_identify(src) by extensions ['ignore', 'ignore_ament_install']
[0.344s] Level 1:colcon.colcon_core.package_identification:_identify(src) by extension 'ignore'
[0.344s] Level 1:colcon.colcon_core.package_identification:_identify(src) by extension 'ignore_ament_install'
[0.344s] Level 1:colcon.colcon_core.package_identification:_identify(src) by extensions ['colcon_pkg']
[0.344s] Level 1:colcon.colcon_core.package_identification:_identify(src) by extension 'colcon_pkg'
[0.344s] Level 1:colcon.colcon_core.package_identification:_identify(src) by extensions ['colcon_meta']
[0.344s] Level 1:colcon.colcon_core.package_identification:_identify(src) by extension 'colcon_meta'
[0.344s] Level 1:colcon.colcon_core.package_identification:_identify(src) by extensions ['ros']
[0.344s] Level 1:colcon.colcon_core.package_identification:_identify(src) by extension 'ros'
[0.344s] Level 1:colcon.colcon_core.package_identification:_identify(src) by extensions ['cmake', 'python']
[0.344s] Level 1:colcon.colcon_core.package_identification:_identify(src) by extension 'cmake'
[0.344s] Level 1:colcon.colcon_core.package_identification:_identify(src) by extension 'python'
[0.344s] Level 1:colcon.colcon_core.package_identification:_identify(src) by extensions ['python_setup_py']
[0.344s] Level 1:colcon.colcon_core.package_identification:_identify(src) by extension 'python_setup_py'
[0.345s] Level 1:colcon.colcon_core.package_identification:_identify(src/assignment_pkg) by extensions ['ignore', 'ignore_ament_install']
[0.345s] Level 1:colcon.colcon_core.package_identification:_identify(src/assignment_pkg) by extension 'ignore'
[0.345s] Level 1:colcon.colcon_core.package_identification:_identify(src/assignment_pkg) by extension 'ignore_ament_install'
[0.345s] Level 1:colcon.colcon_core.package_identification:_identify(src/assignment_pkg) by extensions ['colcon_pkg']
[0.345s] Level 1:colcon.colcon_core.package_identification:_identify(src/assignment_pkg) by extension 'colcon_pkg'
[0.345s] Level 1:colcon.colcon_core.package_identification:_identify(src/assignment_pkg) by extensions ['colcon_meta']
[0.345s] Level 1:colcon.colcon_core.package_identification:_identify(src/assignment_pkg) by extension 'colcon_meta'
[0.345s] Level 1:colcon.colcon_core.package_identification:_identify(src/assignment_pkg) by extensions ['ros']
[0.345s] Level 1:colcon.colcon_core.package_identification:_identify(src/assignment_pkg) by extension 'ros'
[0.352s] DEBUG:colcon.colcon_core.package_identification:Package 'src/assignment_pkg' with type 'ros.ament_python' and name 'assignment_pkg'
[0.352s] Level 1:colcon.colcon_core.package_identification:_identify(src/sofar_assignment_pkg) by extensions ['ignore', 'ignore_ament_install']
[0.352s] Level 1:colcon.colcon_core.package_identification:_identify(src/sofar_assignment_pkg) by extension 'ignore'
[0.352s] Level 1:colcon.colcon_core.package_identification:_identify(src/sofar_assignment_pkg) by extension 'ignore_ament_install'
[0.352s] Level 1:colcon.colcon_core.package_identification:_identify(src/sofar_assignment_pkg) by extensions ['colcon_pkg']
[0.352s] Level 1:colcon.colcon_core.package_identification:_identify(src/sofar_assignment_pkg) by extension 'colcon_pkg'
[0.352s] Level 1:colcon.colcon_core.package_identification:_identify(src/sofar_assignment_pkg) by extensions ['colcon_meta']
[0.352s] Level 1:colcon.colcon_core.package_identification:_identify(src/sofar_assignment_pkg) by extension 'colcon_meta'
[0.352s] Level 1:colcon.colcon_core.package_identification:_identify(src/sofar_assignment_pkg) by extensions ['ros']
[0.352s] Level 1:colcon.colcon_core.package_identification:_identify(src/sofar_assignment_pkg) by extension 'ros'
[0.354s] DEBUG:colcon.colcon_core.package_identification:Package 'src/sofar_assignment_pkg' with type 'ros.ament_python' and name 'sofar_assignment_pkg'
[0.354s] Level 1:colcon.colcon_core.package_discovery:discover_packages(recursive) using defaults
[0.354s] Level 1:colcon.colcon_core.package_discovery:discover_packages(ignore) discover
[0.354s] Level 1:colcon.colcon_core.package_discovery:discover_packages(ignore) using defaults
[0.354s] Level 1:colcon.colcon_core.package_discovery:discover_packages(path) discover
[0.354s] Level 1:colcon.colcon_core.package_discovery:discover_packages(path) using defaults
[0.400s] Level 1:colcon.colcon_core.package_discovery:discover_packages(prefix_path) check parameters
[0.400s] Level 1:colcon.colcon_core.package_discovery:discover_packages(prefix_path) discover
[0.407s] DEBUG:colcon.colcon_installed_package_information.package_discovery:Found 331 installed packages in /opt/ros/galactic
[0.411s] Level 1:colcon.colcon_core.package_discovery:discover_packages(prefix_path) using defaults
[0.620s] Level 5:colcon.colcon_core.verb:set package 'assignment_pkg' build argument 'cmake_args' from command line to 'None'
[0.620s] Level 5:colcon.colcon_core.verb:set package 'assignment_pkg' build argument 'cmake_target' from command line to 'None'
[0.620s] Level 5:colcon.colcon_core.verb:set package 'assignment_pkg' build argument 'cmake_target_skip_unavailable' from command line to 'False'
[0.621s] Level 5:colcon.colcon_core.verb:set package 'assignment_pkg' build argument 'cmake_clean_cache' from command line to 'False'
[0.621s] Level 5:colcon.colcon_core.verb:set package 'assignment_pkg' build argument 'cmake_clean_first' from command line to 'False'
[0.621s] Level 5:colcon.colcon_core.verb:set package 'assignment_pkg' build argument 'cmake_force_configure' from command line to 'False'
[0.621s] Level 5:colcon.colcon_core.verb:set package 'assignment_pkg' build argument 'ament_cmake_args' from command line to 'None'
[0.621s] Level 5:colcon.colcon_core.verb:set package 'assignment_pkg' build argument 'catkin_cmake_args' from command line to 'None'
[0.621s] Level 5:colcon.colcon_core.verb:set package 'assignment_pkg' build argument 'catkin_skip_building_tests' from command line to 'False'
[0.621s] DEBUG:colcon.colcon_core.verb:Building package 'assignment_pkg' with the following arguments: {'ament_cmake_args': None, 'build_base': '/home/matteomaragliano/Desktop/SofAR_Assignment1/build/assignment_pkg', 'catkin_cmake_args': None, 'catkin_skip_building_tests': False, 'cmake_args': None, 'cmake_clean_cache': False, 'cmake_clean_first': False, 'cmake_force_configure': False, 'cmake_target': None, 'cmake_target_skip_unavailable': False, 'install_base': '/home/matteomaragliano/Desktop/SofAR_Assignment1/install/assignment_pkg', 'merge_install': False, 'path': '/home/matteomaragliano/Desktop/SofAR_Assignment1/src/assignment_pkg', 'symlink_install': False, 'test_result_base': None}
[0.622s] Level 5:colcon.colcon_core.verb:set package 'sofar_assignment_pkg' build argument 'cmake_args' from command line to 'None'
[0.622s] Level 5:colcon.colcon_core.verb:set package 'sofar_assignment_pkg' build argument 'cmake_target' from command line to 'None'
[0.622s] Level 5:colcon.colcon_core.verb:set package 'sofar_assignment_pkg' build argument 'cmake_target_skip_unavailable' from command line to 'False'
[0.622s] Level 5:colcon.colcon_core.verb:set package 'sofar_assignment_pkg' build argument 'cmake_clean_cache' from command line to 'False'
[0.622s] Level 5:colcon.colcon_core.verb:set package 'sofar_assignment_pkg' build argument 'cmake_clean_first' from command line to 'False'
[0.622s] Level 5:colcon.colcon_core.verb:set package 'sofar_assignment_pkg' build argument 'cmake_force_configure' from command line to 'False'
[0.622s] Level 5:colcon.colcon_core.verb:set package 'sofar_assignment_pkg' build argument 'ament_cmake_args' from command line to 'None'
[0.622s] Level 5:colcon.colcon_core.verb:set package 'sofar_assignment_pkg' build argument 'catkin_cmake_args' from command line to 'None'
[0.622s] Level 5:colcon.colcon_core.verb:set package 'sofar_assignment_pkg' build argument 'catkin_skip_building_tests' from command line to 'False'
[0.622s] DEBUG:colcon.colcon_core.verb:Building package 'sofar_assignment_pkg' with the following arguments: {'ament_cmake_args': None, 'build_base': '/home/matteomaragliano/Desktop/SofAR_Assignment1/build/sofar_assignment_pkg', 'catkin_cmake_args': None, 'catkin_skip_building_tests': False, 'cmake_args': None, 'cmake_clean_cache': False, 'cmake_clean_first': False, 'cmake_force_configure': False, 'cmake_target': None, 'cmake_target_skip_unavailable': False, 'install_base': '/home/matteomaragliano/Desktop/SofAR_Assignment1/install/sofar_assignment_pkg', 'merge_install': False, 'path': '/home/matteomaragliano/Desktop/SofAR_Assignment1/src/sofar_assignment_pkg', 'symlink_install': False, 'test_result_base': None}
[0.623s] INFO:colcon.colcon_core.executor:Executing jobs using 'parallel' executor
[0.626s] DEBUG:colcon.colcon_parallel_executor.executor.parallel:run_until_complete
[0.627s] INFO:colcon.colcon_ros.task.ament_python.build:Building ROS package in '/home/matteomaragliano/Desktop/SofAR_Assignment1/src/assignment_pkg' with build type 'ament_python'
[0.627s] Level 1:colcon.colcon_core.shell:create_environment_hook('assignment_pkg', 'ament_prefix_path')
[0.643s] INFO:colcon.colcon_core.plugin_system:Skipping extension 'colcon_core.shell.bat': Not used on non-Windows systems
[0.643s] INFO:colcon.colcon_core.shell:Creating environment hook '/home/matteomaragliano/Desktop/SofAR_Assignment1/install/assignment_pkg/share/assignment_pkg/hook/ament_prefix_path.ps1'
[0.645s] INFO:colcon.colcon_core.shell:Creating environment descriptor '/home/matteomaragliano/Desktop/SofAR_Assignment1/install/assignment_pkg/share/assignment_pkg/hook/ament_prefix_path.dsv'
[0.647s] INFO:colcon.colcon_core.shell:Creating environment hook '/home/matteomaragliano/Desktop/SofAR_Assignment1/install/assignment_pkg/share/assignment_pkg/hook/ament_prefix_path.sh'
[0.650s] INFO:colcon.colcon_core.shell:Skip shell extension 'powershell' for command environment: Not usable outside of PowerShell
[0.650s] DEBUG:colcon.colcon_core.shell:Skip shell extension 'dsv' for command environment
[0.665s] INFO:colcon.colcon_ros.task.ament_python.build:Building ROS package in '/home/matteomaragliano/Desktop/SofAR_Assignment1/src/sofar_assignment_pkg' with build type 'ament_python'
[0.668s] Level 1:colcon.colcon_core.shell:create_environment_hook('sofar_assignment_pkg', 'ament_prefix_path')
[0.669s] INFO:colcon.colcon_core.shell:Creating environment hook '/home/matteomaragliano/Desktop/SofAR_Assignment1/install/sofar_assignment_pkg/share/sofar_assignment_pkg/hook/ament_prefix_path.ps1'
[0.670s] INFO:colcon.colcon_core.shell:Creating environment descriptor '/home/matteomaragliano/Desktop/SofAR_Assignment1/install/sofar_assignment_pkg/share/sofar_assignment_pkg/hook/ament_prefix_path.dsv'
[0.671s] INFO:colcon.colcon_core.shell:Creating environment hook '/home/matteomaragliano/Desktop/SofAR_Assignment1/install/sofar_assignment_pkg/share/sofar_assignment_pkg/hook/ament_prefix_path.sh'
[0.674s] INFO:colcon.colcon_core.shell:Skip shell extension 'powershell' for command environment: Not usable outside of PowerShell
[0.674s] DEBUG:colcon.colcon_core.shell:Skip shell extension 'dsv' for command environment
[1.004s] INFO:colcon.colcon_core.task.python.build:Building Python package in '/home/matteomaragliano/Desktop/SofAR_Assignment1/src/assignment_pkg'
[1.005s] INFO:colcon.colcon_core.shell:Skip shell extension 'powershell' for command environment: Not usable outside of PowerShell
[1.005s] DEBUG:colcon.colcon_core.shell:Skip shell extension 'dsv' for command environment
[1.343s] INFO:colcon.colcon_core.task.python.build:Building Python package in '/home/matteomaragliano/Desktop/SofAR_Assignment1/src/sofar_assignment_pkg'
[1.346s] INFO:colcon.colcon_core.shell:Skip shell extension 'powershell' for command environment: Not usable outside of PowerShell
[1.346s] DEBUG:colcon.colcon_core.shell:Skip shell extension 'dsv' for command environment
[2.204s] DEBUG:colcon.colcon_core.event_handler.log_command:Invoking command in '/home/matteomaragliano/Desktop/SofAR_Assignment1/src/sofar_assignment_pkg': PYTHONPATH=/home/matteomaragliano/Desktop/SofAR_Assignment1/install/sofar_assignment_pkg/lib/python3.8/site-packages:${PYTHONPATH} /usr/bin/python3 setup.py egg_info --egg-base ../../build/sofar_assignment_pkg build --build-base /home/matteomaragliano/Desktop/SofAR_Assignment1/build/sofar_assignment_pkg/build install --prefix /home/matteomaragliano/Desktop/SofAR_Assignment1/install/sofar_assignment_pkg --record /home/matteomaragliano/Desktop/SofAR_Assignment1/build/sofar_assignment_pkg/install.log --single-version-externally-managed
[2.230s] DEBUG:colcon.colcon_core.event_handler.log_command:Invoking command in '/home/matteomaragliano/Desktop/SofAR_Assignment1/src/assignment_pkg': PYTHONPATH=/home/matteomaragliano/Desktop/SofAR_Assignment1/install/assignment_pkg/lib/python3.8/site-packages:${PYTHONPATH} /usr/bin/python3 setup.py egg_info --egg-base ../../build/assignment_pkg build --build-base /home/matteomaragliano/Desktop/SofAR_Assignment1/build/assignment_pkg/build install --prefix /home/matteomaragliano/Desktop/SofAR_Assignment1/install/assignment_pkg --record /home/matteomaragliano/Desktop/SofAR_Assignment1/build/assignment_pkg/install.log --single-version-externally-managed
[2.742s] DEBUG:colcon.colcon_core.event_handler.log_command:Invoked command in '/home/matteomaragliano/Desktop/SofAR_Assignment1/src/sofar_assignment_pkg' returned '0': PYTHONPATH=/home/matteomaragliano/Desktop/SofAR_Assignment1/install/sofar_assignment_pkg/lib/python3.8/site-packages:${PYTHONPATH} /usr/bin/python3 setup.py egg_info --egg-base ../../build/sofar_assignment_pkg build --build-base /home/matteomaragliano/Desktop/SofAR_Assignment1/build/sofar_assignment_pkg/build install --prefix /home/matteomaragliano/Desktop/SofAR_Assignment1/install/sofar_assignment_pkg --record /home/matteomaragliano/Desktop/SofAR_Assignment1/build/sofar_assignment_pkg/install.log --single-version-externally-managed
[2.759s] Level 1:colcon.colcon_core.environment:checking '/home/matteomaragliano/Desktop/SofAR_Assignment1/install/sofar_assignment_pkg' for CMake module files
[2.760s] Level 1:colcon.colcon_core.environment:checking '/home/matteomaragliano/Desktop/SofAR_Assignment1/install/sofar_assignment_pkg' for CMake config files
[2.761s] Level 1:colcon.colcon_core.environment:checking '/home/matteomaragliano/Desktop/SofAR_Assignment1/install/sofar_assignment_pkg/lib'
[2.761s] Level 1:colcon.colcon_core.environment:checking '/home/matteomaragliano/Desktop/SofAR_Assignment1/install/sofar_assignment_pkg/bin'
[2.761s] Level 1:colcon.colcon_core.environment:checking '/home/matteomaragliano/Desktop/SofAR_Assignment1/install/sofar_assignment_pkg/lib/pkgconfig/sofar_assignment_pkg.pc'
[2.762s] Level 1:colcon.colcon_core.environment:checking '/home/matteomaragliano/Desktop/SofAR_Assignment1/install/sofar_assignment_pkg/lib/python3.8/site-packages'
[2.762s] Level 1:colcon.colcon_core.shell:create_environment_hook('sofar_assignment_pkg', 'pythonpath')
[2.763s] INFO:colcon.colcon_core.shell:Creating environment hook '/home/matteomaragliano/Desktop/SofAR_Assignment1/install/sofar_assignment_pkg/share/sofar_assignment_pkg/hook/pythonpath.ps1'
[2.763s] INFO:colcon.colcon_core.shell:Creating environment descriptor '/home/matteomaragliano/Desktop/SofAR_Assignment1/install/sofar_assignment_pkg/share/sofar_assignment_pkg/hook/pythonpath.dsv'
[2.763s] INFO:colcon.colcon_core.shell:Creating environment hook '/home/matteomaragliano/Desktop/SofAR_Assignment1/install/sofar_assignment_pkg/share/sofar_assignment_pkg/hook/pythonpath.sh'
[2.764s] Level 1:colcon.colcon_core.environment:checking '/home/matteomaragliano/Desktop/SofAR_Assignment1/install/sofar_assignment_pkg/bin'
[2.764s] Level 1:colcon.colcon_core.environment:create_environment_scripts_only(sofar_assignment_pkg)
[2.765s] INFO:colcon.colcon_core.shell:Creating package script '/home/matteomaragliano/Desktop/SofAR_Assignment1/install/sofar_assignment_pkg/share/sofar_assignment_pkg/package.ps1'
[2.766s] INFO:colcon.colcon_core.shell:Creating package descriptor '/home/matteomaragliano/Desktop/SofAR_Assignment1/install/sofar_assignment_pkg/share/sofar_assignment_pkg/package.dsv'
[2.768s] INFO:colcon.colcon_core.shell:Creating package script '/home/matteomaragliano/Desktop/SofAR_Assignment1/install/sofar_assignment_pkg/share/sofar_assignment_pkg/package.sh'
[2.769s] INFO:colcon.colcon_core.shell:Creating package script '/home/matteomaragliano/Desktop/SofAR_Assignment1/install/sofar_assignment_pkg/share/sofar_assignment_pkg/package.bash'
[2.771s] INFO:colcon.colcon_core.shell:Creating package script '/home/matteomaragliano/Desktop/SofAR_Assignment1/install/sofar_assignment_pkg/share/sofar_assignment_pkg/package.zsh'
[2.773s] Level 1:colcon.colcon_core.environment:create_file_with_runtime_dependencies(/home/matteomaragliano/Desktop/SofAR_Assignment1/install/sofar_assignment_pkg/share/colcon-core/packages/sofar_assignment_pkg)
[2.777s] Level 1:colcon.colcon_core.environment:checking '/home/matteomaragliano/Desktop/SofAR_Assignment1/install/assignment_pkg' for CMake module files
[2.778s] DEBUG:colcon.colcon_core.event_handler.log_command:Invoked command in '/home/matteomaragliano/Desktop/SofAR_Assignment1/src/assignment_pkg' returned '0': PYTHONPATH=/home/matteomaragliano/Desktop/SofAR_Assignment1/install/assignment_pkg/lib/python3.8/site-packages:${PYTHONPATH} /usr/bin/python3 setup.py egg_info --egg-base ../../build/assignment_pkg build --build-base /home/matteomaragliano/Desktop/SofAR_Assignment1/build/assignment_pkg/build install --prefix /home/matteomaragliano/Desktop/SofAR_Assignment1/install/assignment_pkg --record /home/matteomaragliano/Desktop/SofAR_Assignment1/build/assignment_pkg/install.log --single-version-externally-managed
[2.778s] Level 1:colcon.colcon_core.environment:checking '/home/matteomaragliano/Desktop/SofAR_Assignment1/install/assignment_pkg' for CMake config files
[2.779s] Level 1:colcon.colcon_core.environment:checking '/home/matteomaragliano/Desktop/SofAR_Assignment1/install/assignment_pkg/lib'
[2.779s] Level 1:colcon.colcon_core.environment:checking '/home/matteomaragliano/Desktop/SofAR_Assignment1/install/assignment_pkg/bin'
[2.779s] Level 1:colcon.colcon_core.environment:checking '/home/matteomaragliano/Desktop/SofAR_Assignment1/install/assignment_pkg/lib/pkgconfig/assignment_pkg.pc'
[2.779s] Level 1:colcon.colcon_core.environment:checking '/home/matteomaragliano/Desktop/SofAR_Assignment1/install/assignment_pkg/lib/python3.8/site-packages'
[2.779s] Level 1:colcon.colcon_core.shell:create_environment_hook('assignment_pkg', 'pythonpath')
[2.780s] INFO:colcon.colcon_core.shell:Creating environment hook '/home/matteomaragliano/Desktop/SofAR_Assignment1/install/assignment_pkg/share/assignment_pkg/hook/pythonpath.ps1'
[2.781s] INFO:colcon.colcon_core.shell:Creating environment descriptor '/home/matteomaragliano/Desktop/SofAR_Assignment1/install/assignment_pkg/share/assignment_pkg/hook/pythonpath.dsv'
[2.781s] INFO:colcon.colcon_core.shell:Creating environment hook '/home/matteomaragliano/Desktop/SofAR_Assignment1/install/assignment_pkg/share/assignment_pkg/hook/pythonpath.sh'
[2.782s] Level 1:colcon.colcon_core.environment:checking '/home/matteomaragliano/Desktop/SofAR_Assignment1/install/assignment_pkg/bin'
[2.782s] Level 1:colcon.colcon_core.environment:create_environment_scripts_only(assignment_pkg)
[2.783s] INFO:colcon.colcon_core.shell:Creating package script '/home/matteomaragliano/Desktop/SofAR_Assignment1/install/assignment_pkg/share/assignment_pkg/package.ps1'
[2.783s] INFO:colcon.colcon_core.shell:Creating package descriptor '/home/matteomaragliano/Desktop/SofAR_Assignment1/install/assignment_pkg/share/assignment_pkg/package.dsv'
[2.784s] INFO:colcon.colcon_core.shell:Creating package script '/home/matteomaragliano/Desktop/SofAR_Assignment1/install/assignment_pkg/share/assignment_pkg/package.sh'
[2.785s] INFO:colcon.colcon_core.shell:Creating package script '/home/matteomaragliano/Desktop/SofAR_Assignment1/install/assignment_pkg/share/assignment_pkg/package.bash'
[2.785s] INFO:colcon.colcon_core.shell:Creating package script '/home/matteomaragliano/Desktop/SofAR_Assignment1/install/assignment_pkg/share/assignment_pkg/package.zsh'
[2.786s] Level 1:colcon.colcon_core.environment:create_file_with_runtime_dependencies(/home/matteomaragliano/Desktop/SofAR_Assignment1/install/assignment_pkg/share/colcon-core/packages/assignment_pkg)
[2.786s] DEBUG:colcon.colcon_parallel_executor.executor.parallel:closing loop
[2.787s] DEBUG:colcon.colcon_parallel_executor.executor.parallel:loop closed
[2.788s] DEBUG:colcon.colcon_parallel_executor.executor.parallel:run_until_complete finished with '0'
[2.788s] DEBUG:colcon.colcon_core.event_reactor:joining thread
[2.810s] INFO:colcon.colcon_core.plugin_system:Skipping extension 'colcon_notification.desktop_notification.terminal_notifier': Not used on non-Darwin systems
[2.811s] INFO:colcon.colcon_core.plugin_system:Skipping extension 'colcon_notification.desktop_notification.win32': Not used on non-Windows systems
[2.811s] INFO:colcon.colcon_notification.desktop_notification:Sending desktop notification using 'notify2'
[2.944s] DEBUG:colcon.colcon_core.event_reactor:joined thread
[2.945s] INFO:colcon.colcon_core.shell:Creating prefix script '/home/matteomaragliano/Desktop/SofAR_Assignment1/install/local_setup.ps1'
[2.947s] INFO:colcon.colcon_core.shell:Creating prefix util module '/home/matteomaragliano/Desktop/SofAR_Assignment1/install/_local_setup_util_ps1.py'
[2.949s] INFO:colcon.colcon_core.shell:Creating prefix chain script '/home/matteomaragliano/Desktop/SofAR_Assignment1/install/setup.ps1'
[2.954s] INFO:colcon.colcon_core.shell:Creating prefix script '/home/matteomaragliano/Desktop/SofAR_Assignment1/install/local_setup.sh'
[2.956s] INFO:colcon.colcon_core.shell:Creating prefix util module '/home/matteomaragliano/Desktop/SofAR_Assignment1/install/_local_setup_util_sh.py'
[2.957s] INFO:colcon.colcon_core.shell:Creating prefix chain script '/home/matteomaragliano/Desktop/SofAR_Assignment1/install/setup.sh'
[2.960s] INFO:colcon.colcon_core.shell:Creating prefix script '/home/matteomaragliano/Desktop/SofAR_Assignment1/install/local_setup.bash'
[2.961s] INFO:colcon.colcon_core.shell:Creating prefix chain script '/home/matteomaragliano/Desktop/SofAR_Assignment1/install/setup.bash'
[2.964s] INFO:colcon.colcon_core.shell:Creating prefix script '/home/matteomaragliano/Desktop/SofAR_Assignment1/install/local_setup.zsh'
[2.965s] INFO:colcon.colcon_core.shell:Creating prefix chain script '/home/matteomaragliano/Desktop/SofAR_Assignment1/install/setup.zsh'
