[0.859s] Invoking command in '/home/matteomaragliano/Desktop/SofAR_Assignment1/src/webots_ros2/webots_ros2': AMENT_PREFIX_PATH=/home/matteomaragliano/Desktop/SofAR_Assignment1/install/webots_ros2_tests:/home/matteomaragliano/Desktop/SofAR_Assignment1/install/webots_ros2_universal_robot:/home/matteomaragliano/Desktop/SofAR_Assignment1/install/webots_ros2_turtlebot:/home/matteomaragliano/Desktop/SofAR_Assignment1/install/webots_ros2_tiago:/home/matteomaragliano/Desktop/SofAR_Assignment1/install/webots_ros2_epuck:/home/matteomaragliano/Desktop/SofAR_Assignment1/install/webots_ros2_tesla:/home/matteomaragliano/Desktop/SofAR_Assignment1/install/webots_ros2_mavic:/home/matteomaragliano/Desktop/SofAR_Assignment1/install/webots_ros2_control:/home/matteomaragliano/Desktop/SofAR_Assignment1/install/webots_ros2_driver:/home/matteomaragliano/Desktop/SofAR_Assignment1/install/webots_ros2_core:/home/matteomaragliano/Desktop/SofAR_Assignment1/install/webots_ros2_msgs:/home/matteomaragliano/Desktop/SofAR_Assignment1/install/webots_ros2_importer:${AMENT_PREFIX_PATH} CMAKE_PREFIX_PATH=/home/matteomaragliano/Desktop/SofAR_Assignment1/install/webots_ros2_control:/home/matteomaragliano/Desktop/SofAR_Assignment1/install/webots_ros2_driver:/home/matteomaragliano/Desktop/SofAR_Assignment1/install/webots_ros2_msgs LD_LIBRARY_PATH=/home/matteomaragliano/Desktop/SofAR_Assignment1/install/webots_ros2_control/lib:/home/matteomaragliano/Desktop/SofAR_Assignment1/install/webots_ros2_driver/lib:/home/matteomaragliano/Desktop/SofAR_Assignment1/install/webots_ros2_msgs/lib:${LD_LIBRARY_PATH} PYTHONPATH=/home/matteomaragliano/Desktop/SofAR_Assignment1/install/webots_ros2/lib/python3.8/site-packages:/home/matteomaragliano/Desktop/SofAR_Assignment1/install/webots_ros2_tests/lib/python3.8/site-packages:/home/matteomaragliano/Desktop/SofAR_Assignment1/install/webots_ros2_universal_robot/lib/python3.8/site-packages:/home/matteomaragliano/Desktop/SofAR_Assignment1/install/webots_ros2_turtlebot/lib/python3.8/site-packages:/home/matteomaragliano/Desktop/SofAR_Assignment1/install/webots_ros2_tiago/lib/python3.8/site-packages:/home/matteomaragliano/Desktop/SofAR_Assignment1/install/webots_ros2_epuck/lib/python3.8/site-packages:/home/matteomaragliano/Desktop/SofAR_Assignment1/install/webots_ros2_tesla/lib/python3.8/site-packages:/home/matteomaragliano/Desktop/SofAR_Assignment1/install/webots_ros2_mavic/lib/python3.8/site-packages:/home/matteomaragliano/Desktop/SofAR_Assignment1/install/webots_ros2_driver/lib/python3.8/site-packages:/home/matteomaragliano/Desktop/SofAR_Assignment1/install/webots_ros2_core/lib/python3.8/site-packages:/home/matteomaragliano/Desktop/SofAR_Assignment1/install/webots_ros2_msgs/lib/python3.8/site-packages:/home/matteomaragliano/Desktop/SofAR_Assignment1/install/webots_ros2_importer/lib/python3.8/site-packages:${PYTHONPATH} /usr/bin/python3 setup.py egg_info --egg-base ../../../build/webots_ros2 build --build-base /home/matteomaragliano/Desktop/SofAR_Assignment1/build/webots_ros2/build install --prefix /home/matteomaragliano/Desktop/SofAR_Assignment1/install/webots_ros2 --record /home/matteomaragliano/Desktop/SofAR_Assignment1/build/webots_ros2/install.log --single-version-externally-managed
[1.144s] running egg_info
[1.145s] creating ../../../build/webots_ros2/webots_ros2.egg-info
[1.145s] writing ../../../build/webots_ros2/webots_ros2.egg-info/PKG-INFO
[1.145s] writing dependency_links to ../../../build/webots_ros2/webots_ros2.egg-info/dependency_links.txt
[1.146s] writing requirements to ../../../build/webots_ros2/webots_ros2.egg-info/requires.txt
[1.146s] writing top-level names to ../../../build/webots_ros2/webots_ros2.egg-info/top_level.txt
[1.147s] writing manifest file '../../../build/webots_ros2/webots_ros2.egg-info/SOURCES.txt'
[1.202s] reading manifest file '../../../build/webots_ros2/webots_ros2.egg-info/SOURCES.txt'
[1.204s] writing manifest file '../../../build/webots_ros2/webots_ros2.egg-info/SOURCES.txt'
[1.205s] running build
[1.205s] running build_py
[1.205s] creating /home/matteomaragliano/Desktop/SofAR_Assignment1/build/webots_ros2/build
[1.205s] creating /home/matteomaragliano/Desktop/SofAR_Assignment1/build/webots_ros2/build/lib
[1.205s] creating /home/matteomaragliano/Desktop/SofAR_Assignment1/build/webots_ros2/build/lib/webots_ros2
[1.206s] copying webots_ros2/__init__.py -> /home/matteomaragliano/Desktop/SofAR_Assignment1/build/webots_ros2/build/lib/webots_ros2
[1.206s] running install
[1.207s] running install_lib
[1.208s] creating /home/matteomaragliano/Desktop/SofAR_Assignment1/install/webots_ros2/lib/python3.8/site-packages/webots_ros2
[1.208s] copying /home/matteomaragliano/Desktop/SofAR_Assignment1/build/webots_ros2/build/lib/webots_ros2/__init__.py -> /home/matteomaragliano/Desktop/SofAR_Assignment1/install/webots_ros2/lib/python3.8/site-packages/webots_ros2
[1.209s] byte-compiling /home/matteomaragliano/Desktop/SofAR_Assignment1/install/webots_ros2/lib/python3.8/site-packages/webots_ros2/__init__.py to __init__.cpython-38.pyc
[1.211s] running install_data
[1.212s] copying package.xml -> /home/matteomaragliano/Desktop/SofAR_Assignment1/install/webots_ros2/share/webots_ros2
[1.212s] creating /home/matteomaragliano/Desktop/SofAR_Assignment1/install/webots_ros2/share/ament_index
[1.213s] creating /home/matteomaragliano/Desktop/SofAR_Assignment1/install/webots_ros2/share/ament_index/resource_index
[1.213s] creating /home/matteomaragliano/Desktop/SofAR_Assignment1/install/webots_ros2/share/ament_index/resource_index/packages
[1.213s] copying resource/webots_ros2 -> /home/matteomaragliano/Desktop/SofAR_Assignment1/install/webots_ros2/share/ament_index/resource_index/packages
[1.213s] running install_egg_info
[1.214s] Copying ../../../build/webots_ros2/webots_ros2.egg-info to /home/matteomaragliano/Desktop/SofAR_Assignment1/install/webots_ros2/lib/python3.8/site-packages/webots_ros2-1.2.2-py3.8.egg-info
[1.215s] running install_scripts
[1.237s] writing list of installed files to '/home/matteomaragliano/Desktop/SofAR_Assignment1/build/webots_ros2/install.log'
[1.261s] Invoked command in '/home/matteomaragliano/Desktop/SofAR_Assignment1/src/webots_ros2/webots_ros2' returned '0': AMENT_PREFIX_PATH=/home/matteomaragliano/Desktop/SofAR_Assignment1/install/webots_ros2_tests:/home/matteomaragliano/Desktop/SofAR_Assignment1/install/webots_ros2_universal_robot:/home/matteomaragliano/Desktop/SofAR_Assignment1/install/webots_ros2_turtlebot:/home/matteomaragliano/Desktop/SofAR_Assignment1/install/webots_ros2_tiago:/home/matteomaragliano/Desktop/SofAR_Assignment1/install/webots_ros2_epuck:/home/matteomaragliano/Desktop/SofAR_Assignment1/install/webots_ros2_tesla:/home/matteomaragliano/Desktop/SofAR_Assignment1/install/webots_ros2_mavic:/home/matteomaragliano/Desktop/SofAR_Assignment1/install/webots_ros2_control:/home/matteomaragliano/Desktop/SofAR_Assignment1/install/webots_ros2_driver:/home/matteomaragliano/Desktop/SofAR_Assignment1/install/webots_ros2_core:/home/matteomaragliano/Desktop/SofAR_Assignment1/install/webots_ros2_msgs:/home/matteomaragliano/Desktop/SofAR_Assignment1/install/webots_ros2_importer:${AMENT_PREFIX_PATH} CMAKE_PREFIX_PATH=/home/matteomaragliano/Desktop/SofAR_Assignment1/install/webots_ros2_control:/home/matteomaragliano/Desktop/SofAR_Assignment1/install/webots_ros2_driver:/home/matteomaragliano/Desktop/SofAR_Assignment1/install/webots_ros2_msgs LD_LIBRARY_PATH=/home/matteomaragliano/Desktop/SofAR_Assignment1/install/webots_ros2_control/lib:/home/matteomaragliano/Desktop/SofAR_Assignment1/install/webots_ros2_driver/lib:/home/matteomaragliano/Desktop/SofAR_Assignment1/install/webots_ros2_msgs/lib:${LD_LIBRARY_PATH} PYTHONPATH=/home/matteomaragliano/Desktop/SofAR_Assignment1/install/webots_ros2/lib/python3.8/site-packages:/home/matteomaragliano/Desktop/SofAR_Assignment1/install/webots_ros2_tests/lib/python3.8/site-packages:/home/matteomaragliano/Desktop/SofAR_Assignment1/install/webots_ros2_universal_robot/lib/python3.8/site-packages:/home/matteomaragliano/Desktop/SofAR_Assignment1/install/webots_ros2_turtlebot/lib/python3.8/site-packages:/home/matteomaragliano/Desktop/SofAR_Assignment1/install/webots_ros2_tiago/lib/python3.8/site-packages:/home/matteomaragliano/Desktop/SofAR_Assignment1/install/webots_ros2_epuck/lib/python3.8/site-packages:/home/matteomaragliano/Desktop/SofAR_Assignment1/install/webots_ros2_tesla/lib/python3.8/site-packages:/home/matteomaragliano/Desktop/SofAR_Assignment1/install/webots_ros2_mavic/lib/python3.8/site-packages:/home/matteomaragliano/Desktop/SofAR_Assignment1/install/webots_ros2_driver/lib/python3.8/site-packages:/home/matteomaragliano/Desktop/SofAR_Assignment1/install/webots_ros2_core/lib/python3.8/site-packages:/home/matteomaragliano/Desktop/SofAR_Assignment1/install/webots_ros2_msgs/lib/python3.8/site-packages:/home/matteomaragliano/Desktop/SofAR_Assignment1/install/webots_ros2_importer/lib/python3.8/site-packages:${PYTHONPATH} /usr/bin/python3 setup.py egg_info --egg-base ../../../build/webots_ros2 build --build-base /home/matteomaragliano/Desktop/SofAR_Assignment1/build/webots_ros2/build install --prefix /home/matteomaragliano/Desktop/SofAR_Assignment1/install/webots_ros2 --record /home/matteomaragliano/Desktop/SofAR_Assignment1/build/webots_ros2/install.log --single-version-externally-managed
