[0.153s] DEBUG:colcon:Command line arguments: ['/usr/bin/colcon', 'build']
[0.154s] DEBUG:colcon:Parsed command line arguments: Namespace(allow_overriding=[], ament_cmake_args=None, base_paths=['.'], build_base='build', catkin_cmake_args=None, catkin_skip_building_tests=False, cmake_args=None, cmake_clean_cache=False, cmake_clean_first=False, cmake_force_configure=False, cmake_target=None, cmake_target_skip_unavailable=False, continue_on_error=False, event_handlers=None, executor='parallel', ignore_user_meta=False, install_base='install', log_base=None, log_level=None, main=<bound method BuildVerb.main of <colcon_core.verb.build.BuildVerb object at 0x7f8bbdd605b0>>, merge_install=False, metas=['./colcon.meta'], packages_above=None, packages_above_and_dependencies=None, packages_above_depth=None, packages_end=None, packages_ignore=None, packages_ignore_regex=None, packages_select=None, packages_select_build_failed=False, packages_select_by_dep=None, packages_select_regex=None, packages_select_test_failures=False, packages_skip=None, packages_skip_build_finished=False, packages_skip_by_dep=None, packages_skip_regex=None, packages_skip_test_passed=False, packages_skip_up_to=None, packages_start=None, packages_up_to=None, packages_up_to_regex=None, parallel_workers=2, paths=None, symlink_install=False, test_result_base=None, verb_extension=<colcon_core.verb.build.BuildVerb object at 0x7f8bbdd605b0>, verb_name='build', verb_parser=<colcon_defaults.argument_parser.defaults.DefaultArgumentsDecorator object at 0x7f8bbdd60af0>)
[0.182s] Level 1:colcon.colcon_core.package_discovery:discover_packages(colcon_meta) check parameters
[0.182s] Level 1:colcon.colcon_core.package_discovery:discover_packages(recursive) check parameters
[0.182s] Level 1:colcon.colcon_core.package_discovery:discover_packages(ignore) check parameters
[0.182s] Level 1:colcon.colcon_core.package_discovery:discover_packages(path) check parameters
[0.183s] Level 1:colcon.colcon_core.package_discovery:discover_packages(colcon_meta) discover
[0.183s] Level 1:colcon.colcon_core.package_discovery:discover_packages(recursive) discover
[0.183s] INFO:colcon.colcon_core.package_discovery:Crawling recursively for packages in '/home/matteomaragliano/Desktop/SofAR_Assignment1'
[0.183s] Level 1:colcon.colcon_core.package_identification:_identify(.) by extensions ['ignore', 'ignore_ament_install']
[0.183s] Level 1:colcon.colcon_core.package_identification:_identify(.) by extension 'ignore'
[0.183s] Level 1:colcon.colcon_core.package_identification:_identify(.) by extension 'ignore_ament_install'
[0.183s] Level 1:colcon.colcon_core.package_identification:_identify(.) by extensions ['colcon_pkg']
[0.183s] Level 1:colcon.colcon_core.package_identification:_identify(.) by extension 'colcon_pkg'
[0.183s] Level 1:colcon.colcon_core.package_identification:_identify(.) by extensions ['colcon_meta']
[0.184s] Level 1:colcon.colcon_core.package_identification:_identify(.) by extension 'colcon_meta'
[0.184s] Level 1:colcon.colcon_core.package_identification:_identify(.) by extensions ['ros']
[0.184s] Level 1:colcon.colcon_core.package_identification:_identify(.) by extension 'ros'
[0.202s] Level 1:colcon.colcon_core.package_identification:_identify(.) by extensions ['cmake', 'python']
[0.202s] Level 1:colcon.colcon_core.package_identification:_identify(.) by extension 'cmake'
[0.202s] Level 1:colcon.colcon_core.package_identification:_identify(.) by extension 'python'
[0.202s] Level 1:colcon.colcon_core.package_identification:_identify(.) by extensions ['python_setup_py']
[0.202s] Level 1:colcon.colcon_core.package_identification:_identify(.) by extension 'python_setup_py'
[0.202s] Level 1:colcon.colcon_core.package_identification:_identify(assignment_ws) by extensions ['ignore', 'ignore_ament_install']
[0.202s] Level 1:colcon.colcon_core.package_identification:_identify(assignment_ws) by extension 'ignore'
[0.202s] Level 1:colcon.colcon_core.package_identification:_identify(assignment_ws) by extension 'ignore_ament_install'
[0.203s] Level 1:colcon.colcon_core.package_identification:_identify(assignment_ws) by extensions ['colcon_pkg']
[0.203s] Level 1:colcon.colcon_core.package_identification:_identify(assignment_ws) by extension 'colcon_pkg'
[0.203s] Level 1:colcon.colcon_core.package_identification:_identify(assignment_ws) by extensions ['colcon_meta']
[0.203s] Level 1:colcon.colcon_core.package_identification:_identify(assignment_ws) by extension 'colcon_meta'
[0.203s] Level 1:colcon.colcon_core.package_identification:_identify(assignment_ws) by extensions ['ros']
[0.203s] Level 1:colcon.colcon_core.package_identification:_identify(assignment_ws) by extension 'ros'
[0.203s] Level 1:colcon.colcon_core.package_identification:_identify(assignment_ws) by extensions ['cmake', 'python']
[0.203s] Level 1:colcon.colcon_core.package_identification:_identify(assignment_ws) by extension 'cmake'
[0.203s] Level 1:colcon.colcon_core.package_identification:_identify(assignment_ws) by extension 'python'
[0.203s] Level 1:colcon.colcon_core.package_identification:_identify(assignment_ws) by extensions ['python_setup_py']
[0.203s] Level 1:colcon.colcon_core.package_identification:_identify(assignment_ws) by extension 'python_setup_py'
[0.203s] Level 1:colcon.colcon_core.package_identification:_identify(assignment_ws/build) by extensions ['ignore', 'ignore_ament_install']
[0.204s] Level 1:colcon.colcon_core.package_identification:_identify(assignment_ws/build) by extension 'ignore'
[0.204s] Level 1:colcon.colcon_core.package_identification:_identify(assignment_ws/build) ignored
[0.204s] Level 1:colcon.colcon_core.package_identification:_identify(assignment_ws/install) by extensions ['ignore', 'ignore_ament_install']
[0.204s] Level 1:colcon.colcon_core.package_identification:_identify(assignment_ws/install) by extension 'ignore'
[0.204s] Level 1:colcon.colcon_core.package_identification:_identify(assignment_ws/install) ignored
[0.204s] Level 1:colcon.colcon_core.package_identification:_identify(assignment_ws/launch) by extensions ['ignore', 'ignore_ament_install']
[0.204s] Level 1:colcon.colcon_core.package_identification:_identify(assignment_ws/launch) by extension 'ignore'
[0.204s] Level 1:colcon.colcon_core.package_identification:_identify(assignment_ws/launch) by extension 'ignore_ament_install'
[0.204s] Level 1:colcon.colcon_core.package_identification:_identify(assignment_ws/launch) by extensions ['colcon_pkg']
[0.205s] Level 1:colcon.colcon_core.package_identification:_identify(assignment_ws/launch) by extension 'colcon_pkg'
[0.205s] Level 1:colcon.colcon_core.package_identification:_identify(assignment_ws/launch) by extensions ['colcon_meta']
[0.205s] Level 1:colcon.colcon_core.package_identification:_identify(assignment_ws/launch) by extension 'colcon_meta'
[0.205s] Level 1:colcon.colcon_core.package_identification:_identify(assignment_ws/launch) by extensions ['ros']
[0.205s] Level 1:colcon.colcon_core.package_identification:_identify(assignment_ws/launch) by extension 'ros'
[0.205s] Level 1:colcon.colcon_core.package_identification:_identify(assignment_ws/launch) by extensions ['cmake', 'python']
[0.205s] Level 1:colcon.colcon_core.package_identification:_identify(assignment_ws/launch) by extension 'cmake'
[0.205s] Level 1:colcon.colcon_core.package_identification:_identify(assignment_ws/launch) by extension 'python'
[0.205s] Level 1:colcon.colcon_core.package_identification:_identify(assignment_ws/launch) by extensions ['python_setup_py']
[0.205s] Level 1:colcon.colcon_core.package_identification:_identify(assignment_ws/launch) by extension 'python_setup_py'
[0.205s] Level 1:colcon.colcon_core.package_identification:_identify(assignment_ws/log) by extensions ['ignore', 'ignore_ament_install']
[0.205s] Level 1:colcon.colcon_core.package_identification:_identify(assignment_ws/log) by extension 'ignore'
[0.206s] Level 1:colcon.colcon_core.package_identification:_identify(assignment_ws/log) ignored
[0.206s] Level 1:colcon.colcon_core.package_identification:_identify(assignment_ws/src) by extensions ['ignore', 'ignore_ament_install']
[0.206s] Level 1:colcon.colcon_core.package_identification:_identify(assignment_ws/src) by extension 'ignore'
[0.206s] Level 1:colcon.colcon_core.package_identification:_identify(assignment_ws/src) by extension 'ignore_ament_install'
[0.206s] Level 1:colcon.colcon_core.package_identification:_identify(assignment_ws/src) by extensions ['colcon_pkg']
[0.206s] Level 1:colcon.colcon_core.package_identification:_identify(assignment_ws/src) by extension 'colcon_pkg'
[0.206s] Level 1:colcon.colcon_core.package_identification:_identify(assignment_ws/src) by extensions ['colcon_meta']
[0.206s] Level 1:colcon.colcon_core.package_identification:_identify(assignment_ws/src) by extension 'colcon_meta'
[0.207s] Level 1:colcon.colcon_core.package_identification:_identify(assignment_ws/src) by extensions ['ros']
[0.207s] Level 1:colcon.colcon_core.package_identification:_identify(assignment_ws/src) by extension 'ros'
[0.207s] Level 1:colcon.colcon_core.package_identification:_identify(assignment_ws/src) by extensions ['cmake', 'python']
[0.207s] Level 1:colcon.colcon_core.package_identification:_identify(assignment_ws/src) by extension 'cmake'
[0.207s] Level 1:colcon.colcon_core.package_identification:_identify(assignment_ws/src) by extension 'python'
[0.207s] Level 1:colcon.colcon_core.package_identification:_identify(assignment_ws/src) by extensions ['python_setup_py']
[0.207s] Level 1:colcon.colcon_core.package_identification:_identify(assignment_ws/src) by extension 'python_setup_py'
[0.207s] Level 1:colcon.colcon_core.package_identification:_identify(assignment_ws/src/assignment_pkg) by extensions ['ignore', 'ignore_ament_install']
[0.207s] Level 1:colcon.colcon_core.package_identification:_identify(assignment_ws/src/assignment_pkg) by extension 'ignore'
[0.207s] Level 1:colcon.colcon_core.package_identification:_identify(assignment_ws/src/assignment_pkg) by extension 'ignore_ament_install'
[0.207s] Level 1:colcon.colcon_core.package_identification:_identify(assignment_ws/src/assignment_pkg) by extensions ['colcon_pkg']
[0.208s] Level 1:colcon.colcon_core.package_identification:_identify(assignment_ws/src/assignment_pkg) by extension 'colcon_pkg'
[0.208s] Level 1:colcon.colcon_core.package_identification:_identify(assignment_ws/src/assignment_pkg) by extensions ['colcon_meta']
[0.208s] Level 1:colcon.colcon_core.package_identification:_identify(assignment_ws/src/assignment_pkg) by extension 'colcon_meta'
[0.208s] Level 1:colcon.colcon_core.package_identification:_identify(assignment_ws/src/assignment_pkg) by extensions ['ros']
[0.208s] Level 1:colcon.colcon_core.package_identification:_identify(assignment_ws/src/assignment_pkg) by extension 'ros'
[0.212s] DEBUG:colcon.colcon_core.package_identification:Package 'assignment_ws/src/assignment_pkg' with type 'ros.ament_python' and name 'assignment_pkg'
[0.213s] Level 1:colcon.colcon_core.package_identification:_identify(assignment_ws/worlds) by extensions ['ignore', 'ignore_ament_install']
[0.213s] Level 1:colcon.colcon_core.package_identification:_identify(assignment_ws/worlds) by extension 'ignore'
[0.213s] Level 1:colcon.colcon_core.package_identification:_identify(assignment_ws/worlds) by extension 'ignore_ament_install'
[0.213s] Level 1:colcon.colcon_core.package_identification:_identify(assignment_ws/worlds) by extensions ['colcon_pkg']
[0.213s] Level 1:colcon.colcon_core.package_identification:_identify(assignment_ws/worlds) by extension 'colcon_pkg'
[0.213s] Level 1:colcon.colcon_core.package_identification:_identify(assignment_ws/worlds) by extensions ['colcon_meta']
[0.213s] Level 1:colcon.colcon_core.package_identification:_identify(assignment_ws/worlds) by extension 'colcon_meta'
[0.213s] Level 1:colcon.colcon_core.package_identification:_identify(assignment_ws/worlds) by extensions ['ros']
[0.213s] Level 1:colcon.colcon_core.package_identification:_identify(assignment_ws/worlds) by extension 'ros'
[0.213s] Level 1:colcon.colcon_core.package_identification:_identify(assignment_ws/worlds) by extensions ['cmake', 'python']
[0.213s] Level 1:colcon.colcon_core.package_identification:_identify(assignment_ws/worlds) by extension 'cmake'
[0.214s] Level 1:colcon.colcon_core.package_identification:_identify(assignment_ws/worlds) by extension 'python'
[0.214s] Level 1:colcon.colcon_core.package_identification:_identify(assignment_ws/worlds) by extensions ['python_setup_py']
[0.214s] Level 1:colcon.colcon_core.package_identification:_identify(assignment_ws/worlds) by extension 'python_setup_py'
[0.214s] Level 1:colcon.colcon_core.package_identification:_identify(build) by extensions ['ignore', 'ignore_ament_install']
[0.214s] Level 1:colcon.colcon_core.package_identification:_identify(build) by extension 'ignore'
[0.214s] Level 1:colcon.colcon_core.package_identification:_identify(build) ignored
[0.214s] Level 1:colcon.colcon_core.package_identification:_identify(install) by extensions ['ignore', 'ignore_ament_install']
[0.214s] Level 1:colcon.colcon_core.package_identification:_identify(install) by extension 'ignore'
[0.214s] Level 1:colcon.colcon_core.package_identification:_identify(install) ignored
[0.214s] Level 1:colcon.colcon_core.package_identification:_identify(log) by extensions ['ignore', 'ignore_ament_install']
[0.215s] Level 1:colcon.colcon_core.package_identification:_identify(log) by extension 'ignore'
[0.215s] Level 1:colcon.colcon_core.package_identification:_identify(log) ignored
[0.215s] Level 1:colcon.colcon_core.package_discovery:discover_packages(recursive) using defaults
[0.215s] Level 1:colcon.colcon_core.package_discovery:discover_packages(ignore) discover
[0.215s] Level 1:colcon.colcon_core.package_discovery:discover_packages(ignore) using defaults
[0.215s] Level 1:colcon.colcon_core.package_discovery:discover_packages(path) discover
[0.215s] Level 1:colcon.colcon_core.package_discovery:discover_packages(path) using defaults
[0.238s] Level 1:colcon.colcon_core.package_discovery:discover_packages(prefix_path) check parameters
[0.238s] Level 1:colcon.colcon_core.package_discovery:discover_packages(prefix_path) discover
[0.241s] DEBUG:colcon.colcon_installed_package_information.package_discovery:Found 1 installed packages in /home/matteomaragliano/Desktop/SofAR_Assignment1/install
[0.244s] DEBUG:colcon.colcon_installed_package_information.package_discovery:Found 331 installed packages in /opt/ros/galactic
[0.246s] Level 1:colcon.colcon_core.package_discovery:discover_packages(prefix_path) using defaults
[0.371s] Level 5:colcon.colcon_core.verb:set package 'assignment_pkg' build argument 'cmake_args' from command line to 'None'
[0.372s] Level 5:colcon.colcon_core.verb:set package 'assignment_pkg' build argument 'cmake_target' from command line to 'None'
[0.372s] Level 5:colcon.colcon_core.verb:set package 'assignment_pkg' build argument 'cmake_target_skip_unavailable' from command line to 'False'
[0.372s] Level 5:colcon.colcon_core.verb:set package 'assignment_pkg' build argument 'cmake_clean_cache' from command line to 'False'
[0.372s] Level 5:colcon.colcon_core.verb:set package 'assignment_pkg' build argument 'cmake_clean_first' from command line to 'False'
[0.372s] Level 5:colcon.colcon_core.verb:set package 'assignment_pkg' build argument 'cmake_force_configure' from command line to 'False'
[0.372s] Level 5:colcon.colcon_core.verb:set package 'assignment_pkg' build argument 'ament_cmake_args' from command line to 'None'
[0.372s] Level 5:colcon.colcon_core.verb:set package 'assignment_pkg' build argument 'catkin_cmake_args' from command line to 'None'
[0.372s] Level 5:colcon.colcon_core.verb:set package 'assignment_pkg' build argument 'catkin_skip_building_tests' from command line to 'False'
[0.372s] DEBUG:colcon.colcon_core.verb:Building package 'assignment_pkg' with the following arguments: {'ament_cmake_args': None, 'build_base': '/home/matteomaragliano/Desktop/SofAR_Assignment1/build/assignment_pkg', 'catkin_cmake_args': None, 'catkin_skip_building_tests': False, 'cmake_args': None, 'cmake_clean_cache': False, 'cmake_clean_first': False, 'cmake_force_configure': False, 'cmake_target': None, 'cmake_target_skip_unavailable': False, 'install_base': '/home/matteomaragliano/Desktop/SofAR_Assignment1/install/assignment_pkg', 'merge_install': False, 'path': '/home/matteomaragliano/Desktop/SofAR_Assignment1/assignment_ws/src/assignment_pkg', 'symlink_install': False, 'test_result_base': None}
[0.373s] INFO:colcon.colcon_core.executor:Executing jobs using 'parallel' executor
[0.375s] DEBUG:colcon.colcon_parallel_executor.executor.parallel:run_until_complete
[0.376s] INFO:colcon.colcon_ros.task.ament_python.build:Building ROS package in '/home/matteomaragliano/Desktop/SofAR_Assignment1/assignment_ws/src/assignment_pkg' with build type 'ament_python'
[0.376s] Level 1:colcon.colcon_core.shell:create_environment_hook('assignment_pkg', 'ament_prefix_path')
[0.380s] INFO:colcon.colcon_core.plugin_system:Skipping extension 'colcon_core.shell.bat': Not used on non-Windows systems
[0.380s] INFO:colcon.colcon_core.shell:Creating environment hook '/home/matteomaragliano/Desktop/SofAR_Assignment1/install/assignment_pkg/share/assignment_pkg/hook/ament_prefix_path.ps1'
[0.381s] INFO:colcon.colcon_core.shell:Creating environment descriptor '/home/matteomaragliano/Desktop/SofAR_Assignment1/install/assignment_pkg/share/assignment_pkg/hook/ament_prefix_path.dsv'
[0.382s] INFO:colcon.colcon_core.shell:Creating environment hook '/home/matteomaragliano/Desktop/SofAR_Assignment1/install/assignment_pkg/share/assignment_pkg/hook/ament_prefix_path.sh'
[0.383s] INFO:colcon.colcon_core.shell:Skip shell extension 'powershell' for command environment: Not usable outside of PowerShell
[0.384s] DEBUG:colcon.colcon_core.shell:Skip shell extension 'dsv' for command environment
[0.678s] INFO:colcon.colcon_core.task.python.build:Building Python package in '/home/matteomaragliano/Desktop/SofAR_Assignment1/assignment_ws/src/assignment_pkg'
[0.680s] INFO:colcon.colcon_core.shell:Skip shell extension 'powershell' for command environment: Not usable outside of PowerShell
[0.680s] DEBUG:colcon.colcon_core.shell:Skip shell extension 'dsv' for command environment
[1.152s] DEBUG:colcon.colcon_core.event_handler.log_command:Invoking command in '/home/matteomaragliano/Desktop/SofAR_Assignment1/assignment_ws/src/assignment_pkg': PYTHONPATH=/home/matteomaragliano/Desktop/SofAR_Assignment1/install/assignment_pkg/lib/python3.8/site-packages:${PYTHONPATH} /usr/bin/python3 setup.py egg_info --egg-base ../../../build/assignment_pkg build --build-base /home/matteomaragliano/Desktop/SofAR_Assignment1/build/assignment_pkg/build install --prefix /home/matteomaragliano/Desktop/SofAR_Assignment1/install/assignment_pkg --record /home/matteomaragliano/Desktop/SofAR_Assignment1/build/assignment_pkg/install.log --single-version-externally-managed
[1.508s] DEBUG:colcon.colcon_core.event_handler.log_command:Invoked command in '/home/matteomaragliano/Desktop/SofAR_Assignment1/assignment_ws/src/assignment_pkg' returned '0': PYTHONPATH=/home/matteomaragliano/Desktop/SofAR_Assignment1/install/assignment_pkg/lib/python3.8/site-packages:${PYTHONPATH} /usr/bin/python3 setup.py egg_info --egg-base ../../../build/assignment_pkg build --build-base /home/matteomaragliano/Desktop/SofAR_Assignment1/build/assignment_pkg/build install --prefix /home/matteomaragliano/Desktop/SofAR_Assignment1/install/assignment_pkg --record /home/matteomaragliano/Desktop/SofAR_Assignment1/build/assignment_pkg/install.log --single-version-externally-managed
[1.512s] Level 1:colcon.colcon_core.environment:checking '/home/matteomaragliano/Desktop/SofAR_Assignment1/install/assignment_pkg' for CMake module files
[1.512s] Level 1:colcon.colcon_core.environment:checking '/home/matteomaragliano/Desktop/SofAR_Assignment1/install/assignment_pkg' for CMake config files
[1.513s] Level 1:colcon.colcon_core.environment:checking '/home/matteomaragliano/Desktop/SofAR_Assignment1/install/assignment_pkg/lib'
[1.513s] Level 1:colcon.colcon_core.environment:checking '/home/matteomaragliano/Desktop/SofAR_Assignment1/install/assignment_pkg/bin'
[1.514s] Level 1:colcon.colcon_core.environment:checking '/home/matteomaragliano/Desktop/SofAR_Assignment1/install/assignment_pkg/lib/pkgconfig/assignment_pkg.pc'
[1.514s] Level 1:colcon.colcon_core.environment:checking '/home/matteomaragliano/Desktop/SofAR_Assignment1/install/assignment_pkg/lib/python3.8/site-packages'
[1.515s] Level 1:colcon.colcon_core.shell:create_environment_hook('assignment_pkg', 'pythonpath')
[1.515s] INFO:colcon.colcon_core.shell:Creating environment hook '/home/matteomaragliano/Desktop/SofAR_Assignment1/install/assignment_pkg/share/assignment_pkg/hook/pythonpath.ps1'
[1.516s] INFO:colcon.colcon_core.shell:Creating environment descriptor '/home/matteomaragliano/Desktop/SofAR_Assignment1/install/assignment_pkg/share/assignment_pkg/hook/pythonpath.dsv'
[1.516s] INFO:colcon.colcon_core.shell:Creating environment hook '/home/matteomaragliano/Desktop/SofAR_Assignment1/install/assignment_pkg/share/assignment_pkg/hook/pythonpath.sh'
[1.517s] Level 1:colcon.colcon_core.environment:checking '/home/matteomaragliano/Desktop/SofAR_Assignment1/install/assignment_pkg/bin'
[1.517s] Level 1:colcon.colcon_core.environment:create_environment_scripts_only(assignment_pkg)
[1.518s] INFO:colcon.colcon_core.shell:Creating package script '/home/matteomaragliano/Desktop/SofAR_Assignment1/install/assignment_pkg/share/assignment_pkg/package.ps1'
[1.519s] INFO:colcon.colcon_core.shell:Creating package descriptor '/home/matteomaragliano/Desktop/SofAR_Assignment1/install/assignment_pkg/share/assignment_pkg/package.dsv'
[1.520s] INFO:colcon.colcon_core.shell:Creating package script '/home/matteomaragliano/Desktop/SofAR_Assignment1/install/assignment_pkg/share/assignment_pkg/package.sh'
[1.521s] INFO:colcon.colcon_core.shell:Creating package script '/home/matteomaragliano/Desktop/SofAR_Assignment1/install/assignment_pkg/share/assignment_pkg/package.bash'
[1.522s] INFO:colcon.colcon_core.shell:Creating package script '/home/matteomaragliano/Desktop/SofAR_Assignment1/install/assignment_pkg/share/assignment_pkg/package.zsh'
[1.523s] Level 1:colcon.colcon_core.environment:create_file_with_runtime_dependencies(/home/matteomaragliano/Desktop/SofAR_Assignment1/install/assignment_pkg/share/colcon-core/packages/assignment_pkg)
[1.524s] DEBUG:colcon.colcon_parallel_executor.executor.parallel:closing loop
[1.524s] DEBUG:colcon.colcon_parallel_executor.executor.parallel:loop closed
[1.525s] DEBUG:colcon.colcon_parallel_executor.executor.parallel:run_until_complete finished with '0'
[1.525s] DEBUG:colcon.colcon_core.event_reactor:joining thread
[1.531s] INFO:colcon.colcon_core.plugin_system:Skipping extension 'colcon_notification.desktop_notification.terminal_notifier': Not used on non-Darwin systems
[1.532s] INFO:colcon.colcon_core.plugin_system:Skipping extension 'colcon_notification.desktop_notification.win32': Not used on non-Windows systems
[1.532s] INFO:colcon.colcon_notification.desktop_notification:Sending desktop notification using 'notify2'
[1.567s] DEBUG:colcon.colcon_core.event_reactor:joined thread
[1.568s] INFO:colcon.colcon_core.shell:Creating prefix script '/home/matteomaragliano/Desktop/SofAR_Assignment1/install/local_setup.ps1'
[1.569s] INFO:colcon.colcon_core.shell:Creating prefix util module '/home/matteomaragliano/Desktop/SofAR_Assignment1/install/_local_setup_util_ps1.py'
[1.571s] INFO:colcon.colcon_core.shell:Creating prefix chain script '/home/matteomaragliano/Desktop/SofAR_Assignment1/install/setup.ps1'
[1.573s] INFO:colcon.colcon_core.shell:Creating prefix script '/home/matteomaragliano/Desktop/SofAR_Assignment1/install/local_setup.sh'
[1.574s] INFO:colcon.colcon_core.shell:Creating prefix util module '/home/matteomaragliano/Desktop/SofAR_Assignment1/install/_local_setup_util_sh.py'
[1.576s] INFO:colcon.colcon_core.shell:Creating prefix chain script '/home/matteomaragliano/Desktop/SofAR_Assignment1/install/setup.sh'
[1.578s] INFO:colcon.colcon_core.shell:Creating prefix script '/home/matteomaragliano/Desktop/SofAR_Assignment1/install/local_setup.bash'
[1.579s] INFO:colcon.colcon_core.shell:Creating prefix chain script '/home/matteomaragliano/Desktop/SofAR_Assignment1/install/setup.bash'
[1.581s] INFO:colcon.colcon_core.shell:Creating prefix script '/home/matteomaragliano/Desktop/SofAR_Assignment1/install/local_setup.zsh'
[1.582s] INFO:colcon.colcon_core.shell:Creating prefix chain script '/home/matteomaragliano/Desktop/SofAR_Assignment1/install/setup.zsh'
