[0.870s] Invoking command in '/home/matteomaragliano/Desktop/SofAR_Assignment1/src/webots_ros2/webots_ros2_core': AMENT_PREFIX_PATH=/home/matteomaragliano/Desktop/SofAR_Assignment1/install/webots_ros2_msgs:${AMENT_PREFIX_PATH} CMAKE_PREFIX_PATH=/home/matteomaragliano/Desktop/SofAR_Assignment1/install/webots_ros2_msgs LD_LIBRARY_PATH=/home/matteomaragliano/Desktop/SofAR_Assignment1/install/webots_ros2_msgs/lib:${LD_LIBRARY_PATH} PYTHONPATH=/home/matteomaragliano/Desktop/SofAR_Assignment1/install/webots_ros2_core/lib/python3.8/site-packages:/home/matteomaragliano/Desktop/SofAR_Assignment1/install/webots_ros2_msgs/lib/python3.8/site-packages:${PYTHONPATH} /usr/bin/python3 setup.py egg_info --egg-base ../../../build/webots_ros2_core build --build-base /home/matteomaragliano/Desktop/SofAR_Assignment1/build/webots_ros2_core/build install --prefix /home/matteomaragliano/Desktop/SofAR_Assignment1/install/webots_ros2_core --record /home/matteomaragliano/Desktop/SofAR_Assignment1/build/webots_ros2_core/install.log --single-version-externally-managed
[1.127s] WARNING:webots_ros2_core: This package will be removed with the release of Webots R2023a. Use "webots_ros2_driver" instead.
[1.155s] running egg_info
[1.155s] creating ../../../build/webots_ros2_core/webots_ros2_core.egg-info
[1.156s] writing ../../../build/webots_ros2_core/webots_ros2_core.egg-info/PKG-INFO
[1.156s] writing dependency_links to ../../../build/webots_ros2_core/webots_ros2_core.egg-info/dependency_links.txt
[1.156s] writing entry points to ../../../build/webots_ros2_core/webots_ros2_core.egg-info/entry_points.txt
[1.157s] writing requirements to ../../../build/webots_ros2_core/webots_ros2_core.egg-info/requires.txt
[1.157s] writing top-level names to ../../../build/webots_ros2_core/webots_ros2_core.egg-info/top_level.txt
[1.159s] writing manifest file '../../../build/webots_ros2_core/webots_ros2_core.egg-info/SOURCES.txt'
[1.210s] reading manifest file '../../../build/webots_ros2_core/webots_ros2_core.egg-info/SOURCES.txt'
[1.213s] writing manifest file '../../../build/webots_ros2_core/webots_ros2_core.egg-info/SOURCES.txt'
[1.213s] running build
[1.213s] running build_py
[1.214s] creating /home/matteomaragliano/Desktop/SofAR_Assignment1/build/webots_ros2_core/build
[1.214s] creating /home/matteomaragliano/Desktop/SofAR_Assignment1/build/webots_ros2_core/build/lib
[1.215s] creating /home/matteomaragliano/Desktop/SofAR_Assignment1/build/webots_ros2_core/build/lib/webots_ros2_core
[1.215s] copying webots_ros2_core/webots_node.py -> /home/matteomaragliano/Desktop/SofAR_Assignment1/build/webots_ros2_core/build/lib/webots_ros2_core
[1.215s] copying webots_ros2_core/trajectory_follower.py -> /home/matteomaragliano/Desktop/SofAR_Assignment1/build/webots_ros2_core/build/lib/webots_ros2_core
[1.216s] copying webots_ros2_core/joint_state_publisher.py -> /home/matteomaragliano/Desktop/SofAR_Assignment1/build/webots_ros2_core/build/lib/webots_ros2_core
[1.217s] copying webots_ros2_core/webots_robotic_arm_node.py -> /home/matteomaragliano/Desktop/SofAR_Assignment1/build/webots_ros2_core/build/lib/webots_ros2_core
[1.218s] copying webots_ros2_core/webots_launcher.py -> /home/matteomaragliano/Desktop/SofAR_Assignment1/build/webots_ros2_core/build/lib/webots_ros2_core
[1.219s] copying webots_ros2_core/webots_differential_drive_node.py -> /home/matteomaragliano/Desktop/SofAR_Assignment1/build/webots_ros2_core/build/lib/webots_ros2_core
[1.220s] copying webots_ros2_core/utils.py -> /home/matteomaragliano/Desktop/SofAR_Assignment1/build/webots_ros2_core/build/lib/webots_ros2_core
[1.221s] copying webots_ros2_core/__init__.py -> /home/matteomaragliano/Desktop/SofAR_Assignment1/build/webots_ros2_core/build/lib/webots_ros2_core
[1.222s] creating /home/matteomaragliano/Desktop/SofAR_Assignment1/build/webots_ros2_core/build/lib/webots_ros2_core/devices
[1.223s] copying webots_ros2_core/devices/lidar_device.py -> /home/matteomaragliano/Desktop/SofAR_Assignment1/build/webots_ros2_core/build/lib/webots_ros2_core/devices
[1.223s] copying webots_ros2_core/devices/distance_sensor_device.py -> /home/matteomaragliano/Desktop/SofAR_Assignment1/build/webots_ros2_core/build/lib/webots_ros2_core/devices
[1.224s] copying webots_ros2_core/devices/gps_device.py -> /home/matteomaragliano/Desktop/SofAR_Assignment1/build/webots_ros2_core/build/lib/webots_ros2_core/devices
[1.225s] copying webots_ros2_core/devices/camera_device.py -> /home/matteomaragliano/Desktop/SofAR_Assignment1/build/webots_ros2_core/build/lib/webots_ros2_core/devices
[1.226s] copying webots_ros2_core/devices/device_manager.py -> /home/matteomaragliano/Desktop/SofAR_Assignment1/build/webots_ros2_core/build/lib/webots_ros2_core/devices
[1.227s] copying webots_ros2_core/devices/imu_device.py -> /home/matteomaragliano/Desktop/SofAR_Assignment1/build/webots_ros2_core/build/lib/webots_ros2_core/devices
[1.228s] copying webots_ros2_core/devices/device.py -> /home/matteomaragliano/Desktop/SofAR_Assignment1/build/webots_ros2_core/build/lib/webots_ros2_core/devices
[1.229s] copying webots_ros2_core/devices/robot_device.py -> /home/matteomaragliano/Desktop/SofAR_Assignment1/build/webots_ros2_core/build/lib/webots_ros2_core/devices
[1.230s] copying webots_ros2_core/devices/range_finder_device.py -> /home/matteomaragliano/Desktop/SofAR_Assignment1/build/webots_ros2_core/build/lib/webots_ros2_core/devices
[1.232s] copying webots_ros2_core/devices/led_device.py -> /home/matteomaragliano/Desktop/SofAR_Assignment1/build/webots_ros2_core/build/lib/webots_ros2_core/devices
[1.232s] copying webots_ros2_core/devices/__init__.py -> /home/matteomaragliano/Desktop/SofAR_Assignment1/build/webots_ros2_core/build/lib/webots_ros2_core/devices
[1.233s] copying webots_ros2_core/devices/light_sensor_device.py -> /home/matteomaragliano/Desktop/SofAR_Assignment1/build/webots_ros2_core/build/lib/webots_ros2_core/devices
[1.233s] copying webots_ros2_core/devices/sensor_device.py -> /home/matteomaragliano/Desktop/SofAR_Assignment1/build/webots_ros2_core/build/lib/webots_ros2_core/devices
[1.234s] creating /home/matteomaragliano/Desktop/SofAR_Assignment1/build/webots_ros2_core/build/lib/webots_ros2_core/math
[1.235s] copying webots_ros2_core/math/quaternions.py -> /home/matteomaragliano/Desktop/SofAR_Assignment1/build/webots_ros2_core/build/lib/webots_ros2_core/math
[1.237s] copying webots_ros2_core/math/interpolation.py -> /home/matteomaragliano/Desktop/SofAR_Assignment1/build/webots_ros2_core/build/lib/webots_ros2_core/math
[1.237s] copying webots_ros2_core/math/__init__.py -> /home/matteomaragliano/Desktop/SofAR_Assignment1/build/webots_ros2_core/build/lib/webots_ros2_core/math
[1.238s] creating /home/matteomaragliano/Desktop/SofAR_Assignment1/build/webots_ros2_core/build/lib/webots_ros2_core/webots
[1.239s] copying webots_ros2_core/webots/vehicle.py -> /home/matteomaragliano/Desktop/SofAR_Assignment1/build/webots_ros2_core/build/lib/webots_ros2_core/webots
[1.240s] copying webots_ros2_core/webots/__init__.py -> /home/matteomaragliano/Desktop/SofAR_Assignment1/build/webots_ros2_core/build/lib/webots_ros2_core/webots
[1.241s] copying webots_ros2_core/webots/controller.py -> /home/matteomaragliano/Desktop/SofAR_Assignment1/build/webots_ros2_core/build/lib/webots_ros2_core/webots
[1.243s] running install
[1.244s] running install_lib
[1.246s] creating /home/matteomaragliano/Desktop/SofAR_Assignment1/install/webots_ros2_core/lib/python3.8/site-packages/webots_ros2_core
[1.246s] copying /home/matteomaragliano/Desktop/SofAR_Assignment1/build/webots_ros2_core/build/lib/webots_ros2_core/webots_node.py -> /home/matteomaragliano/Desktop/SofAR_Assignment1/install/webots_ros2_core/lib/python3.8/site-packages/webots_ros2_core
[1.246s] copying /home/matteomaragliano/Desktop/SofAR_Assignment1/build/webots_ros2_core/build/lib/webots_ros2_core/trajectory_follower.py -> /home/matteomaragliano/Desktop/SofAR_Assignment1/install/webots_ros2_core/lib/python3.8/site-packages/webots_ros2_core
[1.246s] creating /home/matteomaragliano/Desktop/SofAR_Assignment1/install/webots_ros2_core/lib/python3.8/site-packages/webots_ros2_core/math
[1.246s] copying /home/matteomaragliano/Desktop/SofAR_Assignment1/build/webots_ros2_core/build/lib/webots_ros2_core/math/quaternions.py -> /home/matteomaragliano/Desktop/SofAR_Assignment1/install/webots_ros2_core/lib/python3.8/site-packages/webots_ros2_core/math
[1.247s] copying /home/matteomaragliano/Desktop/SofAR_Assignment1/build/webots_ros2_core/build/lib/webots_ros2_core/math/interpolation.py -> /home/matteomaragliano/Desktop/SofAR_Assignment1/install/webots_ros2_core/lib/python3.8/site-packages/webots_ros2_core/math
[1.247s] copying /home/matteomaragliano/Desktop/SofAR_Assignment1/build/webots_ros2_core/build/lib/webots_ros2_core/math/__init__.py -> /home/matteomaragliano/Desktop/SofAR_Assignment1/install/webots_ros2_core/lib/python3.8/site-packages/webots_ros2_core/math
[1.247s] copying /home/matteomaragliano/Desktop/SofAR_Assignment1/build/webots_ros2_core/build/lib/webots_ros2_core/joint_state_publisher.py -> /home/matteomaragliano/Desktop/SofAR_Assignment1/install/webots_ros2_core/lib/python3.8/site-packages/webots_ros2_core
[1.248s] creating /home/matteomaragliano/Desktop/SofAR_Assignment1/install/webots_ros2_core/lib/python3.8/site-packages/webots_ros2_core/devices
[1.248s] copying /home/matteomaragliano/Desktop/SofAR_Assignment1/build/webots_ros2_core/build/lib/webots_ros2_core/devices/lidar_device.py -> /home/matteomaragliano/Desktop/SofAR_Assignment1/install/webots_ros2_core/lib/python3.8/site-packages/webots_ros2_core/devices
[1.248s] copying /home/matteomaragliano/Desktop/SofAR_Assignment1/build/webots_ros2_core/build/lib/webots_ros2_core/devices/distance_sensor_device.py -> /home/matteomaragliano/Desktop/SofAR_Assignment1/install/webots_ros2_core/lib/python3.8/site-packages/webots_ros2_core/devices
[1.248s] copying /home/matteomaragliano/Desktop/SofAR_Assignment1/build/webots_ros2_core/build/lib/webots_ros2_core/devices/gps_device.py -> /home/matteomaragliano/Desktop/SofAR_Assignment1/install/webots_ros2_core/lib/python3.8/site-packages/webots_ros2_core/devices
[1.249s] copying /home/matteomaragliano/Desktop/SofAR_Assignment1/build/webots_ros2_core/build/lib/webots_ros2_core/devices/camera_device.py -> /home/matteomaragliano/Desktop/SofAR_Assignment1/install/webots_ros2_core/lib/python3.8/site-packages/webots_ros2_core/devices
[1.249s] copying /home/matteomaragliano/Desktop/SofAR_Assignment1/build/webots_ros2_core/build/lib/webots_ros2_core/devices/device_manager.py -> /home/matteomaragliano/Desktop/SofAR_Assignment1/install/webots_ros2_core/lib/python3.8/site-packages/webots_ros2_core/devices
[1.249s] copying /home/matteomaragliano/Desktop/SofAR_Assignment1/build/webots_ros2_core/build/lib/webots_ros2_core/devices/imu_device.py -> /home/matteomaragliano/Desktop/SofAR_Assignment1/install/webots_ros2_core/lib/python3.8/site-packages/webots_ros2_core/devices
[1.249s] copying /home/matteomaragliano/Desktop/SofAR_Assignment1/build/webots_ros2_core/build/lib/webots_ros2_core/devices/device.py -> /home/matteomaragliano/Desktop/SofAR_Assignment1/install/webots_ros2_core/lib/python3.8/site-packages/webots_ros2_core/devices
[1.250s] copying /home/matteomaragliano/Desktop/SofAR_Assignment1/build/webots_ros2_core/build/lib/webots_ros2_core/devices/robot_device.py -> /home/matteomaragliano/Desktop/SofAR_Assignment1/install/webots_ros2_core/lib/python3.8/site-packages/webots_ros2_core/devices
[1.250s] copying /home/matteomaragliano/Desktop/SofAR_Assignment1/build/webots_ros2_core/build/lib/webots_ros2_core/devices/range_finder_device.py -> /home/matteomaragliano/Desktop/SofAR_Assignment1/install/webots_ros2_core/lib/python3.8/site-packages/webots_ros2_core/devices
[1.250s] copying /home/matteomaragliano/Desktop/SofAR_Assignment1/build/webots_ros2_core/build/lib/webots_ros2_core/devices/led_device.py -> /home/matteomaragliano/Desktop/SofAR_Assignment1/install/webots_ros2_core/lib/python3.8/site-packages/webots_ros2_core/devices
[1.250s] copying /home/matteomaragliano/Desktop/SofAR_Assignment1/build/webots_ros2_core/build/lib/webots_ros2_core/devices/__init__.py -> /home/matteomaragliano/Desktop/SofAR_Assignment1/install/webots_ros2_core/lib/python3.8/site-packages/webots_ros2_core/devices
[1.251s] copying /home/matteomaragliano/Desktop/SofAR_Assignment1/build/webots_ros2_core/build/lib/webots_ros2_core/devices/light_sensor_device.py -> /home/matteomaragliano/Desktop/SofAR_Assignment1/install/webots_ros2_core/lib/python3.8/site-packages/webots_ros2_core/devices
[1.251s] copying /home/matteomaragliano/Desktop/SofAR_Assignment1/build/webots_ros2_core/build/lib/webots_ros2_core/devices/sensor_device.py -> /home/matteomaragliano/Desktop/SofAR_Assignment1/install/webots_ros2_core/lib/python3.8/site-packages/webots_ros2_core/devices
[1.251s] copying /home/matteomaragliano/Desktop/SofAR_Assignment1/build/webots_ros2_core/build/lib/webots_ros2_core/webots_robotic_arm_node.py -> /home/matteomaragliano/Desktop/SofAR_Assignment1/install/webots_ros2_core/lib/python3.8/site-packages/webots_ros2_core
[1.252s] copying /home/matteomaragliano/Desktop/SofAR_Assignment1/build/webots_ros2_core/build/lib/webots_ros2_core/webots_launcher.py -> /home/matteomaragliano/Desktop/SofAR_Assignment1/install/webots_ros2_core/lib/python3.8/site-packages/webots_ros2_core
[1.252s] copying /home/matteomaragliano/Desktop/SofAR_Assignment1/build/webots_ros2_core/build/lib/webots_ros2_core/webots_differential_drive_node.py -> /home/matteomaragliano/Desktop/SofAR_Assignment1/install/webots_ros2_core/lib/python3.8/site-packages/webots_ros2_core
[1.252s] creating /home/matteomaragliano/Desktop/SofAR_Assignment1/install/webots_ros2_core/lib/python3.8/site-packages/webots_ros2_core/webots
[1.253s] copying /home/matteomaragliano/Desktop/SofAR_Assignment1/build/webots_ros2_core/build/lib/webots_ros2_core/webots/vehicle.py -> /home/matteomaragliano/Desktop/SofAR_Assignment1/install/webots_ros2_core/lib/python3.8/site-packages/webots_ros2_core/webots
[1.253s] copying /home/matteomaragliano/Desktop/SofAR_Assignment1/build/webots_ros2_core/build/lib/webots_ros2_core/webots/__init__.py -> /home/matteomaragliano/Desktop/SofAR_Assignment1/install/webots_ros2_core/lib/python3.8/site-packages/webots_ros2_core/webots
[1.253s] copying /home/matteomaragliano/Desktop/SofAR_Assignment1/build/webots_ros2_core/build/lib/webots_ros2_core/webots/controller.py -> /home/matteomaragliano/Desktop/SofAR_Assignment1/install/webots_ros2_core/lib/python3.8/site-packages/webots_ros2_core/webots
[1.254s] copying /home/matteomaragliano/Desktop/SofAR_Assignment1/build/webots_ros2_core/build/lib/webots_ros2_core/utils.py -> /home/matteomaragliano/Desktop/SofAR_Assignment1/install/webots_ros2_core/lib/python3.8/site-packages/webots_ros2_core
[1.254s] copying /home/matteomaragliano/Desktop/SofAR_Assignment1/build/webots_ros2_core/build/lib/webots_ros2_core/__init__.py -> /home/matteomaragliano/Desktop/SofAR_Assignment1/install/webots_ros2_core/lib/python3.8/site-packages/webots_ros2_core
[1.255s] byte-compiling /home/matteomaragliano/Desktop/SofAR_Assignment1/install/webots_ros2_core/lib/python3.8/site-packages/webots_ros2_core/webots_node.py to webots_node.cpython-38.pyc
[1.258s] byte-compiling /home/matteomaragliano/Desktop/SofAR_Assignment1/install/webots_ros2_core/lib/python3.8/site-packages/webots_ros2_core/trajectory_follower.py to trajectory_follower.cpython-38.pyc
[1.260s] byte-compiling /home/matteomaragliano/Desktop/SofAR_Assignment1/install/webots_ros2_core/lib/python3.8/site-packages/webots_ros2_core/math/quaternions.py to quaternions.cpython-38.pyc
[1.263s] byte-compiling /home/matteomaragliano/Desktop/SofAR_Assignment1/install/webots_ros2_core/lib/python3.8/site-packages/webots_ros2_core/math/interpolation.py to interpolation.cpython-38.pyc
[1.264s] byte-compiling /home/matteomaragliano/Desktop/SofAR_Assignment1/install/webots_ros2_core/lib/python3.8/site-packages/webots_ros2_core/math/__init__.py to __init__.cpython-38.pyc
[1.264s] byte-compiling /home/matteomaragliano/Desktop/SofAR_Assignment1/install/webots_ros2_core/lib/python3.8/site-packages/webots_ros2_core/joint_state_publisher.py to joint_state_publisher.cpython-38.pyc
[1.266s] byte-compiling /home/matteomaragliano/Desktop/SofAR_Assignment1/install/webots_ros2_core/lib/python3.8/site-packages/webots_ros2_core/devices/lidar_device.py to lidar_device.cpython-38.pyc
[1.268s] byte-compiling /home/matteomaragliano/Desktop/SofAR_Assignment1/install/webots_ros2_core/lib/python3.8/site-packages/webots_ros2_core/devices/distance_sensor_device.py to distance_sensor_device.cpython-38.pyc
[1.269s] byte-compiling /home/matteomaragliano/Desktop/SofAR_Assignment1/install/webots_ros2_core/lib/python3.8/site-packages/webots_ros2_core/devices/gps_device.py to gps_device.cpython-38.pyc
[1.270s] byte-compiling /home/matteomaragliano/Desktop/SofAR_Assignment1/install/webots_ros2_core/lib/python3.8/site-packages/webots_ros2_core/devices/camera_device.py to camera_device.cpython-38.pyc
[1.273s] byte-compiling /home/matteomaragliano/Desktop/SofAR_Assignment1/install/webots_ros2_core/lib/python3.8/site-packages/webots_ros2_core/devices/device_manager.py to device_manager.cpython-38.pyc
[1.275s] byte-compiling /home/matteomaragliano/Desktop/SofAR_Assignment1/install/webots_ros2_core/lib/python3.8/site-packages/webots_ros2_core/devices/imu_device.py to imu_device.cpython-38.pyc
[1.277s] byte-compiling /home/matteomaragliano/Desktop/SofAR_Assignment1/install/webots_ros2_core/lib/python3.8/site-packages/webots_ros2_core/devices/device.py to device.cpython-38.pyc
[1.278s] byte-compiling /home/matteomaragliano/Desktop/SofAR_Assignment1/install/webots_ros2_core/lib/python3.8/site-packages/webots_ros2_core/devices/robot_device.py to robot_device.cpython-38.pyc
[1.279s] byte-compiling /home/matteomaragliano/Desktop/SofAR_Assignment1/install/webots_ros2_core/lib/python3.8/site-packages/webots_ros2_core/devices/range_finder_device.py to range_finder_device.cpython-38.pyc
[1.280s] byte-compiling /home/matteomaragliano/Desktop/SofAR_Assignment1/install/webots_ros2_core/lib/python3.8/site-packages/webots_ros2_core/devices/led_device.py to led_device.cpython-38.pyc
[1.280s] byte-compiling /home/matteomaragliano/Desktop/SofAR_Assignment1/install/webots_ros2_core/lib/python3.8/site-packages/webots_ros2_core/devices/__init__.py to __init__.cpython-38.pyc
[1.281s] byte-compiling /home/matteomaragliano/Desktop/SofAR_Assignment1/install/webots_ros2_core/lib/python3.8/site-packages/webots_ros2_core/devices/light_sensor_device.py to light_sensor_device.cpython-38.pyc
[1.282s] byte-compiling /home/matteomaragliano/Desktop/SofAR_Assignment1/install/webots_ros2_core/lib/python3.8/site-packages/webots_ros2_core/devices/sensor_device.py to sensor_device.cpython-38.pyc
[1.285s] byte-compiling /home/matteomaragliano/Desktop/SofAR_Assignment1/install/webots_ros2_core/lib/python3.8/site-packages/webots_ros2_core/webots_robotic_arm_node.py to webots_robotic_arm_node.cpython-38.pyc
[1.285s] byte-compiling /home/matteomaragliano/Desktop/SofAR_Assignment1/install/webots_ros2_core/lib/python3.8/site-packages/webots_ros2_core/webots_launcher.py to webots_launcher.cpython-38.pyc
[1.286s] byte-compiling /home/matteomaragliano/Desktop/SofAR_Assignment1/install/webots_ros2_core/lib/python3.8/site-packages/webots_ros2_core/webots_differential_drive_node.py to webots_differential_drive_node.cpython-38.pyc
[1.288s] byte-compiling /home/matteomaragliano/Desktop/SofAR_Assignment1/install/webots_ros2_core/lib/python3.8/site-packages/webots_ros2_core/webots/vehicle.py to vehicle.cpython-38.pyc
[1.290s] byte-compiling /home/matteomaragliano/Desktop/SofAR_Assignment1/install/webots_ros2_core/lib/python3.8/site-packages/webots_ros2_core/webots/__init__.py to __init__.cpython-38.pyc
[1.290s] byte-compiling /home/matteomaragliano/Desktop/SofAR_Assignment1/install/webots_ros2_core/lib/python3.8/site-packages/webots_ros2_core/webots/controller.py to controller.cpython-38.pyc
[1.291s] byte-compiling /home/matteomaragliano/Desktop/SofAR_Assignment1/install/webots_ros2_core/lib/python3.8/site-packages/webots_ros2_core/utils.py to utils.cpython-38.pyc
[1.294s] byte-compiling /home/matteomaragliano/Desktop/SofAR_Assignment1/install/webots_ros2_core/lib/python3.8/site-packages/webots_ros2_core/__init__.py to __init__.cpython-38.pyc
[1.294s] running install_data
[1.295s] creating /home/matteomaragliano/Desktop/SofAR_Assignment1/install/webots_ros2_core/share/ament_index
[1.295s] creating /home/matteomaragliano/Desktop/SofAR_Assignment1/install/webots_ros2_core/share/ament_index/resource_index
[1.296s] creating /home/matteomaragliano/Desktop/SofAR_Assignment1/install/webots_ros2_core/share/ament_index/resource_index/packages
[1.296s] copying resource/webots_ros2_core -> /home/matteomaragliano/Desktop/SofAR_Assignment1/install/webots_ros2_core/share/ament_index/resource_index/packages
[1.296s] copying package.xml -> /home/matteomaragliano/Desktop/SofAR_Assignment1/install/webots_ros2_core/share/webots_ros2_core
[1.297s] creating /home/matteomaragliano/Desktop/SofAR_Assignment1/install/webots_ros2_core/share/webots_ros2_core/launch
[1.298s] copying launch/robot_launch.py -> /home/matteomaragliano/Desktop/SofAR_Assignment1/install/webots_ros2_core/share/webots_ros2_core/launch
[1.302s] running install_egg_info
[1.304s] Copying ../../../build/webots_ros2_core/webots_ros2_core.egg-info to /home/matteomaragliano/Desktop/SofAR_Assignment1/install/webots_ros2_core/lib/python3.8/site-packages/webots_ros2_core-1.2.2-py3.8.egg-info
[1.305s] running install_scripts
[1.329s] Installing webots_differential_drive_node script to /home/matteomaragliano/Desktop/SofAR_Assignment1/install/webots_ros2_core/lib/webots_ros2_core
[1.330s] Installing webots_node script to /home/matteomaragliano/Desktop/SofAR_Assignment1/install/webots_ros2_core/lib/webots_ros2_core
[1.330s] Installing webots_robotic_arm_node script to /home/matteomaragliano/Desktop/SofAR_Assignment1/install/webots_ros2_core/lib/webots_ros2_core
[1.331s] writing list of installed files to '/home/matteomaragliano/Desktop/SofAR_Assignment1/build/webots_ros2_core/install.log'
[1.365s] Invoked command in '/home/matteomaragliano/Desktop/SofAR_Assignment1/src/webots_ros2/webots_ros2_core' returned '0': AMENT_PREFIX_PATH=/home/matteomaragliano/Desktop/SofAR_Assignment1/install/webots_ros2_msgs:${AMENT_PREFIX_PATH} CMAKE_PREFIX_PATH=/home/matteomaragliano/Desktop/SofAR_Assignment1/install/webots_ros2_msgs LD_LIBRARY_PATH=/home/matteomaragliano/Desktop/SofAR_Assignment1/install/webots_ros2_msgs/lib:${LD_LIBRARY_PATH} PYTHONPATH=/home/matteomaragliano/Desktop/SofAR_Assignment1/install/webots_ros2_core/lib/python3.8/site-packages:/home/matteomaragliano/Desktop/SofAR_Assignment1/install/webots_ros2_msgs/lib/python3.8/site-packages:${PYTHONPATH} /usr/bin/python3 setup.py egg_info --egg-base ../../../build/webots_ros2_core build --build-base /home/matteomaragliano/Desktop/SofAR_Assignment1/build/webots_ros2_core/build install --prefix /home/matteomaragliano/Desktop/SofAR_Assignment1/install/webots_ros2_core --record /home/matteomaragliano/Desktop/SofAR_Assignment1/build/webots_ros2_core/install.log --single-version-externally-managed
