[1.539s] Invoking command in '/home/matteomaragliano/Desktop/SofAR_Assignment1/src/sofar_assignment_pkg': PYTHONPATH=/home/matteomaragliano/Desktop/SofAR_Assignment1/install/sofar_assignment_pkg/lib/python3.8/site-packages:${PYTHONPATH} /usr/bin/python3 setup.py egg_info --egg-base ../../build/sofar_assignment_pkg build --build-base /home/matteomaragliano/Desktop/SofAR_Assignment1/build/sofar_assignment_pkg/build install --prefix /home/matteomaragliano/Desktop/SofAR_Assignment1/install/sofar_assignment_pkg --record /home/matteomaragliano/Desktop/SofAR_Assignment1/build/sofar_assignment_pkg/install.log --single-version-externally-managed
[1.927s] running egg_info
[1.929s] creating ../../build/sofar_assignment_pkg/sofar_assignment_pkg.egg-info
[1.931s] writing ../../build/sofar_assignment_pkg/sofar_assignment_pkg.egg-info/PKG-INFO
[1.931s] writing dependency_links to ../../build/sofar_assignment_pkg/sofar_assignment_pkg.egg-info/dependency_links.txt
[1.932s] writing entry points to ../../build/sofar_assignment_pkg/sofar_assignment_pkg.egg-info/entry_points.txt
[1.932s] writing requirements to ../../build/sofar_assignment_pkg/sofar_assignment_pkg.egg-info/requires.txt
[1.932s] writing top-level names to ../../build/sofar_assignment_pkg/sofar_assignment_pkg.egg-info/top_level.txt
[1.948s] writing manifest file '../../build/sofar_assignment_pkg/sofar_assignment_pkg.egg-info/SOURCES.txt'
[2.003s] reading manifest file '../../build/sofar_assignment_pkg/sofar_assignment_pkg.egg-info/SOURCES.txt'
[2.005s] writing manifest file '../../build/sofar_assignment_pkg/sofar_assignment_pkg.egg-info/SOURCES.txt'
[2.005s] running build
[2.005s] running build_py
[2.005s] creating /home/matteomaragliano/Desktop/SofAR_Assignment1/build/sofar_assignment_pkg/build
[2.006s] creating /home/matteomaragliano/Desktop/SofAR_Assignment1/build/sofar_assignment_pkg/build/lib
[2.006s] creating /home/matteomaragliano/Desktop/SofAR_Assignment1/build/sofar_assignment_pkg/build/lib/sofar_assignment_pkg
[2.006s] copying sofar_assignment_pkg/controller_tiago.py -> /home/matteomaragliano/Desktop/SofAR_Assignment1/build/sofar_assignment_pkg/build/lib/sofar_assignment_pkg
[2.007s] copying sofar_assignment_pkg/__init__.py -> /home/matteomaragliano/Desktop/SofAR_Assignment1/build/sofar_assignment_pkg/build/lib/sofar_assignment_pkg
[2.007s] running install
[2.008s] running install_lib
[2.011s] creating /home/matteomaragliano/Desktop/SofAR_Assignment1/install/sofar_assignment_pkg/lib/python3.8/site-packages/sofar_assignment_pkg
[2.011s] copying /home/matteomaragliano/Desktop/SofAR_Assignment1/build/sofar_assignment_pkg/build/lib/sofar_assignment_pkg/controller_tiago.py -> /home/matteomaragliano/Desktop/SofAR_Assignment1/install/sofar_assignment_pkg/lib/python3.8/site-packages/sofar_assignment_pkg
[2.012s] copying /home/matteomaragliano/Desktop/SofAR_Assignment1/build/sofar_assignment_pkg/build/lib/sofar_assignment_pkg/__init__.py -> /home/matteomaragliano/Desktop/SofAR_Assignment1/install/sofar_assignment_pkg/lib/python3.8/site-packages/sofar_assignment_pkg
[2.012s] byte-compiling /home/matteomaragliano/Desktop/SofAR_Assignment1/install/sofar_assignment_pkg/lib/python3.8/site-packages/sofar_assignment_pkg/controller_tiago.py to controller_tiago.cpython-38.pyc
[2.014s] byte-compiling /home/matteomaragliano/Desktop/SofAR_Assignment1/install/sofar_assignment_pkg/lib/python3.8/site-packages/sofar_assignment_pkg/__init__.py to __init__.cpython-38.pyc
[2.014s] running install_data
[2.015s] creating /home/matteomaragliano/Desktop/SofAR_Assignment1/install/sofar_assignment_pkg/share/ament_index
[2.015s] creating /home/matteomaragliano/Desktop/SofAR_Assignment1/install/sofar_assignment_pkg/share/ament_index/resource_index
[2.016s] creating /home/matteomaragliano/Desktop/SofAR_Assignment1/install/sofar_assignment_pkg/share/ament_index/resource_index/packages
[2.016s] copying resource/sofar_assignment_pkg -> /home/matteomaragliano/Desktop/SofAR_Assignment1/install/sofar_assignment_pkg/share/ament_index/resource_index/packages
[2.016s] creating /home/matteomaragliano/Desktop/SofAR_Assignment1/install/sofar_assignment_pkg/share/sofar_assignment_pkg/launch
[2.016s] copying launch/assignment_launch.py -> /home/matteomaragliano/Desktop/SofAR_Assignment1/install/sofar_assignment_pkg/share/sofar_assignment_pkg/launch
[2.017s] creating /home/matteomaragliano/Desktop/SofAR_Assignment1/install/sofar_assignment_pkg/share/sofar_assignment_pkg/worlds
[2.017s] copying worlds/factory.wbt -> /home/matteomaragliano/Desktop/SofAR_Assignment1/install/sofar_assignment_pkg/share/sofar_assignment_pkg/worlds
[2.017s] creating /home/matteomaragliano/Desktop/SofAR_Assignment1/install/sofar_assignment_pkg/share/sofar_assignment_pkg/resource
[2.017s] copying resource/tiago_robot.urdf -> /home/matteomaragliano/Desktop/SofAR_Assignment1/install/sofar_assignment_pkg/share/sofar_assignment_pkg/resource
[2.018s] copying package.xml -> /home/matteomaragliano/Desktop/SofAR_Assignment1/install/sofar_assignment_pkg/share/sofar_assignment_pkg
[2.018s] running install_egg_info
[2.020s] Copying ../../build/sofar_assignment_pkg/sofar_assignment_pkg.egg-info to /home/matteomaragliano/Desktop/SofAR_Assignment1/install/sofar_assignment_pkg/lib/python3.8/site-packages/sofar_assignment_pkg-0.0.0-py3.8.egg-info
[2.023s] running install_scripts
[2.047s] Installing controller_tiago script to /home/matteomaragliano/Desktop/SofAR_Assignment1/install/sofar_assignment_pkg/lib/sofar_assignment_pkg
[2.048s] writing list of installed files to '/home/matteomaragliano/Desktop/SofAR_Assignment1/build/sofar_assignment_pkg/install.log'
[2.077s] Invoked command in '/home/matteomaragliano/Desktop/SofAR_Assignment1/src/sofar_assignment_pkg' returned '0': PYTHONPATH=/home/matteomaragliano/Desktop/SofAR_Assignment1/install/sofar_assignment_pkg/lib/python3.8/site-packages:${PYTHONPATH} /usr/bin/python3 setup.py egg_info --egg-base ../../build/sofar_assignment_pkg build --build-base /home/matteomaragliano/Desktop/SofAR_Assignment1/build/sofar_assignment_pkg/build install --prefix /home/matteomaragliano/Desktop/SofAR_Assignment1/install/sofar_assignment_pkg --record /home/matteomaragliano/Desktop/SofAR_Assignment1/build/sofar_assignment_pkg/install.log --single-version-externally-managed
